#
# A fatal error has been detected by the Java Runtime Environment:
#
#  SIGSEGV (0xb) at pc=0x00007fffa0a61f3b, pid=3374, tid=0x0000000000000307
#
# JRE version: Java(TM) SE Runtime Environment (8.0_111-b14) (build 1.8.0_111-b14)
# Java VM: Java HotSpot(TM) 64-Bit Server VM (25.111-b14 mixed mode bsd-amd64 compressed oops)
# Problematic frame:
# C  [libobjc.A.dylib+0x8f3b]  objc_release+0x1b
#
# Failed to write core dump. Core dumps have been disabled. To enable core dumping, try "ulimit -c unlimited" before starting Java again
#
# If you would like to submit a bug report, please visit:
#   http://bugreport.java.com/bugreport/crash.jsp
# The crash happened outside the Java Virtual Machine in native code.
# See problematic frame for where to report the bug.
#

---------------  T H R E A D  ---------------

Current thread (0x00007f80ffcfc800):  JavaThread "AppKit Thread" daemon [_thread_in_native, id=775, stack(0x00007fff5663d180,0x00007fff56e8e000)]

siginfo: si_signo: 11 (SIGSEGV), si_code: 1 (SEGV_MAPERR), si_addr: 0x0000000000000020

Registers:
RAX=0x0000000000000000, RBX=0x00007f80fed15010, RCX=0x0000000000000000, RDX=0x000000000007ed60
RSP=0x00007fff56e885f8, RBP=0x00007fff56e88a40, RSI=0x00007f8100900000, RDI=0x00007f8100a412a0
R8 =0x0000000000000000, R9 =0x00007f81009de0a0, R10=0x0000000000000001, R11=0x0000000000000001
R12=0x00007f80fed15000, R13=0xa3a3a3a3a3a3a3a3, R14=0x00007f80fed15060, R15=0x00007f80fed15000
RIP=0x00007fffa0a61f3b, EFLAGS=0x0000000000010246, ERR=0x0000000000000004
  TRAPNO=0x000000000000000e

Top of Stack: (sp=0x00007fff56e885f8)
0x00007fff56e885f8:   00007fffa0a62e60 00007fff8857d619
0x00007fff56e88608:   00007fff88579da8 00007fff88578661
0x00007fff56e88618:   0000000000000000 00007f80fe67e400
0x00007fff56e88628:   0000000000000000 00007f80fe67cce0
0x00007fff56e88638:   00007fff8a49ad61 00007f80fe67e700
0x00007fff56e88648:   0000000000000001 00007f80fe67d7c0
0x00007fff56e88658:   00007f80fe67ecc0 ffffffffffffffff
0x00007fff56e88668:   00007f80fe67e730 00007f80fe67e720
0x00007fff56e88678:   0000000000000000 0000000000000000
0x00007fff56e88688:   0000000000000000 0000000000000000
0x00007fff56e88698:   0000000000000000 0000000000000003
0x00007fff56e886a8:   00007fff56e88760 00007f80fe67d9a8
0x00007fff56e886b8:   0000000000000000 0000000000000000
0x00007fff56e886c8:   0000000000000000 0000000000000000
0x00007fff56e886d8:   0000000000000000 00007fffaa0e6e88
0x00007fff56e886e8:   00007fffaa0e6480 00007fff56e88748
0x00007fff56e886f8:   00007f80fe67cce0 00007f80fe67d960
0x00007fff56e88708:   0000000000000009 00007fff56e887a0
0x00007fff56e88718:   00007fffa14e84be 00007fff56e887b0
0x00007fff56e88728:   00007f80fe67d960 0000000108d8e000
0x00007fff56e88738:   00007f80fe6fc080 00000000000007d8
0x00007fff56e88748:   0000000000000028 00007fff56e887e0
0x00007fff56e88758:   00007fffa14e84be 0000200056e887f0
0x00007fff56e88768:   00007f80fe67d850 0000000108d8e000
0x00007fff56e88778:   00007f80fe6fc080 00007f80fe67d850
0x00007fff56e88788:   00007f80fe67d8d0 0000000000000008
0x00007fff56e88798:   00000003fe67d960 00000000000007d8
0x00007fff56e887a8:   0000000000000030 00007fff56e88840
0x00007fff56e887b8:   00007fffa14e84be 0000002008d93800
0x00007fff56e887c8:   00007f80fe67d7d0 0000000108d8e000
0x00007fff56e887d8:   00007f80fe6fc080 00007f80fe67d7d0
0x00007fff56e887e8:   00007f80fe67d850 0000000000000008 

Instructions: (pc=0x00007fffa0a61f3b)
0x00007fffa0a61f1b:   90 90 90 90 90 48 85 ff 74 67 40 f6 c7 01 75 61
0x00007fffa0a61f2b:   48 8b 07 48 b9 f8 ff ff ff ff 7f 00 00 48 21 c1
0x00007fffa0a61f3b:   f6 41 20 02 74 56 a8 01 74 48 48 b9 00 00 00 00
0x00007fffa0a61f4b:   00 00 00 01 48 ba 00 00 00 00 00 00 40 00 48 89 

Register to memory mapping:

RAX=0x0000000000000000 is an unknown value
RBX=0x00007f80fed15010 is an unknown value
RCX=0x0000000000000000 is an unknown value
RDX=0x000000000007ed60 is an unknown value
RSP=0x00007fff56e885f8 is pointing into the stack for thread: 0x00007f80ffcfc800
RBP=0x00007fff56e88a40 is pointing into the stack for thread: 0x00007f80ffcfc800
RSI=0x00007f8100900000 is an unknown value
RDI=0x00007f8100a412a0 is an unknown value
R8 =0x0000000000000000 is an unknown value
R9 =0x00007f81009de0a0 is an unknown value
R10=0x0000000000000001 is an unknown value
R11=0x0000000000000001 is an unknown value
R12=0x00007f80fed15000 is an unknown value
R13=0xa3a3a3a3a3a3a3a3 is an unknown value
R14=0x00007f80fed15060 is an unknown value
R15=0x00007f80fed15000 is an unknown value


Stack: [0x00007fff5663d180,0x00007fff56e8e000],  sp=0x00007fff56e885f8,  free space=8493k
Native frames: (J=compiled Java code, j=interpreted, Vv=VM code, C=native code)
C  [libobjc.A.dylib+0x8f3b]  objc_release+0x1b
C  [CoreFoundation+0x45106]  _CFAutoreleasePoolPop+0x16
C  [CoreFoundation+0x85665]  __CFRunLoopRun+0x8b5
C  [CoreFoundation+0x84b54]  CFRunLoopRunSpecific+0x1a4
C  [HIToolbox+0x30acc]  RunCurrentEventLoopInMode+0xf0
C  [HIToolbox+0x30901]  ReceiveNextEventCommon+0x1b0
C  [HIToolbox+0x30736]  _BlockUntilNextEventMatchingListInModeWithFilter+0x47
C  [AppKit+0x46ae4]  _DPSNextEvent+0x460
C  [AppKit+0x7c121f]  -[NSApplication(NSEvent) _nextEventMatchingEventMask:untilDate:inMode:dequeue:]+0xae5
C  [libosxapp.dylib+0x23aa]  -[NSApplicationAWT nextEventMatchingMask:untilDate:inMode:dequeue:]+0x7c
C  [AppKit+0x3b465]  -[NSApplication run]+0x39e
C  [libosxapp.dylib+0x214d]  +[NSApplicationAWT runAWTLoopWithApp:]+0x9c
C  [libawt_lwawt.dylib+0x444b3]  -[AWTStarter starter:]+0x389
C  [Foundation+0x7188a]  __NSThreadPerformPerform+0x146
C  [CoreFoundation+0xa48d1]  __CFRUNLOOP_IS_CALLING_OUT_TO_A_SOURCE0_PERFORM_FUNCTION__+0x11
C  [CoreFoundation+0x85c6c]  __CFRunLoopDoSources0+0x22c
C  [CoreFoundation+0x85156]  __CFRunLoopRun+0x3a6
C  [CoreFoundation+0x84b54]  CFRunLoopRunSpecific+0x1a4
C  [java+0x6465]  CreateExecutionEnvironment+0x367
C  [java+0x218c]  JLI_Launch+0x7a0
C  [java+0x84c2]  main+0x65
C  [java+0x19e4]  start+0x34
C  0x000000000000000e


---------------  P R O C E S S  ---------------

Java Threads: ( => current thread )
  0x00007f80ff091800 JavaThread "nREPL-worker-15" daemon [_thread_in_native, id=68351, stack(0x00007000020dc000,0x00007000021dc000)]
  0x00007f80ff94b800 JavaThread "clojure-agent-send-off-pool-16" [_thread_blocked, id=85711, stack(0x0000700001a44000,0x0000700001b44000)]
  0x00007f8100138000 JavaThread "clojure-agent-send-off-pool-15" [_thread_blocked, id=20039, stack(0x0000700001941000,0x0000700001a41000)]
  0x00007f80fee2d000 JavaThread "AWT-EventQueue-0" [_thread_blocked, id=84243, stack(0x0000700001fd9000,0x00007000020d9000)]
  0x00007f80feaed800 JavaThread "Java2D Disposer" daemon [_thread_blocked, id=75551, stack(0x0000700001e53000,0x0000700001f53000)]
  0x00007f80feb23800 JavaThread "AWT-Shutdown" [_thread_blocked, id=71943, stack(0x0000700001d50000,0x0000700001e50000)]
  0x00007f80feb3e800 JavaThread "Java2D Queue Flusher" daemon [_thread_blocked, id=72455, stack(0x0000700001c4d000,0x0000700001d4d000)]
  0x00007f80ffd3c800 JavaThread "clojure-agent-send-off-pool-3" [_thread_in_native, id=47619, stack(0x00007000015b5000,0x00007000016b5000)]
  0x00007f80ff15c000 JavaThread "clojure-agent-send-off-pool-2" [_thread_blocked, id=47107, stack(0x00007000014b2000,0x00007000015b2000)]
=>0x00007f80ffcfc800 JavaThread "AppKit Thread" daemon [_thread_in_native, id=775, stack(0x00007fff5663d180,0x00007fff56e8e000)]
  0x00007f80ffbee800 JavaThread "clojure-agent-send-off-pool-1" [_thread_in_native, id=20227, stack(0x00007000011a6000,0x00007000012a6000)]
  0x00007f80ff005800 JavaThread "Service Thread" daemon [_thread_blocked, id=18691, stack(0x0000700000e9d000,0x0000700000f9d000)]
  0x00007f80ff009000 JavaThread "C1 CompilerThread2" daemon [_thread_blocked, id=18179, stack(0x0000700000d9a000,0x0000700000e9a000)]
  0x00007f80ff008000 JavaThread "C2 CompilerThread1" daemon [_thread_blocked, id=17667, stack(0x0000700000c97000,0x0000700000d97000)]
  0x00007f80fe839800 JavaThread "C2 CompilerThread0" daemon [_thread_blocked, id=17155, stack(0x0000700000b94000,0x0000700000c94000)]
  0x00007f80fe838800 JavaThread "Signal Dispatcher" daemon [_thread_blocked, id=16643, stack(0x0000700000a91000,0x0000700000b91000)]
  0x00007f80ff02e000 JavaThread "Finalizer" daemon [_thread_blocked, id=12547, stack(0x000070000098e000,0x0000700000a8e000)]
  0x00007f80ff000800 JavaThread "Reference Handler" daemon [_thread_blocked, id=12035, stack(0x000070000088b000,0x000070000098b000)]
  0x00007f80ff802000 JavaThread "main" [_thread_blocked, id=7171, stack(0x0000700000279000,0x0000700000379000)]

Other Threads:
  0x00007f80fe818800 VMThread [stack: 0x0000700000788000,0x0000700000888000] [id=11523]
  0x00007f8100021800 WatcherThread [stack: 0x0000700000fa0000,0x00007000010a0000] [id=19203]

VM state:not at safepoint (normal execution)

VM Mutex/Monitor currently owned by a thread: None

Heap:
 PSYoungGen      total 592896K, used 174130K [0x000000076ab00000, 0x000000079d680000, 0x00000007c0000000)
  eden space 548864K, 28% used [0x000000076ab00000,0x00000007741862c0,0x000000078c300000)
  from space 44032K, 45% used [0x000000078c300000,0x000000078d686890,0x000000078ee00000)
  to   space 88576K, 0% used [0x0000000798000000,0x0000000798000000,0x000000079d680000)
 ParOldGen       total 328192K, used 134184K [0x00000006c0000000, 0x00000006d4080000, 0x000000076ab00000)
  object space 328192K, 40% used [0x00000006c0000000,0x00000006c830a220,0x00000006d4080000)
 Metaspace       used 31197K, capacity 35401K, committed 35496K, reserved 1077248K
  class space    used 6635K, capacity 8065K, committed 8104K, reserved 1048576K

Card table byte_map: [0x000000010a9a7000,0x000000010b1a8000] byte_map_base: 0x00000001073a7000

Marking Bits: (ParMarkBitMap*) 0x0000000109eefd20
 Begin Bits: [0x000000011e9be000, 0x00000001229be000)
 End Bits:   [0x00000001229be000, 0x00000001269be000)

Polling page: 0x0000000108dfd000

CodeCache: size=245760Kb used=11579Kb max_used=11579Kb free=234180Kb
 bounds [0x000000010f9be000, 0x000000011050e000, 0x000000011e9be000]
 total_blobs=6072 nmethods=5336 adapters=647
 compilation: enabled

Compilation events (10 events):
Event: 2496.705 Thread 0x00007f80ff009000 5351       1       java.beans.PropertyChangeSupport$PropertyChangeListenerMap::newArray (6 bytes)
Event: 2496.705 Thread 0x00007f80ff009000 nmethod 5351 0x000000011050a190 code [0x000000011050a300, 0x000000011050a4b0]
Event: 2496.721 Thread 0x00007f80ff009000 5353       1       java.awt.image.BufferedImage::getRaster (5 bytes)
Event: 2496.721 Thread 0x00007f80ff009000 nmethod 5353 0x000000011050a550 code [0x000000011050a6a0, 0x000000011050a7b0]
Event: 2496.731 Thread 0x00007f80ff009000 5354   !   1       java.awt.color.ColorSpace::getInstance (300 bytes)
Event: 2496.732 Thread 0x00007f80ff009000 nmethod 5354 0x000000011050a810 code [0x000000011050aa60, 0x000000011050b988]
Event: 2496.740 Thread 0x00007f80ff009000 5355       1       java.awt.Window::isFocusCycleRoot (2 bytes)
Event: 2496.740 Thread 0x00007f80ff009000 nmethod 5355 0x000000011050c0d0 code [0x000000011050c220, 0x000000011050c330]
Event: 2497.491 Thread 0x00007f80ff009000 5356       1       clojurecv.simplecv.proxy$javax.swing.JPanel$ff19274a::repaint (63 bytes)
Event: 2497.492 Thread 0x00007f80ff009000 nmethod 5356 0x000000011050c390 code [0x000000011050c5a0, 0x000000011050cc18]

GC Heap History (10 events):
Event: 4.651 GC heap before
{Heap before GC invocations=7 (full 1):
 PSYoungGen      total 272896K, used 272867K [0x000000076ab00000, 0x0000000785300000, 0x00000007c0000000)
  eden space 262144K, 100% used [0x000000076ab00000,0x000000077ab00000,0x000000077ab00000)
  from space 10752K, 99% used [0x000000077ab00000,0x000000077b578e68,0x000000077b580000)
  to   space 24064K, 0% used [0x0000000783b80000,0x0000000783b80000,0x0000000785300000)
 ParOldGen       total 121856K, used 28718K [0x00000006c0000000, 0x00000006c7700000, 0x000000076ab00000)
  object space 121856K, 23% used [0x00000006c0000000,0x00000006c1c0ba70,0x00000006c7700000)
 Metaspace       used 25816K, capacity 29369K, committed 29696K, reserved 1071104K
  class space    used 5763K, capacity 7065K, committed 7168K, reserved 1048576K
Event: 4.699 GC heap after
Heap after GC invocations=7 (full 1):
 PSYoungGen      total 400384K, used 24044K [0x000000076ab00000, 0x0000000787380000, 0x00000007c0000000)
  eden space 376320K, 0% used [0x000000076ab00000,0x000000076ab00000,0x0000000781a80000)
  from space 24064K, 99% used [0x0000000783b80000,0x00000007852fb3a0,0x0000000785300000)
  to   space 33792K, 0% used [0x0000000781a80000,0x0000000781a80000,0x0000000783b80000)
 ParOldGen       total 121856K, used 38215K [0x00000006c0000000, 0x00000006c7700000, 0x000000076ab00000)
  object space 121856K, 31% used [0x00000006c0000000,0x00000006c2551fa0,0x00000006c7700000)
 Metaspace       used 25816K, capacity 29369K, committed 29696K, reserved 1071104K
  class space    used 5763K, capacity 7065K, committed 7168K, reserved 1048576K
}
Event: 7.176 GC heap before
{Heap before GC invocations=8 (full 1):
 PSYoungGen      total 400384K, used 400364K [0x000000076ab00000, 0x0000000787380000, 0x00000007c0000000)
  eden space 376320K, 100% used [0x000000076ab00000,0x0000000781a80000,0x0000000781a80000)
  from space 24064K, 99% used [0x0000000783b80000,0x00000007852fb3a0,0x0000000785300000)
  to   space 33792K, 0% used [0x0000000781a80000,0x0000000781a80000,0x0000000783b80000)
 ParOldGen       total 121856K, used 38215K [0x00000006c0000000, 0x00000006c7700000, 0x000000076ab00000)
  object space 121856K, 31% used [0x00000006c0000000,0x00000006c2551fa0,0x00000006c7700000)
 Metaspace       used 25911K, capacity 29477K, committed 29696K, reserved 1071104K
  class space    used 5778K, capacity 7097K, committed 7168K, reserved 1048576K
Event: 7.233 GC heap after
Heap after GC invocations=8 (full 1):
 PSYoungGen      total 410112K, used 33782K [0x000000076ab00000, 0x0000000792300000, 0x00000007c0000000)
  eden space 376320K, 0% used [0x000000076ab00000,0x000000076ab00000,0x0000000781a80000)
  from space 33792K, 99% used [0x0000000781a80000,0x0000000783b7d850,0x0000000783b80000)
  to   space 41472K, 0% used [0x000000078fa80000,0x000000078fa80000,0x0000000792300000)
 ParOldGen       total 121856K, used 40861K [0x00000006c0000000, 0x00000006c7700000, 0x000000076ab00000)
  object space 121856K, 33% used [0x00000006c0000000,0x00000006c27e76d8,0x00000006c7700000)
 Metaspace       used 25911K, capacity 29477K, committed 29696K, reserved 1071104K
  class space    used 5778K, capacity 7097K, committed 7168K, reserved 1048576K
}
Event: 522.515 GC heap before
{Heap before GC invocations=9 (full 1):
 PSYoungGen      total 410112K, used 410102K [0x000000076ab00000, 0x0000000792300000, 0x00000007c0000000)
  eden space 376320K, 100% used [0x000000076ab00000,0x0000000781a80000,0x0000000781a80000)
  from space 33792K, 99% used [0x0000000781a80000,0x0000000783b7d850,0x0000000783b80000)
  to   space 41472K, 0% used [0x000000078fa80000,0x000000078fa80000,0x0000000792300000)
 ParOldGen       total 121856K, used 40861K [0x00000006c0000000, 0x00000006c7700000, 0x000000076ab00000)
  object space 121856K, 33% used [0x00000006c0000000,0x00000006c27e76d8,0x00000006c7700000)
 Metaspace       used 26385K, capacity 30017K, committed 30208K, reserved 1073152K
  class space    used 5852K, capacity 7165K, committed 7168K, reserved 1048576K
Event: 522.557 GC heap after
Heap after GC invocations=9 (full 1):
 PSYoungGen      total 568832K, used 30982K [0x000000076ab00000, 0x0000000791900000, 0x00000007c0000000)
  eden space 537600K, 0% used [0x000000076ab00000,0x000000076ab00000,0x000000078b800000)
  from space 31232K, 99% used [0x000000078fa80000,0x00000007918c18a8,0x0000000791900000)
  to   space 44032K, 0% used [0x000000078c300000,0x000000078c300000,0x000000078ee00000)
 ParOldGen       total 121856K, used 40869K [0x00000006c0000000, 0x00000006c7700000, 0x000000076ab00000)
  object space 121856K, 33% used [0x00000006c0000000,0x00000006c27e96d8,0x00000006c7700000)
 Metaspace       used 26385K, capacity 30017K, committed 30208K, reserved 1073152K
  class space    used 5852K, capacity 7165K, committed 7168K, reserved 1048576K
}
Event: 2493.072 GC heap before
{Heap before GC invocations=10 (full 1):
 PSYoungGen      total 568832K, used 567986K [0x000000076ab00000, 0x0000000791900000, 0x00000007c0000000)
  eden space 537600K, 99% used [0x000000076ab00000,0x000000078b76b218,0x000000078b800000)
  from space 31232K, 99% used [0x000000078fa80000,0x00000007918c18a8,0x0000000791900000)
  to   space 44032K, 0% used [0x000000078c300000,0x000000078c300000,0x000000078ee00000)
 ParOldGen       total 121856K, used 40869K [0x00000006c0000000, 0x00000006c7700000, 0x000000076ab00000)
  object space 121856K, 33% used [0x00000006c0000000,0x00000006c27e96d8,0x00000006c7700000)
 Metaspace       used 31210K, capacity 35425K, committed 35496K, reserved 1077248K
  class space    used 6639K, capacity 8073K, committed 8104K, reserved 1048576K
Event: 2493.150 GC heap after
Heap after GC invocations=10 (full 1):
 PSYoungGen      total 592896K, used 44024K [0x000000076ab00000, 0x000000079d680000, 0x00000007c0000000)
  eden space 548864K, 0% used [0x000000076ab00000,0x000000076ab00000,0x000000078c300000)
  from space 44032K, 99% used [0x000000078c300000,0x000000078edfe040,0x000000078ee00000)
  to   space 88576K, 0% used [0x0000000798000000,0x0000000798000000,0x000000079d680000)
 ParOldGen       total 134656K, used 134406K [0x00000006c0000000, 0x00000006c8380000, 0x000000076ab00000)
  object space 134656K, 99% used [0x00000006c0000000,0x00000006c8341ab8,0x00000006c8380000)
 Metaspace       used 31210K, capacity 35425K, committed 35496K, reserved 1077248K
  class space    used 6639K, capacity 8073K, committed 8104K, reserved 1048576K
}
Event: 2493.150 GC heap before
{Heap before GC invocations=11 (full 2):
 PSYoungGen      total 592896K, used 44024K [0x000000076ab00000, 0x000000079d680000, 0x00000007c0000000)
  eden space 548864K, 0% used [0x000000076ab00000,0x000000076ab00000,0x000000078c300000)
  from space 44032K, 99% used [0x000000078c300000,0x000000078edfe040,0x000000078ee00000)
  to   space 88576K, 0% used [0x0000000798000000,0x0000000798000000,0x000000079d680000)
 ParOldGen       total 134656K, used 134406K [0x00000006c0000000, 0x00000006c8380000, 0x000000076ab00000)
  object space 134656K, 99% used [0x00000006c0000000,0x00000006c8341ab8,0x00000006c8380000)
 Metaspace       used 31210K, capacity 35425K, committed 35496K, reserved 1077248K
  class space    used 6639K, capacity 8073K, committed 8104K, reserved 1048576K
Event: 2493.396 GC heap after
Heap after GC invocations=11 (full 2):
 PSYoungGen      total 592896K, used 19994K [0x000000076ab00000, 0x000000079d680000, 0x00000007c0000000)
  eden space 548864K, 0% used [0x000000076ab00000,0x000000076ab00000,0x000000078c300000)
  from space 44032K, 45% used [0x000000078c300000,0x000000078d686890,0x000000078ee00000)
  to   space 88576K, 0% used [0x0000000798000000,0x0000000798000000,0x000000079d680000)
 ParOldGen       total 328192K, used 134184K [0x00000006c0000000, 0x00000006d4080000, 0x000000076ab00000)
  object space 328192K, 40% used [0x00000006c0000000,0x00000006c830a220,0x00000006d4080000)
 Metaspace       used 31197K, capacity 35401K, committed 35496K, reserved 1077248K
  class space    used 6635K, capacity 8065K, committed 8104K, reserved 1048576K
}

Deoptimization events (0 events):
No events

Internal exceptions (10 events):
Event: 2493.444 Thread 0x00007f80ff02e000 Exception <a 'java/lang/NullPointerException'> (0x000000076ada6b88) thrown at [/Users/java_re/workspace/8-2-build-macosx-x86_64/jdk8u111/7883/hotspot/src/share/vm/interpreter/linkResolver.cpp, line 1178]
Event: 2493.445 Thread 0x00007f80ff02e000 Exception <a 'java/lang/NullPointerException'> (0x000000076ada6d90) thrown at [/Users/java_re/workspace/8-2-build-macosx-x86_64/jdk8u111/7883/hotspot/src/share/vm/interpreter/linkResolver.cpp, line 1178]
Event: 2493.445 Thread 0x00007f80ff02e000 Exception <a 'java/lang/NullPointerException'> (0x000000076ada6f98) thrown at [/Users/java_re/workspace/8-2-build-macosx-x86_64/jdk8u111/7883/hotspot/src/share/vm/interpreter/linkResolver.cpp, line 1178]
Event: 2493.446 Thread 0x00007f80ff02e000 Exception <a 'java/lang/NullPointerException'> (0x000000076ada71a0) thrown at [/Users/java_re/workspace/8-2-build-macosx-x86_64/jdk8u111/7883/hotspot/src/share/vm/interpreter/linkResolver.cpp, line 1178]
Event: 2493.446 Thread 0x00007f80ff02e000 Exception <a 'java/lang/NullPointerException'> (0x000000076ada73a8) thrown at [/Users/java_re/workspace/8-2-build-macosx-x86_64/jdk8u111/7883/hotspot/src/share/vm/interpreter/linkResolver.cpp, line 1178]
Event: 2493.446 Thread 0x00007f80ff02e000 Exception <a 'java/lang/NullPointerException'> (0x000000076ada75b0) thrown at [/Users/java_re/workspace/8-2-build-macosx-x86_64/jdk8u111/7883/hotspot/src/share/vm/interpreter/linkResolver.cpp, line 1178]
Event: 2493.447 Thread 0x00007f80ff02e000 Exception <a 'java/lang/NullPointerException'> (0x000000076ada77b8) thrown at [/Users/java_re/workspace/8-2-build-macosx-x86_64/jdk8u111/7883/hotspot/src/share/vm/interpreter/linkResolver.cpp, line 1178]
Event: 2493.447 Thread 0x00007f80ff02e000 Exception <a 'java/lang/NullPointerException'> (0x000000076ada79c0) thrown at [/Users/java_re/workspace/8-2-build-macosx-x86_64/jdk8u111/7883/hotspot/src/share/vm/interpreter/linkResolver.cpp, line 1178]
Event: 2493.448 Thread 0x00007f80ff02e000 Exception <a 'java/lang/NullPointerException'> (0x000000076ada7bc8) thrown at [/Users/java_re/workspace/8-2-build-macosx-x86_64/jdk8u111/7883/hotspot/src/share/vm/interpreter/linkResolver.cpp, line 1178]
Event: 2493.448 Thread 0x00007f80ff02e000 Exception <a 'java/lang/NullPointerException'> (0x000000076ada7dd0) thrown at [/Users/java_re/workspace/8-2-build-macosx-x86_64/jdk8u111/7883/hotspot/src/share/vm/interpreter/linkResolver.cpp, line 1178]

Events (10 events):
Event: 2494.313 Executing VM operation: RevokeBias
Event: 2494.314 Executing VM operation: RevokeBias done
Event: 2494.380 Executing VM operation: RevokeBias
Event: 2494.380 Executing VM operation: RevokeBias done
Event: 2494.480 Executing VM operation: RevokeBias
Event: 2494.481 Executing VM operation: RevokeBias done
Event: 2494.512 Executing VM operation: RevokeBias
Event: 2494.513 Executing VM operation: RevokeBias done
Event: 2494.568 Executing VM operation: BulkRevokeBias
Event: 2494.568 Executing VM operation: BulkRevokeBias done


Dynamic libraries:
0x0000000016840000 	/System/Library/Frameworks/Cocoa.framework/Versions/A/Cocoa
0x0000000016840000 	/System/Library/Frameworks/Security.framework/Versions/A/Security
0x0000000016840000 	/System/Library/Frameworks/ApplicationServices.framework/Versions/A/ApplicationServices
0x0000000016840000 	/usr/lib/libz.1.dylib
0x0000000016840000 	/usr/lib/libSystem.B.dylib
0x0000000016840000 	/usr/lib/libobjc.A.dylib
0x0000000016840000 	/System/Library/Frameworks/CoreFoundation.framework/Versions/A/CoreFoundation
0x0000000016840000 	/System/Library/Frameworks/Foundation.framework/Versions/C/Foundation
0x0000000016840000 	/System/Library/Frameworks/AppKit.framework/Versions/C/AppKit
0x0000000016840000 	/System/Library/Frameworks/CoreData.framework/Versions/A/CoreData
0x0000000016840000 	/System/Library/PrivateFrameworks/RemoteViewServices.framework/Versions/A/RemoteViewServices
0x0000000016840000 	/System/Library/PrivateFrameworks/UIFoundation.framework/Versions/A/UIFoundation
0x0000000016840000 	/System/Library/PrivateFrameworks/DFRFoundation.framework/Versions/A/DFRFoundation
0x0000000016840000 	/usr/lib/libenergytrace.dylib
0x0000000016840000 	/System/Library/PrivateFrameworks/SkyLight.framework/Versions/A/SkyLight
0x0000000016840000 	/System/Library/Frameworks/CoreGraphics.framework/Versions/A/CoreGraphics
0x0000000016840000 	/usr/lib/libScreenReader.dylib
0x0000000016840000 	/System/Library/Frameworks/Accelerate.framework/Versions/A/Accelerate
0x0000000016840000 	/System/Library/Frameworks/IOSurface.framework/Versions/A/IOSurface
0x0000000016840000 	/System/Library/Frameworks/AudioToolbox.framework/Versions/A/AudioToolbox
0x0000000016840000 	/System/Library/Frameworks/AudioUnit.framework/Versions/A/AudioUnit
0x0000000016840000 	/System/Library/PrivateFrameworks/DataDetectorsCore.framework/Versions/A/DataDetectorsCore
0x0000000016840000 	/System/Library/PrivateFrameworks/DesktopServicesPriv.framework/Versions/A/DesktopServicesPriv
0x0000000016840000 	/System/Library/Frameworks/Carbon.framework/Versions/A/Frameworks/HIToolbox.framework/Versions/A/HIToolbox
0x0000000016840000 	/usr/lib/libicucore.A.dylib
0x0000000016840000 	/System/Library/Frameworks/QuartzCore.framework/Versions/A/QuartzCore
0x0000000016840000 	/System/Library/Frameworks/Carbon.framework/Versions/A/Frameworks/SpeechRecognition.framework/Versions/A/SpeechRecognition
0x0000000016840000 	/usr/lib/libauto.dylib
0x0000000016840000 	/usr/lib/libxml2.2.dylib
0x0000000016840000 	/System/Library/PrivateFrameworks/CoreUI.framework/Versions/A/CoreUI
0x0000000016840000 	/System/Library/Frameworks/CoreAudio.framework/Versions/A/CoreAudio
0x0000000016840000 	/System/Library/Frameworks/DiskArbitration.framework/Versions/A/DiskArbitration
0x0000000016840000 	/usr/lib/liblangid.dylib
0x0000000016840000 	/System/Library/PrivateFrameworks/MultitouchSupport.framework/Versions/A/MultitouchSupport
0x0000000016840000 	/System/Library/Frameworks/IOKit.framework/Versions/A/IOKit
0x0000000016840000 	/usr/lib/libDiagnosticMessagesClient.dylib
0x0000000016840000 	/System/Library/Frameworks/CoreServices.framework/Versions/A/CoreServices
0x0000000016840000 	/System/Library/PrivateFrameworks/PerformanceAnalysis.framework/Versions/A/PerformanceAnalysis
0x0000000016840000 	/System/Library/PrivateFrameworks/GenerationalStorage.framework/Versions/A/GenerationalStorage
0x0000000016840000 	/System/Library/Frameworks/OpenGL.framework/Versions/A/OpenGL
0x0000000016840000 	/System/Library/Frameworks/CoreImage.framework/Versions/A/CoreImage
0x0000000016840000 	/System/Library/Frameworks/CoreText.framework/Versions/A/CoreText
0x0000000016840000 	/System/Library/Frameworks/ImageIO.framework/Versions/A/ImageIO
0x0000000016840000 	/System/Library/PrivateFrameworks/Backup.framework/Versions/A/Backup
0x0000000016840000 	/usr/lib/libarchive.2.dylib
0x0000000016840000 	/System/Library/Frameworks/CFNetwork.framework/Versions/A/CFNetwork
0x0000000016840000 	/System/Library/Frameworks/SystemConfiguration.framework/Versions/A/SystemConfiguration
0x0000000016840000 	/usr/lib/libCRFSuite.dylib
0x0000000016840000 	/usr/lib/libc++.1.dylib
0x0000000016840000 	/usr/lib/libc++abi.dylib
0x0000000016840000 	/usr/lib/system/libcache.dylib
0x0000000016840000 	/usr/lib/system/libcommonCrypto.dylib
0x0000000016840000 	/usr/lib/system/libcompiler_rt.dylib
0x0000000016840000 	/usr/lib/system/libcopyfile.dylib
0x0000000016840000 	/usr/lib/system/libcorecrypto.dylib
0x0000000016840000 	/usr/lib/system/libdispatch.dylib
0x0000000016840000 	/usr/lib/system/libdyld.dylib
0x0000000016840000 	/usr/lib/system/libkeymgr.dylib
0x0000000016840000 	/usr/lib/system/liblaunch.dylib
0x0000000016840000 	/usr/lib/system/libmacho.dylib
0x0000000016840000 	/usr/lib/system/libquarantine.dylib
0x0000000016840000 	/usr/lib/system/libremovefile.dylib
0x0000000016840000 	/usr/lib/system/libsystem_asl.dylib
0x0000000016840000 	/usr/lib/system/libsystem_blocks.dylib
0x0000000016840000 	/usr/lib/system/libsystem_c.dylib
0x0000000016840000 	/usr/lib/system/libsystem_configuration.dylib
0x0000000016840000 	/usr/lib/system/libsystem_coreservices.dylib
0x0000000016840000 	/usr/lib/system/libsystem_coretls.dylib
0x0000000016840000 	/usr/lib/system/libsystem_dnssd.dylib
0x0000000016840000 	/usr/lib/system/libsystem_info.dylib
0x0000000016840000 	/usr/lib/system/libsystem_kernel.dylib
0x0000000016840000 	/usr/lib/system/libsystem_m.dylib
0x0000000016840000 	/usr/lib/system/libsystem_malloc.dylib
0x0000000016840000 	/usr/lib/system/libsystem_network.dylib
0x0000000016840000 	/usr/lib/system/libsystem_networkextension.dylib
0x0000000016840000 	/usr/lib/system/libsystem_notify.dylib
0x0000000016840000 	/usr/lib/system/libsystem_platform.dylib
0x0000000016840000 	/usr/lib/system/libsystem_pthread.dylib
0x0000000016840000 	/usr/lib/system/libsystem_sandbox.dylib
0x0000000016840000 	/usr/lib/system/libsystem_secinit.dylib
0x0000000016840000 	/usr/lib/system/libsystem_symptoms.dylib
0x0000000016840000 	/usr/lib/system/libsystem_trace.dylib
0x0000000016840000 	/usr/lib/system/libunwind.dylib
0x0000000016840000 	/usr/lib/system/libxpc.dylib
0x0000000016840000 	/usr/lib/libbsm.0.dylib
0x0000000016840000 	/usr/lib/system/libkxld.dylib
0x0000000016840000 	/usr/lib/libcoretls.dylib
0x0000000016840000 	/usr/lib/libcoretls_cfhelpers.dylib
0x0000000016840000 	/usr/lib/libxar.1.dylib
0x0000000016840000 	/usr/lib/libsqlite3.dylib
0x0000000016840000 	/usr/lib/libpam.2.dylib
0x0000000016840000 	/usr/lib/libOpenScriptingUtil.dylib
0x0000000016840000 	/usr/lib/libbz2.1.0.dylib
0x0000000016840000 	/usr/lib/liblzma.5.dylib
0x0000000016840000 	/usr/lib/libnetwork.dylib
0x0000000016840000 	/usr/lib/libpcap.A.dylib
0x0000000016840000 	/System/Library/Frameworks/CoreServices.framework/Versions/A/Frameworks/FSEvents.framework/Versions/A/FSEvents
0x0000000016840000 	/System/Library/Frameworks/CoreServices.framework/Versions/A/Frameworks/CarbonCore.framework/Versions/A/CarbonCore
0x0000000016840000 	/System/Library/Frameworks/CoreServices.framework/Versions/A/Frameworks/Metadata.framework/Versions/A/Metadata
0x0000000016840000 	/System/Library/Frameworks/CoreServices.framework/Versions/A/Frameworks/OSServices.framework/Versions/A/OSServices
0x0000000016840000 	/System/Library/Frameworks/CoreServices.framework/Versions/A/Frameworks/SearchKit.framework/Versions/A/SearchKit
0x0000000016840000 	/System/Library/Frameworks/CoreServices.framework/Versions/A/Frameworks/AE.framework/Versions/A/AE
0x0000000016840000 	/System/Library/Frameworks/CoreServices.framework/Versions/A/Frameworks/LaunchServices.framework/Versions/A/LaunchServices
0x0000000016840000 	/System/Library/Frameworks/CoreServices.framework/Versions/A/Frameworks/DictionaryServices.framework/Versions/A/DictionaryServices
0x0000000016840000 	/System/Library/Frameworks/CoreServices.framework/Versions/A/Frameworks/SharedFileList.framework/Versions/A/SharedFileList
0x0000000016840000 	/System/Library/Frameworks/NetFS.framework/Versions/A/NetFS
0x0000000016840000 	/System/Library/PrivateFrameworks/NetAuth.framework/Versions/A/NetAuth
0x0000000016840000 	/System/Library/PrivateFrameworks/login.framework/Versions/A/Frameworks/loginsupport.framework/Versions/A/loginsupport
0x0000000016840000 	/System/Library/PrivateFrameworks/TCC.framework/Versions/A/TCC
0x0000000016840000 	/usr/lib/libmecabra.dylib
0x0000000016840000 	/System/Library/Frameworks/ApplicationServices.framework/Versions/A/Frameworks/ATS.framework/Versions/A/ATS
0x0000000016840000 	/System/Library/Frameworks/ApplicationServices.framework/Versions/A/Frameworks/ColorSync.framework/Versions/A/ColorSync
0x0000000016840000 	/System/Library/Frameworks/ApplicationServices.framework/Versions/A/Frameworks/HIServices.framework/Versions/A/HIServices
0x0000000016840000 	/System/Library/Frameworks/ApplicationServices.framework/Versions/A/Frameworks/LangAnalysis.framework/Versions/A/LangAnalysis
0x0000000016840000 	/System/Library/Frameworks/ApplicationServices.framework/Versions/A/Frameworks/PrintCore.framework/Versions/A/PrintCore
0x0000000016840000 	/System/Library/Frameworks/ApplicationServices.framework/Versions/A/Frameworks/QD.framework/Versions/A/QD
0x0000000016840000 	/System/Library/Frameworks/ApplicationServices.framework/Versions/A/Frameworks/SpeechSynthesis.framework/Versions/A/SpeechSynthesis
0x0000000016840000 	/System/Library/Frameworks/Accelerate.framework/Versions/A/Frameworks/vImage.framework/Versions/A/vImage
0x0000000016840000 	/System/Library/Frameworks/Accelerate.framework/Versions/A/Frameworks/vecLib.framework/Versions/A/vecLib
0x0000000016840000 	/System/Library/Frameworks/Accelerate.framework/Versions/A/Frameworks/vecLib.framework/Versions/A/libvDSP.dylib
0x0000000016840000 	/System/Library/Frameworks/Accelerate.framework/Versions/A/Frameworks/vecLib.framework/Versions/A/libBNNS.dylib
0x0000000016840000 	/System/Library/Frameworks/Accelerate.framework/Versions/A/Frameworks/vecLib.framework/Versions/A/libQuadrature.dylib
0x0000000016840000 	/System/Library/Frameworks/Accelerate.framework/Versions/A/Frameworks/vecLib.framework/Versions/A/libvMisc.dylib
0x0000000016840000 	/System/Library/Frameworks/Accelerate.framework/Versions/A/Frameworks/vecLib.framework/Versions/A/libLAPACK.dylib
0x0000000016840000 	/System/Library/Frameworks/Accelerate.framework/Versions/A/Frameworks/vecLib.framework/Versions/A/libBLAS.dylib
0x0000000016840000 	/System/Library/Frameworks/Accelerate.framework/Versions/A/Frameworks/vecLib.framework/Versions/A/libLinearAlgebra.dylib
0x0000000016840000 	/System/Library/Frameworks/Accelerate.framework/Versions/A/Frameworks/vecLib.framework/Versions/A/libSparseBLAS.dylib
0x0000000016840000 	/System/Library/Frameworks/ApplicationServices.framework/Versions/A/Frameworks/ATS.framework/Versions/A/Resources/libFontParser.dylib
0x0000000016840000 	/System/Library/Frameworks/ApplicationServices.framework/Versions/A/Frameworks/ATS.framework/Versions/A/Resources/libFontRegistry.dylib
0x0000000016840000 	/System/Library/Frameworks/ImageIO.framework/Versions/A/Resources/libJPEG.dylib
0x0000000016840000 	/System/Library/Frameworks/ImageIO.framework/Versions/A/Resources/libTIFF.dylib
0x0000000016840000 	/System/Library/Frameworks/ImageIO.framework/Versions/A/Resources/libPng.dylib
0x0000000016840000 	/System/Library/Frameworks/ImageIO.framework/Versions/A/Resources/libGIF.dylib
0x0000000016840000 	/System/Library/Frameworks/ImageIO.framework/Versions/A/Resources/libJP2.dylib
0x0000000016840000 	/System/Library/Frameworks/ImageIO.framework/Versions/A/Resources/libRadiance.dylib
0x0000000016840000 	/usr/lib/libcompression.dylib
0x0000000016840000 	/System/Library/PrivateFrameworks/AppleJPEG.framework/Versions/A/AppleJPEG
0x0000000016840000 	/usr/lib/libcups.2.dylib
0x0000000016840000 	/System/Library/Frameworks/Kerberos.framework/Versions/A/Kerberos
0x0000000016840000 	/System/Library/Frameworks/GSS.framework/Versions/A/GSS
0x0000000016840000 	/usr/lib/libresolv.9.dylib
0x0000000016840000 	/usr/lib/libiconv.2.dylib
0x0000000016840000 	/System/Library/PrivateFrameworks/Heimdal.framework/Versions/A/Heimdal
0x0000000016840000 	/usr/lib/libheimdal-asn1.dylib
0x0000000016840000 	/System/Library/Frameworks/OpenDirectory.framework/Versions/A/OpenDirectory
0x0000000016840000 	/System/Library/PrivateFrameworks/CommonAuth.framework/Versions/A/CommonAuth
0x0000000016840000 	/System/Library/Frameworks/OpenDirectory.framework/Versions/A/Frameworks/CFOpenDirectory.framework/Versions/A/CFOpenDirectory
0x0000000016840000 	/System/Library/Frameworks/SecurityFoundation.framework/Versions/A/SecurityFoundation
0x0000000016840000 	/System/Library/PrivateFrameworks/LanguageModeling.framework/Versions/A/LanguageModeling
0x0000000016840000 	/usr/lib/libmarisa.dylib
0x0000000016840000 	/usr/lib/libChineseTokenizer.dylib
0x0000000016840000 	/usr/lib/libcmph.dylib
0x0000000016840000 	/System/Library/PrivateFrameworks/CoreEmoji.framework/Versions/A/CoreEmoji
0x0000000016840000 	/System/Library/Frameworks/ServiceManagement.framework/Versions/A/ServiceManagement
0x0000000016840000 	/usr/lib/libxslt.1.dylib
0x0000000016840000 	/System/Library/Frameworks/Carbon.framework/Versions/A/Frameworks/Ink.framework/Versions/A/Ink
0x0000000016840000 	/System/Library/PrivateFrameworks/TextureIO.framework/Versions/A/TextureIO
0x0000000016840000 	/System/Library/Frameworks/Metal.framework/Versions/A/Metal
0x0000000016840000 	/usr/lib/libate.dylib
0x0000000016840000 	/System/Library/PrivateFrameworks/GPUCompiler.framework/libmetal_timestamp.dylib
0x0000000016840000 	/System/Library/Frameworks/OpenGL.framework/Versions/A/Libraries/libCoreFSCache.dylib
0x0000000016840000 	/System/Library/PrivateFrameworks/IOAccelerator.framework/Versions/A/IOAccelerator
0x0000000016840000 	/System/Library/Frameworks/CoreVideo.framework/Versions/A/CoreVideo
0x0000000016840000 	/usr/lib/libFosl_dynamic.dylib
0x0000000016840000 	/System/Library/PrivateFrameworks/MetalPerformanceShaders.framework/Versions/A/MetalPerformanceShaders
0x0000000016840000 	/System/Library/PrivateFrameworks/FaceCore.framework/Versions/A/FaceCore
0x0000000016840000 	/System/Library/Frameworks/OpenCL.framework/Versions/A/OpenCL
0x0000000016840000 	/System/Library/Frameworks/OpenGL.framework/Versions/A/Libraries/libGLU.dylib
0x0000000016840000 	/System/Library/Frameworks/OpenGL.framework/Versions/A/Libraries/libGFXShared.dylib
0x0000000016840000 	/System/Library/Frameworks/OpenGL.framework/Versions/A/Libraries/libGL.dylib
0x0000000016840000 	/System/Library/Frameworks/OpenGL.framework/Versions/A/Libraries/libGLImage.dylib
0x0000000016840000 	/System/Library/Frameworks/OpenGL.framework/Versions/A/Libraries/libCVMSPluginSupport.dylib
0x0000000016840000 	/System/Library/Frameworks/OpenGL.framework/Versions/A/Libraries/libCoreVMClient.dylib
0x0000000016840000 	/System/Library/PrivateFrameworks/CrashReporterSupport.framework/Versions/A/CrashReporterSupport
0x0000000016840000 	/System/Library/PrivateFrameworks/Sharing.framework/Versions/A/Sharing
0x0000000016840000 	/System/Library/PrivateFrameworks/IconServices.framework/Versions/A/IconServices
0x0000000016840000 	/System/Library/PrivateFrameworks/ProtocolBuffer.framework/Versions/A/ProtocolBuffer
0x0000000016840000 	/System/Library/PrivateFrameworks/Apple80211.framework/Versions/A/Apple80211
0x0000000016840000 	/System/Library/Frameworks/CoreWLAN.framework/Versions/A/CoreWLAN
0x0000000016840000 	/System/Library/PrivateFrameworks/CoreUtils.framework/Versions/A/CoreUtils
0x0000000016840000 	/System/Library/Frameworks/IOBluetooth.framework/Versions/A/IOBluetooth
0x0000000016840000 	/System/Library/PrivateFrameworks/CoreWiFi.framework/Versions/A/CoreWiFi
0x0000000016840000 	/System/Library/Frameworks/CoreBluetooth.framework/Versions/A/CoreBluetooth
0x0000000016840000 	/System/Library/Frameworks/CoreDisplay.framework/Versions/A/CoreDisplay
0x0000000016840000 	/System/Library/PrivateFrameworks/IOPresentment.framework/Versions/A/IOPresentment
0x0000000016840000 	/System/Library/PrivateFrameworks/DebugSymbols.framework/Versions/A/DebugSymbols
0x0000000016840000 	/System/Library/PrivateFrameworks/CoreSymbolication.framework/Versions/A/CoreSymbolication
0x0000000016840000 	/System/Library/PrivateFrameworks/Symbolication.framework/Versions/A/Symbolication
0x0000000016840000 	/System/Library/PrivateFrameworks/AppleFSCompression.framework/Versions/A/AppleFSCompression
0x0000000016840000 	/System/Library/PrivateFrameworks/SpeechRecognitionCore.framework/Versions/A/SpeechRecognitionCore
0x0000000016840000 	/System/Library/PrivateFrameworks/ChunkingLibrary.framework/Versions/A/ChunkingLibrary
0x0000000109600000 	/Library/Java/JavaVirtualMachines/jdk1.8.0_111.jdk/Contents/Home/jre/lib/server/libjvm.dylib
0x0000000016840000 	/usr/lib/libstdc++.6.dylib
0x0000000108def000 	/Library/Java/JavaVirtualMachines/jdk1.8.0_111.jdk/Contents/Home/jre/lib/libverify.dylib
0x000000010a5a1000 	/Library/Java/JavaVirtualMachines/jdk1.8.0_111.jdk/Contents/Home/jre/lib/libjava.dylib
0x000000010a5de000 	/Library/Java/JavaVirtualMachines/jdk1.8.0_111.jdk/Contents/Home/jre/lib/libzip.dylib
0x000000010da1d000 	/System/Library/Frameworks/JavaVM.framework/Frameworks/JavaRuntimeSupport.framework/JavaRuntimeSupport
0x000000010da37000 	/System/Library/Frameworks/JavaVM.framework/Versions/A/Frameworks/JavaNativeFoundation.framework/Versions/A/JavaNativeFoundation
0x000000010da4c000 	/System/Library/Frameworks/JavaVM.framework/Versions/A/JavaVM
0x0000000016840000 	/System/Library/Frameworks/Carbon.framework/Versions/A/Carbon
0x000000010da59000 	/System/Library/PrivateFrameworks/JavaLaunching.framework/Versions/A/JavaLaunching
0x0000000016840000 	/System/Library/Frameworks/Carbon.framework/Versions/A/Frameworks/CommonPanels.framework/Versions/A/CommonPanels
0x0000000016840000 	/System/Library/Frameworks/Carbon.framework/Versions/A/Frameworks/Help.framework/Versions/A/Help
0x0000000016840000 	/System/Library/Frameworks/Carbon.framework/Versions/A/Frameworks/ImageCapture.framework/Versions/A/ImageCapture
0x0000000016840000 	/System/Library/Frameworks/Carbon.framework/Versions/A/Frameworks/OpenScripting.framework/Versions/A/OpenScripting
0x0000000016840000 	/System/Library/Frameworks/Carbon.framework/Versions/A/Frameworks/Print.framework/Versions/A/Print
0x0000000016840000 	/System/Library/Frameworks/Carbon.framework/Versions/A/Frameworks/SecurityHI.framework/Versions/A/SecurityHI
0x0000000127838000 	/Users/leytzher/Documents/clojure/clojurecv/target/native/macosx/x86_64/libopencv_java2413.dylib
0x00000001278e9000 	/usr/local/Cellar/opencv/2.4.13.2/lib/libopencv_contrib.2.4.dylib
0x000000010f659000 	/usr/local/Cellar/opencv/2.4.13.2/lib/libopencv_nonfree.2.4.dylib
0x000000010f693000 	/usr/local/Cellar/opencv/2.4.13.2/lib/libopencv_gpu.2.4.dylib
0x00000001279d7000 	/usr/local/Cellar/opencv/2.4.13.2/lib/libopencv_legacy.2.4.dylib
0x000000010f8ef000 	/usr/local/Cellar/opencv/2.4.13.2/lib/libopencv_photo.2.4.dylib
0x0000000127abd000 	/usr/local/Cellar/opencv/2.4.13.2/lib/libopencv_ocl.2.4.dylib
0x0000000127c79000 	/usr/local/Cellar/opencv/2.4.13.2/lib/libopencv_calib3d.2.4.dylib
0x0000000127d57000 	/usr/local/Cellar/opencv/2.4.13.2/lib/libopencv_features2d.2.4.dylib
0x0000000127dee000 	/usr/local/Cellar/opencv/2.4.13.2/lib/libopencv_flann.2.4.dylib
0x0000000127e53000 	/usr/local/Cellar/opencv/2.4.13.2/lib/libopencv_ml.2.4.dylib
0x0000000127ec3000 	/usr/local/Cellar/opencv/2.4.13.2/lib/libopencv_video.2.4.dylib
0x0000000127f0c000 	/usr/local/Cellar/opencv/2.4.13.2/lib/libopencv_objdetect.2.4.dylib
0x0000000127f7d000 	/usr/local/Cellar/opencv/2.4.13.2/lib/libopencv_highgui.2.4.dylib
0x0000000127fbd000 	/usr/local/Cellar/opencv/2.4.13.2/lib/libopencv_imgproc.2.4.dylib
0x000000012822c000 	/usr/local/Cellar/opencv/2.4.13.2/lib/libopencv_core.2.4.dylib
0x000000012842f000 	/usr/local/opt/jpeg/lib/libjpeg.8.dylib
0x0000000128462000 	/usr/local/opt/libpng/lib/libpng16.16.dylib
0x000000012848e000 	/usr/local/opt/libtiff/lib/libtiff.5.dylib
0x000000010f6b4000 	/usr/local/opt/ilmbase/lib/libImath-2_2.12.dylib
0x00000001284e8000 	/usr/local/opt/openexr/lib/libIlmImf-2_2.22.dylib
0x000000010f90c000 	/usr/local/opt/ilmbase/lib/libIex-2_2.12.dylib
0x00000001287cd000 	/usr/local/opt/ilmbase/lib/libHalf.12.dylib
0x000000010f78a000 	/usr/local/opt/ilmbase/lib/libIlmThread-2_2.12.dylib
0x0000000016840000 	/System/Library/Frameworks/AVFoundation.framework/Versions/A/AVFoundation
0x0000000016840000 	/System/Library/Frameworks/CoreMedia.framework/Versions/A/CoreMedia
0x000000010f792000 	/usr/local/opt/ilmbase/lib/libIexMath-2_2.12.dylib
0x0000000016840000 	/System/Library/Frameworks/AVFoundation.framework/Versions/A/Frameworks/AVFAudio.framework/Versions/A/AVFAudio
0x0000000016840000 	/System/Library/Frameworks/MediaToolbox.framework/Versions/A/MediaToolbox
0x0000000016840000 	/System/Library/Frameworks/VideoToolbox.framework/Versions/A/VideoToolbox
0x0000000016840000 	/System/Library/PrivateFrameworks/IntlPreferences.framework/Versions/A/IntlPreferences
0x0000000016840000 	/System/Library/Frameworks/CoreMediaIO.framework/Versions/A/CoreMediaIO
0x0000000016840000 	/usr/lib/libspindump.dylib
0x0000000016840000 	/usr/lib/libdscsym.dylib
0x0000000016840000 	/System/Library/PrivateFrameworks/CoreAVCHD.framework/Versions/A/CoreAVCHD
0x0000000016840000 	/System/Library/Frameworks/MediaAccessibility.framework/Versions/A/MediaAccessibility
0x0000000016840000 	/System/Library/PrivateFrameworks/Mangrove.framework/Versions/A/Mangrove
0x0000000016840000 	/System/Library/PrivateFrameworks/CoreAUC.framework/Versions/A/CoreAUC
0x0000000016840000 	/System/Library/PrivateFrameworks/AppleVA.framework/Versions/A/AppleVA
0x0000000016840000 	/System/Library/PrivateFrameworks/XPCService.framework/Versions/A/XPCService
0x0000000016840000 	/System/Library/PrivateFrameworks/AppSandbox.framework/Versions/A/AppSandbox
0x0000000016840000 	/usr/lib/libsandbox.1.dylib
0x0000000016840000 	/System/Library/PrivateFrameworks/AppContainer.framework/Versions/A/AppContainer
0x0000000016840000 	/System/Library/PrivateFrameworks/SecCodeWrapper.framework/Versions/A/SecCodeWrapper
0x0000000016840000 	/usr/lib/libMatch.1.dylib
0x0000000128811000 	/Library/Java/JavaVirtualMachines/jdk1.8.0_111.jdk/Contents/Home/jre/lib/libnet.dylib
0x0000000128a28000 	/Library/Java/JavaVirtualMachines/jdk1.8.0_111.jdk/Contents/Home/jre/lib/libawt.dylib
0x0000000128ad0000 	/Library/Java/JavaVirtualMachines/jdk1.8.0_111.jdk/Contents/Home/jre/lib/./libmlib_image.dylib
0x0000000128b9c000 	/Library/Java/JavaVirtualMachines/jdk1.8.0_111.jdk/Contents/Home/jre/lib/libawt_lwawt.dylib
0x0000000128c51000 	/Library/Java/JavaVirtualMachines/jdk1.8.0_111.jdk/Contents/Home/jre/lib/./libosxapp.dylib
0x0000000016840000 	/System/Library/Frameworks/ExceptionHandling.framework/Versions/A/ExceptionHandling
0x0000000016840000 	/System/Library/PrivateFrameworks/CoreServicesInternal.framework/Versions/A/CoreServicesInternal
0x0000000016840000 	/System/Library/CoreServices/RawCamera.bundle/Contents/MacOS/RawCamera
0x0000000016840000 	/System/Library/Frameworks/Accelerate.framework/Versions/A/Frameworks/vImage.framework/Versions/A/Libraries/libCGInterfaces.dylib
0x0000000016840000 	/System/Library/PrivateFrameworks/FamilyControls.framework/Versions/A/FamilyControls
0x0000000016840000 	/System/Library/PrivateFrameworks/CommerceKit.framework/Versions/A/Frameworks/CommerceCore.framework/Versions/A/CommerceCore
0x0000000016840000 	/System/Library/PrivateFrameworks/SystemAdministration.framework/Versions/A/SystemAdministration
0x0000000016840000 	/System/Library/Frameworks/DirectoryService.framework/Versions/A/DirectoryService
0x0000000016840000 	/System/Library/PrivateFrameworks/DiskImages.framework/Versions/A/DiskImages
0x0000000016840000 	/System/Library/PrivateFrameworks/LoginUIKit.framework/Versions/A/Frameworks/LoginUICore.framework/Versions/A/LoginUICore
0x0000000016840000 	/usr/lib/libCoreStorage.dylib
0x0000000016840000 	/usr/lib/libcsfde.dylib
0x0000000016840000 	/usr/lib/libodfde.dylib
0x0000000016840000 	/System/Library/Frameworks/DiscRecording.framework/Versions/A/DiscRecording
0x0000000016840000 	/usr/lib/libcurl.4.dylib
0x0000000016840000 	/System/Library/PrivateFrameworks/MediaKit.framework/Versions/A/MediaKit
0x0000000016840000 	/System/Library/PrivateFrameworks/ProtectedCloudStorage.framework/Versions/A/ProtectedCloudStorage
0x0000000016840000 	/System/Library/PrivateFrameworks/EFILogin.framework/Versions/A/EFILogin
0x0000000016840000 	/usr/lib/libutil.dylib
0x0000000016840000 	/System/Library/Frameworks/LDAP.framework/Versions/A/LDAP
0x0000000016840000 	/usr/lib/libsasl2.2.dylib
0x0000000016840000 	/System/Library/PrivateFrameworks/CoreDaemon.framework/Versions/B/CoreDaemon
0x0000000016840000 	/System/Library/PrivateFrameworks/AppleSRP.framework/Versions/A/AppleSRP
0x0000000016840000 	/System/Library/PrivateFrameworks/APFS.framework/Versions/A/APFS
0x00000001290fe000 	/System/Library/Extensions/AppleHDA.kext/Contents/PlugIns/AppleHDAHALPlugIn.bundle/Contents/MacOS/AppleHDAHALPlugIn
0x000000012ac47000 	/System/Library/Frameworks/CoreMediaIO.framework/Resources/VDC.plugin/Contents/MacOS/VDC
0x000000012ac78000 	/System/Library/Frameworks/CoreMediaIO.framework/Resources/CMIOUnits.bundle/Contents/MacOS/CMIOUnits
0x000000012ae05000 	/System/Library/PrivateFrameworks/FWAVC.framework/Versions/A/FWAVC
0x0000000016840000 	/System/Library/PrivateFrameworks/AppleGVA.framework/Versions/A/AppleGVA
0x0000000016840000 	/System/Library/Frameworks/OpenGL.framework/Versions/A/Resources/GLEngine.bundle/GLEngine
0x0000000016840000 	/System/Library/Frameworks/OpenGL.framework/Versions/A/Libraries/libGLProgrammability.dylib
0x000000012de07000 	/System/Library/Extensions/AppleIntelHD3000GraphicsGLDriver.bundle/Contents/MacOS/AppleIntelHD3000GraphicsGLDriver
0x0000000016840000 	/System/Library/PrivateFrameworks/GPUSupport.framework/Versions/A/Libraries/libGPUSupport.dylib
0x0000000016840000 	/System/Library/Frameworks/OpenGL.framework/Versions/A/Resources/GLRendererFloat.bundle/GLRendererFloat
0x0000000016840000 	/System/Library/Frameworks/OpenCL.framework/Versions/A/Libraries/libcldcpuengine.dylib
0x0000000016840000 	/usr/lib/libcrypto.0.9.8.dylib
0x0000000016840000 	/System/Library/PrivateFrameworks/TrustEvaluationAgent.framework/Versions/A/TrustEvaluationAgent
0x000000012e491000 	/Library/Java/JavaVirtualMachines/jdk1.8.0_111.jdk/Contents/Home/jre/lib/libfontmanager.dylib
0x000000012e6bb000 	/Library/Java/JavaVirtualMachines/jdk1.8.0_111.jdk/Contents/Home/jre/lib/libosxui.dylib
0x0000000016840000 	/System/Library/Frameworks/ApplicationServices.framework/Versions/A/Frameworks/ATS.framework/Versions/A/Resources/libTrueTypeScaler.dylib
0x0000000016840000 	/System/Library/PrivateFrameworks/ViewBridge.framework/Versions/A/ViewBridge

VM Arguments:
jvm_args: -Dfile.encoding=UTF-8 -XX:+TieredCompilation -XX:TieredStopAtLevel=1 -XX:-OmitStackTraceInFastThrow -Dclojure.compile.path=/Users/leytzher/Documents/clojure/clojurecv/target/classes -Dclojurecv.version=0.1.0-SNAPSHOT -Dclojure.debug=false -Djava.library.path=/Users/leytzher/Documents/clojure/clojurecv/target/native/macosx/x86_64 
java_command: clojure.main -i /private/var/folders/hs/rz7jrjjn4nn_wp57dlfldpyh0000gn/T/form-init4170936767339205546.clj
java_class_path (initial): /Users/leytzher/Documents/clojure/clojurecv/test:/Users/leytzher/Documents/clojure/clojurecv/src:/Users/leytzher/Documents/clojure/clojurecv/dev-resources:/Users/leytzher/Documents/clojure/clojurecv/resources:/Users/leytzher/Documents/clojure/clojurecv/target/classes:/Users/leytzher/.m2/repository/org/apache/httpcomponents/httpcore/4.1.2/httpcore-4.1.2.jar:/Users/leytzher/.m2/repository/org/apache/httpcomponents/httpclient/4.1.2/httpclient-4.1.2.jar:/Users/leytzher/.m2/repository/org/clojure/clojure/1.8.0/clojure-1.8.0.jar:/Users/leytzher/.m2/repository/org/sonatype/aether/aether-spi/1.13.1/aether-spi-1.13.1.jar:/Users/leytzher/.m2/repository/org/apache/maven/wagon/wagon-http/2.2/wagon-http-2.2.jar:/Users/leytzher/.m2/repository/org/tcrawley/dynapath/0.2.3/dynapath-0.2.3.jar:/Users/leytzher/.m2/repository/org/sonatype/sisu/sisu-inject-bean/2.2.3/sisu-inject-bean-2.2.3.jar:/Users/leytzher/.m2/repository/commons-codec/commons-codec/1.4/commons-codec-1.4.jar:/Users/leytzher/.m2/repository/org/sonatype/aether/aether-api/1.13.1/aether-api-1.13.1.jar:/Users/leytzher/.m2/repository/opencv/opencv-native/2.4.13/opencv-native-2.4.13.jar:/Users/leytzher/.m2/repository/org/codehaus/plexus/plexus-component-annotations/1.5.5/plexus-component-annotations-1.5.5.jar:/Users/leytzher/.m2/repository/org/clojure/tools.nrepl/0.2.12/tools.nrepl-0.2.12.jar:/Users/leytzher/.m2/repository/org/jsoup/jsoup/1.6.1/jsoup-1.6.1.jar:/Users/leytzher/.m2/repository/org/apache/maven/wagon/wagon-http-shared4/2.2/wagon-http-shared4-2.2.jar:/Users/leytzher/.m2/repository/clojure-complete/clojure-complete/0.2.4/clojure-complete-0.2.4.jar:/Users/leytzher/.m2/repository/org/codehaus/plexus/plexus-classworlds/2.4/plexus-classworlds-2.4.jar:/Users/leytzher/.m2/repository/org/codehaus/plexus/plexus-interpolation/1.14/plexus-interpolation-1.14.jar:/Users/leytzher/.m2/repository/org/clojure/java.classpath/0.2.0/java.classpath-0.2.0.jar:/Users/leytzher/.m2/repository/org/sonatype/aeth
Launcher Type: SUN_STANDARD

Environment Variables:
CLASSPATH=/Users/leytzher/.lein/self-installs/leiningen-2.7.1-standalone.jar
PATH=/usr/local/bin:/Applications/MATLAB_R2016b.app:/Applications/Mathematica.app/Contents/SystemFiles/Links/MathLink/DeveloperKit/MacOSX-x86-64/CompilerAdditions:/Users/leytzher/ant/apache-ant-1.10.0/bin:/usr/local/bin:/Users/leytzher/Library/Haskell/bin:/usr/bin:/bin:/usr/sbin:/sbin:/usr/local/bin:/opt/X11/bin:/usr/local/share/dotnet:/Library/Frameworks/Mono.framework/Versions/Current/Commands:/Library/TeX/texbin:/Applications/MATLAB_R2016b.app:/Applications/Mathematica.app/Contents/SystemFiles/Links/MathLink/DeveloperKit/MacOSX-x86-64/CompilerAdditions:/Users/leytzher/ant/apache-ant-1.10.0/bin:/Users/leytzher/Library/Haskell/bin:/Applications/Emacs.app/Contents/MacOS/bin-x86_64-10_9:/Applications/Emacs.app/Contents/MacOS/libexec-x86_64-10_9:/Applications/Mathematica.app:/Applications/Mathematica.app
SHELL=/bin/bash
DISPLAY=/private/tmp/com.apple.launchd.FadO5dJrry/org.macosforge.xquartz:0

Signal Handlers:
SIGSEGV: [libjvm.dylib+0x5b03ed], sa_mask[0]=11111111011111110111111111111111, sa_flags=SA_ONSTACK|SA_RESTART|SA_SIGINFO
SIGBUS: [libjvm.dylib+0x5b03ed], sa_mask[0]=11111111011111110111111111111111, sa_flags=SA_RESTART|SA_SIGINFO
SIGFPE: [libjvm.dylib+0x48711c], sa_mask[0]=11111111011111110111111111111111, sa_flags=SA_RESTART|SA_SIGINFO
SIGPIPE: [libjvm.dylib+0x48711c], sa_mask[0]=11111111011111110111111111111111, sa_flags=SA_RESTART|SA_SIGINFO
SIGXFSZ: [libjvm.dylib+0x48711c], sa_mask[0]=11111111011111110111111111111111, sa_flags=SA_RESTART|SA_SIGINFO
SIGILL: [libjvm.dylib+0x48711c], sa_mask[0]=11111111011111110111111111111111, sa_flags=SA_RESTART|SA_SIGINFO
SIGUSR1: SIG_DFL, sa_mask[0]=11011111011111100000000111000110, sa_flags=none
SIGUSR2: [libjvm.dylib+0x486c3a], sa_mask[0]=00100000000000000000000000000000, sa_flags=SA_RESTART|SA_SIGINFO
SIGHUP: [libjvm.dylib+0x485211], sa_mask[0]=11111111011111110111111111111111, sa_flags=SA_RESTART|SA_SIGINFO
SIGINT: [libjvm.dylib+0x485211], sa_mask[0]=11111111011111110111111111111111, sa_flags=SA_RESTART|SA_SIGINFO
SIGTERM: [libjvm.dylib+0x485211], sa_mask[0]=11111111011111110111111111111111, sa_flags=SA_RESTART|SA_SIGINFO
SIGQUIT: [libjvm.dylib+0x485211], sa_mask[0]=11111111011111110111111111111111, sa_flags=SA_RESTART|SA_SIGINFO


---------------  S Y S T E M  ---------------

OS:Bsduname:Darwin 16.3.0 Darwin Kernel Version 16.3.0: Thu Nov 17 20:23:58 PST 2016; root:xnu-3789.31.2~1/RELEASE_X86_64 x86_64
rlimit: STACK 8515k, CORE 0k, NPROC 709, NOFILE 10240, AS infinity
load average:1.58 2.51 2.30

CPU:total 4 (2 cores per cpu, 2 threads per core) family 6 model 42 stepping 7, cmov, cx8, fxsr, mmx, sse, sse2, sse3, ssse3, sse4.1, sse4.2, popcnt, avx, aes, clmul, ht, tsc, tscinvbit

Memory: 4k page, physical 16777216k(597124k free)

/proc/meminfo:


vm_info: Java HotSpot(TM) 64-Bit Server VM (25.111-b14) for bsd-amd64 JRE (1.8.0_111-b14), built on Sep 22 2016 15:31:41 by "java_re" with gcc 4.2.1 (Based on Apple Inc. build 5658) (LLVM build 2336.11.00)

time: Sat Jan 21 11:13:19 2017
elapsed time: 2497 seconds (0d 0h 41m 37s)

