#
# A fatal error has been detected by the Java Runtime Environment:
#
#  SIGSEGV (0xb) at pc=0x00007fff9d2bcf3b, pid=9012, tid=0x0000000000000307
#
# JRE version: Java(TM) SE Runtime Environment (8.0_111-b14) (build 1.8.0_111-b14)
# Java VM: Java HotSpot(TM) 64-Bit Server VM (25.111-b14 mixed mode bsd-amd64 compressed oops)
# Problematic frame:
# C  [libobjc.A.dylib+0x8f3b]  objc_release+0x1b
#
# Failed to write core dump. Core dumps have been disabled. To enable core dumping, try "ulimit -c unlimited" before starting Java again
#
# If you would like to submit a bug report, please visit:
#   http://bugreport.java.com/bugreport/crash.jsp
# The crash happened outside the Java Virtual Machine in native code.
# See problematic frame for where to report the bug.
#

---------------  T H R E A D  ---------------

Current thread (0x00007fc41a636000):  JavaThread "AWT-AppKit" daemon [_thread_in_native, id=775, stack(0x00007fff5e3ba180,0x00007fff5ec0b000)]

siginfo: si_signo: 11 (SIGSEGV), si_code: 1 (SEGV_MAPERR), si_addr: 0x0000000000000020

Registers:
RAX=0x1000000000000000, RBX=0x00007fc41a633010, RCX=0x0000000000000000, RDX=0x00000000000fed50
RSP=0x00007fff5ec05588, RBP=0x00007fff5ec059d0, RSI=0x00007fc41b900000, RDI=0x00007fc41ba5e8b0
R8 =0x0000000000000000, R9 =0x00007fc41b9e31f0, R10=0x0000000000000001, R11=0x0000000000000001
R12=0x00007fc41a633000, R13=0xa3a3a3a3a3a3a3a3, R14=0x00007fc41a633060, R15=0x00007fc41a633000
RIP=0x00007fff9d2bcf3b, EFLAGS=0x0000000000010246, ERR=0x0000000000000004
  TRAPNO=0x000000000000000e

Top of Stack: (sp=0x00007fff5ec05588)
0x00007fff5ec05588:   00007fff9d2bde60 00007fff84dd8619
0x00007fff5ec05598:   00007fff84dd4da8 00007fff84dd3661
0x00007fff5ec055a8:   0000000000000000 00007fc41b9edb60
0x00007fff5ec055b8:   0000000000000000 00007fc41b9fa9b0
0x00007fff5ec055c8:   00007fff86cf5d61 00007fc41b9f7a50
0x00007fff5ec055d8:   0000000000000001 00007fc41b9d0de0
0x00007fff5ec055e8:   00007fc41b9faf90 ffffffffffffffff
0x00007fff5ec055f8:   00007fc41b9f7a80 00007fc41b9f7a70
0x00007fff5ec05608:   0000000000000000 0000000000000000
0x00007fff5ec05618:   0000000000000000 0000000000000000
0x00007fff5ec05628:   0000000000000000 0000000000000003
0x00007fff5ec05638:   00007fff5ec056f0 00007fc41b9e39f8
0x00007fff5ec05648:   0000000000000000 0000000000000000
0x00007fff5ec05658:   0000000000000000 0000000000000000
0x00007fff5ec05668:   0000000000000000 00007fffa6941848
0x00007fff5ec05678:   00007fffa6941480 00007fff5ec056d8
0x00007fff5ec05688:   00007fc41b9fa9b0 00007fff5ec056c0
0x00007fff5ec05698:   0000000000000003 00007fff5ec05730
0x00007fff5ec056a8:   00007fff9dd434be 00007fc41978be60
0x00007fff5ec056b8:   0000000000000019 0000000101011000
0x00007fff5ec056c8:   00007fc41b9fc080 00007fc41b9e6860
0x00007fff5ec056d8:   0000000000000008 00007fff5ec05770
0x00007fff5ec056e8:   00007fff9dd434be 00007fff5ec05780
0x00007fff5ec056f8:   00007fff9dd434be 0000000101011000
0x00007fff5ec05708:   00007fc41b9fc080 00007fc41b954b70
0x00007fff5ec05718:   00007fc41b954bf0 0000000000000008
0x00007fff5ec05728:   000000021b9e4aa0 0000000000000fa6
0x00007fff5ec05738:   000000000000000c 00007fff5ec057d0
0x00007fff5ec05748:   00007fff9dd434be 0002000001015e00
0x00007fff5ec05758:   00007fc41b9fa680 0000000101011000
0x00007fff5ec05768:   00007fc41b9fc080 00007fc41b9fa690
0x00007fff5ec05778:   00007fc41b9fa710 0000000000000009 

Instructions: (pc=0x00007fff9d2bcf3b)
0x00007fff9d2bcf1b:   90 90 90 90 90 48 85 ff 74 67 40 f6 c7 01 75 61
0x00007fff9d2bcf2b:   48 8b 07 48 b9 f8 ff ff ff ff 7f 00 00 48 21 c1
0x00007fff9d2bcf3b:   f6 41 20 02 74 56 a8 01 74 48 48 b9 00 00 00 00
0x00007fff9d2bcf4b:   00 00 00 01 48 ba 00 00 00 00 00 00 40 00 48 89 

Register to memory mapping:

RAX=0x1000000000000000 is an unknown value
RBX=0x00007fc41a633010 is an unknown value
RCX=0x0000000000000000 is an unknown value
RDX=0x00000000000fed50 is an unknown value
RSP=0x00007fff5ec05588 is pointing into the stack for thread: 0x00007fc41a636000
RBP=0x00007fff5ec059d0 is pointing into the stack for thread: 0x00007fc41a636000
RSI=0x00007fc41b900000 is an unknown value
RDI=0x00007fc41ba5e8b0 is an unknown value
R8 =0x0000000000000000 is an unknown value
R9 =0x00007fc41b9e31f0 is an unknown value
R10=0x0000000000000001 is an unknown value
R11=0x0000000000000001 is an unknown value
R12=0x00007fc41a633000 is an unknown value
R13=0xa3a3a3a3a3a3a3a3 is an unknown value
R14=0x00007fc41a633060 is an unknown value
R15=0x00007fc41a633000 is an unknown value


Stack: [0x00007fff5e3ba180,0x00007fff5ec0b000],  sp=0x00007fff5ec05588,  free space=8493k
Native frames: (J=compiled Java code, j=interpreted, Vv=VM code, C=native code)
C  [libobjc.A.dylib+0x8f3b]  objc_release+0x1b
C  [CoreFoundation+0x45106]  _CFAutoreleasePoolPop+0x16
C  [CoreFoundation+0x85665]  __CFRunLoopRun+0x8b5
C  [CoreFoundation+0x84b54]  CFRunLoopRunSpecific+0x1a4
C  [HIToolbox+0x30acc]  RunCurrentEventLoopInMode+0xf0
C  [HIToolbox+0x30901]  ReceiveNextEventCommon+0x1b0
C  [HIToolbox+0x30736]  _BlockUntilNextEventMatchingListInModeWithFilter+0x47
C  [AppKit+0x46ae4]  _DPSNextEvent+0x460
C  [AppKit+0x7c121f]  -[NSApplication(NSEvent) _nextEventMatchingEventMask:untilDate:inMode:dequeue:]+0xae5
C  [libosxapp.dylib+0x23aa]  -[NSApplicationAWT nextEventMatchingMask:untilDate:inMode:dequeue:]+0x7c
C  [AppKit+0x3b465]  -[NSApplication run]+0x39e
C  [libosxapp.dylib+0x214d]  +[NSApplicationAWT runAWTLoopWithApp:]+0x9c
C  [libawt_lwawt.dylib+0x444b3]  -[AWTStarter starter:]+0x389
C  [Foundation+0x7188a]  __NSThreadPerformPerform+0x146
C  [CoreFoundation+0xa48d1]  __CFRUNLOOP_IS_CALLING_OUT_TO_A_SOURCE0_PERFORM_FUNCTION__+0x11
C  [CoreFoundation+0x85c6c]  __CFRunLoopDoSources0+0x22c
C  [CoreFoundation+0x85156]  __CFRunLoopRun+0x3a6
C  [CoreFoundation+0x84b54]  CFRunLoopRunSpecific+0x1a4
C  [java+0x6465]  CreateExecutionEnvironment+0x367
C  [java+0x218c]  JLI_Launch+0x7a0
C  [java+0x84c2]  main+0x65
C  [java+0x19e4]  start+0x34
C  0x000000000000000e


---------------  P R O C E S S  ---------------

Java Threads: ( => current thread )
  0x00007fc41a2f1000 JavaThread "AWT-Shutdown" [_thread_blocked, id=62739, stack(0x0000700005f23000,0x0000700006023000)]
  0x00007fc41a684000 JavaThread "clojure-agent-send-off-pool-3" [_thread_in_native, id=47619, stack(0x00007000073e8000,0x00007000074e8000)]
  0x00007fc41a675000 JavaThread "clojure-agent-send-off-pool-2" [_thread_blocked, id=46855, stack(0x00007000072e5000,0x00007000073e5000)]
=>0x00007fc41a636000 JavaThread "AWT-AppKit" daemon [_thread_in_native, id=775, stack(0x00007fff5e3ba180,0x00007fff5ec0b000)]
  0x00007fc41a4b5800 JavaThread "clojure-agent-send-off-pool-1" [_thread_in_native, id=20227, stack(0x0000700006fd9000,0x00007000070d9000)]
  0x00007fc41980a000 JavaThread "Service Thread" daemon [_thread_blocked, id=18691, stack(0x0000700006cd0000,0x0000700006dd0000)]
  0x00007fc41b012800 JavaThread "C1 CompilerThread2" daemon [_thread_blocked, id=18179, stack(0x0000700006bcd000,0x0000700006ccd000)]
  0x00007fc41a807000 JavaThread "C2 CompilerThread1" daemon [_thread_blocked, id=17667, stack(0x0000700006aca000,0x0000700006bca000)]
  0x00007fc41a805800 JavaThread "C2 CompilerThread0" daemon [_thread_blocked, id=17155, stack(0x00007000069c7000,0x0000700006ac7000)]
  0x00007fc41a804800 JavaThread "Signal Dispatcher" daemon [_thread_blocked, id=16643, stack(0x00007000068c4000,0x00007000069c4000)]
  0x00007fc41a061000 JavaThread "Finalizer" daemon [_thread_in_native, id=12547, stack(0x00007000067c1000,0x00007000068c1000)]
  0x00007fc41a05e800 JavaThread "Reference Handler" daemon [_thread_blocked, id=12035, stack(0x00007000066be000,0x00007000067be000)]
  0x00007fc41b001800 JavaThread "main" [_thread_blocked, id=7171, stack(0x00007000060ac000,0x00007000061ac000)]

Other Threads:
  0x00007fc41a059800 VMThread [stack: 0x00007000065bb000,0x00007000066bb000] [id=11523]
  0x00007fc41980a800 WatcherThread [stack: 0x0000700006dd3000,0x0000700006ed3000] [id=19203]

VM state:not at safepoint (normal execution)

VM Mutex/Monitor currently owned by a thread: None

Heap:
 PSYoungGen      total 440832K, used 19845K [0x000000076ab00000, 0x000000078d200000, 0x00000007c0000000)
  eden space 408576K, 1% used [0x000000076ab00000,0x000000076af9c8a8,0x0000000783a00000)
  from space 32256K, 46% used [0x0000000783a00000,0x00000007848c4ec0,0x0000000785980000)
  to   space 30720K, 0% used [0x000000078b400000,0x000000078b400000,0x000000078d200000)
 ParOldGen       total 112640K, used 49380K [0x00000006c0000000, 0x00000006c6e00000, 0x000000076ab00000)
  object space 112640K, 43% used [0x00000006c0000000,0x00000006c3039170,0x00000006c6e00000)
 Metaspace       used 27790K, capacity 31683K, committed 31744K, reserved 1073152K
  class space    used 6055K, capacity 7414K, committed 7424K, reserved 1048576K

Card table byte_map: [0x0000000102d61000,0x0000000103562000] byte_map_base: 0x00000000ff761000

Marking Bits: (ParMarkBitMap*) 0x00000001022efd20
 Begin Bits: [0x0000000117150000, 0x000000011b150000)
 End Bits:   [0x000000011b150000, 0x000000011f150000)

Polling page: 0x00000001010b5000

CodeCache: size=245760Kb used=10247Kb max_used=10247Kb free=235512Kb
 bounds [0x0000000108150000, 0x0000000108b60000, 0x0000000117150000]
 total_blobs=5157 nmethods=4549 adapters=521
 compilation: enabled

Compilation events (10 events):
Event: 3813.729 Thread 0x00007fc41b012800 4566       1       java.util.HashSet::isEmpty (8 bytes)
Event: 3813.729 Thread 0x00007fc41b012800 nmethod 4566 0x0000000108b50fd0 code [0x0000000108b51120, 0x0000000108b51250]
Event: 3824.426 Thread 0x00007fc41b012800 4567       1       java.util.IdentityHashMap::isEmpty (13 bytes)
Event: 3824.426 Thread 0x00007fc41b012800 nmethod 4567 0x0000000108b512d0 code [0x0000000108b51420, 0x0000000108b51550]
Event: 3833.790 Thread 0x00007fc41b012800 4568       1       java.lang.Thread::getThreadGroup (5 bytes)
Event: 3833.791 Thread 0x00007fc41b012800 nmethod 4568 0x0000000108b51590 code [0x0000000108b516e0, 0x0000000108b517f0]
Event: 3849.278 Thread 0x00007fc41b012800 4569       1       sun.awt.AWTAutoShutdown::getInstance (4 bytes)
Event: 3849.278 Thread 0x00007fc41b012800 nmethod 4569 0x0000000108b51850 code [0x0000000108b519a0, 0x0000000108b51a90]
Event: 4212.145 Thread 0x00007fc41b012800 4570   !   1       sun.awt.AWTAutoShutdown::setToolkitBusy (124 bytes)
Event: 4212.150 Thread 0x00007fc41b012800 nmethod 4570 0x0000000108b51ad0 code [0x0000000108b51c80, 0x0000000108b52248]

GC Heap History (10 events):
Event: 4.000 GC heap before
{Heap before GC invocations=8 (full 1):
 PSYoungGen      total 220160K, used 220005K [0x000000076ab00000, 0x000000077c780000, 0x00000007c0000000)
  eden space 207872K, 100% used [0x000000076ab00000,0x0000000777600000,0x0000000777600000)
  from space 12288K, 98% used [0x000000077bb80000,0x000000077c759660,0x000000077c780000)
  to   space 16896K, 0% used [0x000000077a680000,0x000000077a680000,0x000000077b700000)
 ParOldGen       total 112640K, used 17441K [0x00000006c0000000, 0x00000006c6e00000, 0x000000076ab00000)
  object space 112640K, 15% used [0x00000006c0000000,0x00000006c11086d0,0x00000006c6e00000)
 Metaspace       used 25745K, capacity 29273K, committed 29312K, reserved 1071104K
  class space    used 5749K, capacity 7033K, committed 7040K, reserved 1048576K
Event: 4.037 GC heap after
Heap after GC invocations=8 (full 1):
 PSYoungGen      total 274432K, used 16874K [0x000000076ab00000, 0x0000000781880000, 0x00000007c0000000)
  eden space 257536K, 0% used [0x000000076ab00000,0x000000076ab00000,0x000000077a680000)
  from space 16896K, 99% used [0x000000077a680000,0x000000077b6fa878,0x000000077b700000)
  to   space 23040K, 0% used [0x0000000780200000,0x0000000780200000,0x0000000781880000)
 ParOldGen       total 112640K, used 25404K [0x00000006c0000000, 0x00000006c6e00000, 0x000000076ab00000)
  object space 112640K, 22% used [0x00000006c0000000,0x00000006c18cf318,0x00000006c6e00000)
 Metaspace       used 25745K, capacity 29273K, committed 29312K, reserved 1071104K
  class space    used 5749K, capacity 7033K, committed 7040K, reserved 1048576K
}
Event: 4.824 GC heap before
{Heap before GC invocations=9 (full 1):
 PSYoungGen      total 274432K, used 274410K [0x000000076ab00000, 0x0000000781880000, 0x00000007c0000000)
  eden space 257536K, 100% used [0x000000076ab00000,0x000000077a680000,0x000000077a680000)
  from space 16896K, 99% used [0x000000077a680000,0x000000077b6fa878,0x000000077b700000)
  to   space 23040K, 0% used [0x0000000780200000,0x0000000780200000,0x0000000781880000)
 ParOldGen       total 112640K, used 25404K [0x00000006c0000000, 0x00000006c6e00000, 0x000000076ab00000)
  object space 112640K, 22% used [0x00000006c0000000,0x00000006c18cf318,0x00000006c6e00000)
 Metaspace       used 25823K, capacity 29337K, committed 29568K, reserved 1071104K
  class space    used 5762K, capacity 7033K, committed 7040K, reserved 1048576K
Event: 4.871 GC heap after
Heap after GC invocations=9 (full 1):
 PSYoungGen      total 343552K, used 23038K [0x000000076ab00000, 0x0000000787800000, 0x00000007c0000000)
  eden space 320512K, 0% used [0x000000076ab00000,0x000000076ab00000,0x000000077e400000)
  from space 23040K, 99% used [0x0000000780200000,0x000000078187fa88,0x0000000781880000)
  to   space 30720K, 0% used [0x000000077e400000,0x000000077e400000,0x0000000780200000)
 ParOldGen       total 112640K, used 35790K [0x00000006c0000000, 0x00000006c6e00000, 0x000000076ab00000)
  object space 112640K, 31% used [0x00000006c0000000,0x00000006c22f3898,0x00000006c6e00000)
 Metaspace       used 25823K, capacity 29337K, committed 29568K, reserved 1071104K
  class space    used 5762K, capacity 7033K, committed 7040K, reserved 1048576K
}
Event: 27.296 GC heap before
{Heap before GC invocations=10 (full 1):
 PSYoungGen      total 343552K, used 343550K [0x000000076ab00000, 0x0000000787800000, 0x00000007c0000000)
  eden space 320512K, 100% used [0x000000076ab00000,0x000000077e400000,0x000000077e400000)
  from space 23040K, 99% used [0x0000000780200000,0x000000078187fa88,0x0000000781880000)
  to   space 30720K, 0% used [0x000000077e400000,0x000000077e400000,0x0000000780200000)
 ParOldGen       total 112640K, used 35790K [0x00000006c0000000, 0x00000006c6e00000, 0x000000076ab00000)
  object space 112640K, 31% used [0x00000006c0000000,0x00000006c22f3898,0x00000006c6e00000)
 Metaspace       used 25931K, capacity 29561K, committed 29696K, reserved 1071104K
  class space    used 5775K, capacity 7097K, committed 7168K, reserved 1048576K
Event: 27.348 GC heap after
Heap after GC invocations=10 (full 1):
 PSYoungGen      total 351232K, used 24582K [0x000000076ab00000, 0x0000000788700000, 0x00000007c0000000)
  eden space 320512K, 0% used [0x000000076ab00000,0x000000076ab00000,0x000000077e400000)
  from space 30720K, 80% used [0x000000077e400000,0x000000077fc01990,0x0000000780200000)
  to   space 32768K, 0% used [0x0000000786700000,0x0000000786700000,0x0000000788700000)
 ParOldGen       total 112640K, used 45332K [0x00000006c0000000, 0x00000006c6e00000, 0x000000076ab00000)
  object space 112640K, 40% used [0x00000006c0000000,0x00000006c2c45308,0x00000006c6e00000)
 Metaspace       used 25931K, capacity 29561K, committed 29696K, reserved 1071104K
  class space    used 5775K, capacity 7097K, committed 7168K, reserved 1048576K
}
Event: 1363.288 GC heap before
{Heap before GC invocations=11 (full 1):
 PSYoungGen      total 351232K, used 345094K [0x000000076ab00000, 0x0000000788700000, 0x00000007c0000000)
  eden space 320512K, 100% used [0x000000076ab00000,0x000000077e400000,0x000000077e400000)
  from space 30720K, 80% used [0x000000077e400000,0x000000077fc01990,0x0000000780200000)
  to   space 32768K, 0% used [0x0000000786700000,0x0000000786700000,0x0000000788700000)
 ParOldGen       total 112640K, used 45332K [0x00000006c0000000, 0x00000006c6e00000, 0x000000076ab00000)
  object space 112640K, 40% used [0x00000006c0000000,0x00000006c2c45308,0x00000006c6e00000)
 Metaspace       used 27488K, capacity 31285K, committed 31488K, reserved 1073152K
  class space    used 5985K, capacity 7305K, committed 7424K, reserved 1048576K
Event: 1363.317 GC heap after
Heap after GC invocations=11 (full 1):
 PSYoungGen      total 426496K, used 18081K [0x000000076ab00000, 0x0000000787900000, 0x00000007c0000000)
  eden space 408064K, 0% used [0x000000076ab00000,0x000000076ab00000,0x0000000783980000)
  from space 18432K, 98% used [0x0000000786700000,0x00000007878a8510,0x0000000787900000)
  to   space 32256K, 0% used [0x0000000783a00000,0x0000000783a00000,0x0000000785980000)
 ParOldGen       total 112640K, used 49372K [0x00000006c0000000, 0x00000006c6e00000, 0x000000076ab00000)
  object space 112640K, 43% used [0x00000006c0000000,0x00000006c3037170,0x00000006c6e00000)
 Metaspace       used 27488K, capacity 31285K, committed 31488K, reserved 1073152K
  class space    used 5985K, capacity 7305K, committed 7424K, reserved 1048576K
}
Event: 4324.916 GC heap before
{Heap before GC invocations=12 (full 1):
 PSYoungGen      total 426496K, used 426145K [0x000000076ab00000, 0x0000000787900000, 0x00000007c0000000)
  eden space 408064K, 100% used [0x000000076ab00000,0x0000000783980000,0x0000000783980000)
  from space 18432K, 98% used [0x0000000786700000,0x00000007878a8510,0x0000000787900000)
  to   space 32256K, 0% used [0x0000000783a00000,0x0000000783a00000,0x0000000785980000)
 ParOldGen       total 112640K, used 49372K [0x00000006c0000000, 0x00000006c6e00000, 0x000000076ab00000)
  object space 112640K, 43% used [0x00000006c0000000,0x00000006c3037170,0x00000006c6e00000)
 Metaspace       used 27790K, capacity 31683K, committed 31744K, reserved 1073152K
  class space    used 6055K, capacity 7414K, committed 7424K, reserved 1048576K
Event: 4324.938 GC heap after
Heap after GC invocations=12 (full 1):
 PSYoungGen      total 440832K, used 15123K [0x000000076ab00000, 0x000000078d200000, 0x00000007c0000000)
  eden space 408576K, 0% used [0x000000076ab00000,0x000000076ab00000,0x0000000783a00000)
  from space 32256K, 46% used [0x0000000783a00000,0x00000007848c4ec0,0x0000000785980000)
  to   space 30720K, 0% used [0x000000078b400000,0x000000078b400000,0x000000078d200000)
 ParOldGen       total 112640K, used 49380K [0x00000006c0000000, 0x00000006c6e00000, 0x000000076ab00000)
  object space 112640K, 43% used [0x00000006c0000000,0x00000006c3039170,0x00000006c6e00000)
 Metaspace       used 27790K, capacity 31683K, committed 31744K, reserved 1073152K
  class space    used 6055K, capacity 7414K, committed 7424K, reserved 1048576K
}

Deoptimization events (0 events):
No events

Internal exceptions (10 events):
Event: 2391.877 Thread 0x00007fc41abe4000 Exception <a 'java/lang/ClassNotFoundException': > (0x0000000780f65c40) thrown at [/Users/java_re/workspace/8-2-build-macosx-x86_64/jdk8u111/7883/hotspot/src/share/vm/prims/jni.cpp, line 735]
Event: 2391.877 Thread 0x00007fc41abe4000 Exception <a 'java/lang/ClassNotFoundException': > (0x0000000780f66a78) thrown at [/Users/java_re/workspace/8-2-build-macosx-x86_64/jdk8u111/7883/hotspot/src/share/vm/prims/jni.cpp, line 735]
Event: 2391.877 Thread 0x00007fc41abe4000 Exception <a 'java/lang/ClassNotFoundException': > (0x0000000780f67b20) thrown at [/Users/java_re/workspace/8-2-build-macosx-x86_64/jdk8u111/7883/hotspot/src/share/vm/prims/jni.cpp, line 735]
Event: 2391.877 Thread 0x00007fc41abe4000 Exception <a 'java/lang/ClassNotFoundException': > (0x0000000780f68848) thrown at [/Users/java_re/workspace/8-2-build-macosx-x86_64/jdk8u111/7883/hotspot/src/share/vm/prims/jni.cpp, line 735]
Event: 2391.877 Thread 0x00007fc41abe4000 Exception <a 'java/lang/ClassNotFoundException': > (0x0000000780f697e0) thrown at [/Users/java_re/workspace/8-2-build-macosx-x86_64/jdk8u111/7883/hotspot/src/share/vm/prims/jni.cpp, line 735]
Event: 2391.877 Thread 0x00007fc41abe4000 Exception <a 'java/lang/ClassNotFoundException': > (0x0000000780f6a3c8) thrown at [/Users/java_re/workspace/8-2-build-macosx-x86_64/jdk8u111/7883/hotspot/src/share/vm/prims/jni.cpp, line 735]
Event: 2391.877 Thread 0x00007fc41abe4000 Exception <a 'java/lang/ClassNotFoundException': > (0x0000000780f6b0c8) thrown at [/Users/java_re/workspace/8-2-build-macosx-x86_64/jdk8u111/7883/hotspot/src/share/vm/prims/jni.cpp, line 735]
Event: 2391.877 Thread 0x00007fc41abe4000 Exception <a 'java/lang/ClassNotFoundException': > (0x0000000780f6bc90) thrown at [/Users/java_re/workspace/8-2-build-macosx-x86_64/jdk8u111/7883/hotspot/src/share/vm/prims/jni.cpp, line 735]
Event: 2391.877 Thread 0x00007fc41abe4000 Exception <a 'java/lang/ClassNotFoundException': > (0x0000000780f6cc00) thrown at [/Users/java_re/workspace/8-2-build-macosx-x86_64/jdk8u111/7883/hotspot/src/share/vm/prims/jni.cpp, line 735]
Event: 2391.877 Thread 0x00007fc41abe4000 Exception <a 'java/lang/ClassNotFoundException': > (0x0000000780f6da38) thrown at [/Users/java_re/workspace/8-2-build-macosx-x86_64/jdk8u111/7883/hotspot/src/share/vm/prims/jni.cpp, line 735]

Events (10 events):
Event: 4324.960 Executing VM operation: RevokeBias
Event: 4324.960 Executing VM operation: RevokeBias done
Event: 4324.960 Executing VM operation: RevokeBias
Event: 4324.960 Executing VM operation: RevokeBias done
Event: 4324.960 Executing VM operation: RevokeBias
Event: 4324.960 Executing VM operation: RevokeBias done
Event: 4324.960 Executing VM operation: RevokeBias
Event: 4324.960 Executing VM operation: RevokeBias done
Event: 4324.965 Executing VM operation: RevokeBias
Event: 4324.965 Executing VM operation: RevokeBias done


Dynamic libraries:
0x000000001309b000 	/System/Library/Frameworks/Cocoa.framework/Versions/A/Cocoa
0x000000001309b000 	/System/Library/Frameworks/Security.framework/Versions/A/Security
0x000000001309b000 	/System/Library/Frameworks/ApplicationServices.framework/Versions/A/ApplicationServices
0x000000001309b000 	/usr/lib/libz.1.dylib
0x000000001309b000 	/usr/lib/libSystem.B.dylib
0x000000001309b000 	/usr/lib/libobjc.A.dylib
0x000000001309b000 	/System/Library/Frameworks/CoreFoundation.framework/Versions/A/CoreFoundation
0x000000001309b000 	/System/Library/Frameworks/Foundation.framework/Versions/C/Foundation
0x000000001309b000 	/System/Library/Frameworks/AppKit.framework/Versions/C/AppKit
0x000000001309b000 	/System/Library/Frameworks/CoreData.framework/Versions/A/CoreData
0x000000001309b000 	/System/Library/PrivateFrameworks/RemoteViewServices.framework/Versions/A/RemoteViewServices
0x000000001309b000 	/System/Library/PrivateFrameworks/UIFoundation.framework/Versions/A/UIFoundation
0x000000001309b000 	/System/Library/PrivateFrameworks/DFRFoundation.framework/Versions/A/DFRFoundation
0x000000001309b000 	/usr/lib/libenergytrace.dylib
0x000000001309b000 	/System/Library/PrivateFrameworks/SkyLight.framework/Versions/A/SkyLight
0x000000001309b000 	/System/Library/Frameworks/CoreGraphics.framework/Versions/A/CoreGraphics
0x000000001309b000 	/usr/lib/libScreenReader.dylib
0x000000001309b000 	/System/Library/Frameworks/Accelerate.framework/Versions/A/Accelerate
0x000000001309b000 	/System/Library/Frameworks/IOSurface.framework/Versions/A/IOSurface
0x000000001309b000 	/System/Library/Frameworks/AudioToolbox.framework/Versions/A/AudioToolbox
0x000000001309b000 	/System/Library/Frameworks/AudioUnit.framework/Versions/A/AudioUnit
0x000000001309b000 	/System/Library/PrivateFrameworks/DataDetectorsCore.framework/Versions/A/DataDetectorsCore
0x000000001309b000 	/System/Library/PrivateFrameworks/DesktopServicesPriv.framework/Versions/A/DesktopServicesPriv
0x000000001309b000 	/System/Library/Frameworks/Carbon.framework/Versions/A/Frameworks/HIToolbox.framework/Versions/A/HIToolbox
0x000000001309b000 	/usr/lib/libicucore.A.dylib
0x000000001309b000 	/System/Library/Frameworks/QuartzCore.framework/Versions/A/QuartzCore
0x000000001309b000 	/System/Library/Frameworks/Carbon.framework/Versions/A/Frameworks/SpeechRecognition.framework/Versions/A/SpeechRecognition
0x000000001309b000 	/usr/lib/libauto.dylib
0x000000001309b000 	/usr/lib/libxml2.2.dylib
0x000000001309b000 	/System/Library/PrivateFrameworks/CoreUI.framework/Versions/A/CoreUI
0x000000001309b000 	/System/Library/Frameworks/CoreAudio.framework/Versions/A/CoreAudio
0x000000001309b000 	/System/Library/Frameworks/DiskArbitration.framework/Versions/A/DiskArbitration
0x000000001309b000 	/usr/lib/liblangid.dylib
0x000000001309b000 	/System/Library/PrivateFrameworks/MultitouchSupport.framework/Versions/A/MultitouchSupport
0x000000001309b000 	/System/Library/Frameworks/IOKit.framework/Versions/A/IOKit
0x000000001309b000 	/usr/lib/libDiagnosticMessagesClient.dylib
0x000000001309b000 	/System/Library/Frameworks/CoreServices.framework/Versions/A/CoreServices
0x000000001309b000 	/System/Library/PrivateFrameworks/PerformanceAnalysis.framework/Versions/A/PerformanceAnalysis
0x000000001309b000 	/System/Library/PrivateFrameworks/GenerationalStorage.framework/Versions/A/GenerationalStorage
0x000000001309b000 	/System/Library/Frameworks/OpenGL.framework/Versions/A/OpenGL
0x000000001309b000 	/System/Library/Frameworks/CoreImage.framework/Versions/A/CoreImage
0x000000001309b000 	/System/Library/Frameworks/CoreText.framework/Versions/A/CoreText
0x000000001309b000 	/System/Library/Frameworks/ImageIO.framework/Versions/A/ImageIO
0x000000001309b000 	/System/Library/PrivateFrameworks/Backup.framework/Versions/A/Backup
0x000000001309b000 	/usr/lib/libarchive.2.dylib
0x000000001309b000 	/System/Library/Frameworks/CFNetwork.framework/Versions/A/CFNetwork
0x000000001309b000 	/System/Library/Frameworks/SystemConfiguration.framework/Versions/A/SystemConfiguration
0x000000001309b000 	/usr/lib/libCRFSuite.dylib
0x000000001309b000 	/usr/lib/libc++.1.dylib
0x000000001309b000 	/usr/lib/libc++abi.dylib
0x000000001309b000 	/usr/lib/system/libcache.dylib
0x000000001309b000 	/usr/lib/system/libcommonCrypto.dylib
0x000000001309b000 	/usr/lib/system/libcompiler_rt.dylib
0x000000001309b000 	/usr/lib/system/libcopyfile.dylib
0x000000001309b000 	/usr/lib/system/libcorecrypto.dylib
0x000000001309b000 	/usr/lib/system/libdispatch.dylib
0x000000001309b000 	/usr/lib/system/libdyld.dylib
0x000000001309b000 	/usr/lib/system/libkeymgr.dylib
0x000000001309b000 	/usr/lib/system/liblaunch.dylib
0x000000001309b000 	/usr/lib/system/libmacho.dylib
0x000000001309b000 	/usr/lib/system/libquarantine.dylib
0x000000001309b000 	/usr/lib/system/libremovefile.dylib
0x000000001309b000 	/usr/lib/system/libsystem_asl.dylib
0x000000001309b000 	/usr/lib/system/libsystem_blocks.dylib
0x000000001309b000 	/usr/lib/system/libsystem_c.dylib
0x000000001309b000 	/usr/lib/system/libsystem_configuration.dylib
0x000000001309b000 	/usr/lib/system/libsystem_coreservices.dylib
0x000000001309b000 	/usr/lib/system/libsystem_coretls.dylib
0x000000001309b000 	/usr/lib/system/libsystem_dnssd.dylib
0x000000001309b000 	/usr/lib/system/libsystem_info.dylib
0x000000001309b000 	/usr/lib/system/libsystem_kernel.dylib
0x000000001309b000 	/usr/lib/system/libsystem_m.dylib
0x000000001309b000 	/usr/lib/system/libsystem_malloc.dylib
0x000000001309b000 	/usr/lib/system/libsystem_network.dylib
0x000000001309b000 	/usr/lib/system/libsystem_networkextension.dylib
0x000000001309b000 	/usr/lib/system/libsystem_notify.dylib
0x000000001309b000 	/usr/lib/system/libsystem_platform.dylib
0x000000001309b000 	/usr/lib/system/libsystem_pthread.dylib
0x000000001309b000 	/usr/lib/system/libsystem_sandbox.dylib
0x000000001309b000 	/usr/lib/system/libsystem_secinit.dylib
0x000000001309b000 	/usr/lib/system/libsystem_symptoms.dylib
0x000000001309b000 	/usr/lib/system/libsystem_trace.dylib
0x000000001309b000 	/usr/lib/system/libunwind.dylib
0x000000001309b000 	/usr/lib/system/libxpc.dylib
0x000000001309b000 	/usr/lib/libbsm.0.dylib
0x000000001309b000 	/usr/lib/system/libkxld.dylib
0x000000001309b000 	/usr/lib/libcoretls.dylib
0x000000001309b000 	/usr/lib/libcoretls_cfhelpers.dylib
0x000000001309b000 	/usr/lib/libxar.1.dylib
0x000000001309b000 	/usr/lib/libsqlite3.dylib
0x000000001309b000 	/usr/lib/libpam.2.dylib
0x000000001309b000 	/usr/lib/libOpenScriptingUtil.dylib
0x000000001309b000 	/usr/lib/libbz2.1.0.dylib
0x000000001309b000 	/usr/lib/liblzma.5.dylib
0x000000001309b000 	/usr/lib/libnetwork.dylib
0x000000001309b000 	/usr/lib/libpcap.A.dylib
0x000000001309b000 	/System/Library/Frameworks/CoreServices.framework/Versions/A/Frameworks/FSEvents.framework/Versions/A/FSEvents
0x000000001309b000 	/System/Library/Frameworks/CoreServices.framework/Versions/A/Frameworks/CarbonCore.framework/Versions/A/CarbonCore
0x000000001309b000 	/System/Library/Frameworks/CoreServices.framework/Versions/A/Frameworks/Metadata.framework/Versions/A/Metadata
0x000000001309b000 	/System/Library/Frameworks/CoreServices.framework/Versions/A/Frameworks/OSServices.framework/Versions/A/OSServices
0x000000001309b000 	/System/Library/Frameworks/CoreServices.framework/Versions/A/Frameworks/SearchKit.framework/Versions/A/SearchKit
0x000000001309b000 	/System/Library/Frameworks/CoreServices.framework/Versions/A/Frameworks/AE.framework/Versions/A/AE
0x000000001309b000 	/System/Library/Frameworks/CoreServices.framework/Versions/A/Frameworks/LaunchServices.framework/Versions/A/LaunchServices
0x000000001309b000 	/System/Library/Frameworks/CoreServices.framework/Versions/A/Frameworks/DictionaryServices.framework/Versions/A/DictionaryServices
0x000000001309b000 	/System/Library/Frameworks/CoreServices.framework/Versions/A/Frameworks/SharedFileList.framework/Versions/A/SharedFileList
0x000000001309b000 	/System/Library/Frameworks/NetFS.framework/Versions/A/NetFS
0x000000001309b000 	/System/Library/PrivateFrameworks/NetAuth.framework/Versions/A/NetAuth
0x000000001309b000 	/System/Library/PrivateFrameworks/login.framework/Versions/A/Frameworks/loginsupport.framework/Versions/A/loginsupport
0x000000001309b000 	/System/Library/PrivateFrameworks/TCC.framework/Versions/A/TCC
0x000000001309b000 	/usr/lib/libmecabra.dylib
0x000000001309b000 	/System/Library/Frameworks/ApplicationServices.framework/Versions/A/Frameworks/ATS.framework/Versions/A/ATS
0x000000001309b000 	/System/Library/Frameworks/ApplicationServices.framework/Versions/A/Frameworks/ColorSync.framework/Versions/A/ColorSync
0x000000001309b000 	/System/Library/Frameworks/ApplicationServices.framework/Versions/A/Frameworks/HIServices.framework/Versions/A/HIServices
0x000000001309b000 	/System/Library/Frameworks/ApplicationServices.framework/Versions/A/Frameworks/LangAnalysis.framework/Versions/A/LangAnalysis
0x000000001309b000 	/System/Library/Frameworks/ApplicationServices.framework/Versions/A/Frameworks/PrintCore.framework/Versions/A/PrintCore
0x000000001309b000 	/System/Library/Frameworks/ApplicationServices.framework/Versions/A/Frameworks/QD.framework/Versions/A/QD
0x000000001309b000 	/System/Library/Frameworks/ApplicationServices.framework/Versions/A/Frameworks/SpeechSynthesis.framework/Versions/A/SpeechSynthesis
0x000000001309b000 	/System/Library/Frameworks/Accelerate.framework/Versions/A/Frameworks/vImage.framework/Versions/A/vImage
0x000000001309b000 	/System/Library/Frameworks/Accelerate.framework/Versions/A/Frameworks/vecLib.framework/Versions/A/vecLib
0x000000001309b000 	/System/Library/Frameworks/Accelerate.framework/Versions/A/Frameworks/vecLib.framework/Versions/A/libvDSP.dylib
0x000000001309b000 	/System/Library/Frameworks/Accelerate.framework/Versions/A/Frameworks/vecLib.framework/Versions/A/libBNNS.dylib
0x000000001309b000 	/System/Library/Frameworks/Accelerate.framework/Versions/A/Frameworks/vecLib.framework/Versions/A/libQuadrature.dylib
0x000000001309b000 	/System/Library/Frameworks/Accelerate.framework/Versions/A/Frameworks/vecLib.framework/Versions/A/libvMisc.dylib
0x000000001309b000 	/System/Library/Frameworks/Accelerate.framework/Versions/A/Frameworks/vecLib.framework/Versions/A/libLAPACK.dylib
0x000000001309b000 	/System/Library/Frameworks/Accelerate.framework/Versions/A/Frameworks/vecLib.framework/Versions/A/libBLAS.dylib
0x000000001309b000 	/System/Library/Frameworks/Accelerate.framework/Versions/A/Frameworks/vecLib.framework/Versions/A/libLinearAlgebra.dylib
0x000000001309b000 	/System/Library/Frameworks/Accelerate.framework/Versions/A/Frameworks/vecLib.framework/Versions/A/libSparseBLAS.dylib
0x000000001309b000 	/System/Library/Frameworks/ApplicationServices.framework/Versions/A/Frameworks/ATS.framework/Versions/A/Resources/libFontParser.dylib
0x000000001309b000 	/System/Library/Frameworks/ApplicationServices.framework/Versions/A/Frameworks/ATS.framework/Versions/A/Resources/libFontRegistry.dylib
0x000000001309b000 	/System/Library/Frameworks/ImageIO.framework/Versions/A/Resources/libJPEG.dylib
0x000000001309b000 	/System/Library/Frameworks/ImageIO.framework/Versions/A/Resources/libTIFF.dylib
0x000000001309b000 	/System/Library/Frameworks/ImageIO.framework/Versions/A/Resources/libPng.dylib
0x000000001309b000 	/System/Library/Frameworks/ImageIO.framework/Versions/A/Resources/libGIF.dylib
0x000000001309b000 	/System/Library/Frameworks/ImageIO.framework/Versions/A/Resources/libJP2.dylib
0x000000001309b000 	/System/Library/Frameworks/ImageIO.framework/Versions/A/Resources/libRadiance.dylib
0x000000001309b000 	/usr/lib/libcompression.dylib
0x000000001309b000 	/System/Library/PrivateFrameworks/AppleJPEG.framework/Versions/A/AppleJPEG
0x000000001309b000 	/usr/lib/libcups.2.dylib
0x000000001309b000 	/System/Library/Frameworks/Kerberos.framework/Versions/A/Kerberos
0x000000001309b000 	/System/Library/Frameworks/GSS.framework/Versions/A/GSS
0x000000001309b000 	/usr/lib/libresolv.9.dylib
0x000000001309b000 	/usr/lib/libiconv.2.dylib
0x000000001309b000 	/System/Library/PrivateFrameworks/Heimdal.framework/Versions/A/Heimdal
0x000000001309b000 	/usr/lib/libheimdal-asn1.dylib
0x000000001309b000 	/System/Library/Frameworks/OpenDirectory.framework/Versions/A/OpenDirectory
0x000000001309b000 	/System/Library/PrivateFrameworks/CommonAuth.framework/Versions/A/CommonAuth
0x000000001309b000 	/System/Library/Frameworks/OpenDirectory.framework/Versions/A/Frameworks/CFOpenDirectory.framework/Versions/A/CFOpenDirectory
0x000000001309b000 	/System/Library/Frameworks/SecurityFoundation.framework/Versions/A/SecurityFoundation
0x000000001309b000 	/System/Library/PrivateFrameworks/LanguageModeling.framework/Versions/A/LanguageModeling
0x000000001309b000 	/usr/lib/libmarisa.dylib
0x000000001309b000 	/usr/lib/libChineseTokenizer.dylib
0x000000001309b000 	/usr/lib/libcmph.dylib
0x000000001309b000 	/System/Library/PrivateFrameworks/CoreEmoji.framework/Versions/A/CoreEmoji
0x000000001309b000 	/System/Library/Frameworks/ServiceManagement.framework/Versions/A/ServiceManagement
0x000000001309b000 	/usr/lib/libxslt.1.dylib
0x000000001309b000 	/System/Library/Frameworks/Carbon.framework/Versions/A/Frameworks/Ink.framework/Versions/A/Ink
0x000000001309b000 	/System/Library/PrivateFrameworks/TextureIO.framework/Versions/A/TextureIO
0x000000001309b000 	/System/Library/Frameworks/Metal.framework/Versions/A/Metal
0x000000001309b000 	/usr/lib/libate.dylib
0x000000001309b000 	/System/Library/PrivateFrameworks/GPUCompiler.framework/libmetal_timestamp.dylib
0x000000001309b000 	/System/Library/Frameworks/OpenGL.framework/Versions/A/Libraries/libCoreFSCache.dylib
0x000000001309b000 	/System/Library/PrivateFrameworks/IOAccelerator.framework/Versions/A/IOAccelerator
0x000000001309b000 	/System/Library/Frameworks/CoreVideo.framework/Versions/A/CoreVideo
0x000000001309b000 	/usr/lib/libFosl_dynamic.dylib
0x000000001309b000 	/System/Library/PrivateFrameworks/MetalPerformanceShaders.framework/Versions/A/MetalPerformanceShaders
0x000000001309b000 	/System/Library/PrivateFrameworks/FaceCore.framework/Versions/A/FaceCore
0x000000001309b000 	/System/Library/Frameworks/OpenCL.framework/Versions/A/OpenCL
0x000000001309b000 	/System/Library/Frameworks/OpenGL.framework/Versions/A/Libraries/libGLU.dylib
0x000000001309b000 	/System/Library/Frameworks/OpenGL.framework/Versions/A/Libraries/libGFXShared.dylib
0x000000001309b000 	/System/Library/Frameworks/OpenGL.framework/Versions/A/Libraries/libGL.dylib
0x000000001309b000 	/System/Library/Frameworks/OpenGL.framework/Versions/A/Libraries/libGLImage.dylib
0x000000001309b000 	/System/Library/Frameworks/OpenGL.framework/Versions/A/Libraries/libCVMSPluginSupport.dylib
0x000000001309b000 	/System/Library/Frameworks/OpenGL.framework/Versions/A/Libraries/libCoreVMClient.dylib
0x000000001309b000 	/System/Library/PrivateFrameworks/CrashReporterSupport.framework/Versions/A/CrashReporterSupport
0x000000001309b000 	/System/Library/PrivateFrameworks/Sharing.framework/Versions/A/Sharing
0x000000001309b000 	/System/Library/PrivateFrameworks/IconServices.framework/Versions/A/IconServices
0x000000001309b000 	/System/Library/PrivateFrameworks/ProtocolBuffer.framework/Versions/A/ProtocolBuffer
0x000000001309b000 	/System/Library/PrivateFrameworks/Apple80211.framework/Versions/A/Apple80211
0x000000001309b000 	/System/Library/Frameworks/CoreWLAN.framework/Versions/A/CoreWLAN
0x000000001309b000 	/System/Library/PrivateFrameworks/CoreUtils.framework/Versions/A/CoreUtils
0x000000001309b000 	/System/Library/Frameworks/IOBluetooth.framework/Versions/A/IOBluetooth
0x000000001309b000 	/System/Library/PrivateFrameworks/CoreWiFi.framework/Versions/A/CoreWiFi
0x000000001309b000 	/System/Library/Frameworks/CoreBluetooth.framework/Versions/A/CoreBluetooth
0x000000001309b000 	/System/Library/Frameworks/CoreDisplay.framework/Versions/A/CoreDisplay
0x000000001309b000 	/System/Library/PrivateFrameworks/IOPresentment.framework/Versions/A/IOPresentment
0x000000001309b000 	/System/Library/PrivateFrameworks/DebugSymbols.framework/Versions/A/DebugSymbols
0x000000001309b000 	/System/Library/PrivateFrameworks/CoreSymbolication.framework/Versions/A/CoreSymbolication
0x000000001309b000 	/System/Library/PrivateFrameworks/Symbolication.framework/Versions/A/Symbolication
0x000000001309b000 	/System/Library/PrivateFrameworks/AppleFSCompression.framework/Versions/A/AppleFSCompression
0x000000001309b000 	/System/Library/PrivateFrameworks/SpeechRecognitionCore.framework/Versions/A/SpeechRecognitionCore
0x000000001309b000 	/System/Library/PrivateFrameworks/ChunkingLibrary.framework/Versions/A/ChunkingLibrary
0x0000000101a00000 	/Library/Java/JavaVirtualMachines/jdk1.8.0_111.jdk/Contents/Home/jre/lib/server/libjvm.dylib
0x000000001309b000 	/usr/lib/libstdc++.6.dylib
0x0000000101072000 	/Library/Java/JavaVirtualMachines/jdk1.8.0_111.jdk/Contents/Home/jre/lib/libverify.dylib
0x0000000101080000 	/Library/Java/JavaVirtualMachines/jdk1.8.0_111.jdk/Contents/Home/jre/lib/libjava.dylib
0x00000001010bf000 	/Library/Java/JavaVirtualMachines/jdk1.8.0_111.jdk/Contents/Home/jre/lib/libzip.dylib
0x0000000105cb3000 	/System/Library/Frameworks/JavaVM.framework/Frameworks/JavaRuntimeSupport.framework/JavaRuntimeSupport
0x0000000105ccd000 	/System/Library/Frameworks/JavaVM.framework/Versions/A/Frameworks/JavaNativeFoundation.framework/Versions/A/JavaNativeFoundation
0x00000001011ed000 	/System/Library/Frameworks/JavaVM.framework/Versions/A/JavaVM
0x000000001309b000 	/System/Library/Frameworks/Carbon.framework/Versions/A/Carbon
0x0000000105ce2000 	/System/Library/PrivateFrameworks/JavaLaunching.framework/Versions/A/JavaLaunching
0x000000001309b000 	/System/Library/Frameworks/Carbon.framework/Versions/A/Frameworks/CommonPanels.framework/Versions/A/CommonPanels
0x000000001309b000 	/System/Library/Frameworks/Carbon.framework/Versions/A/Frameworks/Help.framework/Versions/A/Help
0x000000001309b000 	/System/Library/Frameworks/Carbon.framework/Versions/A/Frameworks/ImageCapture.framework/Versions/A/ImageCapture
0x000000001309b000 	/System/Library/Frameworks/Carbon.framework/Versions/A/Frameworks/OpenScripting.framework/Versions/A/OpenScripting
0x000000001309b000 	/System/Library/Frameworks/Carbon.framework/Versions/A/Frameworks/Print.framework/Versions/A/Print
0x000000001309b000 	/System/Library/Frameworks/Carbon.framework/Versions/A/Frameworks/SecurityHI.framework/Versions/A/SecurityHI
0x000000011faa7000 	/Users/leytzher/Documents/clojure/clojurecv/target/native/macosx/x86_64/libopencv_java2413.dylib
0x000000011fb58000 	/usr/local/Cellar/opencv/2.4.13.2/lib/libopencv_contrib.2.4.dylib
0x00000001078dc000 	/usr/local/Cellar/opencv/2.4.13.2/lib/libopencv_nonfree.2.4.dylib
0x0000000107916000 	/usr/local/Cellar/opencv/2.4.13.2/lib/libopencv_gpu.2.4.dylib
0x000000011fc46000 	/usr/local/Cellar/opencv/2.4.13.2/lib/libopencv_legacy.2.4.dylib
0x0000000108095000 	/usr/local/Cellar/opencv/2.4.13.2/lib/libopencv_photo.2.4.dylib
0x000000011fd2c000 	/usr/local/Cellar/opencv/2.4.13.2/lib/libopencv_ocl.2.4.dylib
0x000000011fee8000 	/usr/local/Cellar/opencv/2.4.13.2/lib/libopencv_calib3d.2.4.dylib
0x000000011ffc6000 	/usr/local/Cellar/opencv/2.4.13.2/lib/libopencv_features2d.2.4.dylib
0x000000012005d000 	/usr/local/Cellar/opencv/2.4.13.2/lib/libopencv_flann.2.4.dylib
0x00000001200c2000 	/usr/local/Cellar/opencv/2.4.13.2/lib/libopencv_ml.2.4.dylib
0x0000000120132000 	/usr/local/Cellar/opencv/2.4.13.2/lib/libopencv_video.2.4.dylib
0x000000012017b000 	/usr/local/Cellar/opencv/2.4.13.2/lib/libopencv_objdetect.2.4.dylib
0x00000001201ec000 	/usr/local/Cellar/opencv/2.4.13.2/lib/libopencv_highgui.2.4.dylib
0x000000012022c000 	/usr/local/Cellar/opencv/2.4.13.2/lib/libopencv_imgproc.2.4.dylib
0x000000012049b000 	/usr/local/Cellar/opencv/2.4.13.2/lib/libopencv_core.2.4.dylib
0x000000012069e000 	/usr/local/opt/jpeg/lib/libjpeg.8.dylib
0x00000001206d1000 	/usr/local/opt/libpng/lib/libpng16.16.dylib
0x00000001206fd000 	/usr/local/opt/libtiff/lib/libtiff.5.dylib
0x0000000107937000 	/usr/local/opt/ilmbase/lib/libImath-2_2.12.dylib
0x0000000120757000 	/usr/local/opt/openexr/lib/libIlmImf-2_2.22.dylib
0x00000001080b2000 	/usr/local/opt/ilmbase/lib/libIex-2_2.12.dylib
0x0000000120a3c000 	/usr/local/opt/ilmbase/lib/libHalf.12.dylib
0x0000000107a0d000 	/usr/local/opt/ilmbase/lib/libIlmThread-2_2.12.dylib
0x000000001309b000 	/System/Library/Frameworks/AVFoundation.framework/Versions/A/AVFoundation
0x000000001309b000 	/System/Library/Frameworks/CoreMedia.framework/Versions/A/CoreMedia
0x0000000107a15000 	/usr/local/opt/ilmbase/lib/libIexMath-2_2.12.dylib
0x000000001309b000 	/System/Library/Frameworks/AVFoundation.framework/Versions/A/Frameworks/AVFAudio.framework/Versions/A/AVFAudio
0x000000001309b000 	/System/Library/Frameworks/MediaToolbox.framework/Versions/A/MediaToolbox
0x000000001309b000 	/System/Library/Frameworks/VideoToolbox.framework/Versions/A/VideoToolbox
0x000000001309b000 	/System/Library/PrivateFrameworks/IntlPreferences.framework/Versions/A/IntlPreferences
0x000000001309b000 	/System/Library/Frameworks/CoreMediaIO.framework/Versions/A/CoreMediaIO
0x000000001309b000 	/usr/lib/libspindump.dylib
0x000000001309b000 	/usr/lib/libdscsym.dylib
0x000000001309b000 	/System/Library/PrivateFrameworks/CoreAVCHD.framework/Versions/A/CoreAVCHD
0x000000001309b000 	/System/Library/Frameworks/MediaAccessibility.framework/Versions/A/MediaAccessibility
0x000000001309b000 	/System/Library/PrivateFrameworks/Mangrove.framework/Versions/A/Mangrove
0x000000001309b000 	/System/Library/PrivateFrameworks/CoreAUC.framework/Versions/A/CoreAUC
0x000000001309b000 	/System/Library/PrivateFrameworks/AppleVA.framework/Versions/A/AppleVA
0x000000001309b000 	/System/Library/PrivateFrameworks/XPCService.framework/Versions/A/XPCService
0x000000001309b000 	/System/Library/PrivateFrameworks/AppSandbox.framework/Versions/A/AppSandbox
0x000000001309b000 	/usr/lib/libsandbox.1.dylib
0x000000001309b000 	/System/Library/PrivateFrameworks/AppContainer.framework/Versions/A/AppContainer
0x000000001309b000 	/System/Library/PrivateFrameworks/SecCodeWrapper.framework/Versions/A/SecCodeWrapper
0x000000001309b000 	/usr/lib/libMatch.1.dylib
0x0000000120a80000 	/Library/Java/JavaVirtualMachines/jdk1.8.0_111.jdk/Contents/Home/jre/lib/libnet.dylib
0x0000000120c97000 	/Library/Java/JavaVirtualMachines/jdk1.8.0_111.jdk/Contents/Home/jre/lib/libawt.dylib
0x0000000120d3f000 	/Library/Java/JavaVirtualMachines/jdk1.8.0_111.jdk/Contents/Home/jre/lib/./libmlib_image.dylib
0x0000000120e0b000 	/Library/Java/JavaVirtualMachines/jdk1.8.0_111.jdk/Contents/Home/jre/lib/libawt_lwawt.dylib
0x0000000120ec0000 	/Library/Java/JavaVirtualMachines/jdk1.8.0_111.jdk/Contents/Home/jre/lib/./libosxapp.dylib
0x000000001309b000 	/System/Library/Frameworks/ExceptionHandling.framework/Versions/A/ExceptionHandling
0x000000001309b000 	/System/Library/PrivateFrameworks/CoreServicesInternal.framework/Versions/A/CoreServicesInternal
0x000000001309b000 	/System/Library/CoreServices/RawCamera.bundle/Contents/MacOS/RawCamera
0x000000001309b000 	/System/Library/Frameworks/Accelerate.framework/Versions/A/Frameworks/vImage.framework/Versions/A/Libraries/libCGInterfaces.dylib
0x000000001309b000 	/System/Library/PrivateFrameworks/FamilyControls.framework/Versions/A/FamilyControls
0x000000001309b000 	/System/Library/PrivateFrameworks/CommerceKit.framework/Versions/A/Frameworks/CommerceCore.framework/Versions/A/CommerceCore
0x000000001309b000 	/System/Library/PrivateFrameworks/SystemAdministration.framework/Versions/A/SystemAdministration
0x000000001309b000 	/System/Library/Frameworks/DirectoryService.framework/Versions/A/DirectoryService
0x000000001309b000 	/System/Library/PrivateFrameworks/DiskImages.framework/Versions/A/DiskImages
0x000000001309b000 	/System/Library/PrivateFrameworks/LoginUIKit.framework/Versions/A/Frameworks/LoginUICore.framework/Versions/A/LoginUICore
0x000000001309b000 	/usr/lib/libCoreStorage.dylib
0x000000001309b000 	/usr/lib/libcsfde.dylib
0x000000001309b000 	/usr/lib/libodfde.dylib
0x000000001309b000 	/System/Library/Frameworks/DiscRecording.framework/Versions/A/DiscRecording
0x000000001309b000 	/usr/lib/libcurl.4.dylib
0x000000001309b000 	/System/Library/PrivateFrameworks/MediaKit.framework/Versions/A/MediaKit
0x000000001309b000 	/System/Library/PrivateFrameworks/ProtectedCloudStorage.framework/Versions/A/ProtectedCloudStorage
0x000000001309b000 	/System/Library/PrivateFrameworks/EFILogin.framework/Versions/A/EFILogin
0x000000001309b000 	/usr/lib/libutil.dylib
0x000000001309b000 	/System/Library/Frameworks/LDAP.framework/Versions/A/LDAP
0x000000001309b000 	/usr/lib/libsasl2.2.dylib
0x000000001309b000 	/System/Library/PrivateFrameworks/CoreDaemon.framework/Versions/B/CoreDaemon
0x000000001309b000 	/System/Library/PrivateFrameworks/AppleSRP.framework/Versions/A/AppleSRP
0x000000001309b000 	/System/Library/PrivateFrameworks/APFS.framework/Versions/A/APFS
0x0000000121379000 	/System/Library/Extensions/AppleHDA.kext/Contents/PlugIns/AppleHDAHALPlugIn.bundle/Contents/MacOS/AppleHDAHALPlugIn
0x0000000121c19000 	/System/Library/Frameworks/CoreMediaIO.framework/Resources/VDC.plugin/Contents/MacOS/VDC
0x0000000122f69000 	/System/Library/Frameworks/CoreMediaIO.framework/Resources/CMIOUnits.bundle/Contents/MacOS/CMIOUnits
0x0000000121c4a000 	/System/Library/PrivateFrameworks/FWAVC.framework/Versions/A/FWAVC
0x000000001309b000 	/System/Library/PrivateFrameworks/AppleGVA.framework/Versions/A/AppleGVA

VM Arguments:
jvm_args: -Dfile.encoding=UTF-8 -XX:+TieredCompilation -XX:TieredStopAtLevel=1 -XX:-OmitStackTraceInFastThrow -Dclojure.compile.path=/Users/leytzher/Documents/clojure/clojurecv/target/classes -Dclojurecv.version=0.1.0-SNAPSHOT -Dclojure.debug=false -Djava.library.path=/Users/leytzher/Documents/clojure/clojurecv/target/native/macosx/x86_64 
java_command: clojure.main -i /private/var/folders/hs/rz7jrjjn4nn_wp57dlfldpyh0000gn/T/form-init5609068156769507708.clj
java_class_path (initial): /Users/leytzher/Documents/clojure/clojurecv/test:/Users/leytzher/Documents/clojure/clojurecv/src:/Users/leytzher/Documents/clojure/clojurecv/dev-resources:/Users/leytzher/Documents/clojure/clojurecv/resources:/Users/leytzher/Documents/clojure/clojurecv/target/classes:/Users/leytzher/.m2/repository/org/apache/httpcomponents/httpcore/4.1.2/httpcore-4.1.2.jar:/Users/leytzher/.m2/repository/org/apache/httpcomponents/httpclient/4.1.2/httpclient-4.1.2.jar:/Users/leytzher/.m2/repository/org/clojure/clojure/1.8.0/clojure-1.8.0.jar:/Users/leytzher/.m2/repository/org/sonatype/aether/aether-spi/1.13.1/aether-spi-1.13.1.jar:/Users/leytzher/.m2/repository/org/apache/maven/wagon/wagon-http/2.2/wagon-http-2.2.jar:/Users/leytzher/.m2/repository/org/tcrawley/dynapath/0.2.3/dynapath-0.2.3.jar:/Users/leytzher/.m2/repository/org/sonatype/sisu/sisu-inject-bean/2.2.3/sisu-inject-bean-2.2.3.jar:/Users/leytzher/.m2/repository/commons-codec/commons-codec/1.4/commons-codec-1.4.jar:/Users/leytzher/.m2/repository/org/sonatype/aether/aether-api/1.13.1/aether-api-1.13.1.jar:/Users/leytzher/.m2/repository/opencv/opencv-native/2.4.13/opencv-native-2.4.13.jar:/Users/leytzher/.m2/repository/org/codehaus/plexus/plexus-component-annotations/1.5.5/plexus-component-annotations-1.5.5.jar:/Users/leytzher/.m2/repository/org/clojure/tools.nrepl/0.2.12/tools.nrepl-0.2.12.jar:/Users/leytzher/.m2/repository/org/jsoup/jsoup/1.6.1/jsoup-1.6.1.jar:/Users/leytzher/.m2/repository/org/apache/maven/wagon/wagon-http-shared4/2.2/wagon-http-shared4-2.2.jar:/Users/leytzher/.m2/repository/clojure-complete/clojure-complete/0.2.4/clojure-complete-0.2.4.jar:/Users/leytzher/.m2/repository/org/codehaus/plexus/plexus-classworlds/2.4/plexus-classworlds-2.4.jar:/Users/leytzher/.m2/repository/org/codehaus/plexus/plexus-interpolation/1.14/plexus-interpolation-1.14.jar:/Users/leytzher/.m2/repository/org/clojure/java.classpath/0.2.0/java.classpath-0.2.0.jar:/Users/leytzher/.m2/repository/org/sonatype/aeth
Launcher Type: SUN_STANDARD

Environment Variables:
CLASSPATH=/Users/leytzher/.lein/self-installs/leiningen-2.7.1-standalone.jar
PATH=/usr/local/bin:/Applications/MATLAB_R2016b.app:/Applications/Mathematica.app/Contents/SystemFiles/Links/MathLink/DeveloperKit/MacOSX-x86-64/CompilerAdditions:/Users/leytzher/ant/apache-ant-1.10.0/bin:/usr/local/bin:/Users/leytzher/Library/Haskell/bin:/usr/bin:/bin:/usr/sbin:/sbin:/usr/local/bin:/opt/X11/bin:/usr/local/share/dotnet:/Library/Frameworks/Mono.framework/Versions/Current/Commands:/Library/TeX/texbin:/Applications/MATLAB_R2016b.app:/Applications/Mathematica.app/Contents/SystemFiles/Links/MathLink/DeveloperKit/MacOSX-x86-64/CompilerAdditions:/Users/leytzher/ant/apache-ant-1.10.0/bin:/Users/leytzher/Library/Haskell/bin:/Applications/Emacs.app/Contents/MacOS/bin-x86_64-10_9:/Applications/Emacs.app/Contents/MacOS/libexec-x86_64-10_9:/Applications/Mathematica.app:/Applications/Mathematica.app
SHELL=/bin/bash
DISPLAY=/private/tmp/com.apple.launchd.LXr8zQmw8D/org.macosforge.xquartz:0

Signal Handlers:
SIGSEGV: [libjvm.dylib+0x5b03ed], sa_mask[0]=11111111011111110111111111111111, sa_flags=SA_ONSTACK|SA_RESTART|SA_SIGINFO
SIGBUS: [libjvm.dylib+0x5b03ed], sa_mask[0]=11111111011111110111111111111111, sa_flags=SA_RESTART|SA_SIGINFO
SIGFPE: [libjvm.dylib+0x48711c], sa_mask[0]=11111111011111110111111111111111, sa_flags=SA_RESTART|SA_SIGINFO
SIGPIPE: [libjvm.dylib+0x48711c], sa_mask[0]=11111111011111110111111111111111, sa_flags=SA_RESTART|SA_SIGINFO
SIGXFSZ: [libjvm.dylib+0x48711c], sa_mask[0]=11111111011111110111111111111111, sa_flags=SA_RESTART|SA_SIGINFO
SIGILL: [libjvm.dylib+0x48711c], sa_mask[0]=11111111011111110111111111111111, sa_flags=SA_RESTART|SA_SIGINFO
SIGUSR1: SIG_DFL, sa_mask[0]=11011111011111100000000111000110, sa_flags=none
SIGUSR2: [libjvm.dylib+0x486c3a], sa_mask[0]=00100000000000000000000000000000, sa_flags=SA_RESTART|SA_SIGINFO
SIGHUP: [libjvm.dylib+0x485211], sa_mask[0]=11111111011111110111111111111111, sa_flags=SA_RESTART|SA_SIGINFO
SIGINT: [libjvm.dylib+0x485211], sa_mask[0]=11111111011111110111111111111111, sa_flags=SA_RESTART|SA_SIGINFO
SIGTERM: [libjvm.dylib+0x485211], sa_mask[0]=11111111011111110111111111111111, sa_flags=SA_RESTART|SA_SIGINFO
SIGQUIT: [libjvm.dylib+0x485211], sa_mask[0]=11111111011111110111111111111111, sa_flags=SA_RESTART|SA_SIGINFO


---------------  S Y S T E M  ---------------

OS:Bsduname:Darwin 16.3.0 Darwin Kernel Version 16.3.0: Thu Nov 17 20:23:58 PST 2016; root:xnu-3789.31.2~1/RELEASE_X86_64 x86_64
rlimit: STACK 8515k, CORE 0k, NPROC 709, NOFILE 10240, AS infinity
load average:35.30 24.53 18.93

CPU:total 4 (2 cores per cpu, 2 threads per core) family 6 model 42 stepping 7, cmov, cx8, fxsr, mmx, sse, sse2, sse3, ssse3, sse4.1, sse4.2, popcnt, avx, aes, clmul, ht, tsc, tscinvbit

Memory: 4k page, physical 16777216k(2078788k free)

/proc/meminfo:


vm_info: Java HotSpot(TM) 64-Bit Server VM (25.111-b14) for bsd-amd64 JRE (1.8.0_111-b14), built on Sep 22 2016 15:31:41 by "java_re" with gcc 4.2.1 (Based on Apple Inc. build 5658) (LLVM build 2336.11.00)

time: Mon Jan 16 17:51:02 2017
elapsed time: 4327 seconds (0d 1h 12m 7s)

