#
# A fatal error has been detected by the Java Runtime Environment:
#
#  SIGSEGV (0xb) at pc=0x00007fff8b37cf3b, pid=6638, tid=0x0000000000003003
#
# JRE version: Java(TM) SE Runtime Environment (8.0_111-b14) (build 1.8.0_111-b14)
# Java VM: Java HotSpot(TM) 64-Bit Server VM (25.111-b14 mixed mode bsd-amd64 compressed oops)
# Problematic frame:
# C  [libobjc.A.dylib+0x8f3b]  objc_release+0x1b
#
# Failed to write core dump. Core dumps have been disabled. To enable core dumping, try "ulimit -c unlimited" before starting Java again
#
# If you would like to submit a bug report, please visit:
#   http://bugreport.java.com/bugreport/crash.jsp
# The crash happened outside the Java Virtual Machine in native code.
# See problematic frame for where to report the bug.
#

---------------  T H R E A D  ---------------

Current thread (0x00007fa08783e000):  JavaThread "Finalizer" daemon [_thread_in_native, id=12291, stack(0x0000700004620000,0x0000700004720000)]

siginfo: si_signo: 11 (SIGSEGV), si_code: 1 (SEGV_MAPERR), si_addr: 0x0000000000000020

Registers:
RAX=0x1000000000000000, RBX=0x00007fa087057010, RCX=0x0000000000000000, RDX=0x00000000000ef200
RSP=0x000070000471f228, RBP=0x000070000471f670, RSI=0x00007fa086c00000, RDI=0x00007fa089205c20
R8 =0x000000000000000b, R9 =0x00007fa089207900, R10=0x0000000000000001, R11=0x000000000000000c
R12=0x00007fa087057000, R13=0xa3a3a3a3a3a3a3a3, R14=0x00007fa087057038, R15=0x00007fa087057000
RIP=0x00007fff8b37cf3b, EFLAGS=0x0000000000010246, ERR=0x0000000000000004
  TRAPNO=0x000000000000000e

Top of Stack: (sp=0x000070000471f228)
0x000070000471f228:   00007fff8b37de60 000070000471f2c0
0x000070000471f238:   00007fff8be034be 0000000000000072
0x000070000471f248:   000000000000001f 000070000471f2e0
0x000070000471f258:   00007fff8be034be 2000000089207f60
0x000070000471f268:   00007fa0892073c0 000000010dd4c000
0x000070000471f278:   00007fa0892fc080 0000000000000024
0x000070000471f288:   000000000000000f 000070000471f320
0x000070000471f298:   00007fff8be034be 0000000100000010
0x000070000471f2a8:   00007fa089202330 000000010dd4c000
0x000070000471f2b8:   00007fa0892fc080 00007fa089202330
0x000070000471f2c8:   00007fa089202400 0000000000000136
0x000070000471f2d8:   0000000000000035 000070000471f370
0x000070000471f2e8:   00007fff8be034be 0000000289200000
0x000070000471f2f8:   00007fa089213390 000000010dd4c000
0x000070000471f308:   00007fa0892fc080 00007fa089213550
0x000070000471f318:   00007fa089213610 0000000000000028
0x000070000471f328:   000000008be040b5 00000000000000c0
0x000070000471f338:   000000010dd4fa00 0000000000000212
0x000070000471f348:   000000000000000e 000070000471f3e0
0x000070000471f358:   00007fff8be034be 200000000dd4c000
0x000070000471f368:   00007fa086c21310 000000010dd4c000
0x000070000471f378:   00007fa086cfc080 00007fa086c21310
0x000070000471f388:   00007fa086c213d0 000000000000000c
0x000070000471f398:   0000000076739403 00000000000000c0
0x000070000471f3a8:   000000010dd4fa00 00007fa086c00000
0x000070000471f3b8:   0000000000000000 000000010dd4fa00
0x000070000471f3c8:   0000000000000004 000000010dd4c000
0x000070000471f3d8:   00007fa086c00000 000070000471f450
0x000070000471f3e8:   00007fff8be040b5 00007fff94a01b00
0x000070000471f3f8:   ffff805f76ddb030 00007fa08855fdb0
0x000070000471f408:   00007fa089224fd0 000000010dd4fa00
0x000070000471f418:   00007fa086c21310 00007fa08920000c 

Instructions: (pc=0x00007fff8b37cf3b)
0x00007fff8b37cf1b:   90 90 90 90 90 48 85 ff 74 67 40 f6 c7 01 75 61
0x00007fff8b37cf2b:   48 8b 07 48 b9 f8 ff ff ff ff 7f 00 00 48 21 c1
0x00007fff8b37cf3b:   f6 41 20 02 74 56 a8 01 74 48 48 b9 00 00 00 00
0x00007fff8b37cf4b:   00 00 00 01 48 ba 00 00 00 00 00 00 40 00 48 89 

Register to memory mapping:

RAX=0x1000000000000000 is an unknown value
RBX=0x00007fa087057010 is an unknown value
RCX=0x0000000000000000 is an unknown value
RDX=0x00000000000ef200 is an unknown value
RSP=0x000070000471f228 is pointing into the stack for thread: 0x00007fa08783e000
RBP=0x000070000471f670 is pointing into the stack for thread: 0x00007fa08783e000
RSI=0x00007fa086c00000 is an unknown value
RDI=0x00007fa089205c20 is an unknown value
R8 =0x000000000000000b is an unknown value
R9 =0x00007fa089207900 is an unknown value
R10=0x0000000000000001 is an unknown value
R11=0x000000000000000c is an unknown value
R12=0x00007fa087057000 is an unknown value
R13=0xa3a3a3a3a3a3a3a3 is an unknown value
R14=0x00007fa087057038 is an unknown value
R15=0x00007fa087057000 is an unknown value


Stack: [0x0000700004620000,0x0000700004720000],  sp=0x000070000471f228,  free space=1020k
Native frames: (J=compiled Java code, j=interpreted, Vv=VM code, C=native code)
C  [libobjc.A.dylib+0x8f3b]  objc_release+0x1b
C  [CoreFoundation+0x45106]  _CFAutoreleasePoolPop+0x16
C  [Foundation+0x16f13]  -[NSAutoreleasePool drain]+0x92
C  [libopencv_highgui.2.4.dylib+0x14451]  _ZN12CvCaptureCAMD0Ev+0x19
C  [libopencv_highgui.2.4.dylib+0x7f8a]  _ZN2cv3PtrI13CvVideoWriterE7releaseEv+0x2e
C  [libopencv_highgui.2.4.dylib+0x7f34]  _ZN2cv12VideoCaptureD2Ev+0x20
C  [libopencv_highgui.2.4.dylib+0x7fc3]  _ZN2cv12VideoCaptureD0Ev+0xf
j  org.opencv.highgui.VideoCapture.delete(J)V+0
j  org.opencv.highgui.VideoCapture.finalize()V+4
J 957 C1 java.lang.ref.Finalizer.runFinalizer(Lsun/misc/JavaLangAccess;)V (62 bytes) @ 0x00000001162f97e4 [0x00000001162f95e0+0x204]
J 956 C1 java.lang.ref.Finalizer.access$100(Ljava/lang/ref/Finalizer;Lsun/misc/JavaLangAccess;)V (6 bytes) @ 0x00000001162f92d4 [0x00000001162f92c0+0x14]
j  java.lang.ref.Finalizer$FinalizerThread.run()V+45
v  ~StubRoutines::call_stub
V  [libjvm.dylib+0x2ecf8a]
V  [libjvm.dylib+0x2ed718]
V  [libjvm.dylib+0x2ed8c4]
V  [libjvm.dylib+0x348039]
V  [libjvm.dylib+0x56a27b]
V  [libjvm.dylib+0x56b968]
V  [libjvm.dylib+0x489b0a]
C  [libsystem_pthread.dylib+0x3aab]  _pthread_body+0xb4
C  [libsystem_pthread.dylib+0x39f7]  _pthread_body+0x0
C  [libsystem_pthread.dylib+0x31fd]  thread_start+0xd
C  0x0000000000000000

Java frames: (J=compiled Java code, j=interpreted, Vv=VM code)
j  org.opencv.highgui.VideoCapture.delete(J)V+0
j  org.opencv.highgui.VideoCapture.finalize()V+4
J 957 C1 java.lang.ref.Finalizer.runFinalizer(Lsun/misc/JavaLangAccess;)V (62 bytes) @ 0x00000001162f97e4 [0x00000001162f95e0+0x204]
J 956 C1 java.lang.ref.Finalizer.access$100(Ljava/lang/ref/Finalizer;Lsun/misc/JavaLangAccess;)V (6 bytes) @ 0x00000001162f92d4 [0x00000001162f92c0+0x14]
j  java.lang.ref.Finalizer$FinalizerThread.run()V+45
v  ~StubRoutines::call_stub

---------------  P R O C E S S  ---------------

Java Threads: ( => current thread )
  0x00007fa08806d000 JavaThread "nREPL-worker-5" daemon [_thread_blocked, id=15091, stack(0x0000700005656000,0x0000700005756000)]
  0x00007fa0870b8000 JavaThread "clojure-agent-send-off-pool-7" [_thread_blocked, id=67431, stack(0x0000700005c6b000,0x0000700005d6b000)]
  0x00007fa0870ba000 JavaThread "clojure-agent-send-off-pool-6" [_thread_blocked, id=4763, stack(0x0000700005553000,0x0000700005653000)]
  0x00007fa0878c8800 JavaThread "AWT-EventQueue-0" [_thread_blocked, id=80915, stack(0x0000700005b68000,0x0000700005c68000)]
  0x00007fa08810d000 JavaThread "Java2D Disposer" daemon [_thread_blocked, id=72219, stack(0x00007000059e2000,0x0000700005ae2000)]
  0x00007fa08844b800 JavaThread "AWT-Shutdown" [_thread_blocked, id=68359, stack(0x00007000058df000,0x00007000059df000)]
  0x00007fa08795e000 JavaThread "Java2D Queue Flusher" daemon [_thread_blocked, id=60891, stack(0x00007000057dc000,0x00007000058dc000)]
  0x00007fa08719b000 JavaThread "clojure-agent-send-off-pool-3" [_thread_in_native, id=47619, stack(0x00007000052ca000,0x00007000053ca000)]
  0x00007fa087172800 JavaThread "clojure-agent-send-off-pool-2" [_thread_blocked, id=47107, stack(0x00007000051c7000,0x00007000052c7000)]
  0x00007fa087d8c800 JavaThread "AppKit Thread" daemon [_thread_in_native, id=775, stack(0x00007fff5167f180,0x00007fff51ed0000)]
  0x00007fa087cd0000 JavaThread "clojure-agent-send-off-pool-1" [_thread_in_native, id=20227, stack(0x0000700004ebb000,0x0000700004fbb000)]
  0x00007fa087844800 JavaThread "Service Thread" daemon [_thread_blocked, id=18691, stack(0x0000700004bb2000,0x0000700004cb2000)]
  0x00007fa08785a800 JavaThread "C1 CompilerThread2" daemon [_thread_blocked, id=18179, stack(0x0000700004aaf000,0x0000700004baf000)]
  0x00007fa087855000 JavaThread "C2 CompilerThread1" daemon [_thread_blocked, id=17667, stack(0x00007000049ac000,0x0000700004aac000)]
  0x00007fa087853800 JavaThread "C2 CompilerThread0" daemon [_thread_blocked, id=17155, stack(0x00007000048a9000,0x00007000049a9000)]
  0x00007fa087813800 JavaThread "Signal Dispatcher" daemon [_thread_blocked, id=16643, stack(0x00007000047a6000,0x00007000048a6000)]
=>0x00007fa08783e000 JavaThread "Finalizer" daemon [_thread_in_native, id=12291, stack(0x0000700004620000,0x0000700004720000)]
  0x00007fa08783b000 JavaThread "Reference Handler" daemon [_thread_blocked, id=11779, stack(0x000070000451d000,0x000070000461d000)]
  0x00007fa087804000 JavaThread "main" [_thread_blocked, id=6915, stack(0x0000700003f0b000,0x000070000400b000)]

Other Threads:
  0x00007fa087836800 VMThread [stack: 0x000070000441a000,0x000070000451a000] [id=11267]
  0x00007fa08880c800 WatcherThread [stack: 0x0000700004cb5000,0x0000700004db5000] [id=19203]

VM state:not at safepoint (normal execution)

VM Mutex/Monitor currently owned by a thread: None

Heap:
 PSYoungGen      total 488960K, used 38575K [0x000000076ab00000, 0x0000000795500000, 0x00000007c0000000)
  eden space 454656K, 1% used [0x000000076ab00000,0x000000076b1c82d0,0x0000000786700000)
  from space 34304K, 92% used [0x0000000786700000,0x00000007885e3be0,0x0000000788880000)
  to   space 37888K, 0% used [0x0000000793000000,0x0000000793000000,0x0000000795500000)
 ParOldGen       total 112640K, used 55532K [0x00000006c0000000, 0x00000006c6e00000, 0x000000076ab00000)
  object space 112640K, 49% used [0x00000006c0000000,0x00000006c363b350,0x00000006c6e00000)
 Metaspace       used 31082K, capacity 35135K, committed 35456K, reserved 1077248K
  class space    used 6583K, capacity 7990K, committed 8064K, reserved 1048576K

Card table byte_map: [0x000000010f96a000,0x000000011016b000] byte_map_base: 0x000000010c36a000

Marking Bits: (ParMarkBitMap*) 0x000000010eeefd20
 Begin Bits: [0x0000000125047000, 0x0000000129047000)
 End Bits:   [0x0000000129047000, 0x000000012d047000)

Polling page: 0x000000010ddf0000

CodeCache: size=245760Kb used=10879Kb max_used=10881Kb free=234881Kb
 bounds [0x0000000116047000, 0x0000000116af7000, 0x0000000125047000]
 total_blobs=5634 nmethods=4899 adapters=647
 compilation: enabled

Compilation events (10 events):
Event: 963.234 Thread 0x00007fa08785a800 4914       1       compliment.sources.ns_mappings$var_symbol_QMARK_::invoke (7 bytes)
Event: 963.234 Thread 0x00007fa08785a800 nmethod 4914 0x0000000116ae44d0 code [0x0000000116ae4640, 0x0000000116ae47e8]
Event: 963.235 Thread 0x00007fa08785a800 4915       1       compliment.sources.ns_mappings$var_symbol_QMARK_::invokeStatic (21 bytes)
Event: 963.235 Thread 0x00007fa08785a800 nmethod 4915 0x0000000116ae48d0 code [0x0000000116ae4a40, 0x0000000116ae4bc8]
Event: 972.598 Thread 0x00007fa08785a800 4916       1       clojure.lang.RestFn::invoke (692 bytes)
Event: 972.601 Thread 0x00007fa08785a800 nmethod 4916 0x0000000116ae4c90 code [0x0000000116ae4f80, 0x0000000116ae6928]
Event: 972.601 Thread 0x00007fa08785a800 4917       1       cider.nrepl.middleware.stacktrace$flag_tooling$flag__2996::invoke (50 bytes)
Event: 972.602 Thread 0x00007fa08785a800 nmethod 4917 0x00000001169f0b90 code [0x00000001169f0d20, 0x00000001169f0f98]
Event: 972.603 Thread 0x00007fa08785a800 4918       1       cider.nrepl.middleware.stacktrace$flag_tooling$tool_QMARK___2994::invoke (61 bytes)
Event: 972.603 Thread 0x00007fa08785a800 nmethod 4918 0x00000001169f0150 code [0x00000001169f0320, 0x00000001169f0858]

GC Heap History (10 events):
Event: 4.095 GC heap before
{Heap before GC invocations=8 (full 1):
 PSYoungGen      total 221696K, used 221394K [0x000000076ab00000, 0x000000077c800000, 0x00000007c0000000)
  eden space 208896K, 100% used [0x000000076ab00000,0x0000000777700000,0x0000000777700000)
  from space 12800K, 97% used [0x000000077bb80000,0x000000077c7b4978,0x000000077c800000)
  to   space 16896K, 0% used [0x000000077a700000,0x000000077a700000,0x000000077b780000)
 ParOldGen       total 112640K, used 17428K [0x00000006c0000000, 0x00000006c6e00000, 0x000000076ab00000)
  object space 112640K, 15% used [0x00000006c0000000,0x00000006c1105100,0x00000006c6e00000)
 Metaspace       used 25752K, capacity 29273K, committed 29312K, reserved 1071104K
  class space    used 5750K, capacity 7033K, committed 7040K, reserved 1048576K
Event: 4.129 GC heap after
Heap after GC invocations=8 (full 1):
 PSYoungGen      total 274944K, used 16870K [0x000000076ab00000, 0x0000000781d00000, 0x00000007c0000000)
  eden space 258048K, 0% used [0x000000076ab00000,0x000000076ab00000,0x000000077a700000)
  from space 16896K, 99% used [0x000000077a700000,0x000000077b779bc0,0x000000077b780000)
  to   space 23552K, 0% used [0x0000000780600000,0x0000000780600000,0x0000000781d00000)
 ParOldGen       total 112640K, used 25874K [0x00000006c0000000, 0x00000006c6e00000, 0x000000076ab00000)
  object space 112640K, 22% used [0x00000006c0000000,0x00000006c1944af0,0x00000006c6e00000)
 Metaspace       used 25752K, capacity 29273K, committed 29312K, reserved 1071104K
  class space    used 5750K, capacity 7033K, committed 7040K, reserved 1048576K
}
Event: 4.646 GC heap before
{Heap before GC invocations=9 (full 1):
 PSYoungGen      total 274944K, used 274918K [0x000000076ab00000, 0x0000000781d00000, 0x00000007c0000000)
  eden space 258048K, 100% used [0x000000076ab00000,0x000000077a700000,0x000000077a700000)
  from space 16896K, 99% used [0x000000077a700000,0x000000077b779bc0,0x000000077b780000)
  to   space 23552K, 0% used [0x0000000780600000,0x0000000780600000,0x0000000781d00000)
 ParOldGen       total 112640K, used 25874K [0x00000006c0000000, 0x00000006c6e00000, 0x000000076ab00000)
  object space 112640K, 22% used [0x00000006c0000000,0x00000006c1944af0,0x00000006c6e00000)
 Metaspace       used 25839K, capacity 29349K, committed 29568K, reserved 1071104K
  class space    used 5765K, capacity 7033K, committed 7040K, reserved 1048576K
Event: 4.703 GC heap after
Heap after GC invocations=9 (full 1):
 PSYoungGen      total 346112K, used 23532K [0x000000076ab00000, 0x0000000788d80000, 0x00000007c0000000)
  eden space 322560K, 0% used [0x000000076ab00000,0x000000076ab00000,0x000000077e600000)
  from space 23552K, 99% used [0x0000000780600000,0x0000000781cfb2a8,0x0000000781d00000)
  to   space 32768K, 0% used [0x000000077e600000,0x000000077e600000,0x0000000780600000)
 ParOldGen       total 112640K, used 39424K [0x00000006c0000000, 0x00000006c6e00000, 0x000000076ab00000)
  object space 112640K, 35% used [0x00000006c0000000,0x00000006c2680100,0x00000006c6e00000)
 Metaspace       used 25839K, capacity 29349K, committed 29568K, reserved 1071104K
  class space    used 5765K, capacity 7033K, committed 7040K, reserved 1048576K
}
Event: 5.301 GC heap before
{Heap before GC invocations=10 (full 1):
 PSYoungGen      total 346112K, used 346092K [0x000000076ab00000, 0x0000000788d80000, 0x00000007c0000000)
  eden space 322560K, 100% used [0x000000076ab00000,0x000000077e600000,0x000000077e600000)
  from space 23552K, 99% used [0x0000000780600000,0x0000000781cfb2a8,0x0000000781d00000)
  to   space 32768K, 0% used [0x000000077e600000,0x000000077e600000,0x0000000780600000)
 ParOldGen       total 112640K, used 39424K [0x00000006c0000000, 0x00000006c6e00000, 0x000000076ab00000)
  object space 112640K, 35% used [0x00000006c0000000,0x00000006c2680100,0x00000006c6e00000)
 Metaspace       used 25856K, capacity 29381K, committed 29696K, reserved 1071104K
  class space    used 5767K, capacity 7065K, committed 7168K, reserved 1048576K
Event: 5.354 GC heap after
Heap after GC invocations=10 (full 1):
 PSYoungGen      total 355328K, used 25156K [0x000000076ab00000, 0x000000078ab00000, 0x00000007c0000000)
  eden space 322560K, 0% used [0x000000076ab00000,0x000000076ab00000,0x000000077e600000)
  from space 32768K, 76% used [0x000000077e600000,0x000000077fe91380,0x0000000780600000)
  to   space 34816K, 0% used [0x0000000788900000,0x0000000788900000,0x000000078ab00000)
 ParOldGen       total 112640K, used 49219K [0x00000006c0000000, 0x00000006c6e00000, 0x000000076ab00000)
  object space 112640K, 43% used [0x00000006c0000000,0x00000006c3010cc8,0x00000006c6e00000)
 Metaspace       used 25856K, capacity 29381K, committed 29696K, reserved 1071104K
  class space    used 5767K, capacity 7065K, committed 7168K, reserved 1048576K
}
Event: 5.897 GC heap before
{Heap before GC invocations=11 (full 1):
 PSYoungGen      total 355328K, used 347716K [0x000000076ab00000, 0x000000078ab00000, 0x00000007c0000000)
  eden space 322560K, 100% used [0x000000076ab00000,0x000000077e600000,0x000000077e600000)
  from space 32768K, 76% used [0x000000077e600000,0x000000077fe91380,0x0000000780600000)
  to   space 34816K, 0% used [0x0000000788900000,0x0000000788900000,0x000000078ab00000)
 ParOldGen       total 112640K, used 49219K [0x00000006c0000000, 0x00000006c6e00000, 0x000000076ab00000)
  object space 112640K, 43% used [0x00000006c0000000,0x00000006c3010cc8,0x00000006c6e00000)
 Metaspace       used 25926K, capacity 29541K, committed 29696K, reserved 1071104K
  class space    used 5775K, capacity 7097K, committed 7168K, reserved 1048576K
Event: 5.932 GC heap after
Heap after GC invocations=11 (full 1):
 PSYoungGen      total 488448K, used 19684K [0x000000076ab00000, 0x000000078aa00000, 0x00000007c0000000)
  eden space 454656K, 0% used [0x000000076ab00000,0x000000076ab00000,0x0000000786700000)
  from space 33792K, 58% used [0x0000000788900000,0x0000000789c39230,0x000000078aa00000)
  to   space 34304K, 0% used [0x0000000786700000,0x0000000786700000,0x0000000788880000)
 ParOldGen       total 112640K, used 52356K [0x00000006c0000000, 0x00000006c6e00000, 0x000000076ab00000)
  object space 112640K, 46% used [0x00000006c0000000,0x00000006c33211b0,0x00000006c6e00000)
 Metaspace       used 25926K, capacity 29541K, committed 29696K, reserved 1071104K
  class space    used 5775K, capacity 7097K, committed 7168K, reserved 1048576K
}
Event: 981.021 GC heap before
{Heap before GC invocations=12 (full 1):
 PSYoungGen      total 488448K, used 474340K [0x000000076ab00000, 0x000000078aa00000, 0x00000007c0000000)
  eden space 454656K, 100% used [0x000000076ab00000,0x0000000786700000,0x0000000786700000)
  from space 33792K, 58% used [0x0000000788900000,0x0000000789c39230,0x000000078aa00000)
  to   space 34304K, 0% used [0x0000000786700000,0x0000000786700000,0x0000000788880000)
 ParOldGen       total 112640K, used 52356K [0x00000006c0000000, 0x00000006c6e00000, 0x000000076ab00000)
  object space 112640K, 46% used [0x00000006c0000000,0x00000006c33211b0,0x00000006c6e00000)
 Metaspace       used 31081K, capacity 35135K, committed 35456K, reserved 1077248K
  class space    used 6583K, capacity 7990K, committed 8064K, reserved 1048576K
Event: 981.055 GC heap after
Heap after GC invocations=12 (full 1):
 PSYoungGen      total 488960K, used 31630K [0x000000076ab00000, 0x0000000795500000, 0x00000007c0000000)
  eden space 454656K, 0% used [0x000000076ab00000,0x000000076ab00000,0x0000000786700000)
  from space 34304K, 92% used [0x0000000786700000,0x00000007885e3be0,0x0000000788880000)
  to   space 37888K, 0% used [0x0000000793000000,0x0000000793000000,0x0000000795500000)
 ParOldGen       total 112640K, used 55532K [0x00000006c0000000, 0x00000006c6e00000, 0x000000076ab00000)
  object space 112640K, 49% used [0x00000006c0000000,0x00000006c363b350,0x00000006c6e00000)
 Metaspace       used 31081K, capacity 35135K, committed 35456K, reserved 1077248K
  class space    used 6583K, capacity 7990K, committed 8064K, reserved 1048576K
}

Deoptimization events (0 events):
No events

Internal exceptions (10 events):
Event: 981.063 Thread 0x00007fa0870b8000 Exception <a 'java/lang/ClassNotFoundException': > (0x000000076ac00e18) thrown at [/Users/java_re/workspace/8-2-build-macosx-x86_64/jdk8u111/7883/hotspot/src/share/vm/prims/jni.cpp, line 735]
Event: 981.063 Thread 0x00007fa0870b8000 Exception <a 'java/lang/ClassNotFoundException': > (0x000000076ac01c50) thrown at [/Users/java_re/workspace/8-2-build-macosx-x86_64/jdk8u111/7883/hotspot/src/share/vm/prims/jni.cpp, line 735]
Event: 981.063 Thread 0x00007fa0870b8000 Exception <a 'java/lang/ClassNotFoundException': > (0x000000076ac02cf8) thrown at [/Users/java_re/workspace/8-2-build-macosx-x86_64/jdk8u111/7883/hotspot/src/share/vm/prims/jni.cpp, line 735]
Event: 981.063 Thread 0x00007fa0870b8000 Exception <a 'java/lang/ClassNotFoundException': > (0x000000076ac03a20) thrown at [/Users/java_re/workspace/8-2-build-macosx-x86_64/jdk8u111/7883/hotspot/src/share/vm/prims/jni.cpp, line 735]
Event: 981.063 Thread 0x00007fa0870b8000 Exception <a 'java/lang/ClassNotFoundException': > (0x000000076ac049b8) thrown at [/Users/java_re/workspace/8-2-build-macosx-x86_64/jdk8u111/7883/hotspot/src/share/vm/prims/jni.cpp, line 735]
Event: 981.063 Thread 0x00007fa0870b8000 Exception <a 'java/lang/ClassNotFoundException': > (0x000000076ac05580) thrown at [/Users/java_re/workspace/8-2-build-macosx-x86_64/jdk8u111/7883/hotspot/src/share/vm/prims/jni.cpp, line 735]
Event: 981.063 Thread 0x00007fa0870b8000 Exception <a 'java/lang/ClassNotFoundException': > (0x000000076ac06280) thrown at [/Users/java_re/workspace/8-2-build-macosx-x86_64/jdk8u111/7883/hotspot/src/share/vm/prims/jni.cpp, line 735]
Event: 981.063 Thread 0x00007fa0870b8000 Exception <a 'java/lang/ClassNotFoundException': > (0x000000076ac06e48) thrown at [/Users/java_re/workspace/8-2-build-macosx-x86_64/jdk8u111/7883/hotspot/src/share/vm/prims/jni.cpp, line 735]
Event: 981.063 Thread 0x00007fa0870b8000 Exception <a 'java/lang/ClassNotFoundException': > (0x000000076ac07db8) thrown at [/Users/java_re/workspace/8-2-build-macosx-x86_64/jdk8u111/7883/hotspot/src/share/vm/prims/jni.cpp, line 735]
Event: 981.063 Thread 0x00007fa0870b8000 Exception <a 'java/lang/ClassNotFoundException': > (0x000000076ac08bf0) thrown at [/Users/java_re/workspace/8-2-build-macosx-x86_64/jdk8u111/7883/hotspot/src/share/vm/prims/jni.cpp, line 735]

Events (10 events):
Event: 972.601 Executing VM operation: RevokeBias
Event: 972.602 Executing VM operation: RevokeBias done
Event: 980.473 loading class VideoC
Event: 980.473 loading class VideoC done
Event: 981.021 Executing VM operation: ParallelGCFailedAllocation
Event: 981.055 Executing VM operation: ParallelGCFailedAllocation done
Event: 981.056 loading class VideoC
Event: 981.056 loading class VideoC done
Event: 981.056 Executing VM operation: RevokeBias
Event: 981.056 Executing VM operation: RevokeBias done


Dynamic libraries:
0x000000000115b000 	/System/Library/Frameworks/Cocoa.framework/Versions/A/Cocoa
0x000000000115b000 	/System/Library/Frameworks/Security.framework/Versions/A/Security
0x000000000115b000 	/System/Library/Frameworks/ApplicationServices.framework/Versions/A/ApplicationServices
0x000000000115b000 	/usr/lib/libz.1.dylib
0x000000000115b000 	/usr/lib/libSystem.B.dylib
0x000000000115b000 	/usr/lib/libobjc.A.dylib
0x000000000115b000 	/System/Library/Frameworks/CoreFoundation.framework/Versions/A/CoreFoundation
0x000000000115b000 	/System/Library/Frameworks/Foundation.framework/Versions/C/Foundation
0x000000000115b000 	/System/Library/Frameworks/AppKit.framework/Versions/C/AppKit
0x000000000115b000 	/System/Library/Frameworks/CoreData.framework/Versions/A/CoreData
0x000000000115b000 	/System/Library/PrivateFrameworks/RemoteViewServices.framework/Versions/A/RemoteViewServices
0x000000000115b000 	/System/Library/PrivateFrameworks/UIFoundation.framework/Versions/A/UIFoundation
0x000000000115b000 	/System/Library/PrivateFrameworks/DFRFoundation.framework/Versions/A/DFRFoundation
0x000000000115b000 	/usr/lib/libenergytrace.dylib
0x000000000115b000 	/System/Library/PrivateFrameworks/SkyLight.framework/Versions/A/SkyLight
0x000000000115b000 	/System/Library/Frameworks/CoreGraphics.framework/Versions/A/CoreGraphics
0x000000000115b000 	/usr/lib/libScreenReader.dylib
0x000000000115b000 	/System/Library/Frameworks/Accelerate.framework/Versions/A/Accelerate
0x000000000115b000 	/System/Library/Frameworks/IOSurface.framework/Versions/A/IOSurface
0x000000000115b000 	/System/Library/Frameworks/AudioToolbox.framework/Versions/A/AudioToolbox
0x000000000115b000 	/System/Library/Frameworks/AudioUnit.framework/Versions/A/AudioUnit
0x000000000115b000 	/System/Library/PrivateFrameworks/DataDetectorsCore.framework/Versions/A/DataDetectorsCore
0x000000000115b000 	/System/Library/PrivateFrameworks/DesktopServicesPriv.framework/Versions/A/DesktopServicesPriv
0x000000000115b000 	/System/Library/Frameworks/Carbon.framework/Versions/A/Frameworks/HIToolbox.framework/Versions/A/HIToolbox
0x000000000115b000 	/usr/lib/libicucore.A.dylib
0x000000000115b000 	/System/Library/Frameworks/QuartzCore.framework/Versions/A/QuartzCore
0x000000000115b000 	/System/Library/Frameworks/Carbon.framework/Versions/A/Frameworks/SpeechRecognition.framework/Versions/A/SpeechRecognition
0x000000000115b000 	/usr/lib/libauto.dylib
0x000000000115b000 	/usr/lib/libxml2.2.dylib
0x000000000115b000 	/System/Library/PrivateFrameworks/CoreUI.framework/Versions/A/CoreUI
0x000000000115b000 	/System/Library/Frameworks/CoreAudio.framework/Versions/A/CoreAudio
0x000000000115b000 	/System/Library/Frameworks/DiskArbitration.framework/Versions/A/DiskArbitration
0x000000000115b000 	/usr/lib/liblangid.dylib
0x000000000115b000 	/System/Library/PrivateFrameworks/MultitouchSupport.framework/Versions/A/MultitouchSupport
0x000000000115b000 	/System/Library/Frameworks/IOKit.framework/Versions/A/IOKit
0x000000000115b000 	/usr/lib/libDiagnosticMessagesClient.dylib
0x000000000115b000 	/System/Library/Frameworks/CoreServices.framework/Versions/A/CoreServices
0x000000000115b000 	/System/Library/PrivateFrameworks/PerformanceAnalysis.framework/Versions/A/PerformanceAnalysis
0x000000000115b000 	/System/Library/PrivateFrameworks/GenerationalStorage.framework/Versions/A/GenerationalStorage
0x000000000115b000 	/System/Library/Frameworks/OpenGL.framework/Versions/A/OpenGL
0x000000000115b000 	/System/Library/Frameworks/CoreImage.framework/Versions/A/CoreImage
0x000000000115b000 	/System/Library/Frameworks/CoreText.framework/Versions/A/CoreText
0x000000000115b000 	/System/Library/Frameworks/ImageIO.framework/Versions/A/ImageIO
0x000000000115b000 	/System/Library/PrivateFrameworks/Backup.framework/Versions/A/Backup
0x000000000115b000 	/usr/lib/libarchive.2.dylib
0x000000000115b000 	/System/Library/Frameworks/CFNetwork.framework/Versions/A/CFNetwork
0x000000000115b000 	/System/Library/Frameworks/SystemConfiguration.framework/Versions/A/SystemConfiguration
0x000000000115b000 	/usr/lib/libCRFSuite.dylib
0x000000000115b000 	/usr/lib/libc++.1.dylib
0x000000000115b000 	/usr/lib/libc++abi.dylib
0x000000000115b000 	/usr/lib/system/libcache.dylib
0x000000000115b000 	/usr/lib/system/libcommonCrypto.dylib
0x000000000115b000 	/usr/lib/system/libcompiler_rt.dylib
0x000000000115b000 	/usr/lib/system/libcopyfile.dylib
0x000000000115b000 	/usr/lib/system/libcorecrypto.dylib
0x000000000115b000 	/usr/lib/system/libdispatch.dylib
0x000000000115b000 	/usr/lib/system/libdyld.dylib
0x000000000115b000 	/usr/lib/system/libkeymgr.dylib
0x000000000115b000 	/usr/lib/system/liblaunch.dylib
0x000000000115b000 	/usr/lib/system/libmacho.dylib
0x000000000115b000 	/usr/lib/system/libquarantine.dylib
0x000000000115b000 	/usr/lib/system/libremovefile.dylib
0x000000000115b000 	/usr/lib/system/libsystem_asl.dylib
0x000000000115b000 	/usr/lib/system/libsystem_blocks.dylib
0x000000000115b000 	/usr/lib/system/libsystem_c.dylib
0x000000000115b000 	/usr/lib/system/libsystem_configuration.dylib
0x000000000115b000 	/usr/lib/system/libsystem_coreservices.dylib
0x000000000115b000 	/usr/lib/system/libsystem_coretls.dylib
0x000000000115b000 	/usr/lib/system/libsystem_dnssd.dylib
0x000000000115b000 	/usr/lib/system/libsystem_info.dylib
0x000000000115b000 	/usr/lib/system/libsystem_kernel.dylib
0x000000000115b000 	/usr/lib/system/libsystem_m.dylib
0x000000000115b000 	/usr/lib/system/libsystem_malloc.dylib
0x000000000115b000 	/usr/lib/system/libsystem_network.dylib
0x000000000115b000 	/usr/lib/system/libsystem_networkextension.dylib
0x000000000115b000 	/usr/lib/system/libsystem_notify.dylib
0x000000000115b000 	/usr/lib/system/libsystem_platform.dylib
0x000000000115b000 	/usr/lib/system/libsystem_pthread.dylib
0x000000000115b000 	/usr/lib/system/libsystem_sandbox.dylib
0x000000000115b000 	/usr/lib/system/libsystem_secinit.dylib
0x000000000115b000 	/usr/lib/system/libsystem_symptoms.dylib
0x000000000115b000 	/usr/lib/system/libsystem_trace.dylib
0x000000000115b000 	/usr/lib/system/libunwind.dylib
0x000000000115b000 	/usr/lib/system/libxpc.dylib
0x000000000115b000 	/usr/lib/libbsm.0.dylib
0x000000000115b000 	/usr/lib/system/libkxld.dylib
0x000000000115b000 	/usr/lib/libcoretls.dylib
0x000000000115b000 	/usr/lib/libcoretls_cfhelpers.dylib
0x000000000115b000 	/usr/lib/libxar.1.dylib
0x000000000115b000 	/usr/lib/libsqlite3.dylib
0x000000000115b000 	/usr/lib/libpam.2.dylib
0x000000000115b000 	/usr/lib/libOpenScriptingUtil.dylib
0x000000000115b000 	/usr/lib/libbz2.1.0.dylib
0x000000000115b000 	/usr/lib/liblzma.5.dylib
0x000000000115b000 	/usr/lib/libnetwork.dylib
0x000000000115b000 	/usr/lib/libpcap.A.dylib
0x000000000115b000 	/System/Library/Frameworks/CoreServices.framework/Versions/A/Frameworks/FSEvents.framework/Versions/A/FSEvents
0x000000000115b000 	/System/Library/Frameworks/CoreServices.framework/Versions/A/Frameworks/CarbonCore.framework/Versions/A/CarbonCore
0x000000000115b000 	/System/Library/Frameworks/CoreServices.framework/Versions/A/Frameworks/Metadata.framework/Versions/A/Metadata
0x000000000115b000 	/System/Library/Frameworks/CoreServices.framework/Versions/A/Frameworks/OSServices.framework/Versions/A/OSServices
0x000000000115b000 	/System/Library/Frameworks/CoreServices.framework/Versions/A/Frameworks/SearchKit.framework/Versions/A/SearchKit
0x000000000115b000 	/System/Library/Frameworks/CoreServices.framework/Versions/A/Frameworks/AE.framework/Versions/A/AE
0x000000000115b000 	/System/Library/Frameworks/CoreServices.framework/Versions/A/Frameworks/LaunchServices.framework/Versions/A/LaunchServices
0x000000000115b000 	/System/Library/Frameworks/CoreServices.framework/Versions/A/Frameworks/DictionaryServices.framework/Versions/A/DictionaryServices
0x000000000115b000 	/System/Library/Frameworks/CoreServices.framework/Versions/A/Frameworks/SharedFileList.framework/Versions/A/SharedFileList
0x000000000115b000 	/System/Library/Frameworks/NetFS.framework/Versions/A/NetFS
0x000000000115b000 	/System/Library/PrivateFrameworks/NetAuth.framework/Versions/A/NetAuth
0x000000000115b000 	/System/Library/PrivateFrameworks/login.framework/Versions/A/Frameworks/loginsupport.framework/Versions/A/loginsupport
0x000000000115b000 	/System/Library/PrivateFrameworks/TCC.framework/Versions/A/TCC
0x000000000115b000 	/usr/lib/libmecabra.dylib
0x000000000115b000 	/System/Library/Frameworks/ApplicationServices.framework/Versions/A/Frameworks/ATS.framework/Versions/A/ATS
0x000000000115b000 	/System/Library/Frameworks/ApplicationServices.framework/Versions/A/Frameworks/ColorSync.framework/Versions/A/ColorSync
0x000000000115b000 	/System/Library/Frameworks/ApplicationServices.framework/Versions/A/Frameworks/HIServices.framework/Versions/A/HIServices
0x000000000115b000 	/System/Library/Frameworks/ApplicationServices.framework/Versions/A/Frameworks/LangAnalysis.framework/Versions/A/LangAnalysis
0x000000000115b000 	/System/Library/Frameworks/ApplicationServices.framework/Versions/A/Frameworks/PrintCore.framework/Versions/A/PrintCore
0x000000000115b000 	/System/Library/Frameworks/ApplicationServices.framework/Versions/A/Frameworks/QD.framework/Versions/A/QD
0x000000000115b000 	/System/Library/Frameworks/ApplicationServices.framework/Versions/A/Frameworks/SpeechSynthesis.framework/Versions/A/SpeechSynthesis
0x000000000115b000 	/System/Library/Frameworks/Accelerate.framework/Versions/A/Frameworks/vImage.framework/Versions/A/vImage
0x000000000115b000 	/System/Library/Frameworks/Accelerate.framework/Versions/A/Frameworks/vecLib.framework/Versions/A/vecLib
0x000000000115b000 	/System/Library/Frameworks/Accelerate.framework/Versions/A/Frameworks/vecLib.framework/Versions/A/libvDSP.dylib
0x000000000115b000 	/System/Library/Frameworks/Accelerate.framework/Versions/A/Frameworks/vecLib.framework/Versions/A/libBNNS.dylib
0x000000000115b000 	/System/Library/Frameworks/Accelerate.framework/Versions/A/Frameworks/vecLib.framework/Versions/A/libQuadrature.dylib
0x000000000115b000 	/System/Library/Frameworks/Accelerate.framework/Versions/A/Frameworks/vecLib.framework/Versions/A/libvMisc.dylib
0x000000000115b000 	/System/Library/Frameworks/Accelerate.framework/Versions/A/Frameworks/vecLib.framework/Versions/A/libLAPACK.dylib
0x000000000115b000 	/System/Library/Frameworks/Accelerate.framework/Versions/A/Frameworks/vecLib.framework/Versions/A/libBLAS.dylib
0x000000000115b000 	/System/Library/Frameworks/Accelerate.framework/Versions/A/Frameworks/vecLib.framework/Versions/A/libLinearAlgebra.dylib
0x000000000115b000 	/System/Library/Frameworks/Accelerate.framework/Versions/A/Frameworks/vecLib.framework/Versions/A/libSparseBLAS.dylib
0x000000000115b000 	/System/Library/Frameworks/ApplicationServices.framework/Versions/A/Frameworks/ATS.framework/Versions/A/Resources/libFontParser.dylib
0x000000000115b000 	/System/Library/Frameworks/ApplicationServices.framework/Versions/A/Frameworks/ATS.framework/Versions/A/Resources/libFontRegistry.dylib
0x000000000115b000 	/System/Library/Frameworks/ImageIO.framework/Versions/A/Resources/libJPEG.dylib
0x000000000115b000 	/System/Library/Frameworks/ImageIO.framework/Versions/A/Resources/libTIFF.dylib
0x000000000115b000 	/System/Library/Frameworks/ImageIO.framework/Versions/A/Resources/libPng.dylib
0x000000000115b000 	/System/Library/Frameworks/ImageIO.framework/Versions/A/Resources/libGIF.dylib
0x000000000115b000 	/System/Library/Frameworks/ImageIO.framework/Versions/A/Resources/libJP2.dylib
0x000000000115b000 	/System/Library/Frameworks/ImageIO.framework/Versions/A/Resources/libRadiance.dylib
0x000000000115b000 	/usr/lib/libcompression.dylib
0x000000000115b000 	/System/Library/PrivateFrameworks/AppleJPEG.framework/Versions/A/AppleJPEG
0x000000000115b000 	/usr/lib/libcups.2.dylib
0x000000000115b000 	/System/Library/Frameworks/Kerberos.framework/Versions/A/Kerberos
0x000000000115b000 	/System/Library/Frameworks/GSS.framework/Versions/A/GSS
0x000000000115b000 	/usr/lib/libresolv.9.dylib
0x000000000115b000 	/usr/lib/libiconv.2.dylib
0x000000000115b000 	/System/Library/PrivateFrameworks/Heimdal.framework/Versions/A/Heimdal
0x000000000115b000 	/usr/lib/libheimdal-asn1.dylib
0x000000000115b000 	/System/Library/Frameworks/OpenDirectory.framework/Versions/A/OpenDirectory
0x000000000115b000 	/System/Library/PrivateFrameworks/CommonAuth.framework/Versions/A/CommonAuth
0x000000000115b000 	/System/Library/Frameworks/OpenDirectory.framework/Versions/A/Frameworks/CFOpenDirectory.framework/Versions/A/CFOpenDirectory
0x000000000115b000 	/System/Library/Frameworks/SecurityFoundation.framework/Versions/A/SecurityFoundation
0x000000000115b000 	/System/Library/PrivateFrameworks/LanguageModeling.framework/Versions/A/LanguageModeling
0x000000000115b000 	/usr/lib/libmarisa.dylib
0x000000000115b000 	/usr/lib/libChineseTokenizer.dylib
0x000000000115b000 	/usr/lib/libcmph.dylib
0x000000000115b000 	/System/Library/PrivateFrameworks/CoreEmoji.framework/Versions/A/CoreEmoji
0x000000000115b000 	/System/Library/Frameworks/ServiceManagement.framework/Versions/A/ServiceManagement
0x000000000115b000 	/usr/lib/libxslt.1.dylib
0x000000000115b000 	/System/Library/Frameworks/Carbon.framework/Versions/A/Frameworks/Ink.framework/Versions/A/Ink
0x000000000115b000 	/System/Library/PrivateFrameworks/TextureIO.framework/Versions/A/TextureIO
0x000000000115b000 	/System/Library/Frameworks/Metal.framework/Versions/A/Metal
0x000000000115b000 	/usr/lib/libate.dylib
0x000000000115b000 	/System/Library/PrivateFrameworks/GPUCompiler.framework/libmetal_timestamp.dylib
0x000000000115b000 	/System/Library/Frameworks/OpenGL.framework/Versions/A/Libraries/libCoreFSCache.dylib
0x000000000115b000 	/System/Library/PrivateFrameworks/IOAccelerator.framework/Versions/A/IOAccelerator
0x000000000115b000 	/System/Library/Frameworks/CoreVideo.framework/Versions/A/CoreVideo
0x000000000115b000 	/usr/lib/libFosl_dynamic.dylib
0x000000000115b000 	/System/Library/PrivateFrameworks/MetalPerformanceShaders.framework/Versions/A/MetalPerformanceShaders
0x000000000115b000 	/System/Library/PrivateFrameworks/FaceCore.framework/Versions/A/FaceCore
0x000000000115b000 	/System/Library/Frameworks/OpenCL.framework/Versions/A/OpenCL
0x000000000115b000 	/System/Library/Frameworks/OpenGL.framework/Versions/A/Libraries/libGLU.dylib
0x000000000115b000 	/System/Library/Frameworks/OpenGL.framework/Versions/A/Libraries/libGFXShared.dylib
0x000000000115b000 	/System/Library/Frameworks/OpenGL.framework/Versions/A/Libraries/libGL.dylib
0x000000000115b000 	/System/Library/Frameworks/OpenGL.framework/Versions/A/Libraries/libGLImage.dylib
0x000000000115b000 	/System/Library/Frameworks/OpenGL.framework/Versions/A/Libraries/libCVMSPluginSupport.dylib
0x000000000115b000 	/System/Library/Frameworks/OpenGL.framework/Versions/A/Libraries/libCoreVMClient.dylib
0x000000000115b000 	/System/Library/PrivateFrameworks/CrashReporterSupport.framework/Versions/A/CrashReporterSupport
0x000000000115b000 	/System/Library/PrivateFrameworks/Sharing.framework/Versions/A/Sharing
0x000000000115b000 	/System/Library/PrivateFrameworks/IconServices.framework/Versions/A/IconServices
0x000000000115b000 	/System/Library/PrivateFrameworks/ProtocolBuffer.framework/Versions/A/ProtocolBuffer
0x000000000115b000 	/System/Library/PrivateFrameworks/Apple80211.framework/Versions/A/Apple80211
0x000000000115b000 	/System/Library/Frameworks/CoreWLAN.framework/Versions/A/CoreWLAN
0x000000000115b000 	/System/Library/PrivateFrameworks/CoreUtils.framework/Versions/A/CoreUtils
0x000000000115b000 	/System/Library/Frameworks/IOBluetooth.framework/Versions/A/IOBluetooth
0x000000000115b000 	/System/Library/PrivateFrameworks/CoreWiFi.framework/Versions/A/CoreWiFi
0x000000000115b000 	/System/Library/Frameworks/CoreBluetooth.framework/Versions/A/CoreBluetooth
0x000000000115b000 	/System/Library/Frameworks/CoreDisplay.framework/Versions/A/CoreDisplay
0x000000000115b000 	/System/Library/PrivateFrameworks/IOPresentment.framework/Versions/A/IOPresentment
0x000000000115b000 	/System/Library/PrivateFrameworks/DebugSymbols.framework/Versions/A/DebugSymbols
0x000000000115b000 	/System/Library/PrivateFrameworks/CoreSymbolication.framework/Versions/A/CoreSymbolication
0x000000000115b000 	/System/Library/PrivateFrameworks/Symbolication.framework/Versions/A/Symbolication
0x000000000115b000 	/System/Library/PrivateFrameworks/AppleFSCompression.framework/Versions/A/AppleFSCompression
0x000000000115b000 	/System/Library/PrivateFrameworks/SpeechRecognitionCore.framework/Versions/A/SpeechRecognitionCore
0x000000000115b000 	/System/Library/PrivateFrameworks/ChunkingLibrary.framework/Versions/A/ChunkingLibrary
0x000000010e600000 	/Library/Java/JavaVirtualMachines/jdk1.8.0_111.jdk/Contents/Home/jre/lib/server/libjvm.dylib
0x000000000115b000 	/usr/lib/libstdc++.6.dylib
0x000000010ddad000 	/Library/Java/JavaVirtualMachines/jdk1.8.0_111.jdk/Contents/Home/jre/lib/libverify.dylib
0x000000010ddbb000 	/Library/Java/JavaVirtualMachines/jdk1.8.0_111.jdk/Contents/Home/jre/lib/libjava.dylib
0x000000010f5a1000 	/Library/Java/JavaVirtualMachines/jdk1.8.0_111.jdk/Contents/Home/jre/lib/libzip.dylib
0x00000001129e0000 	/System/Library/Frameworks/JavaVM.framework/Frameworks/JavaRuntimeSupport.framework/JavaRuntimeSupport
0x00000001129fa000 	/System/Library/Frameworks/JavaVM.framework/Versions/A/Frameworks/JavaNativeFoundation.framework/Versions/A/JavaNativeFoundation
0x0000000112a0f000 	/System/Library/Frameworks/JavaVM.framework/Versions/A/JavaVM
0x000000000115b000 	/System/Library/Frameworks/Carbon.framework/Versions/A/Carbon
0x0000000112a1c000 	/System/Library/PrivateFrameworks/JavaLaunching.framework/Versions/A/JavaLaunching
0x000000000115b000 	/System/Library/Frameworks/Carbon.framework/Versions/A/Frameworks/CommonPanels.framework/Versions/A/CommonPanels
0x000000000115b000 	/System/Library/Frameworks/Carbon.framework/Versions/A/Frameworks/Help.framework/Versions/A/Help
0x000000000115b000 	/System/Library/Frameworks/Carbon.framework/Versions/A/Frameworks/ImageCapture.framework/Versions/A/ImageCapture
0x000000000115b000 	/System/Library/Frameworks/Carbon.framework/Versions/A/Frameworks/OpenScripting.framework/Versions/A/OpenScripting
0x000000000115b000 	/System/Library/Frameworks/Carbon.framework/Versions/A/Frameworks/Print.framework/Versions/A/Print
0x000000000115b000 	/System/Library/Frameworks/Carbon.framework/Versions/A/Frameworks/SecurityHI.framework/Versions/A/SecurityHI
0x0000000115734000 	/Users/leytzher/Documents/clojure/clojurecv/target/native/macosx/x86_64/libopencv_java2413.dylib
0x00000001157e5000 	/usr/local/Cellar/opencv/2.4.13.2/lib/libopencv_contrib.2.4.dylib
0x00000001158d3000 	/usr/local/Cellar/opencv/2.4.13.2/lib/libopencv_nonfree.2.4.dylib
0x00000001145f2000 	/usr/local/Cellar/opencv/2.4.13.2/lib/libopencv_gpu.2.4.dylib
0x000000011590d000 	/usr/local/Cellar/opencv/2.4.13.2/lib/libopencv_legacy.2.4.dylib
0x000000011464e000 	/usr/local/Cellar/opencv/2.4.13.2/lib/libopencv_photo.2.4.dylib
0x00000001159f3000 	/usr/local/Cellar/opencv/2.4.13.2/lib/libopencv_ocl.2.4.dylib
0x0000000115baf000 	/usr/local/Cellar/opencv/2.4.13.2/lib/libopencv_calib3d.2.4.dylib
0x0000000115c8d000 	/usr/local/Cellar/opencv/2.4.13.2/lib/libopencv_features2d.2.4.dylib
0x0000000115d24000 	/usr/local/Cellar/opencv/2.4.13.2/lib/libopencv_flann.2.4.dylib
0x0000000115d89000 	/usr/local/Cellar/opencv/2.4.13.2/lib/libopencv_ml.2.4.dylib
0x0000000115df9000 	/usr/local/Cellar/opencv/2.4.13.2/lib/libopencv_video.2.4.dylib
0x0000000115e42000 	/usr/local/Cellar/opencv/2.4.13.2/lib/libopencv_objdetect.2.4.dylib
0x0000000115eb3000 	/usr/local/Cellar/opencv/2.4.13.2/lib/libopencv_highgui.2.4.dylib
0x000000012d047000 	/usr/local/Cellar/opencv/2.4.13.2/lib/libopencv_imgproc.2.4.dylib
0x000000012d2b6000 	/usr/local/Cellar/opencv/2.4.13.2/lib/libopencv_core.2.4.dylib
0x0000000115ef3000 	/usr/local/opt/jpeg/lib/libjpeg.8.dylib
0x0000000115f26000 	/usr/local/opt/libpng/lib/libpng16.16.dylib
0x0000000115f52000 	/usr/local/opt/libtiff/lib/libtiff.5.dylib
0x0000000114613000 	/usr/local/opt/ilmbase/lib/libImath-2_2.12.dylib
0x000000012d4b9000 	/usr/local/opt/openexr/lib/libIlmImf-2_2.22.dylib
0x000000011466b000 	/usr/local/opt/ilmbase/lib/libIex-2_2.12.dylib
0x000000012d79e000 	/usr/local/opt/ilmbase/lib/libHalf.12.dylib
0x0000000114749000 	/usr/local/opt/ilmbase/lib/libIlmThread-2_2.12.dylib
0x000000000115b000 	/System/Library/Frameworks/AVFoundation.framework/Versions/A/AVFoundation
0x000000000115b000 	/System/Library/Frameworks/CoreMedia.framework/Versions/A/CoreMedia
0x000000011467d000 	/usr/local/opt/ilmbase/lib/libIexMath-2_2.12.dylib
0x000000000115b000 	/System/Library/Frameworks/AVFoundation.framework/Versions/A/Frameworks/AVFAudio.framework/Versions/A/AVFAudio
0x000000000115b000 	/System/Library/Frameworks/MediaToolbox.framework/Versions/A/MediaToolbox
0x000000000115b000 	/System/Library/Frameworks/VideoToolbox.framework/Versions/A/VideoToolbox
0x000000000115b000 	/System/Library/PrivateFrameworks/IntlPreferences.framework/Versions/A/IntlPreferences
0x000000000115b000 	/System/Library/Frameworks/CoreMediaIO.framework/Versions/A/CoreMediaIO
0x000000000115b000 	/usr/lib/libspindump.dylib
0x000000000115b000 	/usr/lib/libdscsym.dylib
0x000000000115b000 	/System/Library/PrivateFrameworks/CoreAVCHD.framework/Versions/A/CoreAVCHD
0x000000000115b000 	/System/Library/Frameworks/MediaAccessibility.framework/Versions/A/MediaAccessibility
0x000000000115b000 	/System/Library/PrivateFrameworks/Mangrove.framework/Versions/A/Mangrove
0x000000000115b000 	/System/Library/PrivateFrameworks/CoreAUC.framework/Versions/A/CoreAUC
0x000000000115b000 	/System/Library/PrivateFrameworks/AppleVA.framework/Versions/A/AppleVA
0x000000000115b000 	/System/Library/PrivateFrameworks/XPCService.framework/Versions/A/XPCService
0x000000000115b000 	/System/Library/PrivateFrameworks/AppSandbox.framework/Versions/A/AppSandbox
0x000000000115b000 	/usr/lib/libsandbox.1.dylib
0x000000000115b000 	/System/Library/PrivateFrameworks/AppContainer.framework/Versions/A/AppContainer
0x000000000115b000 	/System/Library/PrivateFrameworks/SecCodeWrapper.framework/Versions/A/SecCodeWrapper
0x000000000115b000 	/usr/lib/libMatch.1.dylib
0x000000012d9e2000 	/Library/Java/JavaVirtualMachines/jdk1.8.0_111.jdk/Contents/Home/jre/lib/libnet.dylib
0x000000012d9f9000 	/Library/Java/JavaVirtualMachines/jdk1.8.0_111.jdk/Contents/Home/jre/lib/libawt.dylib
0x000000012daa1000 	/Library/Java/JavaVirtualMachines/jdk1.8.0_111.jdk/Contents/Home/jre/lib/./libmlib_image.dylib
0x000000012db6d000 	/Library/Java/JavaVirtualMachines/jdk1.8.0_111.jdk/Contents/Home/jre/lib/libawt_lwawt.dylib
0x000000012dc22000 	/Library/Java/JavaVirtualMachines/jdk1.8.0_111.jdk/Contents/Home/jre/lib/./libosxapp.dylib
0x000000000115b000 	/System/Library/Frameworks/ExceptionHandling.framework/Versions/A/ExceptionHandling
0x000000000115b000 	/System/Library/PrivateFrameworks/CoreServicesInternal.framework/Versions/A/CoreServicesInternal
0x000000000115b000 	/System/Library/CoreServices/RawCamera.bundle/Contents/MacOS/RawCamera
0x000000000115b000 	/System/Library/Frameworks/Accelerate.framework/Versions/A/Frameworks/vImage.framework/Versions/A/Libraries/libCGInterfaces.dylib
0x000000000115b000 	/System/Library/PrivateFrameworks/FamilyControls.framework/Versions/A/FamilyControls
0x000000000115b000 	/System/Library/PrivateFrameworks/CommerceKit.framework/Versions/A/Frameworks/CommerceCore.framework/Versions/A/CommerceCore
0x000000000115b000 	/System/Library/PrivateFrameworks/SystemAdministration.framework/Versions/A/SystemAdministration
0x000000000115b000 	/System/Library/Frameworks/DirectoryService.framework/Versions/A/DirectoryService
0x000000000115b000 	/System/Library/PrivateFrameworks/DiskImages.framework/Versions/A/DiskImages
0x000000000115b000 	/System/Library/PrivateFrameworks/LoginUIKit.framework/Versions/A/Frameworks/LoginUICore.framework/Versions/A/LoginUICore
0x000000000115b000 	/usr/lib/libCoreStorage.dylib
0x000000000115b000 	/usr/lib/libcsfde.dylib
0x000000000115b000 	/usr/lib/libodfde.dylib
0x000000000115b000 	/System/Library/Frameworks/DiscRecording.framework/Versions/A/DiscRecording
0x000000000115b000 	/usr/lib/libcurl.4.dylib
0x000000000115b000 	/System/Library/PrivateFrameworks/MediaKit.framework/Versions/A/MediaKit
0x000000000115b000 	/System/Library/PrivateFrameworks/ProtectedCloudStorage.framework/Versions/A/ProtectedCloudStorage
0x000000000115b000 	/System/Library/PrivateFrameworks/EFILogin.framework/Versions/A/EFILogin
0x000000000115b000 	/usr/lib/libutil.dylib
0x000000000115b000 	/System/Library/Frameworks/LDAP.framework/Versions/A/LDAP
0x000000000115b000 	/usr/lib/libsasl2.2.dylib
0x000000000115b000 	/System/Library/PrivateFrameworks/CoreDaemon.framework/Versions/B/CoreDaemon
0x000000000115b000 	/System/Library/PrivateFrameworks/AppleSRP.framework/Versions/A/AppleSRP
0x000000000115b000 	/System/Library/PrivateFrameworks/APFS.framework/Versions/A/APFS
0x000000012e0c0000 	/System/Library/Extensions/AppleHDA.kext/Contents/PlugIns/AppleHDAHALPlugIn.bundle/Contents/MacOS/AppleHDAHALPlugIn
0x000000012fc22000 	/System/Library/Frameworks/CoreMediaIO.framework/Resources/VDC.plugin/Contents/MacOS/VDC
0x000000012fc53000 	/System/Library/Frameworks/CoreMediaIO.framework/Resources/CMIOUnits.bundle/Contents/MacOS/CMIOUnits
0x000000012fde0000 	/System/Library/PrivateFrameworks/FWAVC.framework/Versions/A/FWAVC
0x000000000115b000 	/System/Library/PrivateFrameworks/AppleGVA.framework/Versions/A/AppleGVA
0x000000000115b000 	/System/Library/Frameworks/OpenGL.framework/Versions/A/Resources/GLEngine.bundle/GLEngine
0x000000000115b000 	/System/Library/Frameworks/OpenGL.framework/Versions/A/Libraries/libGLProgrammability.dylib
0x0000000131eb2000 	/System/Library/Extensions/AppleIntelHD3000GraphicsGLDriver.bundle/Contents/MacOS/AppleIntelHD3000GraphicsGLDriver
0x000000000115b000 	/System/Library/PrivateFrameworks/GPUSupport.framework/Versions/A/Libraries/libGPUSupport.dylib
0x000000000115b000 	/System/Library/Frameworks/OpenGL.framework/Versions/A/Resources/GLRendererFloat.bundle/GLRendererFloat
0x000000000115b000 	/System/Library/Frameworks/OpenCL.framework/Versions/A/Libraries/libcldcpuengine.dylib
0x000000000115b000 	/usr/lib/libcrypto.0.9.8.dylib
0x000000000115b000 	/System/Library/PrivateFrameworks/TrustEvaluationAgent.framework/Versions/A/TrustEvaluationAgent
0x0000000132877000 	/Library/Java/JavaVirtualMachines/jdk1.8.0_111.jdk/Contents/Home/jre/lib/libfontmanager.dylib
0x00000001328de000 	/Library/Java/JavaVirtualMachines/jdk1.8.0_111.jdk/Contents/Home/jre/lib/libosxui.dylib
0x000000000115b000 	/System/Library/Frameworks/ApplicationServices.framework/Versions/A/Frameworks/ATS.framework/Versions/A/Resources/libTrueTypeScaler.dylib
0x000000000115b000 	/System/Library/PrivateFrameworks/ViewBridge.framework/Versions/A/ViewBridge

VM Arguments:
jvm_args: -Dfile.encoding=UTF-8 -XX:+TieredCompilation -XX:TieredStopAtLevel=1 -XX:-OmitStackTraceInFastThrow -Dclojure.compile.path=/Users/leytzher/Documents/clojure/clojurecv/target/classes -Dclojurecv.version=0.1.0-SNAPSHOT -Dclojure.debug=false -Djava.library.path=/Users/leytzher/Documents/clojure/clojurecv/target/native/macosx/x86_64 
java_command: clojure.main -i /private/var/folders/hs/rz7jrjjn4nn_wp57dlfldpyh0000gn/T/form-init3068068100507163483.clj
java_class_path (initial): /Users/leytzher/Documents/clojure/clojurecv/test:/Users/leytzher/Documents/clojure/clojurecv/src:/Users/leytzher/Documents/clojure/clojurecv/dev-resources:/Users/leytzher/Documents/clojure/clojurecv/resources:/Users/leytzher/Documents/clojure/clojurecv/target/classes:/Users/leytzher/.m2/repository/org/apache/httpcomponents/httpcore/4.1.2/httpcore-4.1.2.jar:/Users/leytzher/.m2/repository/org/apache/httpcomponents/httpclient/4.1.2/httpclient-4.1.2.jar:/Users/leytzher/.m2/repository/org/clojure/clojure/1.8.0/clojure-1.8.0.jar:/Users/leytzher/.m2/repository/org/sonatype/aether/aether-spi/1.13.1/aether-spi-1.13.1.jar:/Users/leytzher/.m2/repository/org/apache/maven/wagon/wagon-http/2.2/wagon-http-2.2.jar:/Users/leytzher/.m2/repository/org/tcrawley/dynapath/0.2.3/dynapath-0.2.3.jar:/Users/leytzher/.m2/repository/org/sonatype/sisu/sisu-inject-bean/2.2.3/sisu-inject-bean-2.2.3.jar:/Users/leytzher/.m2/repository/commons-codec/commons-codec/1.4/commons-codec-1.4.jar:/Users/leytzher/.m2/repository/org/sonatype/aether/aether-api/1.13.1/aether-api-1.13.1.jar:/Users/leytzher/.m2/repository/opencv/opencv-native/2.4.13/opencv-native-2.4.13.jar:/Users/leytzher/.m2/repository/org/codehaus/plexus/plexus-component-annotations/1.5.5/plexus-component-annotations-1.5.5.jar:/Users/leytzher/.m2/repository/org/clojure/tools.nrepl/0.2.12/tools.nrepl-0.2.12.jar:/Users/leytzher/.m2/repository/org/jsoup/jsoup/1.6.1/jsoup-1.6.1.jar:/Users/leytzher/.m2/repository/org/apache/maven/wagon/wagon-http-shared4/2.2/wagon-http-shared4-2.2.jar:/Users/leytzher/.m2/repository/clojure-complete/clojure-complete/0.2.4/clojure-complete-0.2.4.jar:/Users/leytzher/.m2/repository/org/codehaus/plexus/plexus-classworlds/2.4/plexus-classworlds-2.4.jar:/Users/leytzher/.m2/repository/org/codehaus/plexus/plexus-interpolation/1.14/plexus-interpolation-1.14.jar:/Users/leytzher/.m2/repository/org/clojure/java.classpath/0.2.0/java.classpath-0.2.0.jar:/Users/leytzher/.m2/repository/org/sonatype/aeth
Launcher Type: SUN_STANDARD

Environment Variables:
CLASSPATH=/Users/leytzher/.lein/self-installs/leiningen-2.7.1-standalone.jar
PATH=/usr/local/bin:/Applications/MATLAB_R2016b.app:/Applications/Mathematica.app/Contents/SystemFiles/Links/MathLink/DeveloperKit/MacOSX-x86-64/CompilerAdditions:/Users/leytzher/ant/apache-ant-1.10.0/bin:/usr/local/bin:/Users/leytzher/Library/Haskell/bin:/usr/bin:/bin:/usr/sbin:/sbin:/usr/local/bin:/opt/X11/bin:/usr/local/share/dotnet:/Library/Frameworks/Mono.framework/Versions/Current/Commands:/Library/TeX/texbin:/Applications/MATLAB_R2016b.app:/Applications/Mathematica.app/Contents/SystemFiles/Links/MathLink/DeveloperKit/MacOSX-x86-64/CompilerAdditions:/Users/leytzher/ant/apache-ant-1.10.0/bin:/Users/leytzher/Library/Haskell/bin:/Applications/Emacs.app/Contents/MacOS/bin-x86_64-10_9:/Applications/Emacs.app/Contents/MacOS/libexec-x86_64-10_9:/Applications/Mathematica.app:/Applications/Mathematica.app
SHELL=/bin/bash
DISPLAY=/private/tmp/com.apple.launchd.263AN9zi7H/org.macosforge.xquartz:0

Signal Handlers:
SIGSEGV: [libjvm.dylib+0x5b03ed], sa_mask[0]=11111111011111110111111111111111, sa_flags=SA_ONSTACK|SA_RESTART|SA_SIGINFO
SIGBUS: [libjvm.dylib+0x5b03ed], sa_mask[0]=11111111011111110111111111111111, sa_flags=SA_RESTART|SA_SIGINFO
SIGFPE: [libjvm.dylib+0x48711c], sa_mask[0]=11111111011111110111111111111111, sa_flags=SA_RESTART|SA_SIGINFO
SIGPIPE: [libjvm.dylib+0x48711c], sa_mask[0]=11111111011111110111111111111111, sa_flags=SA_RESTART|SA_SIGINFO
SIGXFSZ: [libjvm.dylib+0x48711c], sa_mask[0]=11111111011111110111111111111111, sa_flags=SA_RESTART|SA_SIGINFO
SIGILL: [libjvm.dylib+0x48711c], sa_mask[0]=11111111011111110111111111111111, sa_flags=SA_RESTART|SA_SIGINFO
SIGUSR1: SIG_DFL, sa_mask[0]=11011111011111100000000111000110, sa_flags=none
SIGUSR2: [libjvm.dylib+0x486c3a], sa_mask[0]=00100000000000000000000000000000, sa_flags=SA_RESTART|SA_SIGINFO
SIGHUP: [libjvm.dylib+0x485211], sa_mask[0]=11111111011111110111111111111111, sa_flags=SA_RESTART|SA_SIGINFO
SIGINT: [libjvm.dylib+0x485211], sa_mask[0]=11111111011111110111111111111111, sa_flags=SA_RESTART|SA_SIGINFO
SIGTERM: [libjvm.dylib+0x485211], sa_mask[0]=11111111011111110111111111111111, sa_flags=SA_RESTART|SA_SIGINFO
SIGQUIT: [libjvm.dylib+0x485211], sa_mask[0]=11111111011111110111111111111111, sa_flags=SA_RESTART|SA_SIGINFO


---------------  S Y S T E M  ---------------

OS:Bsduname:Darwin 16.3.0 Darwin Kernel Version 16.3.0: Thu Nov 17 20:23:58 PST 2016; root:xnu-3789.31.2~1/RELEASE_X86_64 x86_64
rlimit: STACK 8515k, CORE 0k, NPROC 709, NOFILE 10240, AS infinity
load average:1.49 4.53 3.62

CPU:total 4 (2 cores per cpu, 2 threads per core) family 6 model 42 stepping 7, cmov, cx8, fxsr, mmx, sse, sse2, sse3, ssse3, sse4.1, sse4.2, popcnt, avx, aes, clmul, ht, tsc, tscinvbit

Memory: 4k page, physical 16777216k(2988700k free)

/proc/meminfo:


vm_info: Java HotSpot(TM) 64-Bit Server VM (25.111-b14) for bsd-amd64 JRE (1.8.0_111-b14), built on Sep 22 2016 15:31:41 by "java_re" with gcc 4.2.1 (Based on Apple Inc. build 5658) (LLVM build 2336.11.00)

time: Sat Jan 21 17:52:41 2017
elapsed time: 981 seconds (0d 0h 16m 21s)

