#
# A fatal error has been detected by the Java Runtime Environment:
#
#  SIGSEGV (0xb) at pc=0x00007fff9d2bab69, pid=7627, tid=0x0000000000000307
#
# JRE version: Java(TM) SE Runtime Environment (8.0_111-b14) (build 1.8.0_111-b14)
# Java VM: Java HotSpot(TM) 64-Bit Server VM (25.111-b14 mixed mode bsd-amd64 compressed oops)
# Problematic frame:
# C  [libobjc.A.dylib+0x6b69]  objc_msgSend+0x29
#
# Failed to write core dump. Core dumps have been disabled. To enable core dumping, try "ulimit -c unlimited" before starting Java again
#
# If you would like to submit a bug report, please visit:
#   http://bugreport.java.com/bugreport/crash.jsp
# The crash happened outside the Java Virtual Machine in native code.
# See problematic frame for where to report the bug.
#

---------------  T H R E A D  ---------------

Current thread (0x00007f9458f53000):  JavaThread "AppKit Thread" daemon [_thread_in_native, id=775, stack(0x00007fff5c719180,0x00007fff5cf6a000)]

siginfo: si_signo: 11 (SIGSEGV), si_code: 1 (SEGV_MAPERR), si_addr: 0x0000000000000000

Registers:
RAX=0x00007fffa6942530, RBX=0x00007f9458f5e010, RCX=0x00007f94590d0010, RDX=0x000000000002b970
RSP=0x00007fff5cf64588, RBP=0x00007fff5cf649d0, RSI=0x00007fff86cf5962, RDI=0x00007f9456c78940
R8 =0x0000000000000000, R9 =0x00007f94592c6750, R10=0x00007f94590d0010, R11=0x0000000000000000
R12=0x00007f9458f5e000, R13=0xa3a3a3a3a3a3a3a3, R14=0x00007f9458f5e068, R15=0x00007f9458f5e000
RIP=0x00007fff9d2bab69, EFLAGS=0x0000000000010246, ERR=0x0000000000000004
  TRAPNO=0x000000000000000e

Top of Stack: (sp=0x00007fff5cf64588)
0x00007fff5cf64588:   00007fff9d2bde60 00007fff84dd8619
0x00007fff5cf64598:   00007fff9dd2d977 0000000000000000
0x00007fff5cf645a8:   0000000000000021 0000000102cb2000
0x00007fff5cf645b8:   0000000000000021 0000000102cb5a00
0x00007fff5cf645c8:   00007fff9dd2d977 0000000000000003
0x00007fff5cf645d8:   0000000000000004 0000000102cb2000
0x00007fff5cf645e8:   0000000000000004 0000000102cb5a00
0x00007fff5cf645f8:   0000000000000006 00007fff5cf64690
0x00007fff5cf64608:   00007fff9dd434be 00007f94592d1f00
0x00007fff5cf64618:   0000000000000006 0000000102cb2000
0x00007fff5cf64628:   00007fff9dd43742 00010000592d1ea0
0x00007fff5cf64638:   00007f94592d2080 0000000102cb2000
0x00007fff5cf64648:   00007f94592fc080 00007f94592d2080
0x00007fff5cf64658:   00007f94592d2100 0000000000000008
0x00007fff5cf64668:   0000000200000002 0000000000000080
0x00007fff5cf64678:   0000000102cb6e00 00007f9459200000
0x00007fff5cf64688:   0000000000000002 0000000102cb6e00
0x00007fff5cf64698:   0000000000000004 0000000102cb2000
0x00007fff5cf646a8:   00007f9459200000 00007fff5cf64720
0x00007fff5cf646b8:   00007fff9dd440b5 00007fffa6941f80
0x00007fff5cf646c8:   ffff806ba6d78ec0 00007f94579e6800
0x00007fff5cf646d8:   00007f9459287140 0000000102cb5a00
0x00007fff5cf646e8:   00007f94592d2080 00007f9459200008
0x00007fff5cf646f8:   00007f9459287140 00007fffa3452600
0x00007fff5cf64708:   00007f9459287140 00007fffa344cd80
0x00007fff5cf64718:   00007fffa344a170 00007fff5cf64770
0x00007fff5cf64728:   00007fff88679403 00007fffa344cd80
0x00007fff5cf64738:   0000000000000001 ac85276500000000
0x00007fff5cf64748:   00007f94592cb0f0 0000000000000000
0x00007fff5cf64758:   00007fff9d2b85ea 00007fff5cf648a0
0x00007fff5cf64768:   00007f9459287140 00007fff5cf647b8
0x00007fff5cf64778:   00007fff86ddf64a 0000000000000000 

Instructions: (pc=0x00007fff9d2bab69)
0x00007fff9d2bab49:   01 2e 75 66 49 ba f8 ff ff ff ff 7f 00 00 4c 23
0x00007fff9d2bab59:   17 49 89 f3 45 23 5a 18 49 c1 e3 04 4d 03 5a 10
0x00007fff9d2bab69:   49 3b 33 75 04 41 ff 63 08 49 83 3b 01 76 0d 49
0x00007fff9d2bab79:   83 c3 10 49 3b 33 75 f1 41 ff 63 08 72 64 4d 8b 

Register to memory mapping:

RAX=0x00007fffa6942530: SEL_release+0 in /usr/lib/libobjc.A.dylib at 0x00007fff9d2b4000
RBX=0x00007f9458f5e010 is an unknown value
RCX=0x00007f94590d0010 is an unknown value
RDX=0x000000000002b970 is an unknown value
RSP=0x00007fff5cf64588 is pointing into the stack for thread: 0x00007f9458f53000
RBP=0x00007fff5cf649d0 is pointing into the stack for thread: 0x00007f9458f53000
RSI=0x00007fff86cf5962: __NSStyleNameIndexTable+0x7731b in /System/Library/Frameworks/AppKit.framework/Versions/C/AppKit at 0x00007fff86097000
RDI=0x00007f9456c78940 is an unknown value
R8 =0x0000000000000000 is an unknown value
R9 =0x00007f94592c6750 is an unknown value
R10=0x00007f94590d0010 is an unknown value
R11=0x0000000000000000 is an unknown value
R12=0x00007f9458f5e000 is an unknown value
R13=0xa3a3a3a3a3a3a3a3 is an unknown value
R14=0x00007f9458f5e068 is an unknown value
R15=0x00007f9458f5e000 is an unknown value


Stack: [0x00007fff5c719180,0x00007fff5cf6a000],  sp=0x00007fff5cf64588,  free space=8493k
Native frames: (J=compiled Java code, j=interpreted, Vv=VM code, C=native code)
C  [libobjc.A.dylib+0x6b69]  objc_msgSend+0x29
C  [CoreFoundation+0x45106]  _CFAutoreleasePoolPop+0x16
C  [CoreFoundation+0x85665]  __CFRunLoopRun+0x8b5
C  [CoreFoundation+0x84b54]  CFRunLoopRunSpecific+0x1a4
C  [HIToolbox+0x30acc]  RunCurrentEventLoopInMode+0xf0
C  [HIToolbox+0x30901]  ReceiveNextEventCommon+0x1b0
C  [HIToolbox+0x30736]  _BlockUntilNextEventMatchingListInModeWithFilter+0x47
C  [AppKit+0x46ae4]  _DPSNextEvent+0x460
C  [AppKit+0x7c121f]  -[NSApplication(NSEvent) _nextEventMatchingEventMask:untilDate:inMode:dequeue:]+0xae5
C  [libosxapp.dylib+0x23aa]  -[NSApplicationAWT nextEventMatchingMask:untilDate:inMode:dequeue:]+0x7c
C  [AppKit+0x3b465]  -[NSApplication run]+0x39e
C  [libosxapp.dylib+0x214d]  +[NSApplicationAWT runAWTLoopWithApp:]+0x9c
C  [libawt_lwawt.dylib+0x444b3]  -[AWTStarter starter:]+0x389
C  [Foundation+0x7188a]  __NSThreadPerformPerform+0x146
C  [CoreFoundation+0xa48d1]  __CFRUNLOOP_IS_CALLING_OUT_TO_A_SOURCE0_PERFORM_FUNCTION__+0x11
C  [CoreFoundation+0x85c6c]  __CFRunLoopDoSources0+0x22c
C  [CoreFoundation+0x85156]  __CFRunLoopRun+0x3a6
C  [CoreFoundation+0x84b54]  CFRunLoopRunSpecific+0x1a4
C  [java+0x6465]  CreateExecutionEnvironment+0x367
C  [java+0x218c]  JLI_Launch+0x7a0
C  [java+0x84c2]  main+0x65
C  [java+0x19e4]  start+0x34
C  0x000000000000000e


---------------  P R O C E S S  ---------------

Java Threads: ( => current thread )
  0x00007f9457cf2000 JavaThread "AWT-EventQueue-0" [_thread_blocked, id=79379, stack(0x000070000ce06000,0x000070000cf06000)]
  0x00007f9457c5e800 JavaThread "Java2D Disposer" daemon [_thread_blocked, id=73247, stack(0x000070000d29b000,0x000070000d39b000)]
  0x00007f9458864800 JavaThread "Java2D Queue Flusher" daemon [_thread_blocked, id=70663, stack(0x000070000d198000,0x000070000d298000)]
  0x00007f945701c800 JavaThread "AWT-Shutdown" [_thread_blocked, id=32631, stack(0x000070000cbfd000,0x000070000ccfd000)]
  0x00007f945701d800 JavaThread "nREPL-worker-3" daemon [_thread_in_native, id=29715, stack(0x000070000b6b8000,0x000070000b7b8000)]
  0x00007f9457b2b800 JavaThread "clojure-agent-send-off-pool-6" [_thread_blocked, id=22027, stack(0x000070000cafa000,0x000070000cbfa000)]
  0x00007f94580fc000 JavaThread "clojure-agent-send-off-pool-5" [_thread_blocked, id=4631, stack(0x000070000c66b000,0x000070000c76b000)]
=>0x00007f9458f53000 JavaThread "AppKit Thread" daemon [_thread_in_native, id=775, stack(0x00007fff5c719180,0x00007fff5cf6a000)]
  0x00007f945709a800 JavaThread "clojure-agent-send-off-pool-3" [_thread_in_native, id=21251, stack(0x000070000c974000,0x000070000ca74000)]
  0x00007f94580b6000 JavaThread "clojure-agent-send-off-pool-2" [_thread_blocked, id=20739, stack(0x000070000c871000,0x000070000c971000)]
  0x00007f94588ce800 JavaThread "clojure-agent-send-off-pool-1" [_thread_in_native, id=20227, stack(0x000070000c76e000,0x000070000c86e000)]
  0x00007f9457848000 JavaThread "Service Thread" daemon [_thread_blocked, id=18691, stack(0x000070000c465000,0x000070000c565000)]
  0x00007f945882e000 JavaThread "C1 CompilerThread2" daemon [_thread_blocked, id=18179, stack(0x000070000c362000,0x000070000c462000)]
  0x00007f9457016000 JavaThread "C2 CompilerThread1" daemon [_thread_blocked, id=17667, stack(0x000070000c25f000,0x000070000c35f000)]
  0x00007f945882a800 JavaThread "C2 CompilerThread0" daemon [_thread_blocked, id=17155, stack(0x000070000c15c000,0x000070000c25c000)]
  0x00007f9458857000 JavaThread "Signal Dispatcher" daemon [_thread_blocked, id=16643, stack(0x000070000c059000,0x000070000c159000)]
  0x00007f9458001800 JavaThread "Finalizer" daemon [_thread_in_native, id=12547, stack(0x000070000bf56000,0x000070000c056000)]
  0x00007f9457814000 JavaThread "Reference Handler" daemon [_thread_blocked, id=12035, stack(0x000070000be53000,0x000070000bf53000)]
  0x00007f945700a000 JavaThread "main" [_thread_blocked, id=7171, stack(0x000070000b841000,0x000070000b941000)]

Other Threads:
  0x00007f9457014000 VMThread [stack: 0x000070000bd50000,0x000070000be50000] [id=11523]
  0x00007f945784b000 WatcherThread [stack: 0x000070000c568000,0x000070000c668000] [id=19203]

VM state:not at safepoint (normal execution)

VM Mutex/Monitor currently owned by a thread: None

Heap:
 PSYoungGen      total 420864K, used 30631K [0x000000076ab00000, 0x0000000787300000, 0x00000007c0000000)
  eden space 395264K, 1% used [0x000000076ab00000,0x000000076aff01c8,0x0000000782d00000)
  from space 25600K, 99% used [0x0000000785a00000,0x00000007872f9bf8,0x0000000787300000)
  to   space 34816K, 0% used [0x0000000782f00000,0x0000000782f00000,0x0000000785100000)
 ParOldGen       total 113664K, used 47835K [0x00000006c0000000, 0x00000006c6f00000, 0x000000076ab00000)
  object space 113664K, 42% used [0x00000006c0000000,0x00000006c2eb6ff8,0x00000006c6f00000)
 Metaspace       used 30023K, capacity 33807K, committed 34048K, reserved 1075200K
  class space    used 6336K, capacity 7679K, committed 7680K, reserved 1048576K

Card table byte_map: [0x0000000104961000,0x0000000105162000] byte_map_base: 0x0000000101361000

Marking Bits: (ParMarkBitMap*) 0x0000000103eefd20
 Begin Bits: [0x000000011b760000, 0x000000011f760000)
 End Bits:   [0x000000011f760000, 0x0000000123760000)

Polling page: 0x0000000102d56000

CodeCache: size=245760Kb used=9482Kb max_used=9482Kb free=236277Kb
 bounds [0x000000010c760000, 0x000000010d0b0000, 0x000000011b760000]
 total_blobs=4893 nmethods=4173 adapters=633
 compilation: enabled

Compilation events (10 events):
Event: 226.992 Thread 0x00007f945882e000 4173       1       sun.util.ResourceBundleEnumeration::hasMoreElements (117 bytes)
Event: 226.993 Thread 0x00007f945882e000 nmethod 4173 0x000000010d09e390 code [0x000000010d09e540, 0x000000010d09e888]
Event: 226.993 Thread 0x00007f945882e000 4174       1       sun.util.ResourceBundleEnumeration::nextElement (5 bytes)
Event: 226.993 Thread 0x00007f945882e000 nmethod 4174 0x000000010d09e9d0 code [0x000000010d09eb40, 0x000000010d09ed58]
Event: 226.993 Thread 0x00007f945882e000 4175       1       sun.util.ResourceBundleEnumeration::nextElement (27 bytes)
Event: 226.993 Thread 0x00007f945882e000 nmethod 4175 0x000000010d09ee90 code [0x000000010d09f000, 0x000000010d09f218]
Event: 227.095 Thread 0x00007f945882e000 4176       1       java.lang.invoke.MethodType::insertParameterTypes (106 bytes)
Event: 227.096 Thread 0x00007f945882e000 nmethod 4176 0x000000010d0a13d0 code [0x000000010d0a15e0, 0x000000010d0a1d68]
Event: 227.096 Thread 0x00007f945882e000 4178       1       sun.invoke.util.Wrapper::forBasicType (16 bytes)
Event: 227.096 Thread 0x00007f945882e000 nmethod 4178 0x000000010d0a23d0 code [0x000000010d0a2540, 0x000000010d0a2698]

GC Heap History (10 events):
Event: 3.173 GC heap before
{Heap before GC invocations=7 (full 1):
 PSYoungGen      total 141824K, used 131072K [0x000000076ab00000, 0x000000077cc00000, 0x00000007c0000000)
  eden space 131072K, 100% used [0x000000076ab00000,0x0000000772b00000,0x0000000772b00000)
  from space 10752K, 0% used [0x0000000772b00000,0x0000000772b00000,0x0000000773580000)
  to   space 16896K, 0% used [0x000000077bb80000,0x000000077bb80000,0x000000077cc00000)
 ParOldGen       total 113664K, used 17432K [0x00000006c0000000, 0x00000006c6f00000, 0x000000076ab00000)
  object space 113664K, 15% used [0x00000006c0000000,0x00000006c1106308,0x00000006c6f00000)
 Metaspace       used 25533K, capacity 29045K, committed 29312K, reserved 1071104K
  class space    used 5741K, capacity 7026K, committed 7040K, reserved 1048576K
Event: 3.187 GC heap after
Heap after GC invocations=7 (full 1):
 PSYoungGen      total 218112K, used 12303K [0x000000076ab00000, 0x000000077c800000, 0x00000007c0000000)
  eden space 205312K, 0% used [0x000000076ab00000,0x000000076ab00000,0x0000000777380000)
  from space 12800K, 96% used [0x000000077bb80000,0x000000077c783c10,0x000000077c800000)
  to   space 16896K, 0% used [0x000000077a700000,0x000000077a700000,0x000000077b780000)
 ParOldGen       total 113664K, used 17440K [0x00000006c0000000, 0x00000006c6f00000, 0x000000076ab00000)
  object space 113664K, 15% used [0x00000006c0000000,0x00000006c1108308,0x00000006c6f00000)
 Metaspace       used 25533K, capacity 29045K, committed 29312K, reserved 1071104K
  class space    used 5741K, capacity 7026K, committed 7040K, reserved 1048576K
}
Event: 3.979 GC heap before
{Heap before GC invocations=8 (full 1):
 PSYoungGen      total 218112K, used 217615K [0x000000076ab00000, 0x000000077c800000, 0x00000007c0000000)
  eden space 205312K, 100% used [0x000000076ab00000,0x0000000777380000,0x0000000777380000)
  from space 12800K, 96% used [0x000000077bb80000,0x000000077c783c10,0x000000077c800000)
  to   space 16896K, 0% used [0x000000077a700000,0x000000077a700000,0x000000077b780000)
 ParOldGen       total 113664K, used 17440K [0x00000006c0000000, 0x00000006c6f00000, 0x000000076ab00000)
  object space 113664K, 15% used [0x00000006c0000000,0x00000006c1108308,0x00000006c6f00000)
 Metaspace       used 25732K, capacity 29273K, committed 29312K, reserved 1071104K
  class space    used 5750K, capacity 7033K, committed 7040K, reserved 1048576K
Event: 4.011 GC heap after
Heap after GC invocations=8 (full 1):
 PSYoungGen      total 274944K, used 16868K [0x000000076ab00000, 0x0000000781100000, 0x00000007c0000000)
  eden space 258048K, 0% used [0x000000076ab00000,0x000000076ab00000,0x000000077a700000)
  from space 16896K, 99% used [0x000000077a700000,0x000000077b779230,0x000000077b780000)
  to   space 23040K, 0% used [0x000000077fa80000,0x000000077fa80000,0x0000000781100000)
 ParOldGen       total 113664K, used 25409K [0x00000006c0000000, 0x00000006c6f00000, 0x000000076ab00000)
  object space 113664K, 22% used [0x00000006c0000000,0x00000006c18d0570,0x00000006c6f00000)
 Metaspace       used 25732K, capacity 29273K, committed 29312K, reserved 1071104K
  class space    used 5750K, capacity 7033K, committed 7040K, reserved 1048576K
}
Event: 4.787 GC heap before
{Heap before GC invocations=9 (full 1):
 PSYoungGen      total 274944K, used 274916K [0x000000076ab00000, 0x0000000781100000, 0x00000007c0000000)
  eden space 258048K, 100% used [0x000000076ab00000,0x000000077a700000,0x000000077a700000)
  from space 16896K, 99% used [0x000000077a700000,0x000000077b779230,0x000000077b780000)
  to   space 23040K, 0% used [0x000000077fa80000,0x000000077fa80000,0x0000000781100000)
 ParOldGen       total 113664K, used 25409K [0x00000006c0000000, 0x00000006c6f00000, 0x000000076ab00000)
  object space 113664K, 22% used [0x00000006c0000000,0x00000006c18d0570,0x00000006c6f00000)
 Metaspace       used 25806K, capacity 29337K, committed 29568K, reserved 1071104K
  class space    used 5762K, capacity 7033K, committed 7040K, reserved 1048576K
Event: 4.833 GC heap after
Heap after GC invocations=9 (full 1):
 PSYoungGen      total 335360K, used 23027K [0x000000076ab00000, 0x0000000787700000, 0x00000007c0000000)
  eden space 312320K, 0% used [0x000000076ab00000,0x000000076ab00000,0x000000077dc00000)
  from space 23040K, 99% used [0x000000077fa80000,0x00000007810fccc8,0x0000000781100000)
  to   space 31232K, 0% used [0x000000077dc00000,0x000000077dc00000,0x000000077fa80000)
 ParOldGen       total 113664K, used 36081K [0x00000006c0000000, 0x00000006c6f00000, 0x000000076ab00000)
  object space 113664K, 31% used [0x00000006c0000000,0x00000006c233c468,0x00000006c6f00000)
 Metaspace       used 25806K, capacity 29337K, committed 29568K, reserved 1071104K
  class space    used 5762K, capacity 7033K, committed 7040K, reserved 1048576K
}
Event: 104.714 GC heap before
{Heap before GC invocations=10 (full 1):
 PSYoungGen      total 335360K, used 335347K [0x000000076ab00000, 0x0000000787700000, 0x00000007c0000000)
  eden space 312320K, 100% used [0x000000076ab00000,0x000000077dc00000,0x000000077dc00000)
  from space 23040K, 99% used [0x000000077fa80000,0x00000007810fccc8,0x0000000781100000)
  to   space 31232K, 0% used [0x000000077dc00000,0x000000077dc00000,0x000000077fa80000)
 ParOldGen       total 113664K, used 36081K [0x00000006c0000000, 0x00000006c6f00000, 0x000000076ab00000)
  object space 113664K, 31% used [0x00000006c0000000,0x00000006c233c468,0x00000006c6f00000)
 Metaspace       used 26084K, capacity 29599K, committed 29696K, reserved 1071104K
  class space    used 5790K, capacity 7111K, committed 7168K, reserved 1048576K
Event: 104.764 GC heap after
Heap after GC invocations=10 (full 1):
 PSYoungGen      total 343552K, used 23648K [0x000000076ab00000, 0x0000000787a00000, 0x00000007c0000000)
  eden space 312320K, 0% used [0x000000076ab00000,0x000000076ab00000,0x000000077dc00000)
  from space 31232K, 75% used [0x000000077dc00000,0x000000077f318340,0x000000077fa80000)
  to   space 32768K, 0% used [0x0000000785a00000,0x0000000785a00000,0x0000000787a00000)
 ParOldGen       total 113664K, used 45965K [0x00000006c0000000, 0x00000006c6f00000, 0x000000076ab00000)
  object space 113664K, 40% used [0x00000006c0000000,0x00000006c2ce3660,0x00000006c6f00000)
 Metaspace       used 26084K, capacity 29599K, committed 29696K, reserved 1071104K
  class space    used 5790K, capacity 7111K, committed 7168K, reserved 1048576K
}
Event: 227.003 GC heap before
{Heap before GC invocations=11 (full 1):
 PSYoungGen      total 343552K, used 335968K [0x000000076ab00000, 0x0000000787a00000, 0x00000007c0000000)
  eden space 312320K, 100% used [0x000000076ab00000,0x000000077dc00000,0x000000077dc00000)
  from space 31232K, 75% used [0x000000077dc00000,0x000000077f318340,0x000000077fa80000)
  to   space 32768K, 0% used [0x0000000785a00000,0x0000000785a00000,0x0000000787a00000)
 ParOldGen       total 113664K, used 45965K [0x00000006c0000000, 0x00000006c6f00000, 0x000000076ab00000)
  object space 113664K, 40% used [0x00000006c0000000,0x00000006c2ce3660,0x00000006c6f00000)
 Metaspace       used 29697K, capacity 33511K, committed 33792K, reserved 1075200K
  class space    used 6289K, capacity 7645K, committed 7680K, reserved 1048576K
Event: 227.041 GC heap after
Heap after GC invocations=11 (full 1):
 PSYoungGen      total 420864K, used 25574K [0x000000076ab00000, 0x0000000787300000, 0x00000007c0000000)
  eden space 395264K, 0% used [0x000000076ab00000,0x000000076ab00000,0x0000000782d00000)
  from space 25600K, 99% used [0x0000000785a00000,0x00000007872f9bf8,0x0000000787300000)
  to   space 34816K, 0% used [0x0000000782f00000,0x0000000782f00000,0x0000000785100000)
 ParOldGen       total 113664K, used 47835K [0x00000006c0000000, 0x00000006c6f00000, 0x000000076ab00000)
  object space 113664K, 42% used [0x00000006c0000000,0x00000006c2eb6ff8,0x00000006c6f00000)
 Metaspace       used 29697K, capacity 33511K, committed 33792K, reserved 1075200K
  class space    used 6289K, capacity 7645K, committed 7680K, reserved 1048576K
}

Deoptimization events (0 events):
No events

Internal exceptions (10 events):
Event: 222.507 Thread 0x00007f94580fc000 Exception <a 'java/lang/ClassNotFoundException': > (0x000000077cf2d9c0) thrown at [/Users/java_re/workspace/8-2-build-macosx-x86_64/jdk8u111/7883/hotspot/src/share/vm/prims/jni.cpp, line 735]
Event: 222.507 Thread 0x00007f94580fc000 Exception <a 'java/lang/ClassNotFoundException': > (0x000000077cf2e7f8) thrown at [/Users/java_re/workspace/8-2-build-macosx-x86_64/jdk8u111/7883/hotspot/src/share/vm/prims/jni.cpp, line 735]
Event: 222.507 Thread 0x00007f94580fc000 Exception <a 'java/lang/ClassNotFoundException': > (0x000000077cf2f8a0) thrown at [/Users/java_re/workspace/8-2-build-macosx-x86_64/jdk8u111/7883/hotspot/src/share/vm/prims/jni.cpp, line 735]
Event: 222.507 Thread 0x00007f94580fc000 Exception <a 'java/lang/ClassNotFoundException': > (0x000000077cf305c8) thrown at [/Users/java_re/workspace/8-2-build-macosx-x86_64/jdk8u111/7883/hotspot/src/share/vm/prims/jni.cpp, line 735]
Event: 222.507 Thread 0x00007f94580fc000 Exception <a 'java/lang/ClassNotFoundException': > (0x000000077cf31560) thrown at [/Users/java_re/workspace/8-2-build-macosx-x86_64/jdk8u111/7883/hotspot/src/share/vm/prims/jni.cpp, line 735]
Event: 222.507 Thread 0x00007f94580fc000 Exception <a 'java/lang/ClassNotFoundException': > (0x000000077cf32128) thrown at [/Users/java_re/workspace/8-2-build-macosx-x86_64/jdk8u111/7883/hotspot/src/share/vm/prims/jni.cpp, line 735]
Event: 222.507 Thread 0x00007f94580fc000 Exception <a 'java/lang/ClassNotFoundException': > (0x000000077cf32e28) thrown at [/Users/java_re/workspace/8-2-build-macosx-x86_64/jdk8u111/7883/hotspot/src/share/vm/prims/jni.cpp, line 735]
Event: 222.507 Thread 0x00007f94580fc000 Exception <a 'java/lang/ClassNotFoundException': > (0x000000077cf339f0) thrown at [/Users/java_re/workspace/8-2-build-macosx-x86_64/jdk8u111/7883/hotspot/src/share/vm/prims/jni.cpp, line 735]
Event: 222.507 Thread 0x00007f94580fc000 Exception <a 'java/lang/ClassNotFoundException': > (0x000000077cf34960) thrown at [/Users/java_re/workspace/8-2-build-macosx-x86_64/jdk8u111/7883/hotspot/src/share/vm/prims/jni.cpp, line 735]
Event: 222.507 Thread 0x00007f94580fc000 Exception <a 'java/lang/ClassNotFoundException': > (0x000000077cf35798) thrown at [/Users/java_re/workspace/8-2-build-macosx-x86_64/jdk8u111/7883/hotspot/src/share/vm/prims/jni.cpp, line 735]

Events (10 events):
Event: 227.097 loading class sun/awt/dnd/SunDragSourceContextPeer
Event: 227.097 loading class java/awt/dnd/peer/DragSourceContextPeer
Event: 227.097 loading class java/awt/dnd/peer/DragSourceContextPeer done
Event: 227.097 loading class sun/awt/dnd/SunDragSourceContextPeer done
Event: 227.097 loading class java/awt/EventQueue$3
Event: 227.097 loading class java/awt/EventQueue$3 done
Event: 227.097 loading class java/awt/TrayIcon
Event: 227.098 loading class java/awt/TrayIcon done
Event: 227.098 loading class java/awt/event/ActionEvent
Event: 227.098 loading class java/awt/event/ActionEvent done


Dynamic libraries:
0x000000001309b000 	/System/Library/Frameworks/Cocoa.framework/Versions/A/Cocoa
0x000000001309b000 	/System/Library/Frameworks/Security.framework/Versions/A/Security
0x000000001309b000 	/System/Library/Frameworks/ApplicationServices.framework/Versions/A/ApplicationServices
0x000000001309b000 	/usr/lib/libz.1.dylib
0x000000001309b000 	/usr/lib/libSystem.B.dylib
0x000000001309b000 	/usr/lib/libobjc.A.dylib
0x000000001309b000 	/System/Library/Frameworks/CoreFoundation.framework/Versions/A/CoreFoundation
0x000000001309b000 	/System/Library/Frameworks/Foundation.framework/Versions/C/Foundation
0x000000001309b000 	/System/Library/Frameworks/AppKit.framework/Versions/C/AppKit
0x000000001309b000 	/System/Library/Frameworks/CoreData.framework/Versions/A/CoreData
0x000000001309b000 	/System/Library/PrivateFrameworks/RemoteViewServices.framework/Versions/A/RemoteViewServices
0x000000001309b000 	/System/Library/PrivateFrameworks/UIFoundation.framework/Versions/A/UIFoundation
0x000000001309b000 	/System/Library/PrivateFrameworks/DFRFoundation.framework/Versions/A/DFRFoundation
0x000000001309b000 	/usr/lib/libenergytrace.dylib
0x000000001309b000 	/System/Library/PrivateFrameworks/SkyLight.framework/Versions/A/SkyLight
0x000000001309b000 	/System/Library/Frameworks/CoreGraphics.framework/Versions/A/CoreGraphics
0x000000001309b000 	/usr/lib/libScreenReader.dylib
0x000000001309b000 	/System/Library/Frameworks/Accelerate.framework/Versions/A/Accelerate
0x000000001309b000 	/System/Library/Frameworks/IOSurface.framework/Versions/A/IOSurface
0x000000001309b000 	/System/Library/Frameworks/AudioToolbox.framework/Versions/A/AudioToolbox
0x000000001309b000 	/System/Library/Frameworks/AudioUnit.framework/Versions/A/AudioUnit
0x000000001309b000 	/System/Library/PrivateFrameworks/DataDetectorsCore.framework/Versions/A/DataDetectorsCore
0x000000001309b000 	/System/Library/PrivateFrameworks/DesktopServicesPriv.framework/Versions/A/DesktopServicesPriv
0x000000001309b000 	/System/Library/Frameworks/Carbon.framework/Versions/A/Frameworks/HIToolbox.framework/Versions/A/HIToolbox
0x000000001309b000 	/usr/lib/libicucore.A.dylib
0x000000001309b000 	/System/Library/Frameworks/QuartzCore.framework/Versions/A/QuartzCore
0x000000001309b000 	/System/Library/Frameworks/Carbon.framework/Versions/A/Frameworks/SpeechRecognition.framework/Versions/A/SpeechRecognition
0x000000001309b000 	/usr/lib/libauto.dylib
0x000000001309b000 	/usr/lib/libxml2.2.dylib
0x000000001309b000 	/System/Library/PrivateFrameworks/CoreUI.framework/Versions/A/CoreUI
0x000000001309b000 	/System/Library/Frameworks/CoreAudio.framework/Versions/A/CoreAudio
0x000000001309b000 	/System/Library/Frameworks/DiskArbitration.framework/Versions/A/DiskArbitration
0x000000001309b000 	/usr/lib/liblangid.dylib
0x000000001309b000 	/System/Library/PrivateFrameworks/MultitouchSupport.framework/Versions/A/MultitouchSupport
0x000000001309b000 	/System/Library/Frameworks/IOKit.framework/Versions/A/IOKit
0x000000001309b000 	/usr/lib/libDiagnosticMessagesClient.dylib
0x000000001309b000 	/System/Library/Frameworks/CoreServices.framework/Versions/A/CoreServices
0x000000001309b000 	/System/Library/PrivateFrameworks/PerformanceAnalysis.framework/Versions/A/PerformanceAnalysis
0x000000001309b000 	/System/Library/PrivateFrameworks/GenerationalStorage.framework/Versions/A/GenerationalStorage
0x000000001309b000 	/System/Library/Frameworks/OpenGL.framework/Versions/A/OpenGL
0x000000001309b000 	/System/Library/Frameworks/CoreImage.framework/Versions/A/CoreImage
0x000000001309b000 	/System/Library/Frameworks/CoreText.framework/Versions/A/CoreText
0x000000001309b000 	/System/Library/Frameworks/ImageIO.framework/Versions/A/ImageIO
0x000000001309b000 	/System/Library/PrivateFrameworks/Backup.framework/Versions/A/Backup
0x000000001309b000 	/usr/lib/libarchive.2.dylib
0x000000001309b000 	/System/Library/Frameworks/CFNetwork.framework/Versions/A/CFNetwork
0x000000001309b000 	/System/Library/Frameworks/SystemConfiguration.framework/Versions/A/SystemConfiguration
0x000000001309b000 	/usr/lib/libCRFSuite.dylib
0x000000001309b000 	/usr/lib/libc++.1.dylib
0x000000001309b000 	/usr/lib/libc++abi.dylib
0x000000001309b000 	/usr/lib/system/libcache.dylib
0x000000001309b000 	/usr/lib/system/libcommonCrypto.dylib
0x000000001309b000 	/usr/lib/system/libcompiler_rt.dylib
0x000000001309b000 	/usr/lib/system/libcopyfile.dylib
0x000000001309b000 	/usr/lib/system/libcorecrypto.dylib
0x000000001309b000 	/usr/lib/system/libdispatch.dylib
0x000000001309b000 	/usr/lib/system/libdyld.dylib
0x000000001309b000 	/usr/lib/system/libkeymgr.dylib
0x000000001309b000 	/usr/lib/system/liblaunch.dylib
0x000000001309b000 	/usr/lib/system/libmacho.dylib
0x000000001309b000 	/usr/lib/system/libquarantine.dylib
0x000000001309b000 	/usr/lib/system/libremovefile.dylib
0x000000001309b000 	/usr/lib/system/libsystem_asl.dylib
0x000000001309b000 	/usr/lib/system/libsystem_blocks.dylib
0x000000001309b000 	/usr/lib/system/libsystem_c.dylib
0x000000001309b000 	/usr/lib/system/libsystem_configuration.dylib
0x000000001309b000 	/usr/lib/system/libsystem_coreservices.dylib
0x000000001309b000 	/usr/lib/system/libsystem_coretls.dylib
0x000000001309b000 	/usr/lib/system/libsystem_dnssd.dylib
0x000000001309b000 	/usr/lib/system/libsystem_info.dylib
0x000000001309b000 	/usr/lib/system/libsystem_kernel.dylib
0x000000001309b000 	/usr/lib/system/libsystem_m.dylib
0x000000001309b000 	/usr/lib/system/libsystem_malloc.dylib
0x000000001309b000 	/usr/lib/system/libsystem_network.dylib
0x000000001309b000 	/usr/lib/system/libsystem_networkextension.dylib
0x000000001309b000 	/usr/lib/system/libsystem_notify.dylib
0x000000001309b000 	/usr/lib/system/libsystem_platform.dylib
0x000000001309b000 	/usr/lib/system/libsystem_pthread.dylib
0x000000001309b000 	/usr/lib/system/libsystem_sandbox.dylib
0x000000001309b000 	/usr/lib/system/libsystem_secinit.dylib
0x000000001309b000 	/usr/lib/system/libsystem_symptoms.dylib
0x000000001309b000 	/usr/lib/system/libsystem_trace.dylib
0x000000001309b000 	/usr/lib/system/libunwind.dylib
0x000000001309b000 	/usr/lib/system/libxpc.dylib
0x000000001309b000 	/usr/lib/libbsm.0.dylib
0x000000001309b000 	/usr/lib/system/libkxld.dylib
0x000000001309b000 	/usr/lib/libcoretls.dylib
0x000000001309b000 	/usr/lib/libcoretls_cfhelpers.dylib
0x000000001309b000 	/usr/lib/libxar.1.dylib
0x000000001309b000 	/usr/lib/libsqlite3.dylib
0x000000001309b000 	/usr/lib/libpam.2.dylib
0x000000001309b000 	/usr/lib/libOpenScriptingUtil.dylib
0x000000001309b000 	/usr/lib/libbz2.1.0.dylib
0x000000001309b000 	/usr/lib/liblzma.5.dylib
0x000000001309b000 	/usr/lib/libnetwork.dylib
0x000000001309b000 	/usr/lib/libpcap.A.dylib
0x000000001309b000 	/System/Library/Frameworks/CoreServices.framework/Versions/A/Frameworks/FSEvents.framework/Versions/A/FSEvents
0x000000001309b000 	/System/Library/Frameworks/CoreServices.framework/Versions/A/Frameworks/CarbonCore.framework/Versions/A/CarbonCore
0x000000001309b000 	/System/Library/Frameworks/CoreServices.framework/Versions/A/Frameworks/Metadata.framework/Versions/A/Metadata
0x000000001309b000 	/System/Library/Frameworks/CoreServices.framework/Versions/A/Frameworks/OSServices.framework/Versions/A/OSServices
0x000000001309b000 	/System/Library/Frameworks/CoreServices.framework/Versions/A/Frameworks/SearchKit.framework/Versions/A/SearchKit
0x000000001309b000 	/System/Library/Frameworks/CoreServices.framework/Versions/A/Frameworks/AE.framework/Versions/A/AE
0x000000001309b000 	/System/Library/Frameworks/CoreServices.framework/Versions/A/Frameworks/LaunchServices.framework/Versions/A/LaunchServices
0x000000001309b000 	/System/Library/Frameworks/CoreServices.framework/Versions/A/Frameworks/DictionaryServices.framework/Versions/A/DictionaryServices
0x000000001309b000 	/System/Library/Frameworks/CoreServices.framework/Versions/A/Frameworks/SharedFileList.framework/Versions/A/SharedFileList
0x000000001309b000 	/System/Library/Frameworks/NetFS.framework/Versions/A/NetFS
0x000000001309b000 	/System/Library/PrivateFrameworks/NetAuth.framework/Versions/A/NetAuth
0x000000001309b000 	/System/Library/PrivateFrameworks/login.framework/Versions/A/Frameworks/loginsupport.framework/Versions/A/loginsupport
0x000000001309b000 	/System/Library/PrivateFrameworks/TCC.framework/Versions/A/TCC
0x000000001309b000 	/usr/lib/libmecabra.dylib
0x000000001309b000 	/System/Library/Frameworks/ApplicationServices.framework/Versions/A/Frameworks/ATS.framework/Versions/A/ATS
0x000000001309b000 	/System/Library/Frameworks/ApplicationServices.framework/Versions/A/Frameworks/ColorSync.framework/Versions/A/ColorSync
0x000000001309b000 	/System/Library/Frameworks/ApplicationServices.framework/Versions/A/Frameworks/HIServices.framework/Versions/A/HIServices
0x000000001309b000 	/System/Library/Frameworks/ApplicationServices.framework/Versions/A/Frameworks/LangAnalysis.framework/Versions/A/LangAnalysis
0x000000001309b000 	/System/Library/Frameworks/ApplicationServices.framework/Versions/A/Frameworks/PrintCore.framework/Versions/A/PrintCore
0x000000001309b000 	/System/Library/Frameworks/ApplicationServices.framework/Versions/A/Frameworks/QD.framework/Versions/A/QD
0x000000001309b000 	/System/Library/Frameworks/ApplicationServices.framework/Versions/A/Frameworks/SpeechSynthesis.framework/Versions/A/SpeechSynthesis
0x000000001309b000 	/System/Library/Frameworks/Accelerate.framework/Versions/A/Frameworks/vImage.framework/Versions/A/vImage
0x000000001309b000 	/System/Library/Frameworks/Accelerate.framework/Versions/A/Frameworks/vecLib.framework/Versions/A/vecLib
0x000000001309b000 	/System/Library/Frameworks/Accelerate.framework/Versions/A/Frameworks/vecLib.framework/Versions/A/libvDSP.dylib
0x000000001309b000 	/System/Library/Frameworks/Accelerate.framework/Versions/A/Frameworks/vecLib.framework/Versions/A/libBNNS.dylib
0x000000001309b000 	/System/Library/Frameworks/Accelerate.framework/Versions/A/Frameworks/vecLib.framework/Versions/A/libQuadrature.dylib
0x000000001309b000 	/System/Library/Frameworks/Accelerate.framework/Versions/A/Frameworks/vecLib.framework/Versions/A/libvMisc.dylib
0x000000001309b000 	/System/Library/Frameworks/Accelerate.framework/Versions/A/Frameworks/vecLib.framework/Versions/A/libLAPACK.dylib
0x000000001309b000 	/System/Library/Frameworks/Accelerate.framework/Versions/A/Frameworks/vecLib.framework/Versions/A/libBLAS.dylib
0x000000001309b000 	/System/Library/Frameworks/Accelerate.framework/Versions/A/Frameworks/vecLib.framework/Versions/A/libLinearAlgebra.dylib
0x000000001309b000 	/System/Library/Frameworks/Accelerate.framework/Versions/A/Frameworks/vecLib.framework/Versions/A/libSparseBLAS.dylib
0x000000001309b000 	/System/Library/Frameworks/ApplicationServices.framework/Versions/A/Frameworks/ATS.framework/Versions/A/Resources/libFontParser.dylib
0x000000001309b000 	/System/Library/Frameworks/ApplicationServices.framework/Versions/A/Frameworks/ATS.framework/Versions/A/Resources/libFontRegistry.dylib
0x000000001309b000 	/System/Library/Frameworks/ImageIO.framework/Versions/A/Resources/libJPEG.dylib
0x000000001309b000 	/System/Library/Frameworks/ImageIO.framework/Versions/A/Resources/libTIFF.dylib
0x000000001309b000 	/System/Library/Frameworks/ImageIO.framework/Versions/A/Resources/libPng.dylib
0x000000001309b000 	/System/Library/Frameworks/ImageIO.framework/Versions/A/Resources/libGIF.dylib
0x000000001309b000 	/System/Library/Frameworks/ImageIO.framework/Versions/A/Resources/libJP2.dylib
0x000000001309b000 	/System/Library/Frameworks/ImageIO.framework/Versions/A/Resources/libRadiance.dylib
0x000000001309b000 	/usr/lib/libcompression.dylib
0x000000001309b000 	/System/Library/PrivateFrameworks/AppleJPEG.framework/Versions/A/AppleJPEG
0x000000001309b000 	/usr/lib/libcups.2.dylib
0x000000001309b000 	/System/Library/Frameworks/Kerberos.framework/Versions/A/Kerberos
0x000000001309b000 	/System/Library/Frameworks/GSS.framework/Versions/A/GSS
0x000000001309b000 	/usr/lib/libresolv.9.dylib
0x000000001309b000 	/usr/lib/libiconv.2.dylib
0x000000001309b000 	/System/Library/PrivateFrameworks/Heimdal.framework/Versions/A/Heimdal
0x000000001309b000 	/usr/lib/libheimdal-asn1.dylib
0x000000001309b000 	/System/Library/Frameworks/OpenDirectory.framework/Versions/A/OpenDirectory
0x000000001309b000 	/System/Library/PrivateFrameworks/CommonAuth.framework/Versions/A/CommonAuth
0x000000001309b000 	/System/Library/Frameworks/OpenDirectory.framework/Versions/A/Frameworks/CFOpenDirectory.framework/Versions/A/CFOpenDirectory
0x000000001309b000 	/System/Library/Frameworks/SecurityFoundation.framework/Versions/A/SecurityFoundation
0x000000001309b000 	/System/Library/PrivateFrameworks/LanguageModeling.framework/Versions/A/LanguageModeling
0x000000001309b000 	/usr/lib/libmarisa.dylib
0x000000001309b000 	/usr/lib/libChineseTokenizer.dylib
0x000000001309b000 	/usr/lib/libcmph.dylib
0x000000001309b000 	/System/Library/PrivateFrameworks/CoreEmoji.framework/Versions/A/CoreEmoji
0x000000001309b000 	/System/Library/Frameworks/ServiceManagement.framework/Versions/A/ServiceManagement
0x000000001309b000 	/usr/lib/libxslt.1.dylib
0x000000001309b000 	/System/Library/Frameworks/Carbon.framework/Versions/A/Frameworks/Ink.framework/Versions/A/Ink
0x000000001309b000 	/System/Library/PrivateFrameworks/TextureIO.framework/Versions/A/TextureIO
0x000000001309b000 	/System/Library/Frameworks/Metal.framework/Versions/A/Metal
0x000000001309b000 	/usr/lib/libate.dylib
0x000000001309b000 	/System/Library/PrivateFrameworks/GPUCompiler.framework/libmetal_timestamp.dylib
0x000000001309b000 	/System/Library/Frameworks/OpenGL.framework/Versions/A/Libraries/libCoreFSCache.dylib
0x000000001309b000 	/System/Library/PrivateFrameworks/IOAccelerator.framework/Versions/A/IOAccelerator
0x000000001309b000 	/System/Library/Frameworks/CoreVideo.framework/Versions/A/CoreVideo
0x000000001309b000 	/usr/lib/libFosl_dynamic.dylib
0x000000001309b000 	/System/Library/PrivateFrameworks/MetalPerformanceShaders.framework/Versions/A/MetalPerformanceShaders
0x000000001309b000 	/System/Library/PrivateFrameworks/FaceCore.framework/Versions/A/FaceCore
0x000000001309b000 	/System/Library/Frameworks/OpenCL.framework/Versions/A/OpenCL
0x000000001309b000 	/System/Library/Frameworks/OpenGL.framework/Versions/A/Libraries/libGLU.dylib
0x000000001309b000 	/System/Library/Frameworks/OpenGL.framework/Versions/A/Libraries/libGFXShared.dylib
0x000000001309b000 	/System/Library/Frameworks/OpenGL.framework/Versions/A/Libraries/libGL.dylib
0x000000001309b000 	/System/Library/Frameworks/OpenGL.framework/Versions/A/Libraries/libGLImage.dylib
0x000000001309b000 	/System/Library/Frameworks/OpenGL.framework/Versions/A/Libraries/libCVMSPluginSupport.dylib
0x000000001309b000 	/System/Library/Frameworks/OpenGL.framework/Versions/A/Libraries/libCoreVMClient.dylib
0x000000001309b000 	/System/Library/PrivateFrameworks/CrashReporterSupport.framework/Versions/A/CrashReporterSupport
0x000000001309b000 	/System/Library/PrivateFrameworks/Sharing.framework/Versions/A/Sharing
0x000000001309b000 	/System/Library/PrivateFrameworks/IconServices.framework/Versions/A/IconServices
0x000000001309b000 	/System/Library/PrivateFrameworks/ProtocolBuffer.framework/Versions/A/ProtocolBuffer
0x000000001309b000 	/System/Library/PrivateFrameworks/Apple80211.framework/Versions/A/Apple80211
0x000000001309b000 	/System/Library/Frameworks/CoreWLAN.framework/Versions/A/CoreWLAN
0x000000001309b000 	/System/Library/PrivateFrameworks/CoreUtils.framework/Versions/A/CoreUtils
0x000000001309b000 	/System/Library/Frameworks/IOBluetooth.framework/Versions/A/IOBluetooth
0x000000001309b000 	/System/Library/PrivateFrameworks/CoreWiFi.framework/Versions/A/CoreWiFi
0x000000001309b000 	/System/Library/Frameworks/CoreBluetooth.framework/Versions/A/CoreBluetooth
0x000000001309b000 	/System/Library/Frameworks/CoreDisplay.framework/Versions/A/CoreDisplay
0x000000001309b000 	/System/Library/PrivateFrameworks/IOPresentment.framework/Versions/A/IOPresentment
0x000000001309b000 	/System/Library/PrivateFrameworks/DebugSymbols.framework/Versions/A/DebugSymbols
0x000000001309b000 	/System/Library/PrivateFrameworks/CoreSymbolication.framework/Versions/A/CoreSymbolication
0x000000001309b000 	/System/Library/PrivateFrameworks/Symbolication.framework/Versions/A/Symbolication
0x000000001309b000 	/System/Library/PrivateFrameworks/AppleFSCompression.framework/Versions/A/AppleFSCompression
0x000000001309b000 	/System/Library/PrivateFrameworks/SpeechRecognitionCore.framework/Versions/A/SpeechRecognitionCore
0x000000001309b000 	/System/Library/PrivateFrameworks/ChunkingLibrary.framework/Versions/A/ChunkingLibrary
0x0000000103600000 	/Library/Java/JavaVirtualMachines/jdk1.8.0_111.jdk/Contents/Home/jre/lib/server/libjvm.dylib
0x000000001309b000 	/usr/lib/libstdc++.6.dylib
0x0000000102d13000 	/Library/Java/JavaVirtualMachines/jdk1.8.0_111.jdk/Contents/Home/jre/lib/libverify.dylib
0x0000000102d21000 	/Library/Java/JavaVirtualMachines/jdk1.8.0_111.jdk/Contents/Home/jre/lib/libjava.dylib
0x0000000102d60000 	/Library/Java/JavaVirtualMachines/jdk1.8.0_111.jdk/Contents/Home/jre/lib/libzip.dylib
0x0000000102de2000 	/System/Library/Frameworks/JavaVM.framework/Frameworks/JavaRuntimeSupport.framework/JavaRuntimeSupport
0x000000010795f000 	/System/Library/Frameworks/JavaVM.framework/Versions/A/Frameworks/JavaNativeFoundation.framework/Versions/A/JavaNativeFoundation
0x0000000107974000 	/System/Library/Frameworks/JavaVM.framework/Versions/A/JavaVM
0x000000001309b000 	/System/Library/Frameworks/Carbon.framework/Versions/A/Carbon
0x0000000107981000 	/System/Library/PrivateFrameworks/JavaLaunching.framework/Versions/A/JavaLaunching
0x000000001309b000 	/System/Library/Frameworks/Carbon.framework/Versions/A/Frameworks/CommonPanels.framework/Versions/A/CommonPanels
0x000000001309b000 	/System/Library/Frameworks/Carbon.framework/Versions/A/Frameworks/Help.framework/Versions/A/Help
0x000000001309b000 	/System/Library/Frameworks/Carbon.framework/Versions/A/Frameworks/ImageCapture.framework/Versions/A/ImageCapture
0x000000001309b000 	/System/Library/Frameworks/Carbon.framework/Versions/A/Frameworks/OpenScripting.framework/Versions/A/OpenScripting
0x000000001309b000 	/System/Library/Frameworks/Carbon.framework/Versions/A/Frameworks/Print.framework/Versions/A/Print
0x000000001309b000 	/System/Library/Frameworks/Carbon.framework/Versions/A/Frameworks/SecurityHI.framework/Versions/A/SecurityHI
0x000000010a69e000 	/Users/leytzher/Documents/clojure/clojurecv/target/native/macosx/x86_64/libopencv_java2413.dylib
0x000000010a74f000 	/usr/local/Cellar/opencv/2.4.13.2/lib/libopencv_contrib.2.4.dylib
0x0000000109555000 	/usr/local/Cellar/opencv/2.4.13.2/lib/libopencv_nonfree.2.4.dylib
0x000000010958f000 	/usr/local/Cellar/opencv/2.4.13.2/lib/libopencv_gpu.2.4.dylib
0x000000010a83d000 	/usr/local/Cellar/opencv/2.4.13.2/lib/libopencv_legacy.2.4.dylib
0x000000010a923000 	/usr/local/Cellar/opencv/2.4.13.2/lib/libopencv_photo.2.4.dylib
0x000000010a940000 	/usr/local/Cellar/opencv/2.4.13.2/lib/libopencv_ocl.2.4.dylib
0x000000010aafc000 	/usr/local/Cellar/opencv/2.4.13.2/lib/libopencv_calib3d.2.4.dylib
0x000000010abda000 	/usr/local/Cellar/opencv/2.4.13.2/lib/libopencv_features2d.2.4.dylib
0x000000010ac71000 	/usr/local/Cellar/opencv/2.4.13.2/lib/libopencv_flann.2.4.dylib
0x000000010acd6000 	/usr/local/Cellar/opencv/2.4.13.2/lib/libopencv_ml.2.4.dylib
0x000000010ad46000 	/usr/local/Cellar/opencv/2.4.13.2/lib/libopencv_video.2.4.dylib
0x000000010ad8f000 	/usr/local/Cellar/opencv/2.4.13.2/lib/libopencv_objdetect.2.4.dylib
0x000000010ae00000 	/usr/local/Cellar/opencv/2.4.13.2/lib/libopencv_highgui.2.4.dylib
0x000000010ae40000 	/usr/local/Cellar/opencv/2.4.13.2/lib/libopencv_imgproc.2.4.dylib
0x000000010b0af000 	/usr/local/Cellar/opencv/2.4.13.2/lib/libopencv_core.2.4.dylib
0x000000010b2b2000 	/usr/local/opt/jpeg/lib/libjpeg.8.dylib
0x000000010b2e5000 	/usr/local/opt/libpng/lib/libpng16.16.dylib
0x000000010b311000 	/usr/local/opt/libtiff/lib/libtiff.5.dylib
0x00000001095b0000 	/usr/local/opt/ilmbase/lib/libImath-2_2.12.dylib
0x000000010b36b000 	/usr/local/opt/openexr/lib/libIlmImf-2_2.22.dylib
0x000000010b650000 	/usr/local/opt/ilmbase/lib/libIex-2_2.12.dylib
0x000000010b662000 	/usr/local/opt/ilmbase/lib/libHalf.12.dylib
0x000000010b6a6000 	/usr/local/opt/ilmbase/lib/libIlmThread-2_2.12.dylib
0x000000001309b000 	/System/Library/Frameworks/AVFoundation.framework/Versions/A/AVFoundation
0x000000001309b000 	/System/Library/Frameworks/CoreMedia.framework/Versions/A/CoreMedia
0x00000001096b2000 	/usr/local/opt/ilmbase/lib/libIexMath-2_2.12.dylib
0x000000001309b000 	/System/Library/Frameworks/AVFoundation.framework/Versions/A/Frameworks/AVFAudio.framework/Versions/A/AVFAudio
0x000000001309b000 	/System/Library/Frameworks/MediaToolbox.framework/Versions/A/MediaToolbox
0x000000001309b000 	/System/Library/Frameworks/VideoToolbox.framework/Versions/A/VideoToolbox
0x000000001309b000 	/System/Library/PrivateFrameworks/IntlPreferences.framework/Versions/A/IntlPreferences
0x000000001309b000 	/System/Library/Frameworks/CoreMediaIO.framework/Versions/A/CoreMediaIO
0x000000001309b000 	/usr/lib/libspindump.dylib
0x000000001309b000 	/usr/lib/libdscsym.dylib
0x000000001309b000 	/System/Library/PrivateFrameworks/CoreAVCHD.framework/Versions/A/CoreAVCHD
0x000000001309b000 	/System/Library/Frameworks/MediaAccessibility.framework/Versions/A/MediaAccessibility
0x000000001309b000 	/System/Library/PrivateFrameworks/Mangrove.framework/Versions/A/Mangrove
0x000000001309b000 	/System/Library/PrivateFrameworks/CoreAUC.framework/Versions/A/CoreAUC
0x000000001309b000 	/System/Library/PrivateFrameworks/AppleVA.framework/Versions/A/AppleVA
0x000000001309b000 	/System/Library/PrivateFrameworks/XPCService.framework/Versions/A/XPCService
0x000000001309b000 	/System/Library/PrivateFrameworks/AppSandbox.framework/Versions/A/AppSandbox
0x000000001309b000 	/usr/lib/libsandbox.1.dylib
0x000000001309b000 	/System/Library/PrivateFrameworks/AppContainer.framework/Versions/A/AppContainer
0x000000001309b000 	/System/Library/PrivateFrameworks/SecCodeWrapper.framework/Versions/A/SecCodeWrapper
0x000000001309b000 	/usr/lib/libMatch.1.dylib
0x000000010b6ae000 	/Library/Java/JavaVirtualMachines/jdk1.8.0_111.jdk/Contents/Home/jre/lib/libnet.dylib
0x000000010b8c5000 	/Library/Java/JavaVirtualMachines/jdk1.8.0_111.jdk/Contents/Home/jre/lib/libawt.dylib
0x000000010b96d000 	/Library/Java/JavaVirtualMachines/jdk1.8.0_111.jdk/Contents/Home/jre/lib/./libmlib_image.dylib
0x000000010ba39000 	/Library/Java/JavaVirtualMachines/jdk1.8.0_111.jdk/Contents/Home/jre/lib/libawt_lwawt.dylib
0x000000010baee000 	/Library/Java/JavaVirtualMachines/jdk1.8.0_111.jdk/Contents/Home/jre/lib/./libosxapp.dylib
0x000000001309b000 	/System/Library/Frameworks/ExceptionHandling.framework/Versions/A/ExceptionHandling
0x000000001309b000 	/System/Library/PrivateFrameworks/CoreServicesInternal.framework/Versions/A/CoreServicesInternal
0x000000001309b000 	/System/Library/CoreServices/RawCamera.bundle/Contents/MacOS/RawCamera
0x000000001309b000 	/System/Library/Frameworks/Accelerate.framework/Versions/A/Frameworks/vImage.framework/Versions/A/Libraries/libCGInterfaces.dylib
0x000000001309b000 	/System/Library/PrivateFrameworks/FamilyControls.framework/Versions/A/FamilyControls
0x000000001309b000 	/System/Library/PrivateFrameworks/CommerceKit.framework/Versions/A/Frameworks/CommerceCore.framework/Versions/A/CommerceCore
0x000000001309b000 	/System/Library/PrivateFrameworks/SystemAdministration.framework/Versions/A/SystemAdministration
0x000000001309b000 	/System/Library/Frameworks/DirectoryService.framework/Versions/A/DirectoryService
0x000000001309b000 	/System/Library/PrivateFrameworks/DiskImages.framework/Versions/A/DiskImages
0x000000001309b000 	/System/Library/PrivateFrameworks/LoginUIKit.framework/Versions/A/Frameworks/LoginUICore.framework/Versions/A/LoginUICore
0x000000001309b000 	/usr/lib/libCoreStorage.dylib
0x000000001309b000 	/usr/lib/libcsfde.dylib
0x000000001309b000 	/usr/lib/libodfde.dylib
0x000000001309b000 	/System/Library/Frameworks/DiscRecording.framework/Versions/A/DiscRecording
0x000000001309b000 	/usr/lib/libcurl.4.dylib
0x000000001309b000 	/System/Library/PrivateFrameworks/MediaKit.framework/Versions/A/MediaKit
0x000000001309b000 	/System/Library/PrivateFrameworks/ProtectedCloudStorage.framework/Versions/A/ProtectedCloudStorage
0x000000001309b000 	/System/Library/PrivateFrameworks/EFILogin.framework/Versions/A/EFILogin
0x000000001309b000 	/usr/lib/libutil.dylib
0x000000001309b000 	/System/Library/Frameworks/LDAP.framework/Versions/A/LDAP
0x000000001309b000 	/usr/lib/libsasl2.2.dylib
0x000000001309b000 	/System/Library/PrivateFrameworks/CoreDaemon.framework/Versions/B/CoreDaemon
0x000000001309b000 	/System/Library/PrivateFrameworks/AppleSRP.framework/Versions/A/AppleSRP
0x000000001309b000 	/System/Library/PrivateFrameworks/APFS.framework/Versions/A/APFS
0x000000010bfa7000 	/System/Library/Extensions/AppleHDA.kext/Contents/PlugIns/AppleHDAHALPlugIn.bundle/Contents/MacOS/AppleHDAHALPlugIn
0x000000010c627000 	/System/Library/Frameworks/CoreMediaIO.framework/Resources/VDC.plugin/Contents/MacOS/VDC
0x0000000124c60000 	/System/Library/Frameworks/CoreMediaIO.framework/Resources/CMIOUnits.bundle/Contents/MacOS/CMIOUnits
0x000000010c658000 	/System/Library/PrivateFrameworks/FWAVC.framework/Versions/A/FWAVC
0x000000001309b000 	/System/Library/PrivateFrameworks/AppleGVA.framework/Versions/A/AppleGVA
0x000000001309b000 	/System/Library/Frameworks/OpenGL.framework/Versions/A/Resources/GLEngine.bundle/GLEngine
0x000000001309b000 	/System/Library/Frameworks/OpenGL.framework/Versions/A/Libraries/libGLProgrammability.dylib
0x0000000127c8f000 	/System/Library/Extensions/AppleIntelHD3000GraphicsGLDriver.bundle/Contents/MacOS/AppleIntelHD3000GraphicsGLDriver
0x000000001309b000 	/System/Library/PrivateFrameworks/GPUSupport.framework/Versions/A/Libraries/libGPUSupport.dylib
0x000000001309b000 	/System/Library/Frameworks/OpenGL.framework/Versions/A/Resources/GLRendererFloat.bundle/GLRendererFloat
0x000000001309b000 	/System/Library/Frameworks/OpenCL.framework/Versions/A/Libraries/libcldcpuengine.dylib
0x000000001309b000 	/usr/lib/libcrypto.0.9.8.dylib
0x000000001309b000 	/System/Library/PrivateFrameworks/TrustEvaluationAgent.framework/Versions/A/TrustEvaluationAgent
0x0000000128525000 	/Library/Java/JavaVirtualMachines/jdk1.8.0_111.jdk/Contents/Home/jre/lib/libfontmanager.dylib
0x000000012858c000 	/Library/Java/JavaVirtualMachines/jdk1.8.0_111.jdk/Contents/Home/jre/lib/libosxui.dylib
0x000000001309b000 	/System/Library/Frameworks/ApplicationServices.framework/Versions/A/Frameworks/ATS.framework/Versions/A/Resources/libTrueTypeScaler.dylib

VM Arguments:
jvm_args: -Dfile.encoding=UTF-8 -XX:+TieredCompilation -XX:TieredStopAtLevel=1 -XX:-OmitStackTraceInFastThrow -Dclojure.compile.path=/Users/leytzher/Documents/clojure/clojurecv/target/classes -Dclojurecv.version=0.1.0-SNAPSHOT -Dclojure.debug=false -Djava.library.path=/Users/leytzher/Documents/clojure/clojurecv/target/native/macosx/x86_64 
java_command: clojure.main -i /private/var/folders/hs/rz7jrjjn4nn_wp57dlfldpyh0000gn/T/form-init856587593317298521.clj
java_class_path (initial): /Users/leytzher/Documents/clojure/clojurecv/test:/Users/leytzher/Documents/clojure/clojurecv/src:/Users/leytzher/Documents/clojure/clojurecv/dev-resources:/Users/leytzher/Documents/clojure/clojurecv/resources:/Users/leytzher/Documents/clojure/clojurecv/target/classes:/Users/leytzher/.m2/repository/org/apache/httpcomponents/httpcore/4.1.2/httpcore-4.1.2.jar:/Users/leytzher/.m2/repository/org/apache/httpcomponents/httpclient/4.1.2/httpclient-4.1.2.jar:/Users/leytzher/.m2/repository/org/clojure/clojure/1.8.0/clojure-1.8.0.jar:/Users/leytzher/.m2/repository/org/sonatype/aether/aether-spi/1.13.1/aether-spi-1.13.1.jar:/Users/leytzher/.m2/repository/org/apache/maven/wagon/wagon-http/2.2/wagon-http-2.2.jar:/Users/leytzher/.m2/repository/org/tcrawley/dynapath/0.2.3/dynapath-0.2.3.jar:/Users/leytzher/.m2/repository/org/sonatype/sisu/sisu-inject-bean/2.2.3/sisu-inject-bean-2.2.3.jar:/Users/leytzher/.m2/repository/commons-codec/commons-codec/1.4/commons-codec-1.4.jar:/Users/leytzher/.m2/repository/org/sonatype/aether/aether-api/1.13.1/aether-api-1.13.1.jar:/Users/leytzher/.m2/repository/opencv/opencv-native/2.4.13/opencv-native-2.4.13.jar:/Users/leytzher/.m2/repository/org/codehaus/plexus/plexus-component-annotations/1.5.5/plexus-component-annotations-1.5.5.jar:/Users/leytzher/.m2/repository/org/clojure/tools.nrepl/0.2.12/tools.nrepl-0.2.12.jar:/Users/leytzher/.m2/repository/org/jsoup/jsoup/1.6.1/jsoup-1.6.1.jar:/Users/leytzher/.m2/repository/org/apache/maven/wagon/wagon-http-shared4/2.2/wagon-http-shared4-2.2.jar:/Users/leytzher/.m2/repository/clojure-complete/clojure-complete/0.2.4/clojure-complete-0.2.4.jar:/Users/leytzher/.m2/repository/org/codehaus/plexus/plexus-classworlds/2.4/plexus-classworlds-2.4.jar:/Users/leytzher/.m2/repository/org/codehaus/plexus/plexus-interpolation/1.14/plexus-interpolation-1.14.jar:/Users/leytzher/.m2/repository/org/clojure/java.classpath/0.2.0/java.classpath-0.2.0.jar:/Users/leytzher/.m2/repository/org/sonatype/aeth
Launcher Type: SUN_STANDARD

Environment Variables:
CLASSPATH=/Users/leytzher/.lein/self-installs/leiningen-2.7.1-standalone.jar
PATH=/usr/local/bin:/Applications/MATLAB_R2016b.app:/Applications/Mathematica.app/Contents/SystemFiles/Links/MathLink/DeveloperKit/MacOSX-x86-64/CompilerAdditions:/Users/leytzher/ant/apache-ant-1.10.0/bin:/usr/local/bin:/Users/leytzher/Library/Haskell/bin:/usr/bin:/bin:/usr/sbin:/sbin:/usr/local/bin:/opt/X11/bin:/usr/local/share/dotnet:/Library/Frameworks/Mono.framework/Versions/Current/Commands:/Library/TeX/texbin:/Applications/MATLAB_R2016b.app:/Applications/Mathematica.app/Contents/SystemFiles/Links/MathLink/DeveloperKit/MacOSX-x86-64/CompilerAdditions:/Users/leytzher/ant/apache-ant-1.10.0/bin:/Users/leytzher/Library/Haskell/bin:/Applications/Emacs.app/Contents/MacOS/bin-x86_64-10_9:/Applications/Emacs.app/Contents/MacOS/libexec-x86_64-10_9:/Applications/Mathematica.app:/Applications/Mathematica.app
SHELL=/bin/bash
DISPLAY=/private/tmp/com.apple.launchd.LXr8zQmw8D/org.macosforge.xquartz:0

Signal Handlers:
SIGSEGV: [libjvm.dylib+0x5b03ed], sa_mask[0]=11111111011111110111111111111111, sa_flags=SA_ONSTACK|SA_RESTART|SA_SIGINFO
SIGBUS: [libjvm.dylib+0x5b03ed], sa_mask[0]=11111111011111110111111111111111, sa_flags=SA_RESTART|SA_SIGINFO
SIGFPE: [libjvm.dylib+0x48711c], sa_mask[0]=11111111011111110111111111111111, sa_flags=SA_RESTART|SA_SIGINFO
SIGPIPE: [libjvm.dylib+0x48711c], sa_mask[0]=11111111011111110111111111111111, sa_flags=SA_RESTART|SA_SIGINFO
SIGXFSZ: [libjvm.dylib+0x48711c], sa_mask[0]=11111111011111110111111111111111, sa_flags=SA_RESTART|SA_SIGINFO
SIGILL: [libjvm.dylib+0x48711c], sa_mask[0]=11111111011111110111111111111111, sa_flags=SA_RESTART|SA_SIGINFO
SIGUSR1: SIG_DFL, sa_mask[0]=11011111011111100000000111000110, sa_flags=none
SIGUSR2: [libjvm.dylib+0x486c3a], sa_mask[0]=00100000000000000000000000000000, sa_flags=SA_RESTART|SA_SIGINFO
SIGHUP: [libjvm.dylib+0x485211], sa_mask[0]=11111111011111110111111111111111, sa_flags=SA_RESTART|SA_SIGINFO
SIGINT: [libjvm.dylib+0x485211], sa_mask[0]=11111111011111110111111111111111, sa_flags=SA_RESTART|SA_SIGINFO
SIGTERM: [libjvm.dylib+0x485211], sa_mask[0]=11111111011111110111111111111111, sa_flags=SA_RESTART|SA_SIGINFO
SIGQUIT: [libjvm.dylib+0x485211], sa_mask[0]=11111111011111110111111111111111, sa_flags=SA_RESTART|SA_SIGINFO


---------------  S Y S T E M  ---------------

OS:Bsduname:Darwin 16.3.0 Darwin Kernel Version 16.3.0: Thu Nov 17 20:23:58 PST 2016; root:xnu-3789.31.2~1/RELEASE_X86_64 x86_64
rlimit: STACK 8515k, CORE 0k, NPROC 709, NOFILE 10240, AS infinity
load average:5.04 8.27 5.00

CPU:total 4 (2 cores per cpu, 2 threads per core) family 6 model 42 stepping 7, cmov, cx8, fxsr, mmx, sse, sse2, sse3, ssse3, sse4.1, sse4.2, popcnt, avx, aes, clmul, ht, tsc, tscinvbit

Memory: 4k page, physical 16777216k(3470984k free)

/proc/meminfo:


vm_info: Java HotSpot(TM) 64-Bit Server VM (25.111-b14) for bsd-amd64 JRE (1.8.0_111-b14), built on Sep 22 2016 15:31:41 by "java_re" with gcc 4.2.1 (Based on Apple Inc. build 5658) (LLVM build 2336.11.00)

time: Sun Jan 15 13:17:50 2017
elapsed time: 227 seconds (0d 0h 3m 47s)

