#
# A fatal error has been detected by the Java Runtime Environment:
#
#  SIGSEGV (0xb) at pc=0x00007fff8b37cf3b, pid=5864, tid=0x0000000000000307
#
# JRE version: Java(TM) SE Runtime Environment (8.0_111-b14) (build 1.8.0_111-b14)
# Java VM: Java HotSpot(TM) 64-Bit Server VM (25.111-b14 mixed mode bsd-amd64 compressed oops)
# Problematic frame:
# C  [libobjc.A.dylib+0x8f3b]  objc_release+0x1b
#
# Failed to write core dump. Core dumps have been disabled. To enable core dumping, try "ulimit -c unlimited" before starting Java again
#
# If you would like to submit a bug report, please visit:
#   http://bugreport.java.com/bugreport/crash.jsp
# The crash happened outside the Java Virtual Machine in native code.
# See problematic frame for where to report the bug.
#

---------------  T H R E A D  ---------------

Current thread (0x00007fe027c7d000):  JavaThread "AppKit Thread" daemon [_thread_in_native, id=775, stack(0x00007fff5b894180,0x00007fff5c0e5000)]

siginfo: si_signo: 11 (SIGSEGV), si_code: 1 (SEGV_MAPERR), si_addr: 0x0000000000000020

Registers:
RAX=0xe000000000000000, RBX=0x00007fe028299010, RCX=0x0000000000000000, RDX=0x000000000006cea0
RSP=0x00007fff5c0df5b8, RBP=0x00007fff5c0dfa00, RSI=0x00007fe026700000, RDI=0x00007fe0289cc9c0
R8 =0x0000000000000000, R9 =0x00007fe02677c800, R10=0x0000000000000001, R11=0x0000000000000001
R12=0x00007fe028299000, R13=0xa3a3a3a3a3a3a3a3, R14=0x00007fe028299060, R15=0x00007fe028299000
RIP=0x00007fff8b37cf3b, EFLAGS=0x0000000000010246, ERR=0x0000000000000004
  TRAPNO=0x000000000000000e

Top of Stack: (sp=0x00007fff5c0df5b8)
0x00007fff5c0df5b8:   00007fff8b37de60 00007fff72e98619
0x00007fff5c0df5c8:   00007fff72e94da8 00007fff72e93661
0x00007fff5c0df5d8:   0000000000000000 00007fe0289e4b50
0x00007fff5c0df5e8:   0000000000000000 00007fe0289d3380
0x00007fff5c0df5f8:   00007fff74db5d61 00007fe0289e4dc0
0x00007fff5c0df608:   0000000000000001 00007fe0289d46e0
0x00007fff5c0df618:   00007fe0289e7420 ffffffffffffffff
0x00007fff5c0df628:   00007fe0289e4df0 00007fe0289e4de0
0x00007fff5c0df638:   0000000000000000 0000000000000000
0x00007fff5c0df648:   0000000000000000 0000000000000000
0x00007fff5c0df658:   0000000000000000 0000000000000003
0x00007fff5c0df668:   00007fff5c0df720 00007fe0289d53a8
0x00007fff5c0df678:   0000000000000000 0000000000000000
0x00007fff5c0df688:   0000000000000000 0000000000000000
0x00007fff5c0df698:   0000000000000000 00007fff94a01cc8
0x00007fff5c0df6a8:   00007fff94a01480 00007fff5c0df708
0x00007fff5c0df6b8:   00007fe0289d3380 00007fe0289d5360
0x00007fff5c0df6c8:   0000000000000009 00007fff5c0df760
0x00007fff5c0df6d8:   00007fff8be034be 00007fe026576330
0x00007fff5c0df6e8:   00007fe0289d5360 0000000103b37000
0x00007fff5c0df6f8:   00007fe0289fc080 0000000000000d52
0x00007fff5c0df708:   0000000000000024 00007fff5c0df7a0
0x00007fff5c0df718:   00007fff8be034be 000020005c0df7b0
0x00007fff5c0df728:   00007fe0289d5250 0000000103b37000
0x00007fff5c0df738:   00007fe0289fc080 00007fe0289d5250
0x00007fff5c0df748:   00007fe0289d52d0 0000000000000008
0x00007fff5c0df758:   00000000289d5360 0000000000000080
0x00007fff5c0df768:   0000000000000008 00007fff5c0df800
0x00007fff5c0df778:   00007fff8be034be 0000000103b3aa00
0x00007fff5c0df788:   0000000000000008 0000000103b37000
0x00007fff5c0df798:   00007fe0289fc080 00007fe0289d5180
0x00007fff5c0df7a8:   00007fe0289d5200 0000000000000008 

Instructions: (pc=0x00007fff8b37cf3b)
0x00007fff8b37cf1b:   90 90 90 90 90 48 85 ff 74 67 40 f6 c7 01 75 61
0x00007fff8b37cf2b:   48 8b 07 48 b9 f8 ff ff ff ff 7f 00 00 48 21 c1
0x00007fff8b37cf3b:   f6 41 20 02 74 56 a8 01 74 48 48 b9 00 00 00 00
0x00007fff8b37cf4b:   00 00 00 01 48 ba 00 00 00 00 00 00 40 00 48 89 

Register to memory mapping:

RAX=0xe000000000000000 is an unknown value
RBX=0x00007fe028299010 is an unknown value
RCX=0x0000000000000000 is an unknown value
RDX=0x000000000006cea0 is an unknown value
RSP=0x00007fff5c0df5b8 is pointing into the stack for thread: 0x00007fe027c7d000
RBP=0x00007fff5c0dfa00 is pointing into the stack for thread: 0x00007fe027c7d000
RSI=0x00007fe026700000 is an unknown value
RDI=0x00007fe0289cc9c0 is an unknown value
R8 =0x0000000000000000 is an unknown value
R9 =0x00007fe02677c800 is an unknown value
R10=0x0000000000000001 is an unknown value
R11=0x0000000000000001 is an unknown value
R12=0x00007fe028299000 is an unknown value
R13=0xa3a3a3a3a3a3a3a3 is an unknown value
R14=0x00007fe028299060 is an unknown value
R15=0x00007fe028299000 is an unknown value


Stack: [0x00007fff5b894180,0x00007fff5c0e5000],  sp=0x00007fff5c0df5b8,  free space=8493k
Native frames: (J=compiled Java code, j=interpreted, Vv=VM code, C=native code)
C  [libobjc.A.dylib+0x8f3b]  objc_release+0x1b
C  [CoreFoundation+0x45106]  _CFAutoreleasePoolPop+0x16
C  [CoreFoundation+0x85665]  __CFRunLoopRun+0x8b5
C  [CoreFoundation+0x84b54]  CFRunLoopRunSpecific+0x1a4
C  [HIToolbox+0x30acc]  RunCurrentEventLoopInMode+0xf0
C  [HIToolbox+0x30901]  ReceiveNextEventCommon+0x1b0
C  [HIToolbox+0x30736]  _BlockUntilNextEventMatchingListInModeWithFilter+0x47
C  [AppKit+0x46ae4]  _DPSNextEvent+0x460
C  [AppKit+0x7c121f]  -[NSApplication(NSEvent) _nextEventMatchingEventMask:untilDate:inMode:dequeue:]+0xae5
C  [libosxapp.dylib+0x23aa]  -[NSApplicationAWT nextEventMatchingMask:untilDate:inMode:dequeue:]+0x7c
C  [AppKit+0x3b465]  -[NSApplication run]+0x39e
C  [libosxapp.dylib+0x214d]  +[NSApplicationAWT runAWTLoopWithApp:]+0x9c
C  [libawt_lwawt.dylib+0x444b3]  -[AWTStarter starter:]+0x389
C  [Foundation+0x7188a]  __NSThreadPerformPerform+0x146
C  [CoreFoundation+0xa48d1]  __CFRUNLOOP_IS_CALLING_OUT_TO_A_SOURCE0_PERFORM_FUNCTION__+0x11
C  [CoreFoundation+0x85c6c]  __CFRunLoopDoSources0+0x22c
C  [CoreFoundation+0x85156]  __CFRunLoopRun+0x3a6
C  [CoreFoundation+0x84b54]  CFRunLoopRunSpecific+0x1a4
C  [java+0x6465]  CreateExecutionEnvironment+0x367
C  [java+0x218c]  JLI_Launch+0x7a0
C  [java+0x84c2]  main+0x65
C  [java+0x19e4]  start+0x34
C  0x000000000000000e


---------------  P R O C E S S  ---------------

Java Threads: ( => current thread )
  0x00007fe0268e8000 JavaThread "nREPL-worker-4" daemon [_thread_blocked, id=49511, stack(0x0000700011684000,0x0000700011784000)]
  0x00007fe027d38800 JavaThread "clojure-agent-send-off-pool-8" [_thread_blocked, id=20187, stack(0x00007000114fe000,0x00007000115fe000)]
  0x00007fe0270ad000 JavaThread "clojure-agent-send-off-pool-7" [_thread_blocked, id=48415, stack(0x0000700010ee9000,0x0000700010fe9000)]
  0x00007fe027da7000 JavaThread "AWT-EventQueue-0" [_thread_blocked, id=80659, stack(0x0000700011b96000,0x0000700011c96000)]
  0x00007fe027216000 JavaThread "Java2D Disposer" daemon [_thread_blocked, id=71451, stack(0x0000700011a10000,0x0000700011b10000)]
  0x00007fe0278c7000 JavaThread "AWT-Shutdown" [_thread_blocked, id=67907, stack(0x000070001190d000,0x0000700011a0d000)]
  0x00007fe0278c6800 JavaThread "Java2D Queue Flusher" daemon [_thread_blocked, id=68359, stack(0x00007000112f5000,0x00007000113f5000)]
=>0x00007fe027c7d000 JavaThread "AppKit Thread" daemon [_thread_in_native, id=775, stack(0x00007fff5b894180,0x00007fff5c0e5000)]
  0x00007fe02695e000 JavaThread "clojure-agent-send-off-pool-3" [_thread_in_native, id=21251, stack(0x00007000111f2000,0x00007000112f2000)]
  0x00007fe02739c800 JavaThread "clojure-agent-send-off-pool-2" [_thread_blocked, id=20739, stack(0x00007000110ef000,0x00007000111ef000)]
  0x00007fe027b72800 JavaThread "clojure-agent-send-off-pool-1" [_thread_in_native, id=20227, stack(0x0000700010fec000,0x00007000110ec000)]
  0x00007fe026815800 JavaThread "Service Thread" daemon [_thread_blocked, id=18691, stack(0x0000700010ce3000,0x0000700010de3000)]
  0x00007fe02703e000 JavaThread "C1 CompilerThread2" daemon [_thread_blocked, id=18179, stack(0x0000700010be0000,0x0000700010ce0000)]
  0x00007fe02703d000 JavaThread "C2 CompilerThread1" daemon [_thread_blocked, id=17667, stack(0x0000700010add000,0x0000700010bdd000)]
  0x00007fe02703b800 JavaThread "C2 CompilerThread0" daemon [_thread_blocked, id=17155, stack(0x00007000109da000,0x0000700010ada000)]
  0x00007fe027038000 JavaThread "Signal Dispatcher" daemon [_thread_blocked, id=16643, stack(0x00007000108d7000,0x00007000109d7000)]
  0x00007fe027824800 JavaThread "Finalizer" daemon [_thread_blocked, id=12547, stack(0x00007000107d4000,0x00007000108d4000)]
  0x00007fe027822000 JavaThread "Reference Handler" daemon [_thread_blocked, id=12035, stack(0x00007000106d1000,0x00007000107d1000)]
  0x00007fe027802000 JavaThread "main" [_thread_blocked, id=7171, stack(0x00007000100bf000,0x00007000101bf000)]

Other Threads:
  0x00007fe02781d000 VMThread [stack: 0x00007000105ce000,0x00007000106ce000] [id=11523]
  0x00007fe026814000 WatcherThread [stack: 0x0000700010de6000,0x0000700010ee6000] [id=19203]

VM state:not at safepoint (normal execution)

VM Mutex/Monitor currently owned by a thread: None

Heap:
 PSYoungGen      total 436224K, used 29113K [0x000000076ab00000, 0x0000000788380000, 0x00000007c0000000)
  eden space 412672K, 1% used [0x000000076ab00000,0x000000076b0b7c48,0x0000000783e00000)
  from space 23552K, 98% used [0x0000000786c80000,0x0000000788336aa0,0x0000000788380000)
  to   space 34816K, 0% used [0x0000000783f80000,0x0000000783f80000,0x0000000786180000)
 ParOldGen       total 113152K, used 48501K [0x00000006c0000000, 0x00000006c6e80000, 0x000000076ab00000)
  object space 113152K, 42% used [0x00000006c0000000,0x00000006c2f5d7d0,0x00000006c6e80000)
 Metaspace       used 30650K, capacity 34589K, committed 34688K, reserved 1077248K
  class space    used 6446K, capacity 7808K, committed 7808K, reserved 1048576K

Card table byte_map: [0x0000000105761000,0x0000000105f62000] byte_map_base: 0x0000000102161000

Marking Bits: (ParMarkBitMap*) 0x0000000104cefd20
 Begin Bits: [0x0000000115f82000, 0x0000000119f82000)
 End Bits:   [0x0000000119f82000, 0x000000011df82000)

Polling page: 0x0000000103bdb000

CodeCache: size=245760Kb used=9910Kb max_used=9910Kb free=235849Kb
 bounds [0x0000000106f82000, 0x0000000107932000, 0x0000000115f82000]
 total_blobs=5199 nmethods=4464 adapters=647
 compilation: enabled

Compilation events (10 events):
Event: 671.955 Thread 0x00007fe02703e000 4478       1       java.util.ArrayList$SubList::size (9 bytes)
Event: 671.956 Thread 0x00007fe02703e000 nmethod 4478 0x0000000107597c90 code [0x0000000107597e00, 0x0000000107597f88]
Event: 671.956 Thread 0x00007fe02703e000 4479       1       java.util.ArrayList$SubList::iterator (5 bytes)
Event: 671.956 Thread 0x00007fe02703e000 nmethod 4479 0x00000001075974d0 code [0x0000000107597660, 0x0000000107597978]
Event: 671.956 Thread 0x00007fe02703e000 4480       1       java.util.ArrayList$SubList::listIterator (25 bytes)
Event: 671.956 Thread 0x00007fe02703e000 nmethod 4480 0x0000000107596e10 code [0x0000000107596fa0, 0x0000000107597298]
Event: 671.956 Thread 0x00007fe02703e000 4481       1       java.util.ArrayList$SubList::rangeCheckForAdd (26 bytes)
Event: 671.999 Thread 0x00007fe02703e000 nmethod 4481 0x0000000107596510 code [0x00000001075966c0, 0x0000000107596af8]
Event: 671.999 Thread 0x00007fe02703e000 4482       1       java.util.ArrayList$SubList$1::<init> (47 bytes)
Event: 671.999 Thread 0x00007fe02703e000 nmethod 4482 0x000000010792fd50 code [0x000000010792fea0, 0x000000010792fff0]

GC Heap History (10 events):
Event: 3.375 GC heap before
{Heap before GC invocations=7 (full 1):
 PSYoungGen      total 141824K, used 131072K [0x000000076ab00000, 0x000000077cc00000, 0x00000007c0000000)
  eden space 131072K, 100% used [0x000000076ab00000,0x0000000772b00000,0x0000000772b00000)
  from space 10752K, 0% used [0x0000000772b00000,0x0000000772b00000,0x0000000773580000)
  to   space 16896K, 0% used [0x000000077bb80000,0x000000077bb80000,0x000000077cc00000)
 ParOldGen       total 113152K, used 17443K [0x00000006c0000000, 0x00000006c6e80000, 0x000000076ab00000)
  object space 113152K, 15% used [0x00000006c0000000,0x00000006c1108e60,0x00000006c6e80000)
 Metaspace       used 25516K, capacity 29017K, committed 29312K, reserved 1071104K
  class space    used 5733K, capacity 7014K, committed 7040K, reserved 1048576K
Event: 3.390 GC heap after
Heap after GC invocations=7 (full 1):
 PSYoungGen      total 219648K, used 12665K [0x000000076ab00000, 0x000000077c800000, 0x00000007c0000000)
  eden space 206848K, 0% used [0x000000076ab00000,0x000000076ab00000,0x0000000777500000)
  from space 12800K, 98% used [0x000000077bb80000,0x000000077c7de788,0x000000077c800000)
  to   space 17408K, 0% used [0x000000077a600000,0x000000077a600000,0x000000077b700000)
 ParOldGen       total 113152K, used 17451K [0x00000006c0000000, 0x00000006c6e80000, 0x000000076ab00000)
  object space 113152K, 15% used [0x00000006c0000000,0x00000006c110ae60,0x00000006c6e80000)
 Metaspace       used 25516K, capacity 29017K, committed 29312K, reserved 1071104K
  class space    used 5733K, capacity 7014K, committed 7040K, reserved 1048576K
}
Event: 4.168 GC heap before
{Heap before GC invocations=8 (full 1):
 PSYoungGen      total 219648K, used 219513K [0x000000076ab00000, 0x000000077c800000, 0x00000007c0000000)
  eden space 206848K, 100% used [0x000000076ab00000,0x0000000777500000,0x0000000777500000)
  from space 12800K, 98% used [0x000000077bb80000,0x000000077c7de788,0x000000077c800000)
  to   space 17408K, 0% used [0x000000077a600000,0x000000077a600000,0x000000077b700000)
 ParOldGen       total 113152K, used 17451K [0x00000006c0000000, 0x00000006c6e80000, 0x000000076ab00000)
  object space 113152K, 15% used [0x00000006c0000000,0x00000006c110ae60,0x00000006c6e80000)
 Metaspace       used 25731K, capacity 29277K, committed 29312K, reserved 1071104K
  class space    used 5750K, capacity 7033K, committed 7040K, reserved 1048576K
Event: 4.203 GC heap after
Heap after GC invocations=8 (full 1):
 PSYoungGen      total 274432K, used 17402K [0x000000076ab00000, 0x0000000781880000, 0x00000007c0000000)
  eden space 257024K, 0% used [0x000000076ab00000,0x000000076ab00000,0x000000077a600000)
  from space 17408K, 99% used [0x000000077a600000,0x000000077b6fe830,0x000000077b700000)
  to   space 23552K, 0% used [0x0000000780180000,0x0000000780180000,0x0000000781880000)
 ParOldGen       total 113152K, used 25136K [0x00000006c0000000, 0x00000006c6e80000, 0x000000076ab00000)
  object space 113152K, 22% used [0x00000006c0000000,0x00000006c188c388,0x00000006c6e80000)
 Metaspace       used 25731K, capacity 29277K, committed 29312K, reserved 1071104K
  class space    used 5750K, capacity 7033K, committed 7040K, reserved 1048576K
}
Event: 4.987 GC heap before
{Heap before GC invocations=9 (full 1):
 PSYoungGen      total 274432K, used 274426K [0x000000076ab00000, 0x0000000781880000, 0x00000007c0000000)
  eden space 257024K, 100% used [0x000000076ab00000,0x000000077a600000,0x000000077a600000)
  from space 17408K, 99% used [0x000000077a600000,0x000000077b6fe830,0x000000077b700000)
  to   space 23552K, 0% used [0x0000000780180000,0x0000000780180000,0x0000000781880000)
 ParOldGen       total 113152K, used 25136K [0x00000006c0000000, 0x00000006c6e80000, 0x000000076ab00000)
  object space 113152K, 22% used [0x00000006c0000000,0x00000006c188c388,0x00000006c6e80000)
 Metaspace       used 25804K, capacity 29277K, committed 29312K, reserved 1071104K
  class space    used 5762K, capacity 7033K, committed 7040K, reserved 1048576K
Event: 5.037 GC heap after
Heap after GC invocations=9 (full 1):
 PSYoungGen      total 343040K, used 23550K [0x000000076ab00000, 0x0000000787c80000, 0x00000007c0000000)
  eden space 319488K, 0% used [0x000000076ab00000,0x000000076ab00000,0x000000077e300000)
  from space 23552K, 99% used [0x0000000780180000,0x000000078187fb08,0x0000000781880000)
  to   space 31232K, 0% used [0x000000077e300000,0x000000077e300000,0x0000000780180000)
 ParOldGen       total 113152K, used 34918K [0x00000006c0000000, 0x00000006c6e80000, 0x000000076ab00000)
  object space 113152K, 30% used [0x00000006c0000000,0x00000006c22198f0,0x00000006c6e80000)
 Metaspace       used 25804K, capacity 29277K, committed 29312K, reserved 1071104K
  class space    used 5762K, capacity 7033K, committed 7040K, reserved 1048576K
}
Event: 11.055 GC heap before
{Heap before GC invocations=10 (full 1):
 PSYoungGen      total 343040K, used 343038K [0x000000076ab00000, 0x0000000787c80000, 0x00000007c0000000)
  eden space 319488K, 100% used [0x000000076ab00000,0x000000077e300000,0x000000077e300000)
  from space 23552K, 99% used [0x0000000780180000,0x000000078187fb08,0x0000000781880000)
  to   space 31232K, 0% used [0x000000077e300000,0x000000077e300000,0x0000000780180000)
 ParOldGen       total 113152K, used 34918K [0x00000006c0000000, 0x00000006c6e80000, 0x000000076ab00000)
  object space 113152K, 30% used [0x00000006c0000000,0x00000006c22198f0,0x00000006c6e80000)
 Metaspace       used 25901K, capacity 29449K, committed 29696K, reserved 1071104K
  class space    used 5771K, capacity 7065K, committed 7168K, reserved 1048576K
Event: 11.108 GC heap after
Heap after GC invocations=10 (full 1):
 PSYoungGen      total 350720K, used 25975K [0x000000076ab00000, 0x0000000788d80000, 0x00000007c0000000)
  eden space 319488K, 0% used [0x000000076ab00000,0x000000076ab00000,0x000000077e300000)
  from space 31232K, 83% used [0x000000077e300000,0x000000077fc5ded8,0x0000000780180000)
  to   space 33792K, 0% used [0x0000000786c80000,0x0000000786c80000,0x0000000788d80000)
 ParOldGen       total 113152K, used 44746K [0x00000006c0000000, 0x00000006c6e80000, 0x000000076ab00000)
  object space 113152K, 39% used [0x00000006c0000000,0x00000006c2bb2970,0x00000006c6e80000)
 Metaspace       used 25901K, capacity 29449K, committed 29696K, reserved 1071104K
  class space    used 5771K, capacity 7065K, committed 7168K, reserved 1048576K
}
Event: 671.957 GC heap before
{Heap before GC invocations=11 (full 1):
 PSYoungGen      total 350720K, used 345463K [0x000000076ab00000, 0x0000000788d80000, 0x00000007c0000000)
  eden space 319488K, 100% used [0x000000076ab00000,0x000000077e300000,0x000000077e300000)
  from space 31232K, 83% used [0x000000077e300000,0x000000077fc5ded8,0x0000000780180000)
  to   space 33792K, 0% used [0x0000000786c80000,0x0000000786c80000,0x0000000788d80000)
 ParOldGen       total 113152K, used 44746K [0x00000006c0000000, 0x00000006c6e80000, 0x000000076ab00000)
  object space 113152K, 39% used [0x00000006c0000000,0x00000006c2bb2970,0x00000006c6e80000)
 Metaspace       used 30650K, capacity 34589K, committed 34688K, reserved 1077248K
  class space    used 6446K, capacity 7808K, committed 7808K, reserved 1048576K
Event: 671.999 GC heap after
Heap after GC invocations=11 (full 1):
 PSYoungGen      total 436224K, used 23258K [0x000000076ab00000, 0x0000000788380000, 0x00000007c0000000)
  eden space 412672K, 0% used [0x000000076ab00000,0x000000076ab00000,0x0000000783e00000)
  from space 23552K, 98% used [0x0000000786c80000,0x0000000788336aa0,0x0000000788380000)
  to   space 34816K, 0% used [0x0000000783f80000,0x0000000783f80000,0x0000000786180000)
 ParOldGen       total 113152K, used 48501K [0x00000006c0000000, 0x00000006c6e80000, 0x000000076ab00000)
  object space 113152K, 42% used [0x00000006c0000000,0x00000006c2f5d7d0,0x00000006c6e80000)
 Metaspace       used 30650K, capacity 34589K, committed 34688K, reserved 1077248K
  class space    used 6446K, capacity 7808K, committed 7808K, reserved 1048576K
}

Deoptimization events (0 events):
No events

Internal exceptions (10 events):
Event: 655.225 Thread 0x00007fe027d38800 Exception <a 'java/lang/ClassNotFoundException': > (0x000000077de1ad80) thrown at [/Users/java_re/workspace/8-2-build-macosx-x86_64/jdk8u111/7883/hotspot/src/share/vm/prims/jni.cpp, line 735]
Event: 655.225 Thread 0x00007fe027d38800 Exception <a 'java/lang/ClassNotFoundException': > (0x000000077de1baa8) thrown at [/Users/java_re/workspace/8-2-build-macosx-x86_64/jdk8u111/7883/hotspot/src/share/vm/prims/jni.cpp, line 735]
Event: 655.225 Thread 0x00007fe027d38800 Exception <a 'java/lang/ClassNotFoundException': > (0x000000077de1ca40) thrown at [/Users/java_re/workspace/8-2-build-macosx-x86_64/jdk8u111/7883/hotspot/src/share/vm/prims/jni.cpp, line 735]
Event: 655.225 Thread 0x00007fe027d38800 Exception <a 'java/lang/ClassNotFoundException': > (0x000000077de1d608) thrown at [/Users/java_re/workspace/8-2-build-macosx-x86_64/jdk8u111/7883/hotspot/src/share/vm/prims/jni.cpp, line 735]
Event: 655.226 Thread 0x00007fe027d38800 Exception <a 'java/lang/ClassNotFoundException': > (0x000000077de1e308) thrown at [/Users/java_re/workspace/8-2-build-macosx-x86_64/jdk8u111/7883/hotspot/src/share/vm/prims/jni.cpp, line 735]
Event: 655.226 Thread 0x00007fe027d38800 Exception <a 'java/lang/ClassNotFoundException': > (0x000000077de1eed0) thrown at [/Users/java_re/workspace/8-2-build-macosx-x86_64/jdk8u111/7883/hotspot/src/share/vm/prims/jni.cpp, line 735]
Event: 655.226 Thread 0x00007fe027d38800 Exception <a 'java/lang/ClassNotFoundException': > (0x000000077de1fe40) thrown at [/Users/java_re/workspace/8-2-build-macosx-x86_64/jdk8u111/7883/hotspot/src/share/vm/prims/jni.cpp, line 735]
Event: 655.226 Thread 0x00007fe027d38800 Exception <a 'java/lang/ClassNotFoundException': > (0x000000077de20c78) thrown at [/Users/java_re/workspace/8-2-build-macosx-x86_64/jdk8u111/7883/hotspot/src/share/vm/prims/jni.cpp, line 735]
Event: 671.944 Thread 0x00007fe0268e8000 Exception <a 'java/lang/ClassCastException': org.opencv.highgui.VideoCapture cannot be cast to clojure.lang.IFn> (0x000000077deb6a48) thrown at [/Users/java_re/workspace/8-2-build-macosx-x86_64/jdk8u111/7883/hotspot/src/share/vm/interpreter/interpreterRun
Event: 672.002 Thread 0x00007fe027824800 Exception <a 'java/lang/NullPointerException'> (0x000000076ae192b0) thrown at [/Users/java_re/workspace/8-2-build-macosx-x86_64/jdk8u111/7883/hotspot/src/share/vm/interpreter/linkResolver.cpp, line 1178]

Events (10 events):
Event: 672.002 Executing VM operation: RevokeBias
Event: 672.002 Executing VM operation: RevokeBias done
Event: 672.002 Executing VM operation: RevokeBias
Event: 672.002 Executing VM operation: RevokeBias done
Event: 672.002 Executing VM operation: BulkRevokeBias
Event: 672.002 Executing VM operation: BulkRevokeBias done
Event: 672.002 Executing VM operation: RevokeBias
Event: 672.002 Executing VM operation: RevokeBias done
Event: 672.002 Executing VM operation: BulkRevokeBias
Event: 672.002 Executing VM operation: BulkRevokeBias done


Dynamic libraries:
0x000000000115b000 	/System/Library/Frameworks/Cocoa.framework/Versions/A/Cocoa
0x000000000115b000 	/System/Library/Frameworks/Security.framework/Versions/A/Security
0x000000000115b000 	/System/Library/Frameworks/ApplicationServices.framework/Versions/A/ApplicationServices
0x000000000115b000 	/usr/lib/libz.1.dylib
0x000000000115b000 	/usr/lib/libSystem.B.dylib
0x000000000115b000 	/usr/lib/libobjc.A.dylib
0x000000000115b000 	/System/Library/Frameworks/CoreFoundation.framework/Versions/A/CoreFoundation
0x000000000115b000 	/System/Library/Frameworks/Foundation.framework/Versions/C/Foundation
0x000000000115b000 	/System/Library/Frameworks/AppKit.framework/Versions/C/AppKit
0x000000000115b000 	/System/Library/Frameworks/CoreData.framework/Versions/A/CoreData
0x000000000115b000 	/System/Library/PrivateFrameworks/RemoteViewServices.framework/Versions/A/RemoteViewServices
0x000000000115b000 	/System/Library/PrivateFrameworks/UIFoundation.framework/Versions/A/UIFoundation
0x000000000115b000 	/System/Library/PrivateFrameworks/DFRFoundation.framework/Versions/A/DFRFoundation
0x000000000115b000 	/usr/lib/libenergytrace.dylib
0x000000000115b000 	/System/Library/PrivateFrameworks/SkyLight.framework/Versions/A/SkyLight
0x000000000115b000 	/System/Library/Frameworks/CoreGraphics.framework/Versions/A/CoreGraphics
0x000000000115b000 	/usr/lib/libScreenReader.dylib
0x000000000115b000 	/System/Library/Frameworks/Accelerate.framework/Versions/A/Accelerate
0x000000000115b000 	/System/Library/Frameworks/IOSurface.framework/Versions/A/IOSurface
0x000000000115b000 	/System/Library/Frameworks/AudioToolbox.framework/Versions/A/AudioToolbox
0x000000000115b000 	/System/Library/Frameworks/AudioUnit.framework/Versions/A/AudioUnit
0x000000000115b000 	/System/Library/PrivateFrameworks/DataDetectorsCore.framework/Versions/A/DataDetectorsCore
0x000000000115b000 	/System/Library/PrivateFrameworks/DesktopServicesPriv.framework/Versions/A/DesktopServicesPriv
0x000000000115b000 	/System/Library/Frameworks/Carbon.framework/Versions/A/Frameworks/HIToolbox.framework/Versions/A/HIToolbox
0x000000000115b000 	/usr/lib/libicucore.A.dylib
0x000000000115b000 	/System/Library/Frameworks/QuartzCore.framework/Versions/A/QuartzCore
0x000000000115b000 	/System/Library/Frameworks/Carbon.framework/Versions/A/Frameworks/SpeechRecognition.framework/Versions/A/SpeechRecognition
0x000000000115b000 	/usr/lib/libauto.dylib
0x000000000115b000 	/usr/lib/libxml2.2.dylib
0x000000000115b000 	/System/Library/PrivateFrameworks/CoreUI.framework/Versions/A/CoreUI
0x000000000115b000 	/System/Library/Frameworks/CoreAudio.framework/Versions/A/CoreAudio
0x000000000115b000 	/System/Library/Frameworks/DiskArbitration.framework/Versions/A/DiskArbitration
0x000000000115b000 	/usr/lib/liblangid.dylib
0x000000000115b000 	/System/Library/PrivateFrameworks/MultitouchSupport.framework/Versions/A/MultitouchSupport
0x000000000115b000 	/System/Library/Frameworks/IOKit.framework/Versions/A/IOKit
0x000000000115b000 	/usr/lib/libDiagnosticMessagesClient.dylib
0x000000000115b000 	/System/Library/Frameworks/CoreServices.framework/Versions/A/CoreServices
0x000000000115b000 	/System/Library/PrivateFrameworks/PerformanceAnalysis.framework/Versions/A/PerformanceAnalysis
0x000000000115b000 	/System/Library/PrivateFrameworks/GenerationalStorage.framework/Versions/A/GenerationalStorage
0x000000000115b000 	/System/Library/Frameworks/OpenGL.framework/Versions/A/OpenGL
0x000000000115b000 	/System/Library/Frameworks/CoreImage.framework/Versions/A/CoreImage
0x000000000115b000 	/System/Library/Frameworks/CoreText.framework/Versions/A/CoreText
0x000000000115b000 	/System/Library/Frameworks/ImageIO.framework/Versions/A/ImageIO
0x000000000115b000 	/System/Library/PrivateFrameworks/Backup.framework/Versions/A/Backup
0x000000000115b000 	/usr/lib/libarchive.2.dylib
0x000000000115b000 	/System/Library/Frameworks/CFNetwork.framework/Versions/A/CFNetwork
0x000000000115b000 	/System/Library/Frameworks/SystemConfiguration.framework/Versions/A/SystemConfiguration
0x000000000115b000 	/usr/lib/libCRFSuite.dylib
0x000000000115b000 	/usr/lib/libc++.1.dylib
0x000000000115b000 	/usr/lib/libc++abi.dylib
0x000000000115b000 	/usr/lib/system/libcache.dylib
0x000000000115b000 	/usr/lib/system/libcommonCrypto.dylib
0x000000000115b000 	/usr/lib/system/libcompiler_rt.dylib
0x000000000115b000 	/usr/lib/system/libcopyfile.dylib
0x000000000115b000 	/usr/lib/system/libcorecrypto.dylib
0x000000000115b000 	/usr/lib/system/libdispatch.dylib
0x000000000115b000 	/usr/lib/system/libdyld.dylib
0x000000000115b000 	/usr/lib/system/libkeymgr.dylib
0x000000000115b000 	/usr/lib/system/liblaunch.dylib
0x000000000115b000 	/usr/lib/system/libmacho.dylib
0x000000000115b000 	/usr/lib/system/libquarantine.dylib
0x000000000115b000 	/usr/lib/system/libremovefile.dylib
0x000000000115b000 	/usr/lib/system/libsystem_asl.dylib
0x000000000115b000 	/usr/lib/system/libsystem_blocks.dylib
0x000000000115b000 	/usr/lib/system/libsystem_c.dylib
0x000000000115b000 	/usr/lib/system/libsystem_configuration.dylib
0x000000000115b000 	/usr/lib/system/libsystem_coreservices.dylib
0x000000000115b000 	/usr/lib/system/libsystem_coretls.dylib
0x000000000115b000 	/usr/lib/system/libsystem_dnssd.dylib
0x000000000115b000 	/usr/lib/system/libsystem_info.dylib
0x000000000115b000 	/usr/lib/system/libsystem_kernel.dylib
0x000000000115b000 	/usr/lib/system/libsystem_m.dylib
0x000000000115b000 	/usr/lib/system/libsystem_malloc.dylib
0x000000000115b000 	/usr/lib/system/libsystem_network.dylib
0x000000000115b000 	/usr/lib/system/libsystem_networkextension.dylib
0x000000000115b000 	/usr/lib/system/libsystem_notify.dylib
0x000000000115b000 	/usr/lib/system/libsystem_platform.dylib
0x000000000115b000 	/usr/lib/system/libsystem_pthread.dylib
0x000000000115b000 	/usr/lib/system/libsystem_sandbox.dylib
0x000000000115b000 	/usr/lib/system/libsystem_secinit.dylib
0x000000000115b000 	/usr/lib/system/libsystem_symptoms.dylib
0x000000000115b000 	/usr/lib/system/libsystem_trace.dylib
0x000000000115b000 	/usr/lib/system/libunwind.dylib
0x000000000115b000 	/usr/lib/system/libxpc.dylib
0x000000000115b000 	/usr/lib/libbsm.0.dylib
0x000000000115b000 	/usr/lib/system/libkxld.dylib
0x000000000115b000 	/usr/lib/libcoretls.dylib
0x000000000115b000 	/usr/lib/libcoretls_cfhelpers.dylib
0x000000000115b000 	/usr/lib/libxar.1.dylib
0x000000000115b000 	/usr/lib/libsqlite3.dylib
0x000000000115b000 	/usr/lib/libpam.2.dylib
0x000000000115b000 	/usr/lib/libOpenScriptingUtil.dylib
0x000000000115b000 	/usr/lib/libbz2.1.0.dylib
0x000000000115b000 	/usr/lib/liblzma.5.dylib
0x000000000115b000 	/usr/lib/libnetwork.dylib
0x000000000115b000 	/usr/lib/libpcap.A.dylib
0x000000000115b000 	/System/Library/Frameworks/CoreServices.framework/Versions/A/Frameworks/FSEvents.framework/Versions/A/FSEvents
0x000000000115b000 	/System/Library/Frameworks/CoreServices.framework/Versions/A/Frameworks/CarbonCore.framework/Versions/A/CarbonCore
0x000000000115b000 	/System/Library/Frameworks/CoreServices.framework/Versions/A/Frameworks/Metadata.framework/Versions/A/Metadata
0x000000000115b000 	/System/Library/Frameworks/CoreServices.framework/Versions/A/Frameworks/OSServices.framework/Versions/A/OSServices
0x000000000115b000 	/System/Library/Frameworks/CoreServices.framework/Versions/A/Frameworks/SearchKit.framework/Versions/A/SearchKit
0x000000000115b000 	/System/Library/Frameworks/CoreServices.framework/Versions/A/Frameworks/AE.framework/Versions/A/AE
0x000000000115b000 	/System/Library/Frameworks/CoreServices.framework/Versions/A/Frameworks/LaunchServices.framework/Versions/A/LaunchServices
0x000000000115b000 	/System/Library/Frameworks/CoreServices.framework/Versions/A/Frameworks/DictionaryServices.framework/Versions/A/DictionaryServices
0x000000000115b000 	/System/Library/Frameworks/CoreServices.framework/Versions/A/Frameworks/SharedFileList.framework/Versions/A/SharedFileList
0x000000000115b000 	/System/Library/Frameworks/NetFS.framework/Versions/A/NetFS
0x000000000115b000 	/System/Library/PrivateFrameworks/NetAuth.framework/Versions/A/NetAuth
0x000000000115b000 	/System/Library/PrivateFrameworks/login.framework/Versions/A/Frameworks/loginsupport.framework/Versions/A/loginsupport
0x000000000115b000 	/System/Library/PrivateFrameworks/TCC.framework/Versions/A/TCC
0x000000000115b000 	/usr/lib/libmecabra.dylib
0x000000000115b000 	/System/Library/Frameworks/ApplicationServices.framework/Versions/A/Frameworks/ATS.framework/Versions/A/ATS
0x000000000115b000 	/System/Library/Frameworks/ApplicationServices.framework/Versions/A/Frameworks/ColorSync.framework/Versions/A/ColorSync
0x000000000115b000 	/System/Library/Frameworks/ApplicationServices.framework/Versions/A/Frameworks/HIServices.framework/Versions/A/HIServices
0x000000000115b000 	/System/Library/Frameworks/ApplicationServices.framework/Versions/A/Frameworks/LangAnalysis.framework/Versions/A/LangAnalysis
0x000000000115b000 	/System/Library/Frameworks/ApplicationServices.framework/Versions/A/Frameworks/PrintCore.framework/Versions/A/PrintCore
0x000000000115b000 	/System/Library/Frameworks/ApplicationServices.framework/Versions/A/Frameworks/QD.framework/Versions/A/QD
0x000000000115b000 	/System/Library/Frameworks/ApplicationServices.framework/Versions/A/Frameworks/SpeechSynthesis.framework/Versions/A/SpeechSynthesis
0x000000000115b000 	/System/Library/Frameworks/Accelerate.framework/Versions/A/Frameworks/vImage.framework/Versions/A/vImage
0x000000000115b000 	/System/Library/Frameworks/Accelerate.framework/Versions/A/Frameworks/vecLib.framework/Versions/A/vecLib
0x000000000115b000 	/System/Library/Frameworks/Accelerate.framework/Versions/A/Frameworks/vecLib.framework/Versions/A/libvDSP.dylib
0x000000000115b000 	/System/Library/Frameworks/Accelerate.framework/Versions/A/Frameworks/vecLib.framework/Versions/A/libBNNS.dylib
0x000000000115b000 	/System/Library/Frameworks/Accelerate.framework/Versions/A/Frameworks/vecLib.framework/Versions/A/libQuadrature.dylib
0x000000000115b000 	/System/Library/Frameworks/Accelerate.framework/Versions/A/Frameworks/vecLib.framework/Versions/A/libvMisc.dylib
0x000000000115b000 	/System/Library/Frameworks/Accelerate.framework/Versions/A/Frameworks/vecLib.framework/Versions/A/libLAPACK.dylib
0x000000000115b000 	/System/Library/Frameworks/Accelerate.framework/Versions/A/Frameworks/vecLib.framework/Versions/A/libBLAS.dylib
0x000000000115b000 	/System/Library/Frameworks/Accelerate.framework/Versions/A/Frameworks/vecLib.framework/Versions/A/libLinearAlgebra.dylib
0x000000000115b000 	/System/Library/Frameworks/Accelerate.framework/Versions/A/Frameworks/vecLib.framework/Versions/A/libSparseBLAS.dylib
0x000000000115b000 	/System/Library/Frameworks/ApplicationServices.framework/Versions/A/Frameworks/ATS.framework/Versions/A/Resources/libFontParser.dylib
0x000000000115b000 	/System/Library/Frameworks/ApplicationServices.framework/Versions/A/Frameworks/ATS.framework/Versions/A/Resources/libFontRegistry.dylib
0x000000000115b000 	/System/Library/Frameworks/ImageIO.framework/Versions/A/Resources/libJPEG.dylib
0x000000000115b000 	/System/Library/Frameworks/ImageIO.framework/Versions/A/Resources/libTIFF.dylib
0x000000000115b000 	/System/Library/Frameworks/ImageIO.framework/Versions/A/Resources/libPng.dylib
0x000000000115b000 	/System/Library/Frameworks/ImageIO.framework/Versions/A/Resources/libGIF.dylib
0x000000000115b000 	/System/Library/Frameworks/ImageIO.framework/Versions/A/Resources/libJP2.dylib
0x000000000115b000 	/System/Library/Frameworks/ImageIO.framework/Versions/A/Resources/libRadiance.dylib
0x000000000115b000 	/usr/lib/libcompression.dylib
0x000000000115b000 	/System/Library/PrivateFrameworks/AppleJPEG.framework/Versions/A/AppleJPEG
0x000000000115b000 	/usr/lib/libcups.2.dylib
0x000000000115b000 	/System/Library/Frameworks/Kerberos.framework/Versions/A/Kerberos
0x000000000115b000 	/System/Library/Frameworks/GSS.framework/Versions/A/GSS
0x000000000115b000 	/usr/lib/libresolv.9.dylib
0x000000000115b000 	/usr/lib/libiconv.2.dylib
0x000000000115b000 	/System/Library/PrivateFrameworks/Heimdal.framework/Versions/A/Heimdal
0x000000000115b000 	/usr/lib/libheimdal-asn1.dylib
0x000000000115b000 	/System/Library/Frameworks/OpenDirectory.framework/Versions/A/OpenDirectory
0x000000000115b000 	/System/Library/PrivateFrameworks/CommonAuth.framework/Versions/A/CommonAuth
0x000000000115b000 	/System/Library/Frameworks/OpenDirectory.framework/Versions/A/Frameworks/CFOpenDirectory.framework/Versions/A/CFOpenDirectory
0x000000000115b000 	/System/Library/Frameworks/SecurityFoundation.framework/Versions/A/SecurityFoundation
0x000000000115b000 	/System/Library/PrivateFrameworks/LanguageModeling.framework/Versions/A/LanguageModeling
0x000000000115b000 	/usr/lib/libmarisa.dylib
0x000000000115b000 	/usr/lib/libChineseTokenizer.dylib
0x000000000115b000 	/usr/lib/libcmph.dylib
0x000000000115b000 	/System/Library/PrivateFrameworks/CoreEmoji.framework/Versions/A/CoreEmoji
0x000000000115b000 	/System/Library/Frameworks/ServiceManagement.framework/Versions/A/ServiceManagement
0x000000000115b000 	/usr/lib/libxslt.1.dylib
0x000000000115b000 	/System/Library/Frameworks/Carbon.framework/Versions/A/Frameworks/Ink.framework/Versions/A/Ink
0x000000000115b000 	/System/Library/PrivateFrameworks/TextureIO.framework/Versions/A/TextureIO
0x000000000115b000 	/System/Library/Frameworks/Metal.framework/Versions/A/Metal
0x000000000115b000 	/usr/lib/libate.dylib
0x000000000115b000 	/System/Library/PrivateFrameworks/GPUCompiler.framework/libmetal_timestamp.dylib
0x000000000115b000 	/System/Library/Frameworks/OpenGL.framework/Versions/A/Libraries/libCoreFSCache.dylib
0x000000000115b000 	/System/Library/PrivateFrameworks/IOAccelerator.framework/Versions/A/IOAccelerator
0x000000000115b000 	/System/Library/Frameworks/CoreVideo.framework/Versions/A/CoreVideo
0x000000000115b000 	/usr/lib/libFosl_dynamic.dylib
0x000000000115b000 	/System/Library/PrivateFrameworks/MetalPerformanceShaders.framework/Versions/A/MetalPerformanceShaders
0x000000000115b000 	/System/Library/PrivateFrameworks/FaceCore.framework/Versions/A/FaceCore
0x000000000115b000 	/System/Library/Frameworks/OpenCL.framework/Versions/A/OpenCL
0x000000000115b000 	/System/Library/Frameworks/OpenGL.framework/Versions/A/Libraries/libGLU.dylib
0x000000000115b000 	/System/Library/Frameworks/OpenGL.framework/Versions/A/Libraries/libGFXShared.dylib
0x000000000115b000 	/System/Library/Frameworks/OpenGL.framework/Versions/A/Libraries/libGL.dylib
0x000000000115b000 	/System/Library/Frameworks/OpenGL.framework/Versions/A/Libraries/libGLImage.dylib
0x000000000115b000 	/System/Library/Frameworks/OpenGL.framework/Versions/A/Libraries/libCVMSPluginSupport.dylib
0x000000000115b000 	/System/Library/Frameworks/OpenGL.framework/Versions/A/Libraries/libCoreVMClient.dylib
0x000000000115b000 	/System/Library/PrivateFrameworks/CrashReporterSupport.framework/Versions/A/CrashReporterSupport
0x000000000115b000 	/System/Library/PrivateFrameworks/Sharing.framework/Versions/A/Sharing
0x000000000115b000 	/System/Library/PrivateFrameworks/IconServices.framework/Versions/A/IconServices
0x000000000115b000 	/System/Library/PrivateFrameworks/ProtocolBuffer.framework/Versions/A/ProtocolBuffer
0x000000000115b000 	/System/Library/PrivateFrameworks/Apple80211.framework/Versions/A/Apple80211
0x000000000115b000 	/System/Library/Frameworks/CoreWLAN.framework/Versions/A/CoreWLAN
0x000000000115b000 	/System/Library/PrivateFrameworks/CoreUtils.framework/Versions/A/CoreUtils
0x000000000115b000 	/System/Library/Frameworks/IOBluetooth.framework/Versions/A/IOBluetooth
0x000000000115b000 	/System/Library/PrivateFrameworks/CoreWiFi.framework/Versions/A/CoreWiFi
0x000000000115b000 	/System/Library/Frameworks/CoreBluetooth.framework/Versions/A/CoreBluetooth
0x000000000115b000 	/System/Library/Frameworks/CoreDisplay.framework/Versions/A/CoreDisplay
0x000000000115b000 	/System/Library/PrivateFrameworks/IOPresentment.framework/Versions/A/IOPresentment
0x000000000115b000 	/System/Library/PrivateFrameworks/DebugSymbols.framework/Versions/A/DebugSymbols
0x000000000115b000 	/System/Library/PrivateFrameworks/CoreSymbolication.framework/Versions/A/CoreSymbolication
0x000000000115b000 	/System/Library/PrivateFrameworks/Symbolication.framework/Versions/A/Symbolication
0x000000000115b000 	/System/Library/PrivateFrameworks/AppleFSCompression.framework/Versions/A/AppleFSCompression
0x000000000115b000 	/System/Library/PrivateFrameworks/SpeechRecognitionCore.framework/Versions/A/SpeechRecognitionCore
0x000000000115b000 	/System/Library/PrivateFrameworks/ChunkingLibrary.framework/Versions/A/ChunkingLibrary
0x0000000104400000 	/Library/Java/JavaVirtualMachines/jdk1.8.0_111.jdk/Contents/Home/jre/lib/server/libjvm.dylib
0x000000000115b000 	/usr/lib/libstdc++.6.dylib
0x0000000103b98000 	/Library/Java/JavaVirtualMachines/jdk1.8.0_111.jdk/Contents/Home/jre/lib/libverify.dylib
0x0000000103ba6000 	/Library/Java/JavaVirtualMachines/jdk1.8.0_111.jdk/Contents/Home/jre/lib/libjava.dylib
0x0000000103be5000 	/Library/Java/JavaVirtualMachines/jdk1.8.0_111.jdk/Contents/Home/jre/lib/libzip.dylib
0x000000011f867000 	/System/Library/Frameworks/JavaVM.framework/Frameworks/JavaRuntimeSupport.framework/JavaRuntimeSupport
0x000000011f881000 	/System/Library/Frameworks/JavaVM.framework/Versions/A/Frameworks/JavaNativeFoundation.framework/Versions/A/JavaNativeFoundation
0x0000000103bef000 	/System/Library/Frameworks/JavaVM.framework/Versions/A/JavaVM
0x000000000115b000 	/System/Library/Frameworks/Carbon.framework/Versions/A/Carbon
0x000000011f896000 	/System/Library/PrivateFrameworks/JavaLaunching.framework/Versions/A/JavaLaunching
0x000000000115b000 	/System/Library/Frameworks/Carbon.framework/Versions/A/Frameworks/CommonPanels.framework/Versions/A/CommonPanels
0x000000000115b000 	/System/Library/Frameworks/Carbon.framework/Versions/A/Frameworks/Help.framework/Versions/A/Help
0x000000000115b000 	/System/Library/Frameworks/Carbon.framework/Versions/A/Frameworks/ImageCapture.framework/Versions/A/ImageCapture
0x000000000115b000 	/System/Library/Frameworks/Carbon.framework/Versions/A/Frameworks/OpenScripting.framework/Versions/A/OpenScripting
0x000000000115b000 	/System/Library/Frameworks/Carbon.framework/Versions/A/Frameworks/Print.framework/Versions/A/Print
0x000000000115b000 	/System/Library/Frameworks/Carbon.framework/Versions/A/Frameworks/SecurityHI.framework/Versions/A/SecurityHI
0x000000012259e000 	/Users/leytzher/Documents/clojure/clojurecv/target/native/macosx/x86_64/libopencv_java2413.dylib
0x000000012264f000 	/usr/local/Cellar/opencv/2.4.13.2/lib/libopencv_contrib.2.4.dylib
0x000000012148e000 	/usr/local/Cellar/opencv/2.4.13.2/lib/libopencv_nonfree.2.4.dylib
0x00000001214c8000 	/usr/local/Cellar/opencv/2.4.13.2/lib/libopencv_gpu.2.4.dylib
0x000000012273d000 	/usr/local/Cellar/opencv/2.4.13.2/lib/libopencv_legacy.2.4.dylib
0x0000000122823000 	/usr/local/Cellar/opencv/2.4.13.2/lib/libopencv_photo.2.4.dylib
0x0000000122840000 	/usr/local/Cellar/opencv/2.4.13.2/lib/libopencv_ocl.2.4.dylib
0x00000001229fc000 	/usr/local/Cellar/opencv/2.4.13.2/lib/libopencv_calib3d.2.4.dylib
0x0000000122ada000 	/usr/local/Cellar/opencv/2.4.13.2/lib/libopencv_features2d.2.4.dylib
0x0000000122b71000 	/usr/local/Cellar/opencv/2.4.13.2/lib/libopencv_flann.2.4.dylib
0x0000000122bd6000 	/usr/local/Cellar/opencv/2.4.13.2/lib/libopencv_ml.2.4.dylib
0x0000000122c46000 	/usr/local/Cellar/opencv/2.4.13.2/lib/libopencv_video.2.4.dylib
0x0000000122c8f000 	/usr/local/Cellar/opencv/2.4.13.2/lib/libopencv_objdetect.2.4.dylib
0x0000000122d00000 	/usr/local/Cellar/opencv/2.4.13.2/lib/libopencv_highgui.2.4.dylib
0x0000000122d40000 	/usr/local/Cellar/opencv/2.4.13.2/lib/libopencv_imgproc.2.4.dylib
0x0000000122faf000 	/usr/local/Cellar/opencv/2.4.13.2/lib/libopencv_core.2.4.dylib
0x00000001231b2000 	/usr/local/opt/jpeg/lib/libjpeg.8.dylib
0x00000001231e5000 	/usr/local/opt/libpng/lib/libpng16.16.dylib
0x0000000123211000 	/usr/local/opt/libtiff/lib/libtiff.5.dylib
0x00000001214e9000 	/usr/local/opt/ilmbase/lib/libImath-2_2.12.dylib
0x000000012326b000 	/usr/local/opt/openexr/lib/libIlmImf-2_2.22.dylib
0x0000000123550000 	/usr/local/opt/ilmbase/lib/libIex-2_2.12.dylib
0x0000000123562000 	/usr/local/opt/ilmbase/lib/libHalf.12.dylib
0x00000001215be000 	/usr/local/opt/ilmbase/lib/libIlmThread-2_2.12.dylib
0x000000000115b000 	/System/Library/Frameworks/AVFoundation.framework/Versions/A/AVFoundation
0x000000000115b000 	/System/Library/Frameworks/CoreMedia.framework/Versions/A/CoreMedia
0x00000001215c6000 	/usr/local/opt/ilmbase/lib/libIexMath-2_2.12.dylib
0x000000000115b000 	/System/Library/Frameworks/AVFoundation.framework/Versions/A/Frameworks/AVFAudio.framework/Versions/A/AVFAudio
0x000000000115b000 	/System/Library/Frameworks/MediaToolbox.framework/Versions/A/MediaToolbox
0x000000000115b000 	/System/Library/Frameworks/VideoToolbox.framework/Versions/A/VideoToolbox
0x000000000115b000 	/System/Library/PrivateFrameworks/IntlPreferences.framework/Versions/A/IntlPreferences
0x000000000115b000 	/System/Library/Frameworks/CoreMediaIO.framework/Versions/A/CoreMediaIO
0x000000000115b000 	/usr/lib/libspindump.dylib
0x000000000115b000 	/usr/lib/libdscsym.dylib
0x000000000115b000 	/System/Library/PrivateFrameworks/CoreAVCHD.framework/Versions/A/CoreAVCHD
0x000000000115b000 	/System/Library/Frameworks/MediaAccessibility.framework/Versions/A/MediaAccessibility
0x000000000115b000 	/System/Library/PrivateFrameworks/Mangrove.framework/Versions/A/Mangrove
0x000000000115b000 	/System/Library/PrivateFrameworks/CoreAUC.framework/Versions/A/CoreAUC
0x000000000115b000 	/System/Library/PrivateFrameworks/AppleVA.framework/Versions/A/AppleVA
0x000000000115b000 	/System/Library/PrivateFrameworks/XPCService.framework/Versions/A/XPCService
0x000000000115b000 	/System/Library/PrivateFrameworks/AppSandbox.framework/Versions/A/AppSandbox
0x000000000115b000 	/usr/lib/libsandbox.1.dylib
0x000000000115b000 	/System/Library/PrivateFrameworks/AppContainer.framework/Versions/A/AppContainer
0x000000000115b000 	/System/Library/PrivateFrameworks/SecCodeWrapper.framework/Versions/A/SecCodeWrapper
0x000000000115b000 	/usr/lib/libMatch.1.dylib
0x00000001235a6000 	/Library/Java/JavaVirtualMachines/jdk1.8.0_111.jdk/Contents/Home/jre/lib/libnet.dylib
0x00000001237bd000 	/Library/Java/JavaVirtualMachines/jdk1.8.0_111.jdk/Contents/Home/jre/lib/libawt.dylib
0x0000000123865000 	/Library/Java/JavaVirtualMachines/jdk1.8.0_111.jdk/Contents/Home/jre/lib/./libmlib_image.dylib
0x0000000123931000 	/Library/Java/JavaVirtualMachines/jdk1.8.0_111.jdk/Contents/Home/jre/lib/libawt_lwawt.dylib
0x00000001239e6000 	/Library/Java/JavaVirtualMachines/jdk1.8.0_111.jdk/Contents/Home/jre/lib/./libosxapp.dylib
0x000000000115b000 	/System/Library/Frameworks/ExceptionHandling.framework/Versions/A/ExceptionHandling
0x000000000115b000 	/System/Library/PrivateFrameworks/CoreServicesInternal.framework/Versions/A/CoreServicesInternal
0x000000000115b000 	/System/Library/CoreServices/RawCamera.bundle/Contents/MacOS/RawCamera
0x000000000115b000 	/System/Library/Frameworks/Accelerate.framework/Versions/A/Frameworks/vImage.framework/Versions/A/Libraries/libCGInterfaces.dylib
0x000000000115b000 	/System/Library/PrivateFrameworks/FamilyControls.framework/Versions/A/FamilyControls
0x000000000115b000 	/System/Library/PrivateFrameworks/CommerceKit.framework/Versions/A/Frameworks/CommerceCore.framework/Versions/A/CommerceCore
0x000000000115b000 	/System/Library/PrivateFrameworks/SystemAdministration.framework/Versions/A/SystemAdministration
0x000000000115b000 	/System/Library/Frameworks/DirectoryService.framework/Versions/A/DirectoryService
0x000000000115b000 	/System/Library/PrivateFrameworks/DiskImages.framework/Versions/A/DiskImages
0x000000000115b000 	/System/Library/PrivateFrameworks/LoginUIKit.framework/Versions/A/Frameworks/LoginUICore.framework/Versions/A/LoginUICore
0x000000000115b000 	/usr/lib/libCoreStorage.dylib
0x000000000115b000 	/usr/lib/libcsfde.dylib
0x000000000115b000 	/usr/lib/libodfde.dylib
0x000000000115b000 	/System/Library/Frameworks/DiscRecording.framework/Versions/A/DiscRecording
0x000000000115b000 	/usr/lib/libcurl.4.dylib
0x000000000115b000 	/System/Library/PrivateFrameworks/MediaKit.framework/Versions/A/MediaKit
0x000000000115b000 	/System/Library/PrivateFrameworks/ProtectedCloudStorage.framework/Versions/A/ProtectedCloudStorage
0x000000000115b000 	/System/Library/PrivateFrameworks/EFILogin.framework/Versions/A/EFILogin
0x000000000115b000 	/usr/lib/libutil.dylib
0x000000000115b000 	/System/Library/Frameworks/LDAP.framework/Versions/A/LDAP
0x000000000115b000 	/usr/lib/libsasl2.2.dylib
0x000000000115b000 	/System/Library/PrivateFrameworks/CoreDaemon.framework/Versions/B/CoreDaemon
0x000000000115b000 	/System/Library/PrivateFrameworks/AppleSRP.framework/Versions/A/AppleSRP
0x000000000115b000 	/System/Library/PrivateFrameworks/APFS.framework/Versions/A/APFS
0x0000000123e9b000 	/System/Library/Extensions/AppleHDA.kext/Contents/PlugIns/AppleHDAHALPlugIn.bundle/Contents/MacOS/AppleHDAHALPlugIn
0x0000000124719000 	/System/Library/Frameworks/CoreMediaIO.framework/Resources/VDC.plugin/Contents/MacOS/VDC
0x0000000125a5a000 	/System/Library/Frameworks/CoreMediaIO.framework/Resources/CMIOUnits.bundle/Contents/MacOS/CMIOUnits
0x0000000125be7000 	/System/Library/PrivateFrameworks/FWAVC.framework/Versions/A/FWAVC
0x000000000115b000 	/System/Library/PrivateFrameworks/AppleGVA.framework/Versions/A/AppleGVA
0x000000000115b000 	/System/Library/Frameworks/OpenGL.framework/Versions/A/Resources/GLEngine.bundle/GLEngine
0x000000000115b000 	/System/Library/Frameworks/OpenGL.framework/Versions/A/Libraries/libGLProgrammability.dylib
0x00000001273eb000 	/System/Library/Extensions/AppleIntelHD3000GraphicsGLDriver.bundle/Contents/MacOS/AppleIntelHD3000GraphicsGLDriver
0x000000000115b000 	/System/Library/PrivateFrameworks/GPUSupport.framework/Versions/A/Libraries/libGPUSupport.dylib
0x000000000115b000 	/System/Library/Frameworks/OpenGL.framework/Versions/A/Resources/GLRendererFloat.bundle/GLRendererFloat
0x000000000115b000 	/System/Library/Frameworks/OpenCL.framework/Versions/A/Libraries/libcldcpuengine.dylib
0x000000000115b000 	/usr/lib/libcrypto.0.9.8.dylib
0x000000000115b000 	/System/Library/PrivateFrameworks/TrustEvaluationAgent.framework/Versions/A/TrustEvaluationAgent
0x0000000127ca2000 	/Library/Java/JavaVirtualMachines/jdk1.8.0_111.jdk/Contents/Home/jre/lib/libfontmanager.dylib
0x0000000127d09000 	/Library/Java/JavaVirtualMachines/jdk1.8.0_111.jdk/Contents/Home/jre/lib/libosxui.dylib
0x000000000115b000 	/System/Library/Frameworks/ApplicationServices.framework/Versions/A/Frameworks/ATS.framework/Versions/A/Resources/libTrueTypeScaler.dylib
0x000000000115b000 	/System/Library/PrivateFrameworks/ViewBridge.framework/Versions/A/ViewBridge

VM Arguments:
jvm_args: -Dfile.encoding=UTF-8 -XX:+TieredCompilation -XX:TieredStopAtLevel=1 -XX:-OmitStackTraceInFastThrow -Dclojure.compile.path=/Users/leytzher/Documents/clojure/clojurecv/target/classes -Dclojurecv.version=0.1.0-SNAPSHOT -Dclojure.debug=false -Djava.library.path=/Users/leytzher/Documents/clojure/clojurecv/target/native/macosx/x86_64 
java_command: clojure.main -i /private/var/folders/hs/rz7jrjjn4nn_wp57dlfldpyh0000gn/T/form-init8411633751248189189.clj
java_class_path (initial): /Users/leytzher/Documents/clojure/clojurecv/test:/Users/leytzher/Documents/clojure/clojurecv/src:/Users/leytzher/Documents/clojure/clojurecv/dev-resources:/Users/leytzher/Documents/clojure/clojurecv/resources:/Users/leytzher/Documents/clojure/clojurecv/target/classes:/Users/leytzher/.m2/repository/org/apache/httpcomponents/httpcore/4.1.2/httpcore-4.1.2.jar:/Users/leytzher/.m2/repository/org/apache/httpcomponents/httpclient/4.1.2/httpclient-4.1.2.jar:/Users/leytzher/.m2/repository/org/clojure/clojure/1.8.0/clojure-1.8.0.jar:/Users/leytzher/.m2/repository/org/sonatype/aether/aether-spi/1.13.1/aether-spi-1.13.1.jar:/Users/leytzher/.m2/repository/org/apache/maven/wagon/wagon-http/2.2/wagon-http-2.2.jar:/Users/leytzher/.m2/repository/org/tcrawley/dynapath/0.2.3/dynapath-0.2.3.jar:/Users/leytzher/.m2/repository/org/sonatype/sisu/sisu-inject-bean/2.2.3/sisu-inject-bean-2.2.3.jar:/Users/leytzher/.m2/repository/commons-codec/commons-codec/1.4/commons-codec-1.4.jar:/Users/leytzher/.m2/repository/org/sonatype/aether/aether-api/1.13.1/aether-api-1.13.1.jar:/Users/leytzher/.m2/repository/opencv/opencv-native/2.4.13/opencv-native-2.4.13.jar:/Users/leytzher/.m2/repository/org/codehaus/plexus/plexus-component-annotations/1.5.5/plexus-component-annotations-1.5.5.jar:/Users/leytzher/.m2/repository/org/clojure/tools.nrepl/0.2.12/tools.nrepl-0.2.12.jar:/Users/leytzher/.m2/repository/org/jsoup/jsoup/1.6.1/jsoup-1.6.1.jar:/Users/leytzher/.m2/repository/org/apache/maven/wagon/wagon-http-shared4/2.2/wagon-http-shared4-2.2.jar:/Users/leytzher/.m2/repository/clojure-complete/clojure-complete/0.2.4/clojure-complete-0.2.4.jar:/Users/leytzher/.m2/repository/org/codehaus/plexus/plexus-classworlds/2.4/plexus-classworlds-2.4.jar:/Users/leytzher/.m2/repository/org/codehaus/plexus/plexus-interpolation/1.14/plexus-interpolation-1.14.jar:/Users/leytzher/.m2/repository/org/clojure/java.classpath/0.2.0/java.classpath-0.2.0.jar:/Users/leytzher/.m2/repository/org/sonatype/aeth
Launcher Type: SUN_STANDARD

Environment Variables:
CLASSPATH=/Users/leytzher/.lein/self-installs/leiningen-2.7.1-standalone.jar
PATH=/usr/local/bin:/Applications/MATLAB_R2016b.app:/Applications/Mathematica.app/Contents/SystemFiles/Links/MathLink/DeveloperKit/MacOSX-x86-64/CompilerAdditions:/Users/leytzher/ant/apache-ant-1.10.0/bin:/usr/local/bin:/Users/leytzher/Library/Haskell/bin:/usr/bin:/bin:/usr/sbin:/sbin:/usr/local/bin:/opt/X11/bin:/usr/local/share/dotnet:/Library/Frameworks/Mono.framework/Versions/Current/Commands:/Library/TeX/texbin:/Applications/MATLAB_R2016b.app:/Applications/Mathematica.app/Contents/SystemFiles/Links/MathLink/DeveloperKit/MacOSX-x86-64/CompilerAdditions:/Users/leytzher/ant/apache-ant-1.10.0/bin:/Users/leytzher/Library/Haskell/bin:/Applications/Emacs.app/Contents/MacOS/bin-x86_64-10_9:/Applications/Emacs.app/Contents/MacOS/libexec-x86_64-10_9:/Applications/Mathematica.app:/Applications/Mathematica.app
SHELL=/bin/bash
DISPLAY=/private/tmp/com.apple.launchd.263AN9zi7H/org.macosforge.xquartz:0

Signal Handlers:
SIGSEGV: [libjvm.dylib+0x5b03ed], sa_mask[0]=11111111011111110111111111111111, sa_flags=SA_ONSTACK|SA_RESTART|SA_SIGINFO
SIGBUS: [libjvm.dylib+0x5b03ed], sa_mask[0]=11111111011111110111111111111111, sa_flags=SA_RESTART|SA_SIGINFO
SIGFPE: [libjvm.dylib+0x48711c], sa_mask[0]=11111111011111110111111111111111, sa_flags=SA_RESTART|SA_SIGINFO
SIGPIPE: [libjvm.dylib+0x48711c], sa_mask[0]=11111111011111110111111111111111, sa_flags=SA_RESTART|SA_SIGINFO
SIGXFSZ: [libjvm.dylib+0x48711c], sa_mask[0]=11111111011111110111111111111111, sa_flags=SA_RESTART|SA_SIGINFO
SIGILL: [libjvm.dylib+0x48711c], sa_mask[0]=11111111011111110111111111111111, sa_flags=SA_RESTART|SA_SIGINFO
SIGUSR1: SIG_DFL, sa_mask[0]=11011111011111100000000111000110, sa_flags=none
SIGUSR2: [libjvm.dylib+0x486c3a], sa_mask[0]=00100000000000000000000000000000, sa_flags=SA_RESTART|SA_SIGINFO
SIGHUP: [libjvm.dylib+0x485211], sa_mask[0]=11111111011111110111111111111111, sa_flags=SA_RESTART|SA_SIGINFO
SIGINT: [libjvm.dylib+0x485211], sa_mask[0]=11111111011111110111111111111111, sa_flags=SA_RESTART|SA_SIGINFO
SIGTERM: [libjvm.dylib+0x485211], sa_mask[0]=11111111011111110111111111111111, sa_flags=SA_RESTART|SA_SIGINFO
SIGQUIT: [libjvm.dylib+0x485211], sa_mask[0]=11111111011111110111111111111111, sa_flags=SA_RESTART|SA_SIGINFO


---------------  S Y S T E M  ---------------

OS:Bsduname:Darwin 16.3.0 Darwin Kernel Version 16.3.0: Thu Nov 17 20:23:58 PST 2016; root:xnu-3789.31.2~1/RELEASE_X86_64 x86_64
rlimit: STACK 8515k, CORE 0k, NPROC 709, NOFILE 10240, AS infinity
load average:1.77 1.97 2.15

CPU:total 4 (2 cores per cpu, 2 threads per core) family 6 model 42 stepping 7, cmov, cx8, fxsr, mmx, sse, sse2, sse3, ssse3, sse4.1, sse4.2, popcnt, avx, aes, clmul, ht, tsc, tscinvbit

Memory: 4k page, physical 16777216k(4004976k free)

/proc/meminfo:


vm_info: Java HotSpot(TM) 64-Bit Server VM (25.111-b14) for bsd-amd64 JRE (1.8.0_111-b14), built on Sep 22 2016 15:31:41 by "java_re" with gcc 4.2.1 (Based on Apple Inc. build 5658) (LLVM build 2336.11.00)

time: Sat Jan 21 17:10:47 2017
elapsed time: 672 seconds (0d 0h 11m 12s)

