#
# A fatal error has been detected by the Java Runtime Environment:
#
#  SIGSEGV (0xb) at pc=0x00007fff9d2bcf3b, pid=3411, tid=0x0000000000000307
#
# JRE version: Java(TM) SE Runtime Environment (8.0_111-b14) (build 1.8.0_111-b14)
# Java VM: Java HotSpot(TM) 64-Bit Server VM (25.111-b14 mixed mode bsd-amd64 compressed oops)
# Problematic frame:
# C  [libobjc.A.dylib+0x8f3b]  objc_release+0x1b
#
# Failed to write core dump. Core dumps have been disabled. To enable core dumping, try "ulimit -c unlimited" before starting Java again
#
# If you would like to submit a bug report, please visit:
#   http://bugreport.java.com/bugreport/crash.jsp
# The crash happened outside the Java Virtual Machine in native code.
# See problematic frame for where to report the bug.
#

---------------  T H R E A D  ---------------

Current thread (0x00007ff61bd6d000):  JavaThread "AppKit Thread" daemon [_thread_in_native, id=775, stack(0x00007fff58dc0180,0x00007fff59611000)]

siginfo: si_signo: 11 (SIGSEGV), si_code: 1 (SEGV_MAPERR), si_addr: 0x0000000000000020

Registers:
RAX=0xe000000000000000, RBX=0x00007ff61bd67010, RCX=0x0000000000000000, RDX=0x0000000000032670
RSP=0x00007fff5960b5f8, RBP=0x00007fff5960ba40, RSI=0x00007ff61af00000, RDI=0x00007ff61afbdda0
R8 =0x0000000000000000, R9 =0x00007ff61afb56e0, R10=0x0000000000000001, R11=0x0000000000000001
R12=0x00007ff61bd67000, R13=0xa3a3a3a3a3a3a3a3, R14=0x00007ff61bd67100, R15=0x00007ff61bd67000
RIP=0x00007fff9d2bcf3b, EFLAGS=0x0000000000010246, ERR=0x0000000000000004
  TRAPNO=0x000000000000000e

Top of Stack: (sp=0x00007fff5960b5f8)
0x00007fff5960b5f8:   00007fff9d2bde60 00007fff84dd8619
0x00007fff5960b608:   00007fff84dd4da8 00007fff84dd3661
0x00007fff5960b618:   0000000000000000 00007ff61d444b00
0x00007fff5960b628:   0000000000000000 00007ff61f48a3d0
0x00007fff5960b638:   00007fff86cf5d61 00007ff61f49ba10
0x00007fff5960b648:   0000000000000001 00007ff61d46ef40
0x00007fff5960b658:   00007ff61f49de60 ffffffffffffffff
0x00007fff5960b668:   00007ff61f49ba40 00007ff61f49ba30
0x00007fff5960b678:   0000000000000000 0000000000000000
0x00007fff5960b688:   0000000000000000 0000000000000000
0x00007fff5960b698:   0000000000000000 0000000000000003
0x00007fff5960b6a8:   00007fff5960b760 00007ff61f48c0d8
0x00007fff5960b6b8:   0000000000000000 0000000000000000
0x00007fff5960b6c8:   0000000000000000 0000000000000000
0x00007fff5960b6d8:   0000000000000000 00007fffa6941f88
0x00007fff5960b6e8:   00007fffa6941480 00007fff5960b748
0x00007fff5960b6f8:   00007ff61f48a3d0 00007ff61f48c090
0x00007fff5960b708:   0000000000000009 00007fff5960b7a0
0x00007fff5960b718:   00007fff9dd434be 00007ff61f501890
0x00007fff5960b728:   00007ff61f48c090 000000010660b000
0x00007fff5960b738:   00007ff61f4fc080 00000000000008c0
0x00007fff5960b748:   0000000000000024 00007fff5960b7e0
0x00007fff5960b758:   00007fff9dd434be 000000015960b7f0
0x00007fff5960b768:   00007ff61f48bf80 000000010660b000
0x00007fff5960b778:   00007ff61f4fc080 00007ff61f48bf80
0x00007fff5960b788:   00007ff61f48c000 0000000000000008
0x00007fff5960b798:   000000001f48c090 0000000000000080
0x00007fff5960b7a8:   0000000000000008 00007fff5960b840
0x00007fff5960b7b8:   00007fff9dd434be 000000010660ea00
0x00007fff5960b7c8:   0000000000000008 000000010660b000
0x00007fff5960b7d8:   00007ff61f4fc080 00007ff61f48beb0
0x00007fff5960b7e8:   00007ff61f48bf30 0000000000000008 

Instructions: (pc=0x00007fff9d2bcf3b)
0x00007fff9d2bcf1b:   90 90 90 90 90 48 85 ff 74 67 40 f6 c7 01 75 61
0x00007fff9d2bcf2b:   48 8b 07 48 b9 f8 ff ff ff ff 7f 00 00 48 21 c1
0x00007fff9d2bcf3b:   f6 41 20 02 74 56 a8 01 74 48 48 b9 00 00 00 00
0x00007fff9d2bcf4b:   00 00 00 01 48 ba 00 00 00 00 00 00 40 00 48 89 

Register to memory mapping:

RAX=0xe000000000000000 is an unknown value
RBX=0x00007ff61bd67010 is an unknown value
RCX=0x0000000000000000 is an unknown value
RDX=0x0000000000032670 is an unknown value
RSP=0x00007fff5960b5f8 is pointing into the stack for thread: 0x00007ff61bd6d000
RBP=0x00007fff5960ba40 is pointing into the stack for thread: 0x00007ff61bd6d000
RSI=0x00007ff61af00000 is an unknown value
RDI=0x00007ff61afbdda0 is an unknown value
R8 =0x0000000000000000 is an unknown value
R9 =0x00007ff61afb56e0 is an unknown value
R10=0x0000000000000001 is an unknown value
R11=0x0000000000000001 is an unknown value
R12=0x00007ff61bd67000 is an unknown value
R13=0xa3a3a3a3a3a3a3a3 is an unknown value
R14=0x00007ff61bd67100 is an unknown value
R15=0x00007ff61bd67000 is an unknown value


Stack: [0x00007fff58dc0180,0x00007fff59611000],  sp=0x00007fff5960b5f8,  free space=8493k
Native frames: (J=compiled Java code, j=interpreted, Vv=VM code, C=native code)
C  [libobjc.A.dylib+0x8f3b]  objc_release+0x1b
C  [CoreFoundation+0x45106]  _CFAutoreleasePoolPop+0x16
C  [CoreFoundation+0x85665]  __CFRunLoopRun+0x8b5
C  [CoreFoundation+0x84b54]  CFRunLoopRunSpecific+0x1a4
C  [HIToolbox+0x30acc]  RunCurrentEventLoopInMode+0xf0
C  [HIToolbox+0x30901]  ReceiveNextEventCommon+0x1b0
C  [HIToolbox+0x30736]  _BlockUntilNextEventMatchingListInModeWithFilter+0x47
C  [AppKit+0x46ae4]  _DPSNextEvent+0x460
C  [AppKit+0x7c121f]  -[NSApplication(NSEvent) _nextEventMatchingEventMask:untilDate:inMode:dequeue:]+0xae5
C  [libosxapp.dylib+0x23aa]  -[NSApplicationAWT nextEventMatchingMask:untilDate:inMode:dequeue:]+0x7c
C  [AppKit+0x3b465]  -[NSApplication run]+0x39e
C  [libosxapp.dylib+0x214d]  +[NSApplicationAWT runAWTLoopWithApp:]+0x9c
C  [libawt_lwawt.dylib+0x444b3]  -[AWTStarter starter:]+0x389
C  [Foundation+0x7188a]  __NSThreadPerformPerform+0x146
C  [CoreFoundation+0xa48d1]  __CFRUNLOOP_IS_CALLING_OUT_TO_A_SOURCE0_PERFORM_FUNCTION__+0x11
C  [CoreFoundation+0x85c6c]  __CFRunLoopDoSources0+0x22c
C  [CoreFoundation+0x85156]  __CFRunLoopRun+0x3a6
C  [CoreFoundation+0x84b54]  CFRunLoopRunSpecific+0x1a4
C  [java+0x6465]  CreateExecutionEnvironment+0x367
C  [java+0x218c]  JLI_Launch+0x7a0
C  [java+0x84c2]  main+0x65
C  [java+0x19e4]  start+0x34
C  0x000000000000000e


---------------  P R O C E S S  ---------------

Java Threads: ( => current thread )
  0x00007ff61ca7c000 JavaThread "clojure-agent-send-off-pool-35" [_thread_blocked, id=62307, stack(0x000070000fac0000,0x000070000fbc0000)]
  0x00007ff61c513000 JavaThread "nREPL-worker-18" daemon [_thread_blocked, id=76895, stack(0x000070000f7b7000,0x000070000f8b7000)]
  0x00007ff61be2f800 JavaThread "clojure-agent-send-off-pool-33" [_thread_blocked, id=48211, stack(0x000070000ef9c000,0x000070000f09c000)]
  0x00007ff61c898800 JavaThread "AWT-EventQueue-0" [_thread_blocked, id=60947, stack(0x0000700010055000,0x0000700010155000)]
  0x00007ff61bb4a000 JavaThread "Java2D Disposer" daemon [_thread_blocked, id=51483, stack(0x000070000fecf000,0x000070000ffcf000)]
  0x00007ff61bbe6000 JavaThread "AWT-Shutdown" [_thread_blocked, id=15659, stack(0x000070000fdcc000,0x000070000fecc000)]
  0x00007ff61bca0800 JavaThread "Java2D Queue Flusher" daemon [_thread_blocked, id=5131, stack(0x000070000fcc9000,0x000070000fdc9000)]
=>0x00007ff61bd6d000 JavaThread "AppKit Thread" daemon [_thread_in_native, id=775, stack(0x00007fff58dc0180,0x00007fff59611000)]
  0x00007ff61bd24800 JavaThread "clojure-agent-send-off-pool-3" [_thread_in_native, id=21507, stack(0x000070000f9bd000,0x000070000fabd000)]
  0x00007ff61bd00800 JavaThread "clojure-agent-send-off-pool-2" [_thread_blocked, id=20995, stack(0x000070000f8ba000,0x000070000f9ba000)]
  0x00007ff61b891000 JavaThread "clojure-agent-send-off-pool-0" [_thread_in_native, id=19971, stack(0x000070000f6b4000,0x000070000f7b4000)]
  0x00007ff61c819000 JavaThread "Service Thread" daemon [_thread_blocked, id=18947, stack(0x000070000f4ae000,0x000070000f5ae000)]
  0x00007ff61c816800 JavaThread "C1 CompilerThread2" daemon [_thread_blocked, id=18435, stack(0x000070000f3ab000,0x000070000f4ab000)]
  0x00007ff61c815800 JavaThread "C2 CompilerThread1" daemon [_thread_blocked, id=17923, stack(0x000070000f2a8000,0x000070000f3a8000)]
  0x00007ff61c036800 JavaThread "C2 CompilerThread0" daemon [_thread_blocked, id=17411, stack(0x000070000f1a5000,0x000070000f2a5000)]
  0x00007ff61c002000 JavaThread "Signal Dispatcher" daemon [_thread_blocked, id=16899, stack(0x000070000f0a2000,0x000070000f1a2000)]
  0x00007ff61b833800 JavaThread "Finalizer" daemon [_thread_in_native, id=12291, stack(0x000070000ee99000,0x000070000ef99000)]
  0x00007ff61b831000 JavaThread "Reference Handler" daemon [_thread_blocked, id=11779, stack(0x000070000ed96000,0x000070000ee96000)]
  0x00007ff61c003800 JavaThread "main" [_thread_blocked, id=6915, stack(0x000070000e784000,0x000070000e884000)]

Other Threads:
  0x00007ff61b82c000 VMThread [stack: 0x000070000ec93000,0x000070000ed93000] [id=11267]
  0x00007ff61c822000 WatcherThread [stack: 0x000070000f5b1000,0x000070000f6b1000] [id=19459]

VM state:not at safepoint (normal execution)

VM Mutex/Monitor currently owned by a thread: None

Heap:
 PSYoungGen      total 471040K, used 2757K [0x000000076ab00000, 0x000000078a480000, 0x00000007c0000000)
  eden space 449536K, 0% used [0x000000076ab00000,0x000000076adb17b8,0x0000000786200000)
  from space 21504K, 0% used [0x0000000788f80000,0x0000000788f80000,0x000000078a480000)
  to   space 33280K, 0% used [0x0000000786380000,0x0000000786380000,0x0000000788400000)
 ParOldGen       total 206848K, used 50054K [0x00000006c0000000, 0x00000006cca00000, 0x000000076ab00000)
  object space 206848K, 24% used [0x00000006c0000000,0x00000006c30e19b8,0x00000006cca00000)
 Metaspace       used 31228K, capacity 35341K, committed 35496K, reserved 1077248K
  class space    used 6638K, capacity 8055K, committed 8104K, reserved 1048576K

Card table byte_map: [0x0000000108361000,0x0000000108b62000] byte_map_base: 0x0000000104d61000

Marking Bits: (ParMarkBitMap*) 0x00000001078efd20
 Begin Bits: [0x000000011ec9a000, 0x0000000122c9a000)
 End Bits:   [0x0000000122c9a000, 0x0000000126c9a000)

Polling page: 0x00000001066af000

CodeCache: size=245760Kb used=11029Kb max_used=11029Kb free=234730Kb
 bounds [0x000000010fc9a000, 0x000000011076a000, 0x000000011ec9a000]
 total_blobs=5679 nmethods=4940 adapters=651
 compilation: enabled

Compilation events (10 events):
Event: 3764.705 Thread 0x00007ff61c816800 4955       1       compliment.sources.ns_mappings$try_get_ns_from_context::invokeStatic (633 bytes)
Event: 3764.709 Thread 0x00007ff61c816800 nmethod 4955 0x00000001107599d0 code [0x0000000110759f60, 0x000000011075c478]
Event: 3764.709 Thread 0x00007ff61c816800 4956       1       compliment.sources.ns_mappings$candidates$iter__1431__1435::<init> (20 bytes)
Event: 3764.709 Thread 0x00007ff61c816800 nmethod 4956 0x000000011075e1d0 code [0x000000011075e320, 0x000000011075e470]
Event: 3764.709 Thread 0x00007ff61c816800 4957       1       compliment.sources.special_forms$first_item_in_list_QMARK_::invoke (7 bytes)
Event: 3764.709 Thread 0x00007ff61c816800 nmethod 4957 0x000000011075e4d0 code [0x000000011075e640, 0x000000011075e768]
Event: 3764.709 Thread 0x00007ff61c816800 4958       1       compliment.sources.special_forms$first_item_in_list_QMARK_::invokeStatic (190 bytes)
Event: 3764.714 Thread 0x00007ff61c816800 nmethod 4958 0x000000011075e7d0 code [0x000000011075ea20, 0x000000011075f418]
Event: 3764.714 Thread 0x00007ff61c816800 4959       1       compliment.sources.local_bindings$candidates$iter__1961__1965::<init> (10 bytes)
Event: 3764.714 Thread 0x00007ff61c816800 nmethod 4959 0x000000011075fa50 code [0x000000011075fba0, 0x000000011075fcd0]

GC Heap History (10 events):
Event: 19.838 GC heap before
{Heap before GC invocations=10 (full 1):
 PSYoungGen      total 324608K, used 324579K [0x000000076ab00000, 0x0000000787200000, 0x00000007c0000000)
  eden space 301568K, 100% used [0x000000076ab00000,0x000000077d180000,0x000000077d180000)
  from space 23040K, 99% used [0x000000077f000000,0x0000000780678d50,0x0000000780680000)
  to   space 31232K, 0% used [0x000000077d180000,0x000000077d180000,0x000000077f000000)
 ParOldGen       total 116224K, used 36026K [0x00000006c0000000, 0x00000006c7180000, 0x000000076ab00000)
  object space 116224K, 30% used [0x00000006c0000000,0x00000006c232eae8,0x00000006c7180000)
 Metaspace       used 25934K, capacity 29501K, committed 29696K, reserved 1071104K
  class space    used 5778K, capacity 7097K, committed 7168K, reserved 1048576K
Event: 19.881 GC heap after
Heap after GC invocations=10 (full 1):
 PSYoungGen      total 332800K, used 22807K [0x000000076ab00000, 0x0000000786a80000, 0x00000007c0000000)
  eden space 301568K, 0% used [0x000000076ab00000,0x000000076ab00000,0x000000077d180000)
  from space 31232K, 73% used [0x000000077d180000,0x000000077e7c5ed8,0x000000077f000000)
  to   space 32768K, 0% used [0x0000000784a80000,0x0000000784a80000,0x0000000786a80000)
 ParOldGen       total 116224K, used 45825K [0x00000006c0000000, 0x00000006c7180000, 0x000000076ab00000)
  object space 116224K, 39% used [0x00000006c0000000,0x00000006c2cc0598,0x00000006c7180000)
 Metaspace       used 25934K, capacity 29501K, committed 29696K, reserved 1071104K
  class space    used 5778K, capacity 7097K, committed 7168K, reserved 1048576K
}
Event: 168.402 GC heap before
{Heap before GC invocations=11 (full 1):
 PSYoungGen      total 332800K, used 324375K [0x000000076ab00000, 0x0000000786a80000, 0x00000007c0000000)
  eden space 301568K, 100% used [0x000000076ab00000,0x000000077d180000,0x000000077d180000)
  from space 31232K, 73% used [0x000000077d180000,0x000000077e7c5ed8,0x000000077f000000)
  to   space 32768K, 0% used [0x0000000784a80000,0x0000000784a80000,0x0000000786a80000)
 ParOldGen       total 116224K, used 45825K [0x00000006c0000000, 0x00000006c7180000, 0x000000076ab00000)
  object space 116224K, 39% used [0x00000006c0000000,0x00000006c2cc0598,0x00000006c7180000)
 Metaspace       used 26252K, capacity 29873K, committed 29952K, reserved 1073152K
  class space    used 5810K, capacity 7109K, committed 7168K, reserved 1048576K
Event: 168.431 GC heap after
Heap after GC invocations=11 (full 1):
 PSYoungGen      total 399872K, used 19696K [0x000000076ab00000, 0x0000000785e00000, 0x00000007c0000000)
  eden space 379904K, 0% used [0x000000076ab00000,0x000000076ab00000,0x0000000781e00000)
  from space 19968K, 98% used [0x0000000784a80000,0x0000000785dbc358,0x0000000785e00000)
  to   space 32256K, 0% used [0x0000000781f00000,0x0000000781f00000,0x0000000783e80000)
 ParOldGen       total 116224K, used 47684K [0x00000006c0000000, 0x00000006c7180000, 0x000000076ab00000)
  object space 116224K, 41% used [0x00000006c0000000,0x00000006c2e91158,0x00000006c7180000)
 Metaspace       used 26252K, capacity 29873K, committed 29952K, reserved 1073152K
  class space    used 5810K, capacity 7109K, committed 7168K, reserved 1048576K
}
Event: 2164.080 GC heap before
{Heap before GC invocations=12 (full 1):
 PSYoungGen      total 399872K, used 399600K [0x000000076ab00000, 0x0000000785e00000, 0x00000007c0000000)
  eden space 379904K, 100% used [0x000000076ab00000,0x0000000781e00000,0x0000000781e00000)
  from space 19968K, 98% used [0x0000000784a80000,0x0000000785dbc358,0x0000000785e00000)
  to   space 32256K, 0% used [0x0000000781f00000,0x0000000781f00000,0x0000000783e80000)
 ParOldGen       total 116224K, used 47684K [0x00000006c0000000, 0x00000006c7180000, 0x000000076ab00000)
  object space 116224K, 41% used [0x00000006c0000000,0x00000006c2e91158,0x00000006c7180000)
 Metaspace       used 30866K, capacity 34935K, committed 35200K, reserved 1077248K
  class space    used 6542K, capacity 7955K, committed 8064K, reserved 1048576K
Event: 2164.103 GC heap after
Heap after GC invocations=12 (full 1):
 PSYoungGen      total 413184K, used 22765K [0x000000076ab00000, 0x000000078b000000, 0x00000007c0000000)
  eden space 380928K, 0% used [0x000000076ab00000,0x000000076ab00000,0x0000000781f00000)
  from space 32256K, 70% used [0x0000000781f00000,0x000000078353b418,0x0000000783e80000)
  to   space 33280K, 0% used [0x0000000788f80000,0x0000000788f80000,0x000000078b000000)
 ParOldGen       total 116224K, used 47692K [0x00000006c0000000, 0x00000006c7180000, 0x000000076ab00000)
  object space 116224K, 41% used [0x00000006c0000000,0x00000006c2e93158,0x00000006c7180000)
 Metaspace       used 30866K, capacity 34935K, committed 35200K, reserved 1077248K
  class space    used 6542K, capacity 7955K, committed 8064K, reserved 1048576K
}
Event: 3810.108 GC heap before
{Heap before GC invocations=13 (full 1):
 PSYoungGen      total 413184K, used 231396K [0x000000076ab00000, 0x000000078b000000, 0x00000007c0000000)
  eden space 380928K, 54% used [0x000000076ab00000,0x00000007776bdc50,0x0000000781f00000)
  from space 32256K, 70% used [0x0000000781f00000,0x000000078353b418,0x0000000783e80000)
  to   space 33280K, 0% used [0x0000000788f80000,0x0000000788f80000,0x000000078b000000)
 ParOldGen       total 116224K, used 47692K [0x00000006c0000000, 0x00000006c7180000, 0x000000076ab00000)
  object space 116224K, 41% used [0x00000006c0000000,0x00000006c2e93158,0x00000006c7180000)
 Metaspace       used 31309K, capacity 35493K, committed 35496K, reserved 1077248K
  class space    used 6667K, capacity 8103K, committed 8104K, reserved 1048576K
Event: 3810.134 GC heap after
Heap after GC invocations=13 (full 1):
 PSYoungGen      total 471040K, used 21411K [0x000000076ab00000, 0x000000078a480000, 0x00000007c0000000)
  eden space 449536K, 0% used [0x000000076ab00000,0x000000076ab00000,0x0000000786200000)
  from space 21504K, 99% used [0x0000000788f80000,0x000000078a468de8,0x000000078a480000)
  to   space 33280K, 0% used [0x0000000786380000,0x0000000786380000,0x0000000788400000)
 ParOldGen       total 116224K, used 47700K [0x00000006c0000000, 0x00000006c7180000, 0x000000076ab00000)
  object space 116224K, 41% used [0x00000006c0000000,0x00000006c2e95158,0x00000006c7180000)
 Metaspace       used 31309K, capacity 35493K, committed 35496K, reserved 1077248K
  class space    used 6667K, capacity 8103K, committed 8104K, reserved 1048576K
}
Event: 3810.134 GC heap before
{Heap before GC invocations=14 (full 2):
 PSYoungGen      total 471040K, used 21411K [0x000000076ab00000, 0x000000078a480000, 0x00000007c0000000)
  eden space 449536K, 0% used [0x000000076ab00000,0x000000076ab00000,0x0000000786200000)
  from space 21504K, 99% used [0x0000000788f80000,0x000000078a468de8,0x000000078a480000)
  to   space 33280K, 0% used [0x0000000786380000,0x0000000786380000,0x0000000788400000)
 ParOldGen       total 116224K, used 47700K [0x00000006c0000000, 0x00000006c7180000, 0x000000076ab00000)
  object space 116224K, 41% used [0x00000006c0000000,0x00000006c2e95158,0x00000006c7180000)
 Metaspace       used 31309K, capacity 35493K, committed 35496K, reserved 1077248K
  class space    used 6667K, capacity 8103K, committed 8104K, reserved 1048576K
Event: 3810.291 GC heap after
Heap after GC invocations=14 (full 2):
 PSYoungGen      total 471040K, used 0K [0x000000076ab00000, 0x000000078a480000, 0x00000007c0000000)
  eden space 449536K, 0% used [0x000000076ab00000,0x000000076ab00000,0x0000000786200000)
  from space 21504K, 0% used [0x0000000788f80000,0x0000000788f80000,0x000000078a480000)
  to   space 33280K, 0% used [0x0000000786380000,0x0000000786380000,0x0000000788400000)
 ParOldGen       total 206848K, used 50054K [0x00000006c0000000, 0x00000006cca00000, 0x000000076ab00000)
  object space 206848K, 24% used [0x00000006c0000000,0x00000006c30e19b8,0x00000006cca00000)
 Metaspace       used 31226K, capacity 35335K, committed 35496K, reserved 1077248K
  class space    used 6637K, capacity 8053K, committed 8104K, reserved 1048576K
}

Deoptimization events (0 events):
No events

Internal exceptions (10 events):
Event: 3798.091 Thread 0x00007ff61ca7c000 Exception <a 'java/lang/ClassNotFoundException': > (0x00000007772b5838) thrown at [/Users/java_re/workspace/8-2-build-macosx-x86_64/jdk8u111/7883/hotspot/src/share/vm/prims/jni.cpp, line 735]
Event: 3798.091 Thread 0x00007ff61ca7c000 Exception <a 'java/lang/ClassNotFoundException': > (0x00000007772b67d0) thrown at [/Users/java_re/workspace/8-2-build-macosx-x86_64/jdk8u111/7883/hotspot/src/share/vm/prims/jni.cpp, line 735]
Event: 3798.091 Thread 0x00007ff61ca7c000 Exception <a 'java/lang/ClassNotFoundException': > (0x00000007772b7398) thrown at [/Users/java_re/workspace/8-2-build-macosx-x86_64/jdk8u111/7883/hotspot/src/share/vm/prims/jni.cpp, line 735]
Event: 3798.091 Thread 0x00007ff61ca7c000 Exception <a 'java/lang/ClassNotFoundException': > (0x00000007772b8098) thrown at [/Users/java_re/workspace/8-2-build-macosx-x86_64/jdk8u111/7883/hotspot/src/share/vm/prims/jni.cpp, line 735]
Event: 3798.091 Thread 0x00007ff61ca7c000 Exception <a 'java/lang/ClassNotFoundException': > (0x00000007772b8c60) thrown at [/Users/java_re/workspace/8-2-build-macosx-x86_64/jdk8u111/7883/hotspot/src/share/vm/prims/jni.cpp, line 735]
Event: 3798.091 Thread 0x00007ff61ca7c000 Exception <a 'java/lang/ClassNotFoundException': > (0x00000007772b9bd0) thrown at [/Users/java_re/workspace/8-2-build-macosx-x86_64/jdk8u111/7883/hotspot/src/share/vm/prims/jni.cpp, line 735]
Event: 3798.091 Thread 0x00007ff61ca7c000 Exception <a 'java/lang/ClassNotFoundException': > (0x00000007772baa08) thrown at [/Users/java_re/workspace/8-2-build-macosx-x86_64/jdk8u111/7883/hotspot/src/share/vm/prims/jni.cpp, line 735]
Event: 3810.292 Thread 0x00007ff61b833800 Exception <a 'java/lang/NullPointerException'> (0x000000076abd6a70) thrown at [/Users/java_re/workspace/8-2-build-macosx-x86_64/jdk8u111/7883/hotspot/src/share/vm/interpreter/linkResolver.cpp, line 1178]
Event: 3810.292 Thread 0x00007ff61b833800 Exception <a 'java/lang/NullPointerException'> (0x000000076abd6c78) thrown at [/Users/java_re/workspace/8-2-build-macosx-x86_64/jdk8u111/7883/hotspot/src/share/vm/interpreter/linkResolver.cpp, line 1178]
Event: 3810.292 Thread 0x00007ff61b833800 Exception <a 'java/lang/NullPointerException'> (0x000000076abd6e80) thrown at [/Users/java_re/workspace/8-2-build-macosx-x86_64/jdk8u111/7883/hotspot/src/share/vm/interpreter/linkResolver.cpp, line 1178]

Events (10 events):
Event: 3794.625 loading class relea done
Event: 3798.086 loading class Video
Event: 3798.086 loading class Video done
Event: 3810.108 Executing VM operation: CollectForMetadataAllocation
Event: 3810.291 Executing VM operation: CollectForMetadataAllocation done
Event: 3810.292 Executing VM operation: RevokeBias
Event: 3810.292 Executing VM operation: RevokeBias done
Event: 3810.292 Executing VM operation: RevokeBias
Event: 3810.292 Executing VM operation: RevokeBias done
Event: 3810.296 Executing VM operation: RevokeBias


Dynamic libraries:
0x000000001309b000 	/System/Library/Frameworks/Cocoa.framework/Versions/A/Cocoa
0x000000001309b000 	/System/Library/Frameworks/Security.framework/Versions/A/Security
0x000000001309b000 	/System/Library/Frameworks/ApplicationServices.framework/Versions/A/ApplicationServices
0x000000001309b000 	/usr/lib/libz.1.dylib
0x000000001309b000 	/usr/lib/libSystem.B.dylib
0x000000001309b000 	/usr/lib/libobjc.A.dylib
0x000000001309b000 	/System/Library/Frameworks/CoreFoundation.framework/Versions/A/CoreFoundation
0x000000001309b000 	/System/Library/Frameworks/Foundation.framework/Versions/C/Foundation
0x000000001309b000 	/System/Library/Frameworks/AppKit.framework/Versions/C/AppKit
0x000000001309b000 	/System/Library/Frameworks/CoreData.framework/Versions/A/CoreData
0x000000001309b000 	/System/Library/PrivateFrameworks/RemoteViewServices.framework/Versions/A/RemoteViewServices
0x000000001309b000 	/System/Library/PrivateFrameworks/UIFoundation.framework/Versions/A/UIFoundation
0x000000001309b000 	/System/Library/PrivateFrameworks/DFRFoundation.framework/Versions/A/DFRFoundation
0x000000001309b000 	/usr/lib/libenergytrace.dylib
0x000000001309b000 	/System/Library/PrivateFrameworks/SkyLight.framework/Versions/A/SkyLight
0x000000001309b000 	/System/Library/Frameworks/CoreGraphics.framework/Versions/A/CoreGraphics
0x000000001309b000 	/usr/lib/libScreenReader.dylib
0x000000001309b000 	/System/Library/Frameworks/Accelerate.framework/Versions/A/Accelerate
0x000000001309b000 	/System/Library/Frameworks/IOSurface.framework/Versions/A/IOSurface
0x000000001309b000 	/System/Library/Frameworks/AudioToolbox.framework/Versions/A/AudioToolbox
0x000000001309b000 	/System/Library/Frameworks/AudioUnit.framework/Versions/A/AudioUnit
0x000000001309b000 	/System/Library/PrivateFrameworks/DataDetectorsCore.framework/Versions/A/DataDetectorsCore
0x000000001309b000 	/System/Library/PrivateFrameworks/DesktopServicesPriv.framework/Versions/A/DesktopServicesPriv
0x000000001309b000 	/System/Library/Frameworks/Carbon.framework/Versions/A/Frameworks/HIToolbox.framework/Versions/A/HIToolbox
0x000000001309b000 	/usr/lib/libicucore.A.dylib
0x000000001309b000 	/System/Library/Frameworks/QuartzCore.framework/Versions/A/QuartzCore
0x000000001309b000 	/System/Library/Frameworks/Carbon.framework/Versions/A/Frameworks/SpeechRecognition.framework/Versions/A/SpeechRecognition
0x000000001309b000 	/usr/lib/libauto.dylib
0x000000001309b000 	/usr/lib/libxml2.2.dylib
0x000000001309b000 	/System/Library/PrivateFrameworks/CoreUI.framework/Versions/A/CoreUI
0x000000001309b000 	/System/Library/Frameworks/CoreAudio.framework/Versions/A/CoreAudio
0x000000001309b000 	/System/Library/Frameworks/DiskArbitration.framework/Versions/A/DiskArbitration
0x000000001309b000 	/usr/lib/liblangid.dylib
0x000000001309b000 	/System/Library/PrivateFrameworks/MultitouchSupport.framework/Versions/A/MultitouchSupport
0x000000001309b000 	/System/Library/Frameworks/IOKit.framework/Versions/A/IOKit
0x000000001309b000 	/usr/lib/libDiagnosticMessagesClient.dylib
0x000000001309b000 	/System/Library/Frameworks/CoreServices.framework/Versions/A/CoreServices
0x000000001309b000 	/System/Library/PrivateFrameworks/PerformanceAnalysis.framework/Versions/A/PerformanceAnalysis
0x000000001309b000 	/System/Library/PrivateFrameworks/GenerationalStorage.framework/Versions/A/GenerationalStorage
0x000000001309b000 	/System/Library/Frameworks/OpenGL.framework/Versions/A/OpenGL
0x000000001309b000 	/System/Library/Frameworks/CoreImage.framework/Versions/A/CoreImage
0x000000001309b000 	/System/Library/Frameworks/CoreText.framework/Versions/A/CoreText
0x000000001309b000 	/System/Library/Frameworks/ImageIO.framework/Versions/A/ImageIO
0x000000001309b000 	/System/Library/PrivateFrameworks/Backup.framework/Versions/A/Backup
0x000000001309b000 	/usr/lib/libarchive.2.dylib
0x000000001309b000 	/System/Library/Frameworks/CFNetwork.framework/Versions/A/CFNetwork
0x000000001309b000 	/System/Library/Frameworks/SystemConfiguration.framework/Versions/A/SystemConfiguration
0x000000001309b000 	/usr/lib/libCRFSuite.dylib
0x000000001309b000 	/usr/lib/libc++.1.dylib
0x000000001309b000 	/usr/lib/libc++abi.dylib
0x000000001309b000 	/usr/lib/system/libcache.dylib
0x000000001309b000 	/usr/lib/system/libcommonCrypto.dylib
0x000000001309b000 	/usr/lib/system/libcompiler_rt.dylib
0x000000001309b000 	/usr/lib/system/libcopyfile.dylib
0x000000001309b000 	/usr/lib/system/libcorecrypto.dylib
0x000000001309b000 	/usr/lib/system/libdispatch.dylib
0x000000001309b000 	/usr/lib/system/libdyld.dylib
0x000000001309b000 	/usr/lib/system/libkeymgr.dylib
0x000000001309b000 	/usr/lib/system/liblaunch.dylib
0x000000001309b000 	/usr/lib/system/libmacho.dylib
0x000000001309b000 	/usr/lib/system/libquarantine.dylib
0x000000001309b000 	/usr/lib/system/libremovefile.dylib
0x000000001309b000 	/usr/lib/system/libsystem_asl.dylib
0x000000001309b000 	/usr/lib/system/libsystem_blocks.dylib
0x000000001309b000 	/usr/lib/system/libsystem_c.dylib
0x000000001309b000 	/usr/lib/system/libsystem_configuration.dylib
0x000000001309b000 	/usr/lib/system/libsystem_coreservices.dylib
0x000000001309b000 	/usr/lib/system/libsystem_coretls.dylib
0x000000001309b000 	/usr/lib/system/libsystem_dnssd.dylib
0x000000001309b000 	/usr/lib/system/libsystem_info.dylib
0x000000001309b000 	/usr/lib/system/libsystem_kernel.dylib
0x000000001309b000 	/usr/lib/system/libsystem_m.dylib
0x000000001309b000 	/usr/lib/system/libsystem_malloc.dylib
0x000000001309b000 	/usr/lib/system/libsystem_network.dylib
0x000000001309b000 	/usr/lib/system/libsystem_networkextension.dylib
0x000000001309b000 	/usr/lib/system/libsystem_notify.dylib
0x000000001309b000 	/usr/lib/system/libsystem_platform.dylib
0x000000001309b000 	/usr/lib/system/libsystem_pthread.dylib
0x000000001309b000 	/usr/lib/system/libsystem_sandbox.dylib
0x000000001309b000 	/usr/lib/system/libsystem_secinit.dylib
0x000000001309b000 	/usr/lib/system/libsystem_symptoms.dylib
0x000000001309b000 	/usr/lib/system/libsystem_trace.dylib
0x000000001309b000 	/usr/lib/system/libunwind.dylib
0x000000001309b000 	/usr/lib/system/libxpc.dylib
0x000000001309b000 	/usr/lib/libbsm.0.dylib
0x000000001309b000 	/usr/lib/system/libkxld.dylib
0x000000001309b000 	/usr/lib/libcoretls.dylib
0x000000001309b000 	/usr/lib/libcoretls_cfhelpers.dylib
0x000000001309b000 	/usr/lib/libxar.1.dylib
0x000000001309b000 	/usr/lib/libsqlite3.dylib
0x000000001309b000 	/usr/lib/libpam.2.dylib
0x000000001309b000 	/usr/lib/libOpenScriptingUtil.dylib
0x000000001309b000 	/usr/lib/libbz2.1.0.dylib
0x000000001309b000 	/usr/lib/liblzma.5.dylib
0x000000001309b000 	/usr/lib/libnetwork.dylib
0x000000001309b000 	/usr/lib/libpcap.A.dylib
0x000000001309b000 	/System/Library/Frameworks/CoreServices.framework/Versions/A/Frameworks/FSEvents.framework/Versions/A/FSEvents
0x000000001309b000 	/System/Library/Frameworks/CoreServices.framework/Versions/A/Frameworks/CarbonCore.framework/Versions/A/CarbonCore
0x000000001309b000 	/System/Library/Frameworks/CoreServices.framework/Versions/A/Frameworks/Metadata.framework/Versions/A/Metadata
0x000000001309b000 	/System/Library/Frameworks/CoreServices.framework/Versions/A/Frameworks/OSServices.framework/Versions/A/OSServices
0x000000001309b000 	/System/Library/Frameworks/CoreServices.framework/Versions/A/Frameworks/SearchKit.framework/Versions/A/SearchKit
0x000000001309b000 	/System/Library/Frameworks/CoreServices.framework/Versions/A/Frameworks/AE.framework/Versions/A/AE
0x000000001309b000 	/System/Library/Frameworks/CoreServices.framework/Versions/A/Frameworks/LaunchServices.framework/Versions/A/LaunchServices
0x000000001309b000 	/System/Library/Frameworks/CoreServices.framework/Versions/A/Frameworks/DictionaryServices.framework/Versions/A/DictionaryServices
0x000000001309b000 	/System/Library/Frameworks/CoreServices.framework/Versions/A/Frameworks/SharedFileList.framework/Versions/A/SharedFileList
0x000000001309b000 	/System/Library/Frameworks/NetFS.framework/Versions/A/NetFS
0x000000001309b000 	/System/Library/PrivateFrameworks/NetAuth.framework/Versions/A/NetAuth
0x000000001309b000 	/System/Library/PrivateFrameworks/login.framework/Versions/A/Frameworks/loginsupport.framework/Versions/A/loginsupport
0x000000001309b000 	/System/Library/PrivateFrameworks/TCC.framework/Versions/A/TCC
0x000000001309b000 	/usr/lib/libmecabra.dylib
0x000000001309b000 	/System/Library/Frameworks/ApplicationServices.framework/Versions/A/Frameworks/ATS.framework/Versions/A/ATS
0x000000001309b000 	/System/Library/Frameworks/ApplicationServices.framework/Versions/A/Frameworks/ColorSync.framework/Versions/A/ColorSync
0x000000001309b000 	/System/Library/Frameworks/ApplicationServices.framework/Versions/A/Frameworks/HIServices.framework/Versions/A/HIServices
0x000000001309b000 	/System/Library/Frameworks/ApplicationServices.framework/Versions/A/Frameworks/LangAnalysis.framework/Versions/A/LangAnalysis
0x000000001309b000 	/System/Library/Frameworks/ApplicationServices.framework/Versions/A/Frameworks/PrintCore.framework/Versions/A/PrintCore
0x000000001309b000 	/System/Library/Frameworks/ApplicationServices.framework/Versions/A/Frameworks/QD.framework/Versions/A/QD
0x000000001309b000 	/System/Library/Frameworks/ApplicationServices.framework/Versions/A/Frameworks/SpeechSynthesis.framework/Versions/A/SpeechSynthesis
0x000000001309b000 	/System/Library/Frameworks/Accelerate.framework/Versions/A/Frameworks/vImage.framework/Versions/A/vImage
0x000000001309b000 	/System/Library/Frameworks/Accelerate.framework/Versions/A/Frameworks/vecLib.framework/Versions/A/vecLib
0x000000001309b000 	/System/Library/Frameworks/Accelerate.framework/Versions/A/Frameworks/vecLib.framework/Versions/A/libvDSP.dylib
0x000000001309b000 	/System/Library/Frameworks/Accelerate.framework/Versions/A/Frameworks/vecLib.framework/Versions/A/libBNNS.dylib
0x000000001309b000 	/System/Library/Frameworks/Accelerate.framework/Versions/A/Frameworks/vecLib.framework/Versions/A/libQuadrature.dylib
0x000000001309b000 	/System/Library/Frameworks/Accelerate.framework/Versions/A/Frameworks/vecLib.framework/Versions/A/libvMisc.dylib
0x000000001309b000 	/System/Library/Frameworks/Accelerate.framework/Versions/A/Frameworks/vecLib.framework/Versions/A/libLAPACK.dylib
0x000000001309b000 	/System/Library/Frameworks/Accelerate.framework/Versions/A/Frameworks/vecLib.framework/Versions/A/libBLAS.dylib
0x000000001309b000 	/System/Library/Frameworks/Accelerate.framework/Versions/A/Frameworks/vecLib.framework/Versions/A/libLinearAlgebra.dylib
0x000000001309b000 	/System/Library/Frameworks/Accelerate.framework/Versions/A/Frameworks/vecLib.framework/Versions/A/libSparseBLAS.dylib
0x000000001309b000 	/System/Library/Frameworks/ApplicationServices.framework/Versions/A/Frameworks/ATS.framework/Versions/A/Resources/libFontParser.dylib
0x000000001309b000 	/System/Library/Frameworks/ApplicationServices.framework/Versions/A/Frameworks/ATS.framework/Versions/A/Resources/libFontRegistry.dylib
0x000000001309b000 	/System/Library/Frameworks/ImageIO.framework/Versions/A/Resources/libJPEG.dylib
0x000000001309b000 	/System/Library/Frameworks/ImageIO.framework/Versions/A/Resources/libTIFF.dylib
0x000000001309b000 	/System/Library/Frameworks/ImageIO.framework/Versions/A/Resources/libPng.dylib
0x000000001309b000 	/System/Library/Frameworks/ImageIO.framework/Versions/A/Resources/libGIF.dylib
0x000000001309b000 	/System/Library/Frameworks/ImageIO.framework/Versions/A/Resources/libJP2.dylib
0x000000001309b000 	/System/Library/Frameworks/ImageIO.framework/Versions/A/Resources/libRadiance.dylib
0x000000001309b000 	/usr/lib/libcompression.dylib
0x000000001309b000 	/System/Library/PrivateFrameworks/AppleJPEG.framework/Versions/A/AppleJPEG
0x000000001309b000 	/usr/lib/libcups.2.dylib
0x000000001309b000 	/System/Library/Frameworks/Kerberos.framework/Versions/A/Kerberos
0x000000001309b000 	/System/Library/Frameworks/GSS.framework/Versions/A/GSS
0x000000001309b000 	/usr/lib/libresolv.9.dylib
0x000000001309b000 	/usr/lib/libiconv.2.dylib
0x000000001309b000 	/System/Library/PrivateFrameworks/Heimdal.framework/Versions/A/Heimdal
0x000000001309b000 	/usr/lib/libheimdal-asn1.dylib
0x000000001309b000 	/System/Library/Frameworks/OpenDirectory.framework/Versions/A/OpenDirectory
0x000000001309b000 	/System/Library/PrivateFrameworks/CommonAuth.framework/Versions/A/CommonAuth
0x000000001309b000 	/System/Library/Frameworks/OpenDirectory.framework/Versions/A/Frameworks/CFOpenDirectory.framework/Versions/A/CFOpenDirectory
0x000000001309b000 	/System/Library/Frameworks/SecurityFoundation.framework/Versions/A/SecurityFoundation
0x000000001309b000 	/System/Library/PrivateFrameworks/LanguageModeling.framework/Versions/A/LanguageModeling
0x000000001309b000 	/usr/lib/libmarisa.dylib
0x000000001309b000 	/usr/lib/libChineseTokenizer.dylib
0x000000001309b000 	/usr/lib/libcmph.dylib
0x000000001309b000 	/System/Library/PrivateFrameworks/CoreEmoji.framework/Versions/A/CoreEmoji
0x000000001309b000 	/System/Library/Frameworks/ServiceManagement.framework/Versions/A/ServiceManagement
0x000000001309b000 	/usr/lib/libxslt.1.dylib
0x000000001309b000 	/System/Library/Frameworks/Carbon.framework/Versions/A/Frameworks/Ink.framework/Versions/A/Ink
0x000000001309b000 	/System/Library/PrivateFrameworks/TextureIO.framework/Versions/A/TextureIO
0x000000001309b000 	/System/Library/Frameworks/Metal.framework/Versions/A/Metal
0x000000001309b000 	/usr/lib/libate.dylib
0x000000001309b000 	/System/Library/PrivateFrameworks/GPUCompiler.framework/libmetal_timestamp.dylib
0x000000001309b000 	/System/Library/Frameworks/OpenGL.framework/Versions/A/Libraries/libCoreFSCache.dylib
0x000000001309b000 	/System/Library/PrivateFrameworks/IOAccelerator.framework/Versions/A/IOAccelerator
0x000000001309b000 	/System/Library/Frameworks/CoreVideo.framework/Versions/A/CoreVideo
0x000000001309b000 	/usr/lib/libFosl_dynamic.dylib
0x000000001309b000 	/System/Library/PrivateFrameworks/MetalPerformanceShaders.framework/Versions/A/MetalPerformanceShaders
0x000000001309b000 	/System/Library/PrivateFrameworks/FaceCore.framework/Versions/A/FaceCore
0x000000001309b000 	/System/Library/Frameworks/OpenCL.framework/Versions/A/OpenCL
0x000000001309b000 	/System/Library/Frameworks/OpenGL.framework/Versions/A/Libraries/libGLU.dylib
0x000000001309b000 	/System/Library/Frameworks/OpenGL.framework/Versions/A/Libraries/libGFXShared.dylib
0x000000001309b000 	/System/Library/Frameworks/OpenGL.framework/Versions/A/Libraries/libGL.dylib
0x000000001309b000 	/System/Library/Frameworks/OpenGL.framework/Versions/A/Libraries/libGLImage.dylib
0x000000001309b000 	/System/Library/Frameworks/OpenGL.framework/Versions/A/Libraries/libCVMSPluginSupport.dylib
0x000000001309b000 	/System/Library/Frameworks/OpenGL.framework/Versions/A/Libraries/libCoreVMClient.dylib
0x000000001309b000 	/System/Library/PrivateFrameworks/CrashReporterSupport.framework/Versions/A/CrashReporterSupport
0x000000001309b000 	/System/Library/PrivateFrameworks/Sharing.framework/Versions/A/Sharing
0x000000001309b000 	/System/Library/PrivateFrameworks/IconServices.framework/Versions/A/IconServices
0x000000001309b000 	/System/Library/PrivateFrameworks/ProtocolBuffer.framework/Versions/A/ProtocolBuffer
0x000000001309b000 	/System/Library/PrivateFrameworks/Apple80211.framework/Versions/A/Apple80211
0x000000001309b000 	/System/Library/Frameworks/CoreWLAN.framework/Versions/A/CoreWLAN
0x000000001309b000 	/System/Library/PrivateFrameworks/CoreUtils.framework/Versions/A/CoreUtils
0x000000001309b000 	/System/Library/Frameworks/IOBluetooth.framework/Versions/A/IOBluetooth
0x000000001309b000 	/System/Library/PrivateFrameworks/CoreWiFi.framework/Versions/A/CoreWiFi
0x000000001309b000 	/System/Library/Frameworks/CoreBluetooth.framework/Versions/A/CoreBluetooth
0x000000001309b000 	/System/Library/Frameworks/CoreDisplay.framework/Versions/A/CoreDisplay
0x000000001309b000 	/System/Library/PrivateFrameworks/IOPresentment.framework/Versions/A/IOPresentment
0x000000001309b000 	/System/Library/PrivateFrameworks/DebugSymbols.framework/Versions/A/DebugSymbols
0x000000001309b000 	/System/Library/PrivateFrameworks/CoreSymbolication.framework/Versions/A/CoreSymbolication
0x000000001309b000 	/System/Library/PrivateFrameworks/Symbolication.framework/Versions/A/Symbolication
0x000000001309b000 	/System/Library/PrivateFrameworks/AppleFSCompression.framework/Versions/A/AppleFSCompression
0x000000001309b000 	/System/Library/PrivateFrameworks/SpeechRecognitionCore.framework/Versions/A/SpeechRecognitionCore
0x000000001309b000 	/System/Library/PrivateFrameworks/ChunkingLibrary.framework/Versions/A/ChunkingLibrary
0x0000000107000000 	/Library/Java/JavaVirtualMachines/jdk1.8.0_111.jdk/Contents/Home/jre/lib/server/libjvm.dylib
0x000000001309b000 	/usr/lib/libstdc++.6.dylib
0x000000010666c000 	/Library/Java/JavaVirtualMachines/jdk1.8.0_111.jdk/Contents/Home/jre/lib/libverify.dylib
0x000000010667a000 	/Library/Java/JavaVirtualMachines/jdk1.8.0_111.jdk/Contents/Home/jre/lib/libjava.dylib
0x00000001066b9000 	/Library/Java/JavaVirtualMachines/jdk1.8.0_111.jdk/Contents/Home/jre/lib/libzip.dylib
0x000000010b2b3000 	/System/Library/Frameworks/JavaVM.framework/Frameworks/JavaRuntimeSupport.framework/JavaRuntimeSupport
0x00000001067e7000 	/System/Library/Frameworks/JavaVM.framework/Versions/A/Frameworks/JavaNativeFoundation.framework/Versions/A/JavaNativeFoundation
0x000000010b2cd000 	/System/Library/Frameworks/JavaVM.framework/Versions/A/JavaVM
0x000000001309b000 	/System/Library/Frameworks/Carbon.framework/Versions/A/Carbon
0x000000010b2da000 	/System/Library/PrivateFrameworks/JavaLaunching.framework/Versions/A/JavaLaunching
0x000000001309b000 	/System/Library/Frameworks/Carbon.framework/Versions/A/Frameworks/CommonPanels.framework/Versions/A/CommonPanels
0x000000001309b000 	/System/Library/Frameworks/Carbon.framework/Versions/A/Frameworks/Help.framework/Versions/A/Help
0x000000001309b000 	/System/Library/Frameworks/Carbon.framework/Versions/A/Frameworks/ImageCapture.framework/Versions/A/ImageCapture
0x000000001309b000 	/System/Library/Frameworks/Carbon.framework/Versions/A/Frameworks/OpenScripting.framework/Versions/A/OpenScripting
0x000000001309b000 	/System/Library/Frameworks/Carbon.framework/Versions/A/Frameworks/Print.framework/Versions/A/Print
0x000000001309b000 	/System/Library/Frameworks/Carbon.framework/Versions/A/Frameworks/SecurityHI.framework/Versions/A/SecurityHI
0x000000010dfe6000 	/Users/leytzher/Documents/clojure/clojurecv/target/native/macosx/x86_64/libopencv_java2413.dylib
0x000000010e097000 	/usr/local/Cellar/opencv/2.4.13.2/lib/libopencv_contrib.2.4.dylib
0x000000010ced6000 	/usr/local/Cellar/opencv/2.4.13.2/lib/libopencv_nonfree.2.4.dylib
0x000000010cf10000 	/usr/local/Cellar/opencv/2.4.13.2/lib/libopencv_gpu.2.4.dylib
0x000000010e185000 	/usr/local/Cellar/opencv/2.4.13.2/lib/libopencv_legacy.2.4.dylib
0x000000010e26b000 	/usr/local/Cellar/opencv/2.4.13.2/lib/libopencv_photo.2.4.dylib
0x000000010e288000 	/usr/local/Cellar/opencv/2.4.13.2/lib/libopencv_ocl.2.4.dylib
0x000000010e444000 	/usr/local/Cellar/opencv/2.4.13.2/lib/libopencv_calib3d.2.4.dylib
0x000000010e522000 	/usr/local/Cellar/opencv/2.4.13.2/lib/libopencv_features2d.2.4.dylib
0x000000010e5b9000 	/usr/local/Cellar/opencv/2.4.13.2/lib/libopencv_flann.2.4.dylib
0x000000010e61e000 	/usr/local/Cellar/opencv/2.4.13.2/lib/libopencv_ml.2.4.dylib
0x000000010e68e000 	/usr/local/Cellar/opencv/2.4.13.2/lib/libopencv_video.2.4.dylib
0x000000010e6d7000 	/usr/local/Cellar/opencv/2.4.13.2/lib/libopencv_objdetect.2.4.dylib
0x000000010e748000 	/usr/local/Cellar/opencv/2.4.13.2/lib/libopencv_highgui.2.4.dylib
0x000000010e788000 	/usr/local/Cellar/opencv/2.4.13.2/lib/libopencv_imgproc.2.4.dylib
0x000000010e9f7000 	/usr/local/Cellar/opencv/2.4.13.2/lib/libopencv_core.2.4.dylib
0x000000010ebfa000 	/usr/local/opt/jpeg/lib/libjpeg.8.dylib
0x000000010ec2d000 	/usr/local/opt/libpng/lib/libpng16.16.dylib
0x000000010ec59000 	/usr/local/opt/libtiff/lib/libtiff.5.dylib
0x000000010cf31000 	/usr/local/opt/ilmbase/lib/libImath-2_2.12.dylib
0x000000010ecb3000 	/usr/local/opt/openexr/lib/libIlmImf-2_2.22.dylib
0x000000010ef98000 	/usr/local/opt/ilmbase/lib/libIex-2_2.12.dylib
0x000000010efaa000 	/usr/local/opt/ilmbase/lib/libHalf.12.dylib
0x000000010d007000 	/usr/local/opt/ilmbase/lib/libIlmThread-2_2.12.dylib
0x000000001309b000 	/System/Library/Frameworks/AVFoundation.framework/Versions/A/AVFoundation
0x000000001309b000 	/System/Library/Frameworks/CoreMedia.framework/Versions/A/CoreMedia
0x000000010d00f000 	/usr/local/opt/ilmbase/lib/libIexMath-2_2.12.dylib
0x000000001309b000 	/System/Library/Frameworks/AVFoundation.framework/Versions/A/Frameworks/AVFAudio.framework/Versions/A/AVFAudio
0x000000001309b000 	/System/Library/Frameworks/MediaToolbox.framework/Versions/A/MediaToolbox
0x000000001309b000 	/System/Library/Frameworks/VideoToolbox.framework/Versions/A/VideoToolbox
0x000000001309b000 	/System/Library/PrivateFrameworks/IntlPreferences.framework/Versions/A/IntlPreferences
0x000000001309b000 	/System/Library/Frameworks/CoreMediaIO.framework/Versions/A/CoreMediaIO
0x000000001309b000 	/usr/lib/libspindump.dylib
0x000000001309b000 	/usr/lib/libdscsym.dylib
0x000000001309b000 	/System/Library/PrivateFrameworks/CoreAVCHD.framework/Versions/A/CoreAVCHD
0x000000001309b000 	/System/Library/Frameworks/MediaAccessibility.framework/Versions/A/MediaAccessibility
0x000000001309b000 	/System/Library/PrivateFrameworks/Mangrove.framework/Versions/A/Mangrove
0x000000001309b000 	/System/Library/PrivateFrameworks/CoreAUC.framework/Versions/A/CoreAUC
0x000000001309b000 	/System/Library/PrivateFrameworks/AppleVA.framework/Versions/A/AppleVA
0x000000001309b000 	/System/Library/PrivateFrameworks/XPCService.framework/Versions/A/XPCService
0x000000001309b000 	/System/Library/PrivateFrameworks/AppSandbox.framework/Versions/A/AppSandbox
0x000000001309b000 	/usr/lib/libsandbox.1.dylib
0x000000001309b000 	/System/Library/PrivateFrameworks/AppContainer.framework/Versions/A/AppContainer
0x000000001309b000 	/System/Library/PrivateFrameworks/SecCodeWrapper.framework/Versions/A/SecCodeWrapper
0x000000001309b000 	/usr/lib/libMatch.1.dylib
0x000000010efee000 	/Library/Java/JavaVirtualMachines/jdk1.8.0_111.jdk/Contents/Home/jre/lib/libnet.dylib
0x000000010f205000 	/Library/Java/JavaVirtualMachines/jdk1.8.0_111.jdk/Contents/Home/jre/lib/libawt.dylib
0x000000010f2ad000 	/Library/Java/JavaVirtualMachines/jdk1.8.0_111.jdk/Contents/Home/jre/lib/./libmlib_image.dylib
0x000000010f379000 	/Library/Java/JavaVirtualMachines/jdk1.8.0_111.jdk/Contents/Home/jre/lib/libawt_lwawt.dylib
0x000000010f42e000 	/Library/Java/JavaVirtualMachines/jdk1.8.0_111.jdk/Contents/Home/jre/lib/./libosxapp.dylib
0x000000001309b000 	/System/Library/Frameworks/ExceptionHandling.framework/Versions/A/ExceptionHandling
0x000000001309b000 	/System/Library/PrivateFrameworks/CoreServicesInternal.framework/Versions/A/CoreServicesInternal
0x000000001309b000 	/System/Library/CoreServices/RawCamera.bundle/Contents/MacOS/RawCamera
0x000000001309b000 	/System/Library/Frameworks/Accelerate.framework/Versions/A/Frameworks/vImage.framework/Versions/A/Libraries/libCGInterfaces.dylib
0x000000001309b000 	/System/Library/PrivateFrameworks/FamilyControls.framework/Versions/A/FamilyControls
0x000000001309b000 	/System/Library/PrivateFrameworks/CommerceKit.framework/Versions/A/Frameworks/CommerceCore.framework/Versions/A/CommerceCore
0x000000001309b000 	/System/Library/PrivateFrameworks/SystemAdministration.framework/Versions/A/SystemAdministration
0x000000001309b000 	/System/Library/Frameworks/DirectoryService.framework/Versions/A/DirectoryService
0x000000001309b000 	/System/Library/PrivateFrameworks/DiskImages.framework/Versions/A/DiskImages
0x000000001309b000 	/System/Library/PrivateFrameworks/LoginUIKit.framework/Versions/A/Frameworks/LoginUICore.framework/Versions/A/LoginUICore
0x000000001309b000 	/usr/lib/libCoreStorage.dylib
0x000000001309b000 	/usr/lib/libcsfde.dylib
0x000000001309b000 	/usr/lib/libodfde.dylib
0x000000001309b000 	/System/Library/Frameworks/DiscRecording.framework/Versions/A/DiscRecording
0x000000001309b000 	/usr/lib/libcurl.4.dylib
0x000000001309b000 	/System/Library/PrivateFrameworks/MediaKit.framework/Versions/A/MediaKit
0x000000001309b000 	/System/Library/PrivateFrameworks/ProtectedCloudStorage.framework/Versions/A/ProtectedCloudStorage
0x000000001309b000 	/System/Library/PrivateFrameworks/EFILogin.framework/Versions/A/EFILogin
0x000000001309b000 	/usr/lib/libutil.dylib
0x000000001309b000 	/System/Library/Frameworks/LDAP.framework/Versions/A/LDAP
0x000000001309b000 	/usr/lib/libsasl2.2.dylib
0x000000001309b000 	/System/Library/PrivateFrameworks/CoreDaemon.framework/Versions/B/CoreDaemon
0x000000001309b000 	/System/Library/PrivateFrameworks/AppleSRP.framework/Versions/A/AppleSRP
0x000000001309b000 	/System/Library/PrivateFrameworks/APFS.framework/Versions/A/APFS
0x000000001309b000 	/System/Library/Frameworks/OpenGL.framework/Versions/A/Resources/GLEngine.bundle/GLEngine
0x000000001309b000 	/System/Library/Frameworks/OpenGL.framework/Versions/A/Libraries/libGLProgrammability.dylib
0x00000001294a6000 	/System/Library/Extensions/AppleIntelHD3000GraphicsGLDriver.bundle/Contents/MacOS/AppleIntelHD3000GraphicsGLDriver
0x000000001309b000 	/System/Library/PrivateFrameworks/GPUSupport.framework/Versions/A/Libraries/libGPUSupport.dylib
0x000000001309b000 	/System/Library/Frameworks/OpenGL.framework/Versions/A/Resources/GLRendererFloat.bundle/GLRendererFloat
0x000000001309b000 	/System/Library/Frameworks/OpenCL.framework/Versions/A/Libraries/libcldcpuengine.dylib
0x000000001309b000 	/usr/lib/libcrypto.0.9.8.dylib
0x000000001309b000 	/System/Library/PrivateFrameworks/TrustEvaluationAgent.framework/Versions/A/TrustEvaluationAgent
0x0000000129d11000 	/Library/Java/JavaVirtualMachines/jdk1.8.0_111.jdk/Contents/Home/jre/lib/libfontmanager.dylib
0x0000000129d78000 	/Library/Java/JavaVirtualMachines/jdk1.8.0_111.jdk/Contents/Home/jre/lib/libosxui.dylib
0x000000001309b000 	/System/Library/Frameworks/ApplicationServices.framework/Versions/A/Frameworks/ATS.framework/Versions/A/Resources/libTrueTypeScaler.dylib
0x000000001309b000 	/System/Library/PrivateFrameworks/ViewBridge.framework/Versions/A/ViewBridge
0x000000010cfc1000 	/System/Library/Extensions/AppleHDA.kext/Contents/PlugIns/AppleHDAHALPlugIn.bundle/Contents/MacOS/AppleHDAHALPlugIn
0x00000001322b9000 	/System/Library/Frameworks/CoreMediaIO.framework/Resources/VDC.plugin/Contents/MacOS/VDC
0x00000001322ea000 	/System/Library/Frameworks/CoreMediaIO.framework/Resources/CMIOUnits.bundle/Contents/MacOS/CMIOUnits
0x0000000132477000 	/System/Library/PrivateFrameworks/FWAVC.framework/Versions/A/FWAVC
0x000000001309b000 	/System/Library/PrivateFrameworks/AppleGVA.framework/Versions/A/AppleGVA

VM Arguments:
jvm_args: -Dfile.encoding=UTF-8 -XX:+TieredCompilation -XX:TieredStopAtLevel=1 -XX:-OmitStackTraceInFastThrow -Dclojure.compile.path=/Users/leytzher/Documents/clojure/clojurecv/target/classes -Dclojurecv.version=0.1.0-SNAPSHOT -Dclojure.debug=false -Djava.library.path=/Users/leytzher/Documents/clojure/clojurecv/target/native/macosx/x86_64 
java_command: clojure.main -i /private/var/folders/hs/rz7jrjjn4nn_wp57dlfldpyh0000gn/T/form-init6552510949222373862.clj
java_class_path (initial): /Users/leytzher/Documents/clojure/clojurecv/test:/Users/leytzher/Documents/clojure/clojurecv/src:/Users/leytzher/Documents/clojure/clojurecv/dev-resources:/Users/leytzher/Documents/clojure/clojurecv/resources:/Users/leytzher/Documents/clojure/clojurecv/target/classes:/Users/leytzher/.m2/repository/org/apache/httpcomponents/httpcore/4.1.2/httpcore-4.1.2.jar:/Users/leytzher/.m2/repository/org/apache/httpcomponents/httpclient/4.1.2/httpclient-4.1.2.jar:/Users/leytzher/.m2/repository/org/clojure/clojure/1.8.0/clojure-1.8.0.jar:/Users/leytzher/.m2/repository/org/sonatype/aether/aether-spi/1.13.1/aether-spi-1.13.1.jar:/Users/leytzher/.m2/repository/org/apache/maven/wagon/wagon-http/2.2/wagon-http-2.2.jar:/Users/leytzher/.m2/repository/org/tcrawley/dynapath/0.2.3/dynapath-0.2.3.jar:/Users/leytzher/.m2/repository/org/sonatype/sisu/sisu-inject-bean/2.2.3/sisu-inject-bean-2.2.3.jar:/Users/leytzher/.m2/repository/commons-codec/commons-codec/1.4/commons-codec-1.4.jar:/Users/leytzher/.m2/repository/org/sonatype/aether/aether-api/1.13.1/aether-api-1.13.1.jar:/Users/leytzher/.m2/repository/opencv/opencv-native/2.4.13/opencv-native-2.4.13.jar:/Users/leytzher/.m2/repository/org/codehaus/plexus/plexus-component-annotations/1.5.5/plexus-component-annotations-1.5.5.jar:/Users/leytzher/.m2/repository/org/clojure/tools.nrepl/0.2.12/tools.nrepl-0.2.12.jar:/Users/leytzher/.m2/repository/org/jsoup/jsoup/1.6.1/jsoup-1.6.1.jar:/Users/leytzher/.m2/repository/org/apache/maven/wagon/wagon-http-shared4/2.2/wagon-http-shared4-2.2.jar:/Users/leytzher/.m2/repository/clojure-complete/clojure-complete/0.2.4/clojure-complete-0.2.4.jar:/Users/leytzher/.m2/repository/org/codehaus/plexus/plexus-classworlds/2.4/plexus-classworlds-2.4.jar:/Users/leytzher/.m2/repository/org/codehaus/plexus/plexus-interpolation/1.14/plexus-interpolation-1.14.jar:/Users/leytzher/.m2/repository/org/clojure/java.classpath/0.2.0/java.classpath-0.2.0.jar:/Users/leytzher/.m2/repository/org/sonatype/aeth
Launcher Type: SUN_STANDARD

Environment Variables:
CLASSPATH=/Users/leytzher/.lein/self-installs/leiningen-2.7.1-standalone.jar
PATH=/usr/local/bin:/Applications/MATLAB_R2016b.app:/Applications/Mathematica.app/Contents/SystemFiles/Links/MathLink/DeveloperKit/MacOSX-x86-64/CompilerAdditions:/Users/leytzher/ant/apache-ant-1.10.0/bin:/usr/local/bin:/Users/leytzher/Library/Haskell/bin:/usr/bin:/bin:/usr/sbin:/sbin:/usr/local/bin:/opt/X11/bin:/usr/local/share/dotnet:/Library/Frameworks/Mono.framework/Versions/Current/Commands:/Library/TeX/texbin:/Applications/MATLAB_R2016b.app:/Applications/Mathematica.app/Contents/SystemFiles/Links/MathLink/DeveloperKit/MacOSX-x86-64/CompilerAdditions:/Users/leytzher/ant/apache-ant-1.10.0/bin:/Users/leytzher/Library/Haskell/bin:/Applications/Emacs.app/Contents/MacOS/bin-x86_64-10_9:/Applications/Emacs.app/Contents/MacOS/libexec-x86_64-10_9:/Applications/Mathematica.app:/Applications/Mathematica.app
SHELL=/bin/bash
DISPLAY=/private/tmp/com.apple.launchd.LXr8zQmw8D/org.macosforge.xquartz:0

Signal Handlers:
SIGSEGV: [libjvm.dylib+0x5b03ed], sa_mask[0]=11111111011111110111111111111111, sa_flags=SA_ONSTACK|SA_RESTART|SA_SIGINFO
SIGBUS: [libjvm.dylib+0x5b03ed], sa_mask[0]=11111111011111110111111111111111, sa_flags=SA_RESTART|SA_SIGINFO
SIGFPE: [libjvm.dylib+0x48711c], sa_mask[0]=11111111011111110111111111111111, sa_flags=SA_RESTART|SA_SIGINFO
SIGPIPE: [libjvm.dylib+0x48711c], sa_mask[0]=11111111011111110111111111111111, sa_flags=SA_RESTART|SA_SIGINFO
SIGXFSZ: [libjvm.dylib+0x48711c], sa_mask[0]=11111111011111110111111111111111, sa_flags=SA_RESTART|SA_SIGINFO
SIGILL: [libjvm.dylib+0x48711c], sa_mask[0]=11111111011111110111111111111111, sa_flags=SA_RESTART|SA_SIGINFO
SIGUSR1: SIG_DFL, sa_mask[0]=11011111011111100000000111000110, sa_flags=none
SIGUSR2: [libjvm.dylib+0x486c3a], sa_mask[0]=00100000000000000000000000000000, sa_flags=SA_RESTART|SA_SIGINFO
SIGHUP: [libjvm.dylib+0x485211], sa_mask[0]=11111111011111110111111111111111, sa_flags=SA_RESTART|SA_SIGINFO
SIGINT: [libjvm.dylib+0x485211], sa_mask[0]=11111111011111110111111111111111, sa_flags=SA_RESTART|SA_SIGINFO
SIGTERM: [libjvm.dylib+0x485211], sa_mask[0]=11111111011111110111111111111111, sa_flags=SA_RESTART|SA_SIGINFO
SIGQUIT: [libjvm.dylib+0x485211], sa_mask[0]=11111111011111110111111111111111, sa_flags=SA_RESTART|SA_SIGINFO


---------------  S Y S T E M  ---------------

OS:Bsduname:Darwin 16.3.0 Darwin Kernel Version 16.3.0: Thu Nov 17 20:23:58 PST 2016; root:xnu-3789.31.2~1/RELEASE_X86_64 x86_64
rlimit: STACK 8515k, CORE 0k, NPROC 709, NOFILE 10240, AS infinity
load average:1.46 1.67 1.71

CPU:total 4 (2 cores per cpu, 2 threads per core) family 6 model 42 stepping 7, cmov, cx8, fxsr, mmx, sse, sse2, sse3, ssse3, sse4.1, sse4.2, popcnt, avx, aes, clmul, ht, tsc, tscinvbit

Memory: 4k page, physical 16777216k(846364k free)

/proc/meminfo:


vm_info: Java HotSpot(TM) 64-Bit Server VM (25.111-b14) for bsd-amd64 JRE (1.8.0_111-b14), built on Sep 22 2016 15:31:41 by "java_re" with gcc 4.2.1 (Based on Apple Inc. build 5658) (LLVM build 2336.11.00)

time: Sun Jan 15 11:04:28 2017
elapsed time: 3810 seconds (0d 1h 3m 30s)

