#
# A fatal error has been detected by the Java Runtime Environment:
#
#  SIGSEGV (0xb) at pc=0x00007fff8b37cf3b, pid=795, tid=0x0000000000000307
#
# JRE version: Java(TM) SE Runtime Environment (8.0_111-b14) (build 1.8.0_111-b14)
# Java VM: Java HotSpot(TM) 64-Bit Server VM (25.111-b14 mixed mode bsd-amd64 compressed oops)
# Problematic frame:
# C  [libobjc.A.dylib+0x8f3b]  objc_release+0x1b
#
# Failed to write core dump. Core dumps have been disabled. To enable core dumping, try "ulimit -c unlimited" before starting Java again
#
# If you would like to submit a bug report, please visit:
#   http://bugreport.java.com/bugreport/crash.jsp
# The crash happened outside the Java Virtual Machine in native code.
# See problematic frame for where to report the bug.
#

---------------  T H R E A D  ---------------

Current thread (0x00007f9edfd3e000):  JavaThread "AppKit Thread" daemon [_thread_in_native, id=775, stack(0x00007fff51062180,0x00007fff518b3000)]

siginfo: si_signo: 11 (SIGSEGV), si_code: 1 (SEGV_MAPERR), si_addr: 0x0000000000000020

Registers:
RAX=0xe000000000000000, RBX=0x00007f9edfd3c010, RCX=0x0000000000000000, RDX=0x000000010e36d408
RSP=0x00007fff518ad5b8, RBP=0x00007fff518ada00, RSI=0x0000000000000000, RDI=0x00007f9ee1300240
R8 =0x0000000000000001, R9 =0x0000000000000582, R10=0x00007f9edee00000, R11=0x0000000000000a00
R12=0x00007f9edfd3c000, R13=0xa3a3a3a3a3a3a3a3, R14=0x00007f9edfd3c060, R15=0x00007f9edfd3c000
RIP=0x00007fff8b37cf3b, EFLAGS=0x0000000000010246, ERR=0x0000000000000004
  TRAPNO=0x000000000000000e

Top of Stack: (sp=0x00007fff518ad5b8)
0x00007fff518ad5b8:   00007fff8b37de60 00007fff72e98619
0x00007fff518ad5c8:   0000000000000002 000000010e36de00
0x00007fff518ad5d8:   0000000000000090 00007f9ee125a4f0
0x00007fff518ad5e8:   0000000000000009 00000001e1307a50
0x00007fff518ad5f8:   00007fff74db5d61 000000010e369000
0x00007fff518ad608:   ff80000000001002 00007f9ee130ffff
0x00007fff518ad618:   0000000000000090 0000000000000001
0x00007fff518ad628:   00007fff94a80f00 00007fff94aa8000
0x00007fff518ad638:   0000000000000090 00007fff518ad670
0x00007fff518ad648:   00007fff8bdee496 0000000000000008
0x00007fff518ad658:   0000000000000008 0000000000000090
0x00007fff518ad668:   00007f9ee10e41b0 00007fff518ad690
0x00007fff518ad678:   00007fff8bdeedd7 0000000000000000
0x00007fff518ad688:   0000000000639500 00639600518ad6b0
0x00007fff518ad698:   00007fff949482d0 00007fff949482ec
0x00007fff518ad6a8:   00007fff949482f0 00007fff949482ec
0x00007fff518ad6b8:   00007fff94948140 00007fff74db64cc
0x00007fff518ad6c8:   00007fff8b37cfcb 0000000000000000
0x00007fff518ad6d8:   0000000000000000 00007fff518ad700
0x00007fff518ad6e8:   00007fff8b37c6cb 0000000000000307
0x00007fff518ad6f8:   00007fff94948140 000000000000009a
0x00007fff518ad708:   000000000000002c 00007fff518ad7a0
0x00007fff518ad718:   00007fff8be034be 0000020090a99c28
0x00007fff518ad728:   00007f9ee1309a10 000000010e369000
0x00007fff518ad738:   00007f9ee13fc080 00007f9ee1309a10
0x00007fff518ad748:   00007f9ee1309a90 0000000000000008
0x00007fff518ad758:   0000000294a01401 0000000000000080
0x00007fff518ad768:   0000000000000008 00007fff518ad800
0x00007fff518ad778:   00007fff8be034be 000000010e36de00
0x00007fff518ad788:   0000000000000008 000000010e369000
0x00007fff518ad798:   00007f9ee13fc080 00007f9ee1309940
0x00007fff518ad7a8:   00007f9ee13099c0 0000000000000008 

Instructions: (pc=0x00007fff8b37cf3b)
0x00007fff8b37cf1b:   90 90 90 90 90 48 85 ff 74 67 40 f6 c7 01 75 61
0x00007fff8b37cf2b:   48 8b 07 48 b9 f8 ff ff ff ff 7f 00 00 48 21 c1
0x00007fff8b37cf3b:   f6 41 20 02 74 56 a8 01 74 48 48 b9 00 00 00 00
0x00007fff8b37cf4b:   00 00 00 01 48 ba 00 00 00 00 00 00 40 00 48 89 

Register to memory mapping:

RAX=0xe000000000000000 is an unknown value
RBX=0x00007f9edfd3c010 is an unknown value
RCX=0x0000000000000000 is an unknown value
RDX=0x000000010e36d408 is an unknown value
RSP=0x00007fff518ad5b8 is pointing into the stack for thread: 0x00007f9edfd3e000
RBP=0x00007fff518ada00 is pointing into the stack for thread: 0x00007f9edfd3e000
RSI=0x0000000000000000 is an unknown value
RDI=0x00007f9ee1300240 is an unknown value
R8 =0x0000000000000001 is an unknown value
R9 =0x0000000000000582 is an unknown value
R10=0x00007f9edee00000 is an unknown value
R11=0x0000000000000a00 is an unknown value
R12=0x00007f9edfd3c000 is an unknown value
R13=0xa3a3a3a3a3a3a3a3 is an unknown value
R14=0x00007f9edfd3c060 is an unknown value
R15=0x00007f9edfd3c000 is an unknown value


Stack: [0x00007fff51062180,0x00007fff518b3000],  sp=0x00007fff518ad5b8,  free space=8493k
Native frames: (J=compiled Java code, j=interpreted, Vv=VM code, C=native code)
C  [libobjc.A.dylib+0x8f3b]  objc_release+0x1b
C  [CoreFoundation+0x45106]  _CFAutoreleasePoolPop+0x16
C  [CoreFoundation+0x85665]  __CFRunLoopRun+0x8b5
C  [CoreFoundation+0x84b54]  CFRunLoopRunSpecific+0x1a4
C  [HIToolbox+0x30acc]  RunCurrentEventLoopInMode+0xf0
C  [HIToolbox+0x30901]  ReceiveNextEventCommon+0x1b0
C  [HIToolbox+0x30736]  _BlockUntilNextEventMatchingListInModeWithFilter+0x47
C  [AppKit+0x46ae4]  _DPSNextEvent+0x460
C  [AppKit+0x7c121f]  -[NSApplication(NSEvent) _nextEventMatchingEventMask:untilDate:inMode:dequeue:]+0xae5
C  [libosxapp.dylib+0x23aa]  -[NSApplicationAWT nextEventMatchingMask:untilDate:inMode:dequeue:]+0x7c
C  [AppKit+0x3b465]  -[NSApplication run]+0x39e
C  [libosxapp.dylib+0x214d]  +[NSApplicationAWT runAWTLoopWithApp:]+0x9c
C  [libawt_lwawt.dylib+0x444b3]  -[AWTStarter starter:]+0x389
C  [Foundation+0x7188a]  __NSThreadPerformPerform+0x146
C  [CoreFoundation+0xa48d1]  __CFRUNLOOP_IS_CALLING_OUT_TO_A_SOURCE0_PERFORM_FUNCTION__+0x11
C  [CoreFoundation+0x85c6c]  __CFRunLoopDoSources0+0x22c
C  [CoreFoundation+0x85156]  __CFRunLoopRun+0x3a6
C  [CoreFoundation+0x84b54]  CFRunLoopRunSpecific+0x1a4
C  [java+0x6465]  CreateExecutionEnvironment+0x367
C  [java+0x218c]  JLI_Launch+0x7a0
C  [java+0x84c2]  main+0x65
C  [java+0x19e4]  start+0x34
C  0x000000000000000e


---------------  P R O C E S S  ---------------

Java Threads: ( => current thread )
  0x00007f9edf578000 JavaThread "nREPL-worker-3" daemon [_thread_blocked, id=48371, stack(0x000070000c386000,0x000070000c486000)]
  0x00007f9ee0810000 JavaThread "clojure-agent-send-off-pool-6" [_thread_blocked, id=49331, stack(0x000070000c200000,0x000070000c300000)]
  0x00007f9edfd35000 JavaThread "clojure-agent-send-off-pool-5" [_thread_blocked, id=20159, stack(0x000070000bc6e000,0x000070000bd6e000)]
  0x00007f9edfc3f800 JavaThread "AWT-EventQueue-0" [_thread_blocked, id=79379, stack(0x000070000c815000,0x000070000c915000)]
  0x00007f9edfdc4800 JavaThread "Java2D Disposer" daemon [_thread_blocked, id=73739, stack(0x000070000c712000,0x000070000c812000)]
  0x00007f9edf14e800 JavaThread "AWT-Shutdown" [_thread_blocked, id=60683, stack(0x000070000c60f000,0x000070000c70f000)]
  0x00007f9edf9f5000 JavaThread "Java2D Queue Flusher" daemon [_thread_blocked, id=67079, stack(0x000070000be74000,0x000070000bf74000)]
  0x00007f9ee08f0800 JavaThread "clojure-agent-send-off-pool-3" [_thread_in_native, id=47619, stack(0x000070000c0fd000,0x000070000c1fd000)]
  0x00007f9ee08f0000 JavaThread "clojure-agent-send-off-pool-2" [_thread_blocked, id=47107, stack(0x000070000bffa000,0x000070000c0fa000)]
=>0x00007f9edfd3e000 JavaThread "AppKit Thread" daemon [_thread_in_native, id=775, stack(0x00007fff51062180,0x00007fff518b3000)]
  0x00007f9edf2a6800 JavaThread "clojure-agent-send-off-pool-1" [_thread_in_native, id=20483, stack(0x000070000bd71000,0x000070000be71000)]
  0x00007f9edf0ac800 JavaThread "Service Thread" daemon [_thread_blocked, id=18947, stack(0x000070000ba68000,0x000070000bb68000)]
  0x00007f9edf81d000 JavaThread "C1 CompilerThread2" daemon [_thread_blocked, id=18435, stack(0x000070000b965000,0x000070000ba65000)]
  0x00007f9edf81c000 JavaThread "C2 CompilerThread1" daemon [_thread_blocked, id=17923, stack(0x000070000b862000,0x000070000b962000)]
  0x00007f9edf810800 JavaThread "C2 CompilerThread0" daemon [_thread_blocked, id=17411, stack(0x000070000b75f000,0x000070000b85f000)]
  0x00007f9edf806000 JavaThread "Signal Dispatcher" daemon [_thread_blocked, id=16899, stack(0x000070000b65c000,0x000070000b75c000)]
  0x00007f9edf80f000 JavaThread "Finalizer" daemon [_thread_blocked, id=12291, stack(0x000070000b453000,0x000070000b553000)]
  0x00007f9edf80c800 JavaThread "Reference Handler" daemon [_thread_blocked, id=11779, stack(0x000070000b350000,0x000070000b450000)]
  0x00007f9edf00a000 JavaThread "main" [_thread_blocked, id=6915, stack(0x000070000ad3e000,0x000070000ae3e000)]

Other Threads:
  0x00007f9edf067000 VMThread [stack: 0x000070000b24d000,0x000070000b34d000] [id=11267]
  0x00007f9edf0ad000 WatcherThread [stack: 0x000070000bb6b000,0x000070000bc6b000] [id=19459]

VM state:not at safepoint (normal execution)

VM Mutex/Monitor currently owned by a thread: None

Heap:
 PSYoungGen      total 351232K, used 302965K [0x000000076ab00000, 0x0000000788b00000, 0x00000007c0000000)
  eden space 320000K, 86% used [0x000000076ab00000,0x000000077b919958,0x000000077e380000)
  from space 31232K, 84% used [0x000000077e380000,0x000000077fd43cf8,0x0000000780200000)
  to   space 33792K, 0% used [0x0000000786a00000,0x0000000786a00000,0x0000000788b00000)
 ParOldGen       total 112128K, used 44984K [0x00000006c0000000, 0x00000006c6d80000, 0x000000076ab00000)
  object space 112128K, 40% used [0x00000006c0000000,0x00000006c2bee0e8,0x00000006c6d80000)
 Metaspace       used 30622K, capacity 34487K, committed 34688K, reserved 1077248K
  class space    used 6436K, capacity 7778K, committed 7808K, reserved 1048576K

Card table byte_map: [0x000000010ff96000,0x0000000110797000] byte_map_base: 0x000000010c996000

Marking Bits: (ParMarkBitMap*) 0x000000010f4efd20
 Begin Bits: [0x0000000123f72000, 0x0000000127f72000)
 End Bits:   [0x0000000127f72000, 0x000000012bf72000)

Polling page: 0x000000010e3d8000

CodeCache: size=245760Kb used=9833Kb max_used=9833Kb free=235926Kb
 bounds [0x0000000114f72000, 0x0000000115912000, 0x0000000123f72000]
 total_blobs=5163 nmethods=4428 adapters=647
 compilation: enabled

Compilation events (10 events):
Event: 267.683 Thread 0x00007f9edf81d000 4433       1       clojure.tools.nrepl.bencode$string_LT_payload::invokeStatic (19 bytes)
Event: 267.683 Thread 0x00007f9edf81d000 nmethod 4433 0x000000011590ae10 code [0x000000011590af80, 0x000000011590b148]
Event: 267.683 Thread 0x00007f9edf81d000 4434       1       clojure.walk$keywordize_keys$f__7818::invoke (71 bytes)
Event: 267.684 Thread 0x00007f9edf81d000 nmethod 4434 0x000000011590b250 code [0x000000011590b460, 0x000000011590bce8]
Event: 267.684 Thread 0x00007f9edf81d000 4435       1       clojure.lang.PersistentHashMap$2::next (40 bytes)
Event: 267.684 Thread 0x00007f9edf81d000 nmethod 4435 0x000000011590c210 code [0x000000011590c380, 0x000000011590c538]
Event: 276.392 Thread 0x00007f9edf81d000 4436       1       clojure.tools.nrepl.transport$eval223$fn__224::invoke (19 bytes)
Event: 276.393 Thread 0x00007f9edf81d000 nmethod 4436 0x000000011590c610 code [0x000000011590c780, 0x000000011590c968]
Event: 277.923 Thread 0x00007f9edf81d000 4437       1       clojure.core$nnext__4355::invokeStatic (10 bytes)
Event: 277.923 Thread 0x00007f9edf81d000 nmethod 4437 0x000000011590ca90 code [0x000000011590cc00, 0x000000011590cd18]

GC Heap History (10 events):
Event: 2.742 GC heap before
{Heap before GC invocations=6 (full 1):
 PSYoungGen      total 141824K, used 10720K [0x000000076ab00000, 0x000000077cc00000, 0x00000007c0000000)
  eden space 131072K, 0% used [0x000000076ab00000,0x000000076ab00000,0x0000000772b00000)
  from space 10752K, 99% used [0x0000000772b00000,0x0000000773578020,0x0000000773580000)
  to   space 16896K, 0% used [0x000000077bb80000,0x000000077bb80000,0x000000077cc00000)
 ParOldGen       total 175104K, used 6873K [0x00000006c0000000, 0x00000006cab00000, 0x000000076ab00000)
  object space 175104K, 3% used [0x00000006c0000000,0x00000006c06b67b8,0x00000006cab00000)
 Metaspace       used 18351K, capacity 21171K, committed 21296K, reserved 1064960K
  class space    used 4484K, capacity 5503K, committed 5504K, reserved 1048576K
Event: 2.822 GC heap after
Heap after GC invocations=6 (full 1):
 PSYoungGen      total 141824K, used 0K [0x000000076ab00000, 0x000000077cc00000, 0x00000007c0000000)
  eden space 131072K, 0% used [0x000000076ab00000,0x000000076ab00000,0x0000000772b00000)
  from space 10752K, 0% used [0x0000000772b00000,0x0000000772b00000,0x0000000773580000)
  to   space 16896K, 0% used [0x000000077bb80000,0x000000077bb80000,0x000000077cc00000)
 ParOldGen       total 112128K, used 17305K [0x00000006c0000000, 0x00000006c6d80000, 0x000000076ab00000)
  object space 112128K, 15% used [0x00000006c0000000,0x00000006c10e6780,0x00000006c6d80000)
 Metaspace       used 18351K, capacity 21171K, committed 21296K, reserved 1064960K
  class space    used 4484K, capacity 5503K, committed 5504K, reserved 1048576K
}
Event: 3.518 GC heap before
{Heap before GC invocations=7 (full 1):
 PSYoungGen      total 141824K, used 131072K [0x000000076ab00000, 0x000000077cc00000, 0x00000007c0000000)
  eden space 131072K, 100% used [0x000000076ab00000,0x0000000772b00000,0x0000000772b00000)
  from space 10752K, 0% used [0x0000000772b00000,0x0000000772b00000,0x0000000773580000)
  to   space 16896K, 0% used [0x000000077bb80000,0x000000077bb80000,0x000000077cc00000)
 ParOldGen       total 112128K, used 17305K [0x00000006c0000000, 0x00000006c6d80000, 0x000000076ab00000)
  object space 112128K, 15% used [0x00000006c0000000,0x00000006c10e6780,0x00000006c6d80000)
 Metaspace       used 25386K, capacity 28845K, committed 29056K, reserved 1071104K
  class space    used 5689K, capacity 6978K, committed 7040K, reserved 1048576K
Event: 3.532 GC heap after
Heap after GC invocations=7 (full 1):
 PSYoungGen      total 220160K, used 12661K [0x000000076ab00000, 0x000000077c800000, 0x00000007c0000000)
  eden space 207360K, 0% used [0x000000076ab00000,0x000000076ab00000,0x0000000777580000)
  from space 12800K, 98% used [0x000000077bb80000,0x000000077c7dd768,0x000000077c800000)
  to   space 16896K, 0% used [0x000000077a700000,0x000000077a700000,0x000000077b780000)
 ParOldGen       total 112128K, used 17313K [0x00000006c0000000, 0x00000006c6d80000, 0x000000076ab00000)
  object space 112128K, 15% used [0x00000006c0000000,0x00000006c10e8780,0x00000006c6d80000)
 Metaspace       used 25386K, capacity 28845K, committed 29056K, reserved 1071104K
  class space    used 5689K, capacity 6978K, committed 7040K, reserved 1048576K
}
Event: 4.387 GC heap before
{Heap before GC invocations=8 (full 1):
 PSYoungGen      total 220160K, used 220021K [0x000000076ab00000, 0x000000077c800000, 0x00000007c0000000)
  eden space 207360K, 100% used [0x000000076ab00000,0x0000000777580000,0x0000000777580000)
  from space 12800K, 98% used [0x000000077bb80000,0x000000077c7dd768,0x000000077c800000)
  to   space 16896K, 0% used [0x000000077a700000,0x000000077a700000,0x000000077b780000)
 ParOldGen       total 112128K, used 17313K [0x00000006c0000000, 0x00000006c6d80000, 0x000000076ab00000)
  object space 112128K, 15% used [0x00000006c0000000,0x00000006c10e8780,0x00000006c6d80000)
 Metaspace       used 25742K, capacity 29273K, committed 29312K, reserved 1071104K
  class space    used 5750K, capacity 7033K, committed 7040K, reserved 1048576K
Event: 4.422 GC heap after
Heap after GC invocations=8 (full 1):
 PSYoungGen      total 274944K, used 16887K [0x000000076ab00000, 0x0000000781900000, 0x00000007c0000000)
  eden space 258048K, 0% used [0x000000076ab00000,0x000000076ab00000,0x000000077a700000)
  from space 16896K, 99% used [0x000000077a700000,0x000000077b77dff8,0x000000077b780000)
  to   space 23552K, 0% used [0x0000000780200000,0x0000000780200000,0x0000000781900000)
 ParOldGen       total 112128K, used 25354K [0x00000006c0000000, 0x00000006c6d80000, 0x000000076ab00000)
  object space 112128K, 22% used [0x00000006c0000000,0x00000006c18c28e0,0x00000006c6d80000)
 Metaspace       used 25742K, capacity 29273K, committed 29312K, reserved 1071104K
  class space    used 5750K, capacity 7033K, committed 7040K, reserved 1048576K
}
Event: 5.314 GC heap before
{Heap before GC invocations=9 (full 1):
 PSYoungGen      total 274944K, used 274935K [0x000000076ab00000, 0x0000000781900000, 0x00000007c0000000)
  eden space 258048K, 100% used [0x000000076ab00000,0x000000077a700000,0x000000077a700000)
  from space 16896K, 99% used [0x000000077a700000,0x000000077b77dff8,0x000000077b780000)
  to   space 23552K, 0% used [0x0000000780200000,0x0000000780200000,0x0000000781900000)
 ParOldGen       total 112128K, used 25354K [0x00000006c0000000, 0x00000006c6d80000, 0x000000076ab00000)
  object space 112128K, 22% used [0x00000006c0000000,0x00000006c18c28e0,0x00000006c6d80000)
 Metaspace       used 25818K, capacity 29369K, committed 29696K, reserved 1071104K
  class space    used 5763K, capacity 7065K, committed 7168K, reserved 1048576K
Event: 5.368 GC heap after
Heap after GC invocations=9 (full 1):
 PSYoungGen      total 343552K, used 23549K [0x000000076ab00000, 0x0000000787d00000, 0x00000007c0000000)
  eden space 320000K, 0% used [0x000000076ab00000,0x000000076ab00000,0x000000077e380000)
  from space 23552K, 99% used [0x0000000780200000,0x00000007818ff6a8,0x0000000781900000)
  to   space 31232K, 0% used [0x000000077e380000,0x000000077e380000,0x0000000780200000)
 ParOldGen       total 112128K, used 35183K [0x00000006c0000000, 0x00000006c6d80000, 0x000000076ab00000)
  object space 112128K, 31% used [0x00000006c0000000,0x00000006c225bc58,0x00000006c6d80000)
 Metaspace       used 25818K, capacity 29369K, committed 29696K, reserved 1071104K
  class space    used 5763K, capacity 7065K, committed 7168K, reserved 1048576K
}
Event: 20.778 GC heap before
{Heap before GC invocations=10 (full 1):
 PSYoungGen      total 343552K, used 343549K [0x000000076ab00000, 0x0000000787d00000, 0x00000007c0000000)
  eden space 320000K, 100% used [0x000000076ab00000,0x000000077e380000,0x000000077e380000)
  from space 23552K, 99% used [0x0000000780200000,0x00000007818ff6a8,0x0000000781900000)
  to   space 31232K, 0% used [0x000000077e380000,0x000000077e380000,0x0000000780200000)
 ParOldGen       total 112128K, used 35183K [0x00000006c0000000, 0x00000006c6d80000, 0x000000076ab00000)
  object space 112128K, 31% used [0x00000006c0000000,0x00000006c225bc58,0x00000006c6d80000)
 Metaspace       used 25916K, capacity 29517K, committed 29696K, reserved 1071104K
  class space    used 5772K, capacity 7065K, committed 7168K, reserved 1048576K
Event: 20.825 GC heap after
Heap after GC invocations=10 (full 1):
 PSYoungGen      total 351232K, used 26383K [0x000000076ab00000, 0x0000000788b00000, 0x00000007c0000000)
  eden space 320000K, 0% used [0x000000076ab00000,0x000000076ab00000,0x000000077e380000)
  from space 31232K, 84% used [0x000000077e380000,0x000000077fd43cf8,0x0000000780200000)
  to   space 33792K, 0% used [0x0000000786a00000,0x0000000786a00000,0x0000000788b00000)
 ParOldGen       total 112128K, used 44984K [0x00000006c0000000, 0x00000006c6d80000, 0x000000076ab00000)
  object space 112128K, 40% used [0x00000006c0000000,0x00000006c2bee0e8,0x00000006c6d80000)
 Metaspace       used 25916K, capacity 29517K, committed 29696K, reserved 1071104K
  class space    used 5772K, capacity 7065K, committed 7168K, reserved 1048576K
}

Deoptimization events (0 events):
No events

Internal exceptions (10 events):
Event: 276.402 Thread 0x00007f9ee0810000 Exception <a 'java/lang/ClassNotFoundException': > (0x000000077af62610) thrown at [/Users/java_re/workspace/8-2-build-macosx-x86_64/jdk8u111/7883/hotspot/src/share/vm/prims/jni.cpp, line 735]
Event: 276.402 Thread 0x00007f9ee0810000 Exception <a 'java/lang/ClassNotFoundException': > (0x000000077af63448) thrown at [/Users/java_re/workspace/8-2-build-macosx-x86_64/jdk8u111/7883/hotspot/src/share/vm/prims/jni.cpp, line 735]
Event: 276.402 Thread 0x00007f9ee0810000 Exception <a 'java/lang/ClassNotFoundException': > (0x000000077af644f0) thrown at [/Users/java_re/workspace/8-2-build-macosx-x86_64/jdk8u111/7883/hotspot/src/share/vm/prims/jni.cpp, line 735]
Event: 276.402 Thread 0x00007f9ee0810000 Exception <a 'java/lang/ClassNotFoundException': > (0x000000077af65218) thrown at [/Users/java_re/workspace/8-2-build-macosx-x86_64/jdk8u111/7883/hotspot/src/share/vm/prims/jni.cpp, line 735]
Event: 276.402 Thread 0x00007f9ee0810000 Exception <a 'java/lang/ClassNotFoundException': > (0x000000077af661b0) thrown at [/Users/java_re/workspace/8-2-build-macosx-x86_64/jdk8u111/7883/hotspot/src/share/vm/prims/jni.cpp, line 735]
Event: 276.402 Thread 0x00007f9ee0810000 Exception <a 'java/lang/ClassNotFoundException': > (0x000000077af66d78) thrown at [/Users/java_re/workspace/8-2-build-macosx-x86_64/jdk8u111/7883/hotspot/src/share/vm/prims/jni.cpp, line 735]
Event: 276.402 Thread 0x00007f9ee0810000 Exception <a 'java/lang/ClassNotFoundException': > (0x000000077af67a78) thrown at [/Users/java_re/workspace/8-2-build-macosx-x86_64/jdk8u111/7883/hotspot/src/share/vm/prims/jni.cpp, line 735]
Event: 276.402 Thread 0x00007f9ee0810000 Exception <a 'java/lang/ClassNotFoundException': > (0x000000077af68640) thrown at [/Users/java_re/workspace/8-2-build-macosx-x86_64/jdk8u111/7883/hotspot/src/share/vm/prims/jni.cpp, line 735]
Event: 276.402 Thread 0x00007f9ee0810000 Exception <a 'java/lang/ClassNotFoundException': > (0x000000077af695b0) thrown at [/Users/java_re/workspace/8-2-build-macosx-x86_64/jdk8u111/7883/hotspot/src/share/vm/prims/jni.cpp, line 735]
Event: 276.402 Thread 0x00007f9ee0810000 Exception <a 'java/lang/ClassNotFoundException': > (0x000000077af6a3e8) thrown at [/Users/java_re/workspace/8-2-build-macosx-x86_64/jdk8u111/7883/hotspot/src/share/vm/prims/jni.cpp, line 735]

Events (10 events):
Event: 276.395 loading class release
Event: 276.395 loading class release done
Event: 277.923 Executing VM operation: RevokeBias
Event: 277.923 Executing VM operation: RevokeBias done
Event: 277.924 Executing VM operation: RevokeBias
Event: 277.924 Executing VM operation: RevokeBias done
Event: 277.924 loading class webcam
Event: 277.924 loading class webcam done
Event: 277.924 loading class webcam
Event: 277.924 loading class webcam done


Dynamic libraries:
0x000000000115b000 	/System/Library/Frameworks/Cocoa.framework/Versions/A/Cocoa
0x000000000115b000 	/System/Library/Frameworks/Security.framework/Versions/A/Security
0x000000000115b000 	/System/Library/Frameworks/ApplicationServices.framework/Versions/A/ApplicationServices
0x000000000115b000 	/usr/lib/libz.1.dylib
0x000000000115b000 	/usr/lib/libSystem.B.dylib
0x000000000115b000 	/usr/lib/libobjc.A.dylib
0x000000000115b000 	/System/Library/Frameworks/CoreFoundation.framework/Versions/A/CoreFoundation
0x000000000115b000 	/System/Library/Frameworks/Foundation.framework/Versions/C/Foundation
0x000000000115b000 	/System/Library/Frameworks/AppKit.framework/Versions/C/AppKit
0x000000000115b000 	/System/Library/Frameworks/CoreData.framework/Versions/A/CoreData
0x000000000115b000 	/System/Library/PrivateFrameworks/RemoteViewServices.framework/Versions/A/RemoteViewServices
0x000000000115b000 	/System/Library/PrivateFrameworks/UIFoundation.framework/Versions/A/UIFoundation
0x000000000115b000 	/System/Library/PrivateFrameworks/DFRFoundation.framework/Versions/A/DFRFoundation
0x000000000115b000 	/usr/lib/libenergytrace.dylib
0x000000000115b000 	/System/Library/PrivateFrameworks/SkyLight.framework/Versions/A/SkyLight
0x000000000115b000 	/System/Library/Frameworks/CoreGraphics.framework/Versions/A/CoreGraphics
0x000000000115b000 	/usr/lib/libScreenReader.dylib
0x000000000115b000 	/System/Library/Frameworks/Accelerate.framework/Versions/A/Accelerate
0x000000000115b000 	/System/Library/Frameworks/IOSurface.framework/Versions/A/IOSurface
0x000000000115b000 	/System/Library/Frameworks/AudioToolbox.framework/Versions/A/AudioToolbox
0x000000000115b000 	/System/Library/Frameworks/AudioUnit.framework/Versions/A/AudioUnit
0x000000000115b000 	/System/Library/PrivateFrameworks/DataDetectorsCore.framework/Versions/A/DataDetectorsCore
0x000000000115b000 	/System/Library/PrivateFrameworks/DesktopServicesPriv.framework/Versions/A/DesktopServicesPriv
0x000000000115b000 	/System/Library/Frameworks/Carbon.framework/Versions/A/Frameworks/HIToolbox.framework/Versions/A/HIToolbox
0x000000000115b000 	/usr/lib/libicucore.A.dylib
0x000000000115b000 	/System/Library/Frameworks/QuartzCore.framework/Versions/A/QuartzCore
0x000000000115b000 	/System/Library/Frameworks/Carbon.framework/Versions/A/Frameworks/SpeechRecognition.framework/Versions/A/SpeechRecognition
0x000000000115b000 	/usr/lib/libauto.dylib
0x000000000115b000 	/usr/lib/libxml2.2.dylib
0x000000000115b000 	/System/Library/PrivateFrameworks/CoreUI.framework/Versions/A/CoreUI
0x000000000115b000 	/System/Library/Frameworks/CoreAudio.framework/Versions/A/CoreAudio
0x000000000115b000 	/System/Library/Frameworks/DiskArbitration.framework/Versions/A/DiskArbitration
0x000000000115b000 	/usr/lib/liblangid.dylib
0x000000000115b000 	/System/Library/PrivateFrameworks/MultitouchSupport.framework/Versions/A/MultitouchSupport
0x000000000115b000 	/System/Library/Frameworks/IOKit.framework/Versions/A/IOKit
0x000000000115b000 	/usr/lib/libDiagnosticMessagesClient.dylib
0x000000000115b000 	/System/Library/Frameworks/CoreServices.framework/Versions/A/CoreServices
0x000000000115b000 	/System/Library/PrivateFrameworks/PerformanceAnalysis.framework/Versions/A/PerformanceAnalysis
0x000000000115b000 	/System/Library/PrivateFrameworks/GenerationalStorage.framework/Versions/A/GenerationalStorage
0x000000000115b000 	/System/Library/Frameworks/OpenGL.framework/Versions/A/OpenGL
0x000000000115b000 	/System/Library/Frameworks/CoreImage.framework/Versions/A/CoreImage
0x000000000115b000 	/System/Library/Frameworks/CoreText.framework/Versions/A/CoreText
0x000000000115b000 	/System/Library/Frameworks/ImageIO.framework/Versions/A/ImageIO
0x000000000115b000 	/System/Library/PrivateFrameworks/Backup.framework/Versions/A/Backup
0x000000000115b000 	/usr/lib/libarchive.2.dylib
0x000000000115b000 	/System/Library/Frameworks/CFNetwork.framework/Versions/A/CFNetwork
0x000000000115b000 	/System/Library/Frameworks/SystemConfiguration.framework/Versions/A/SystemConfiguration
0x000000000115b000 	/usr/lib/libCRFSuite.dylib
0x000000000115b000 	/usr/lib/libc++.1.dylib
0x000000000115b000 	/usr/lib/libc++abi.dylib
0x000000000115b000 	/usr/lib/system/libcache.dylib
0x000000000115b000 	/usr/lib/system/libcommonCrypto.dylib
0x000000000115b000 	/usr/lib/system/libcompiler_rt.dylib
0x000000000115b000 	/usr/lib/system/libcopyfile.dylib
0x000000000115b000 	/usr/lib/system/libcorecrypto.dylib
0x000000000115b000 	/usr/lib/system/libdispatch.dylib
0x000000000115b000 	/usr/lib/system/libdyld.dylib
0x000000000115b000 	/usr/lib/system/libkeymgr.dylib
0x000000000115b000 	/usr/lib/system/liblaunch.dylib
0x000000000115b000 	/usr/lib/system/libmacho.dylib
0x000000000115b000 	/usr/lib/system/libquarantine.dylib
0x000000000115b000 	/usr/lib/system/libremovefile.dylib
0x000000000115b000 	/usr/lib/system/libsystem_asl.dylib
0x000000000115b000 	/usr/lib/system/libsystem_blocks.dylib
0x000000000115b000 	/usr/lib/system/libsystem_c.dylib
0x000000000115b000 	/usr/lib/system/libsystem_configuration.dylib
0x000000000115b000 	/usr/lib/system/libsystem_coreservices.dylib
0x000000000115b000 	/usr/lib/system/libsystem_coretls.dylib
0x000000000115b000 	/usr/lib/system/libsystem_dnssd.dylib
0x000000000115b000 	/usr/lib/system/libsystem_info.dylib
0x000000000115b000 	/usr/lib/system/libsystem_kernel.dylib
0x000000000115b000 	/usr/lib/system/libsystem_m.dylib
0x000000000115b000 	/usr/lib/system/libsystem_malloc.dylib
0x000000000115b000 	/usr/lib/system/libsystem_network.dylib
0x000000000115b000 	/usr/lib/system/libsystem_networkextension.dylib
0x000000000115b000 	/usr/lib/system/libsystem_notify.dylib
0x000000000115b000 	/usr/lib/system/libsystem_platform.dylib
0x000000000115b000 	/usr/lib/system/libsystem_pthread.dylib
0x000000000115b000 	/usr/lib/system/libsystem_sandbox.dylib
0x000000000115b000 	/usr/lib/system/libsystem_secinit.dylib
0x000000000115b000 	/usr/lib/system/libsystem_symptoms.dylib
0x000000000115b000 	/usr/lib/system/libsystem_trace.dylib
0x000000000115b000 	/usr/lib/system/libunwind.dylib
0x000000000115b000 	/usr/lib/system/libxpc.dylib
0x000000000115b000 	/usr/lib/libbsm.0.dylib
0x000000000115b000 	/usr/lib/system/libkxld.dylib
0x000000000115b000 	/usr/lib/libcoretls.dylib
0x000000000115b000 	/usr/lib/libcoretls_cfhelpers.dylib
0x000000000115b000 	/usr/lib/libxar.1.dylib
0x000000000115b000 	/usr/lib/libsqlite3.dylib
0x000000000115b000 	/usr/lib/libpam.2.dylib
0x000000000115b000 	/usr/lib/libOpenScriptingUtil.dylib
0x000000000115b000 	/usr/lib/libbz2.1.0.dylib
0x000000000115b000 	/usr/lib/liblzma.5.dylib
0x000000000115b000 	/usr/lib/libnetwork.dylib
0x000000000115b000 	/usr/lib/libpcap.A.dylib
0x000000000115b000 	/System/Library/Frameworks/CoreServices.framework/Versions/A/Frameworks/FSEvents.framework/Versions/A/FSEvents
0x000000000115b000 	/System/Library/Frameworks/CoreServices.framework/Versions/A/Frameworks/CarbonCore.framework/Versions/A/CarbonCore
0x000000000115b000 	/System/Library/Frameworks/CoreServices.framework/Versions/A/Frameworks/Metadata.framework/Versions/A/Metadata
0x000000000115b000 	/System/Library/Frameworks/CoreServices.framework/Versions/A/Frameworks/OSServices.framework/Versions/A/OSServices
0x000000000115b000 	/System/Library/Frameworks/CoreServices.framework/Versions/A/Frameworks/SearchKit.framework/Versions/A/SearchKit
0x000000000115b000 	/System/Library/Frameworks/CoreServices.framework/Versions/A/Frameworks/AE.framework/Versions/A/AE
0x000000000115b000 	/System/Library/Frameworks/CoreServices.framework/Versions/A/Frameworks/LaunchServices.framework/Versions/A/LaunchServices
0x000000000115b000 	/System/Library/Frameworks/CoreServices.framework/Versions/A/Frameworks/DictionaryServices.framework/Versions/A/DictionaryServices
0x000000000115b000 	/System/Library/Frameworks/CoreServices.framework/Versions/A/Frameworks/SharedFileList.framework/Versions/A/SharedFileList
0x000000000115b000 	/System/Library/Frameworks/NetFS.framework/Versions/A/NetFS
0x000000000115b000 	/System/Library/PrivateFrameworks/NetAuth.framework/Versions/A/NetAuth
0x000000000115b000 	/System/Library/PrivateFrameworks/login.framework/Versions/A/Frameworks/loginsupport.framework/Versions/A/loginsupport
0x000000000115b000 	/System/Library/PrivateFrameworks/TCC.framework/Versions/A/TCC
0x000000000115b000 	/usr/lib/libmecabra.dylib
0x000000000115b000 	/System/Library/Frameworks/ApplicationServices.framework/Versions/A/Frameworks/ATS.framework/Versions/A/ATS
0x000000000115b000 	/System/Library/Frameworks/ApplicationServices.framework/Versions/A/Frameworks/ColorSync.framework/Versions/A/ColorSync
0x000000000115b000 	/System/Library/Frameworks/ApplicationServices.framework/Versions/A/Frameworks/HIServices.framework/Versions/A/HIServices
0x000000000115b000 	/System/Library/Frameworks/ApplicationServices.framework/Versions/A/Frameworks/LangAnalysis.framework/Versions/A/LangAnalysis
0x000000000115b000 	/System/Library/Frameworks/ApplicationServices.framework/Versions/A/Frameworks/PrintCore.framework/Versions/A/PrintCore
0x000000000115b000 	/System/Library/Frameworks/ApplicationServices.framework/Versions/A/Frameworks/QD.framework/Versions/A/QD
0x000000000115b000 	/System/Library/Frameworks/ApplicationServices.framework/Versions/A/Frameworks/SpeechSynthesis.framework/Versions/A/SpeechSynthesis
0x000000000115b000 	/System/Library/Frameworks/Accelerate.framework/Versions/A/Frameworks/vImage.framework/Versions/A/vImage
0x000000000115b000 	/System/Library/Frameworks/Accelerate.framework/Versions/A/Frameworks/vecLib.framework/Versions/A/vecLib
0x000000000115b000 	/System/Library/Frameworks/Accelerate.framework/Versions/A/Frameworks/vecLib.framework/Versions/A/libvDSP.dylib
0x000000000115b000 	/System/Library/Frameworks/Accelerate.framework/Versions/A/Frameworks/vecLib.framework/Versions/A/libBNNS.dylib
0x000000000115b000 	/System/Library/Frameworks/Accelerate.framework/Versions/A/Frameworks/vecLib.framework/Versions/A/libQuadrature.dylib
0x000000000115b000 	/System/Library/Frameworks/Accelerate.framework/Versions/A/Frameworks/vecLib.framework/Versions/A/libvMisc.dylib
0x000000000115b000 	/System/Library/Frameworks/Accelerate.framework/Versions/A/Frameworks/vecLib.framework/Versions/A/libLAPACK.dylib
0x000000000115b000 	/System/Library/Frameworks/Accelerate.framework/Versions/A/Frameworks/vecLib.framework/Versions/A/libBLAS.dylib
0x000000000115b000 	/System/Library/Frameworks/Accelerate.framework/Versions/A/Frameworks/vecLib.framework/Versions/A/libLinearAlgebra.dylib
0x000000000115b000 	/System/Library/Frameworks/Accelerate.framework/Versions/A/Frameworks/vecLib.framework/Versions/A/libSparseBLAS.dylib
0x000000000115b000 	/System/Library/Frameworks/ApplicationServices.framework/Versions/A/Frameworks/ATS.framework/Versions/A/Resources/libFontParser.dylib
0x000000000115b000 	/System/Library/Frameworks/ApplicationServices.framework/Versions/A/Frameworks/ATS.framework/Versions/A/Resources/libFontRegistry.dylib
0x000000000115b000 	/System/Library/Frameworks/ImageIO.framework/Versions/A/Resources/libJPEG.dylib
0x000000000115b000 	/System/Library/Frameworks/ImageIO.framework/Versions/A/Resources/libTIFF.dylib
0x000000000115b000 	/System/Library/Frameworks/ImageIO.framework/Versions/A/Resources/libPng.dylib
0x000000000115b000 	/System/Library/Frameworks/ImageIO.framework/Versions/A/Resources/libGIF.dylib
0x000000000115b000 	/System/Library/Frameworks/ImageIO.framework/Versions/A/Resources/libJP2.dylib
0x000000000115b000 	/System/Library/Frameworks/ImageIO.framework/Versions/A/Resources/libRadiance.dylib
0x000000000115b000 	/usr/lib/libcompression.dylib
0x000000000115b000 	/System/Library/PrivateFrameworks/AppleJPEG.framework/Versions/A/AppleJPEG
0x000000000115b000 	/usr/lib/libcups.2.dylib
0x000000000115b000 	/System/Library/Frameworks/Kerberos.framework/Versions/A/Kerberos
0x000000000115b000 	/System/Library/Frameworks/GSS.framework/Versions/A/GSS
0x000000000115b000 	/usr/lib/libresolv.9.dylib
0x000000000115b000 	/usr/lib/libiconv.2.dylib
0x000000000115b000 	/System/Library/PrivateFrameworks/Heimdal.framework/Versions/A/Heimdal
0x000000000115b000 	/usr/lib/libheimdal-asn1.dylib
0x000000000115b000 	/System/Library/Frameworks/OpenDirectory.framework/Versions/A/OpenDirectory
0x000000000115b000 	/System/Library/PrivateFrameworks/CommonAuth.framework/Versions/A/CommonAuth
0x000000000115b000 	/System/Library/Frameworks/OpenDirectory.framework/Versions/A/Frameworks/CFOpenDirectory.framework/Versions/A/CFOpenDirectory
0x000000000115b000 	/System/Library/Frameworks/SecurityFoundation.framework/Versions/A/SecurityFoundation
0x000000000115b000 	/System/Library/PrivateFrameworks/LanguageModeling.framework/Versions/A/LanguageModeling
0x000000000115b000 	/usr/lib/libmarisa.dylib
0x000000000115b000 	/usr/lib/libChineseTokenizer.dylib
0x000000000115b000 	/usr/lib/libcmph.dylib
0x000000000115b000 	/System/Library/PrivateFrameworks/CoreEmoji.framework/Versions/A/CoreEmoji
0x000000000115b000 	/System/Library/Frameworks/ServiceManagement.framework/Versions/A/ServiceManagement
0x000000000115b000 	/usr/lib/libxslt.1.dylib
0x000000000115b000 	/System/Library/Frameworks/Carbon.framework/Versions/A/Frameworks/Ink.framework/Versions/A/Ink
0x000000000115b000 	/System/Library/PrivateFrameworks/TextureIO.framework/Versions/A/TextureIO
0x000000000115b000 	/System/Library/Frameworks/Metal.framework/Versions/A/Metal
0x000000000115b000 	/usr/lib/libate.dylib
0x000000000115b000 	/System/Library/PrivateFrameworks/GPUCompiler.framework/libmetal_timestamp.dylib
0x000000000115b000 	/System/Library/Frameworks/OpenGL.framework/Versions/A/Libraries/libCoreFSCache.dylib
0x000000000115b000 	/System/Library/PrivateFrameworks/IOAccelerator.framework/Versions/A/IOAccelerator
0x000000000115b000 	/System/Library/Frameworks/CoreVideo.framework/Versions/A/CoreVideo
0x000000000115b000 	/usr/lib/libFosl_dynamic.dylib
0x000000000115b000 	/System/Library/PrivateFrameworks/MetalPerformanceShaders.framework/Versions/A/MetalPerformanceShaders
0x000000000115b000 	/System/Library/PrivateFrameworks/FaceCore.framework/Versions/A/FaceCore
0x000000000115b000 	/System/Library/Frameworks/OpenCL.framework/Versions/A/OpenCL
0x000000000115b000 	/System/Library/Frameworks/OpenGL.framework/Versions/A/Libraries/libGLU.dylib
0x000000000115b000 	/System/Library/Frameworks/OpenGL.framework/Versions/A/Libraries/libGFXShared.dylib
0x000000000115b000 	/System/Library/Frameworks/OpenGL.framework/Versions/A/Libraries/libGL.dylib
0x000000000115b000 	/System/Library/Frameworks/OpenGL.framework/Versions/A/Libraries/libGLImage.dylib
0x000000000115b000 	/System/Library/Frameworks/OpenGL.framework/Versions/A/Libraries/libCVMSPluginSupport.dylib
0x000000000115b000 	/System/Library/Frameworks/OpenGL.framework/Versions/A/Libraries/libCoreVMClient.dylib
0x000000000115b000 	/System/Library/PrivateFrameworks/CrashReporterSupport.framework/Versions/A/CrashReporterSupport
0x000000000115b000 	/System/Library/PrivateFrameworks/Sharing.framework/Versions/A/Sharing
0x000000000115b000 	/System/Library/PrivateFrameworks/IconServices.framework/Versions/A/IconServices
0x000000000115b000 	/System/Library/PrivateFrameworks/ProtocolBuffer.framework/Versions/A/ProtocolBuffer
0x000000000115b000 	/System/Library/PrivateFrameworks/Apple80211.framework/Versions/A/Apple80211
0x000000000115b000 	/System/Library/Frameworks/CoreWLAN.framework/Versions/A/CoreWLAN
0x000000000115b000 	/System/Library/PrivateFrameworks/CoreUtils.framework/Versions/A/CoreUtils
0x000000000115b000 	/System/Library/Frameworks/IOBluetooth.framework/Versions/A/IOBluetooth
0x000000000115b000 	/System/Library/PrivateFrameworks/CoreWiFi.framework/Versions/A/CoreWiFi
0x000000000115b000 	/System/Library/Frameworks/CoreBluetooth.framework/Versions/A/CoreBluetooth
0x000000000115b000 	/System/Library/Frameworks/CoreDisplay.framework/Versions/A/CoreDisplay
0x000000000115b000 	/System/Library/PrivateFrameworks/IOPresentment.framework/Versions/A/IOPresentment
0x000000000115b000 	/System/Library/PrivateFrameworks/DebugSymbols.framework/Versions/A/DebugSymbols
0x000000000115b000 	/System/Library/PrivateFrameworks/CoreSymbolication.framework/Versions/A/CoreSymbolication
0x000000000115b000 	/System/Library/PrivateFrameworks/Symbolication.framework/Versions/A/Symbolication
0x000000000115b000 	/System/Library/PrivateFrameworks/AppleFSCompression.framework/Versions/A/AppleFSCompression
0x000000000115b000 	/System/Library/PrivateFrameworks/SpeechRecognitionCore.framework/Versions/A/SpeechRecognitionCore
0x000000000115b000 	/System/Library/PrivateFrameworks/ChunkingLibrary.framework/Versions/A/ChunkingLibrary
0x000000010ec00000 	/Library/Java/JavaVirtualMachines/jdk1.8.0_111.jdk/Contents/Home/jre/lib/server/libjvm.dylib
0x000000000115b000 	/usr/lib/libstdc++.6.dylib
0x000000010e3ca000 	/Library/Java/JavaVirtualMachines/jdk1.8.0_111.jdk/Contents/Home/jre/lib/libverify.dylib
0x000000010fba1000 	/Library/Java/JavaVirtualMachines/jdk1.8.0_111.jdk/Contents/Home/jre/lib/libjava.dylib
0x000000010e3e2000 	/Library/Java/JavaVirtualMachines/jdk1.8.0_111.jdk/Contents/Home/jre/lib/libzip.dylib
0x000000011300c000 	/System/Library/Frameworks/JavaVM.framework/Frameworks/JavaRuntimeSupport.framework/JavaRuntimeSupport
0x0000000113026000 	/System/Library/Frameworks/JavaVM.framework/Versions/A/Frameworks/JavaNativeFoundation.framework/Versions/A/JavaNativeFoundation
0x000000010e3ec000 	/System/Library/Frameworks/JavaVM.framework/Versions/A/JavaVM
0x000000000115b000 	/System/Library/Frameworks/Carbon.framework/Versions/A/Carbon
0x000000011303b000 	/System/Library/PrivateFrameworks/JavaLaunching.framework/Versions/A/JavaLaunching
0x000000000115b000 	/System/Library/Frameworks/Carbon.framework/Versions/A/Frameworks/CommonPanels.framework/Versions/A/CommonPanels
0x000000000115b000 	/System/Library/Frameworks/Carbon.framework/Versions/A/Frameworks/Help.framework/Versions/A/Help
0x000000000115b000 	/System/Library/Frameworks/Carbon.framework/Versions/A/Frameworks/ImageCapture.framework/Versions/A/ImageCapture
0x000000000115b000 	/System/Library/Frameworks/Carbon.framework/Versions/A/Frameworks/OpenScripting.framework/Versions/A/OpenScripting
0x000000000115b000 	/System/Library/Frameworks/Carbon.framework/Versions/A/Frameworks/Print.framework/Versions/A/Print
0x000000000115b000 	/System/Library/Frameworks/Carbon.framework/Versions/A/Frameworks/SecurityHI.framework/Versions/A/SecurityHI
0x000000012cdec000 	/Users/leytzher/Documents/clojure/clojurecv/target/native/macosx/x86_64/libopencv_java2413.dylib
0x000000012ce9d000 	/usr/local/Cellar/opencv/2.4.13.2/lib/libopencv_contrib.2.4.dylib
0x0000000114c35000 	/usr/local/Cellar/opencv/2.4.13.2/lib/libopencv_nonfree.2.4.dylib
0x0000000114c6f000 	/usr/local/Cellar/opencv/2.4.13.2/lib/libopencv_gpu.2.4.dylib
0x000000012cf8b000 	/usr/local/Cellar/opencv/2.4.13.2/lib/libopencv_legacy.2.4.dylib
0x000000012d071000 	/usr/local/Cellar/opencv/2.4.13.2/lib/libopencv_photo.2.4.dylib
0x000000012d08e000 	/usr/local/Cellar/opencv/2.4.13.2/lib/libopencv_ocl.2.4.dylib
0x000000012d24a000 	/usr/local/Cellar/opencv/2.4.13.2/lib/libopencv_calib3d.2.4.dylib
0x000000012d328000 	/usr/local/Cellar/opencv/2.4.13.2/lib/libopencv_features2d.2.4.dylib
0x000000012d3bf000 	/usr/local/Cellar/opencv/2.4.13.2/lib/libopencv_flann.2.4.dylib
0x000000012d424000 	/usr/local/Cellar/opencv/2.4.13.2/lib/libopencv_ml.2.4.dylib
0x000000012d494000 	/usr/local/Cellar/opencv/2.4.13.2/lib/libopencv_video.2.4.dylib
0x000000012d4dd000 	/usr/local/Cellar/opencv/2.4.13.2/lib/libopencv_objdetect.2.4.dylib
0x000000012d54e000 	/usr/local/Cellar/opencv/2.4.13.2/lib/libopencv_highgui.2.4.dylib
0x000000012d58e000 	/usr/local/Cellar/opencv/2.4.13.2/lib/libopencv_imgproc.2.4.dylib
0x000000012d7fd000 	/usr/local/Cellar/opencv/2.4.13.2/lib/libopencv_core.2.4.dylib
0x000000012da00000 	/usr/local/opt/jpeg/lib/libjpeg.8.dylib
0x000000012da33000 	/usr/local/opt/libpng/lib/libpng16.16.dylib
0x000000012da5f000 	/usr/local/opt/libtiff/lib/libtiff.5.dylib
0x0000000114c90000 	/usr/local/opt/ilmbase/lib/libImath-2_2.12.dylib
0x000000012dab9000 	/usr/local/opt/openexr/lib/libIlmImf-2_2.22.dylib
0x0000000114ecb000 	/usr/local/opt/ilmbase/lib/libIex-2_2.12.dylib
0x000000012dd9e000 	/usr/local/opt/ilmbase/lib/libHalf.12.dylib
0x0000000114d65000 	/usr/local/opt/ilmbase/lib/libIlmThread-2_2.12.dylib
0x000000000115b000 	/System/Library/Frameworks/AVFoundation.framework/Versions/A/AVFoundation
0x000000000115b000 	/System/Library/Frameworks/CoreMedia.framework/Versions/A/CoreMedia
0x0000000114d6d000 	/usr/local/opt/ilmbase/lib/libIexMath-2_2.12.dylib
0x000000000115b000 	/System/Library/Frameworks/AVFoundation.framework/Versions/A/Frameworks/AVFAudio.framework/Versions/A/AVFAudio
0x000000000115b000 	/System/Library/Frameworks/MediaToolbox.framework/Versions/A/MediaToolbox
0x000000000115b000 	/System/Library/Frameworks/VideoToolbox.framework/Versions/A/VideoToolbox
0x000000000115b000 	/System/Library/PrivateFrameworks/IntlPreferences.framework/Versions/A/IntlPreferences
0x000000000115b000 	/System/Library/Frameworks/CoreMediaIO.framework/Versions/A/CoreMediaIO
0x000000000115b000 	/usr/lib/libspindump.dylib
0x000000000115b000 	/usr/lib/libdscsym.dylib
0x000000000115b000 	/System/Library/PrivateFrameworks/CoreAVCHD.framework/Versions/A/CoreAVCHD
0x000000000115b000 	/System/Library/Frameworks/MediaAccessibility.framework/Versions/A/MediaAccessibility
0x000000000115b000 	/System/Library/PrivateFrameworks/Mangrove.framework/Versions/A/Mangrove
0x000000000115b000 	/System/Library/PrivateFrameworks/CoreAUC.framework/Versions/A/CoreAUC
0x000000000115b000 	/System/Library/PrivateFrameworks/AppleVA.framework/Versions/A/AppleVA
0x000000000115b000 	/System/Library/PrivateFrameworks/XPCService.framework/Versions/A/XPCService
0x000000000115b000 	/System/Library/PrivateFrameworks/AppSandbox.framework/Versions/A/AppSandbox
0x000000000115b000 	/usr/lib/libsandbox.1.dylib
0x000000000115b000 	/System/Library/PrivateFrameworks/AppContainer.framework/Versions/A/AppContainer
0x000000000115b000 	/System/Library/PrivateFrameworks/SecCodeWrapper.framework/Versions/A/SecCodeWrapper
0x000000000115b000 	/usr/lib/libMatch.1.dylib
0x000000012dde2000 	/Library/Java/JavaVirtualMachines/jdk1.8.0_111.jdk/Contents/Home/jre/lib/libawt.dylib
0x000000012de8a000 	/Library/Java/JavaVirtualMachines/jdk1.8.0_111.jdk/Contents/Home/jre/lib/./libmlib_image.dylib
0x000000012df56000 	/Library/Java/JavaVirtualMachines/jdk1.8.0_111.jdk/Contents/Home/jre/lib/libawt_lwawt.dylib
0x000000012e00b000 	/Library/Java/JavaVirtualMachines/jdk1.8.0_111.jdk/Contents/Home/jre/lib/./libosxapp.dylib
0x000000000115b000 	/System/Library/Frameworks/ExceptionHandling.framework/Versions/A/ExceptionHandling
0x000000000115b000 	/System/Library/PrivateFrameworks/CoreServicesInternal.framework/Versions/A/CoreServicesInternal
0x000000000115b000 	/System/Library/CoreServices/RawCamera.bundle/Contents/MacOS/RawCamera
0x000000000115b000 	/System/Library/Frameworks/Accelerate.framework/Versions/A/Frameworks/vImage.framework/Versions/A/Libraries/libCGInterfaces.dylib
0x000000000115b000 	/System/Library/PrivateFrameworks/FamilyControls.framework/Versions/A/FamilyControls
0x000000000115b000 	/System/Library/PrivateFrameworks/CommerceKit.framework/Versions/A/Frameworks/CommerceCore.framework/Versions/A/CommerceCore
0x000000000115b000 	/System/Library/PrivateFrameworks/SystemAdministration.framework/Versions/A/SystemAdministration
0x000000000115b000 	/System/Library/Frameworks/DirectoryService.framework/Versions/A/DirectoryService
0x000000000115b000 	/System/Library/PrivateFrameworks/DiskImages.framework/Versions/A/DiskImages
0x000000000115b000 	/System/Library/PrivateFrameworks/LoginUIKit.framework/Versions/A/Frameworks/LoginUICore.framework/Versions/A/LoginUICore
0x000000000115b000 	/usr/lib/libCoreStorage.dylib
0x000000000115b000 	/usr/lib/libcsfde.dylib
0x000000000115b000 	/usr/lib/libodfde.dylib
0x000000000115b000 	/System/Library/Frameworks/DiscRecording.framework/Versions/A/DiscRecording
0x000000000115b000 	/usr/lib/libcurl.4.dylib
0x000000000115b000 	/System/Library/PrivateFrameworks/MediaKit.framework/Versions/A/MediaKit
0x000000000115b000 	/System/Library/PrivateFrameworks/ProtectedCloudStorage.framework/Versions/A/ProtectedCloudStorage
0x000000000115b000 	/System/Library/PrivateFrameworks/EFILogin.framework/Versions/A/EFILogin
0x000000000115b000 	/usr/lib/libutil.dylib
0x000000000115b000 	/System/Library/Frameworks/LDAP.framework/Versions/A/LDAP
0x000000000115b000 	/usr/lib/libsasl2.2.dylib
0x000000000115b000 	/System/Library/PrivateFrameworks/CoreDaemon.framework/Versions/B/CoreDaemon
0x000000000115b000 	/System/Library/PrivateFrameworks/AppleSRP.framework/Versions/A/AppleSRP
0x000000000115b000 	/System/Library/PrivateFrameworks/APFS.framework/Versions/A/APFS
0x000000012e6ab000 	/Library/Java/JavaVirtualMachines/jdk1.8.0_111.jdk/Contents/Home/jre/lib/libnet.dylib
0x000000012ef40000 	/System/Library/Extensions/AppleHDA.kext/Contents/PlugIns/AppleHDAHALPlugIn.bundle/Contents/MacOS/AppleHDAHALPlugIn
0x000000012ef4a000 	/System/Library/Frameworks/CoreMediaIO.framework/Resources/VDC.plugin/Contents/MacOS/VDC
0x0000000130271000 	/System/Library/Frameworks/CoreMediaIO.framework/Resources/CMIOUnits.bundle/Contents/MacOS/CMIOUnits
0x00000001303fe000 	/System/Library/PrivateFrameworks/FWAVC.framework/Versions/A/FWAVC
0x000000000115b000 	/System/Library/PrivateFrameworks/AppleGVA.framework/Versions/A/AppleGVA
0x000000000115b000 	/System/Library/Frameworks/OpenGL.framework/Versions/A/Resources/GLEngine.bundle/GLEngine
0x000000000115b000 	/System/Library/Frameworks/OpenGL.framework/Versions/A/Libraries/libGLProgrammability.dylib
0x00000001314f8000 	/System/Library/Extensions/AppleIntelHD3000GraphicsGLDriver.bundle/Contents/MacOS/AppleIntelHD3000GraphicsGLDriver
0x000000000115b000 	/System/Library/PrivateFrameworks/GPUSupport.framework/Versions/A/Libraries/libGPUSupport.dylib
0x000000000115b000 	/System/Library/Frameworks/OpenGL.framework/Versions/A/Resources/GLRendererFloat.bundle/GLRendererFloat
0x000000000115b000 	/System/Library/Frameworks/OpenCL.framework/Versions/A/Libraries/libcldcpuengine.dylib
0x000000000115b000 	/usr/lib/libcrypto.0.9.8.dylib
0x000000000115b000 	/System/Library/PrivateFrameworks/TrustEvaluationAgent.framework/Versions/A/TrustEvaluationAgent
0x0000000131dd8000 	/Library/Java/JavaVirtualMachines/jdk1.8.0_111.jdk/Contents/Home/jre/lib/libfontmanager.dylib
0x0000000131e3f000 	/Library/Java/JavaVirtualMachines/jdk1.8.0_111.jdk/Contents/Home/jre/lib/libosxui.dylib
0x000000000115b000 	/System/Library/Frameworks/ApplicationServices.framework/Versions/A/Frameworks/ATS.framework/Versions/A/Resources/libTrueTypeScaler.dylib
0x000000000115b000 	/System/Library/PrivateFrameworks/ViewBridge.framework/Versions/A/ViewBridge

VM Arguments:
jvm_args: -Dfile.encoding=UTF-8 -XX:+TieredCompilation -XX:TieredStopAtLevel=1 -XX:-OmitStackTraceInFastThrow -Dclojure.compile.path=/Users/leytzher/Documents/clojure/clojurecv/target/classes -Dclojurecv.version=0.1.0-SNAPSHOT -Dclojure.debug=false -Djava.library.path=/Users/leytzher/Documents/clojure/clojurecv/target/native/macosx/x86_64 
java_command: clojure.main -i /private/var/folders/hs/rz7jrjjn4nn_wp57dlfldpyh0000gn/T/form-init3731752258404424803.clj
java_class_path (initial): /Users/leytzher/Documents/clojure/clojurecv/test:/Users/leytzher/Documents/clojure/clojurecv/src:/Users/leytzher/Documents/clojure/clojurecv/dev-resources:/Users/leytzher/Documents/clojure/clojurecv/resources:/Users/leytzher/Documents/clojure/clojurecv/target/classes:/Users/leytzher/.m2/repository/org/apache/httpcomponents/httpcore/4.1.2/httpcore-4.1.2.jar:/Users/leytzher/.m2/repository/org/apache/httpcomponents/httpclient/4.1.2/httpclient-4.1.2.jar:/Users/leytzher/.m2/repository/org/clojure/clojure/1.8.0/clojure-1.8.0.jar:/Users/leytzher/.m2/repository/org/sonatype/aether/aether-spi/1.13.1/aether-spi-1.13.1.jar:/Users/leytzher/.m2/repository/org/apache/maven/wagon/wagon-http/2.2/wagon-http-2.2.jar:/Users/leytzher/.m2/repository/org/tcrawley/dynapath/0.2.3/dynapath-0.2.3.jar:/Users/leytzher/.m2/repository/org/sonatype/sisu/sisu-inject-bean/2.2.3/sisu-inject-bean-2.2.3.jar:/Users/leytzher/.m2/repository/commons-codec/commons-codec/1.4/commons-codec-1.4.jar:/Users/leytzher/.m2/repository/org/sonatype/aether/aether-api/1.13.1/aether-api-1.13.1.jar:/Users/leytzher/.m2/repository/opencv/opencv-native/2.4.13/opencv-native-2.4.13.jar:/Users/leytzher/.m2/repository/org/codehaus/plexus/plexus-component-annotations/1.5.5/plexus-component-annotations-1.5.5.jar:/Users/leytzher/.m2/repository/org/clojure/tools.nrepl/0.2.12/tools.nrepl-0.2.12.jar:/Users/leytzher/.m2/repository/org/jsoup/jsoup/1.6.1/jsoup-1.6.1.jar:/Users/leytzher/.m2/repository/org/apache/maven/wagon/wagon-http-shared4/2.2/wagon-http-shared4-2.2.jar:/Users/leytzher/.m2/repository/clojure-complete/clojure-complete/0.2.4/clojure-complete-0.2.4.jar:/Users/leytzher/.m2/repository/org/codehaus/plexus/plexus-classworlds/2.4/plexus-classworlds-2.4.jar:/Users/leytzher/.m2/repository/org/codehaus/plexus/plexus-interpolation/1.14/plexus-interpolation-1.14.jar:/Users/leytzher/.m2/repository/org/clojure/java.classpath/0.2.0/java.classpath-0.2.0.jar:/Users/leytzher/.m2/repository/org/sonatype/aeth
Launcher Type: SUN_STANDARD

Environment Variables:
CLASSPATH=/Users/leytzher/.lein/self-installs/leiningen-2.7.1-standalone.jar
PATH=/usr/local/bin:/Applications/MATLAB_R2016b.app:/Applications/Mathematica.app/Contents/SystemFiles/Links/MathLink/DeveloperKit/MacOSX-x86-64/CompilerAdditions:/Users/leytzher/ant/apache-ant-1.10.0/bin:/usr/local/bin:/Users/leytzher/Library/Haskell/bin:/usr/bin:/bin:/usr/sbin:/sbin:/usr/local/bin:/opt/X11/bin:/usr/local/share/dotnet:/Library/Frameworks/Mono.framework/Versions/Current/Commands:/Library/TeX/texbin:/Applications/MATLAB_R2016b.app:/Applications/Mathematica.app/Contents/SystemFiles/Links/MathLink/DeveloperKit/MacOSX-x86-64/CompilerAdditions:/Users/leytzher/ant/apache-ant-1.10.0/bin:/Users/leytzher/Library/Haskell/bin:/Applications/Emacs.app/Contents/MacOS/bin-x86_64-10_9:/Applications/Emacs.app/Contents/MacOS/libexec-x86_64-10_9:/Applications/Mathematica.app:/Applications/Mathematica.app
SHELL=/bin/bash
DISPLAY=/private/tmp/com.apple.launchd.263AN9zi7H/org.macosforge.xquartz:0

Signal Handlers:
SIGSEGV: [libjvm.dylib+0x5b03ed], sa_mask[0]=11111111011111110111111111111111, sa_flags=SA_ONSTACK|SA_RESTART|SA_SIGINFO
SIGBUS: [libjvm.dylib+0x5b03ed], sa_mask[0]=11111111011111110111111111111111, sa_flags=SA_RESTART|SA_SIGINFO
SIGFPE: [libjvm.dylib+0x48711c], sa_mask[0]=11111111011111110111111111111111, sa_flags=SA_RESTART|SA_SIGINFO
SIGPIPE: [libjvm.dylib+0x48711c], sa_mask[0]=11111111011111110111111111111111, sa_flags=SA_RESTART|SA_SIGINFO
SIGXFSZ: [libjvm.dylib+0x48711c], sa_mask[0]=11111111011111110111111111111111, sa_flags=SA_RESTART|SA_SIGINFO
SIGILL: [libjvm.dylib+0x48711c], sa_mask[0]=11111111011111110111111111111111, sa_flags=SA_RESTART|SA_SIGINFO
SIGUSR1: SIG_DFL, sa_mask[0]=11011111011111100000000111000110, sa_flags=none
SIGUSR2: [libjvm.dylib+0x486c3a], sa_mask[0]=00100000000000000000000000000000, sa_flags=SA_RESTART|SA_SIGINFO
SIGHUP: [libjvm.dylib+0x485211], sa_mask[0]=11111111011111110111111111111111, sa_flags=SA_RESTART|SA_SIGINFO
SIGINT: [libjvm.dylib+0x485211], sa_mask[0]=11111111011111110111111111111111, sa_flags=SA_RESTART|SA_SIGINFO
SIGTERM: [libjvm.dylib+0x485211], sa_mask[0]=11111111011111110111111111111111, sa_flags=SA_RESTART|SA_SIGINFO
SIGQUIT: [libjvm.dylib+0x485211], sa_mask[0]=11111111011111110111111111111111, sa_flags=SA_RESTART|SA_SIGINFO


---------------  S Y S T E M  ---------------

OS:Bsduname:Darwin 16.3.0 Darwin Kernel Version 16.3.0: Thu Nov 17 20:23:58 PST 2016; root:xnu-3789.31.2~1/RELEASE_X86_64 x86_64
rlimit: STACK 8515k, CORE 0k, NPROC 709, NOFILE 10240, AS infinity
load average:1.18 2.58 2.07

CPU:total 4 (2 cores per cpu, 2 threads per core) family 6 model 42 stepping 7, cmov, cx8, fxsr, mmx, sse, sse2, sse3, ssse3, sse4.1, sse4.2, popcnt, avx, aes, clmul, ht, tsc, tscinvbit

Memory: 4k page, physical 16777216k(2370544k free)

/proc/meminfo:


vm_info: Java HotSpot(TM) 64-Bit Server VM (25.111-b14) for bsd-amd64 JRE (1.8.0_111-b14), built on Sep 22 2016 15:31:41 by "java_re" with gcc 4.2.1 (Based on Apple Inc. build 5658) (LLVM build 2336.11.00)

time: Sat Jan 21 14:10:31 2017
elapsed time: 278 seconds (0d 0h 4m 38s)

